[2.187s] DEBUG:colcon:Command line arguments: ['/usr/bin/colcon', 'build', '--packages-select', 'yolo']
[2.187s] DEBUG:colcon:Parsed command line arguments: Namespace(log_base=None, log_level=None, verb_name='build', build_base='build', install_base='install', merge_install=False, symlink_install=False, test_result_base=None, continue_on_error=False, executor='parallel', parallel_workers=4, event_handlers=None, ignore_user_meta=False, metas=['./colcon.meta'], base_paths=['.'], packages_ignore=None, packages_ignore_regex=None, paths=None, packages_up_to=None, packages_up_to_regex=None, packages_above=None, packages_above_and_dependencies=None, packages_above_depth=None, packages_select_by_dep=None, packages_skip_by_dep=None, packages_skip_up_to=None, packages_select_build_failed=False, packages_skip_build_finished=False, packages_select_test_failures=False, packages_skip_test_passed=False, packages_select=['yolo'], packages_skip=None, packages_select_regex=None, packages_skip_regex=None, packages_start=None, packages_end=None, allow_overriding=[], cmake_args=None, cmake_target=None, cmake_target_skip_unavailable=False, cmake_clean_cache=False, cmake_clean_first=False, cmake_force_configure=False, ament_cmake_args=None, catkin_cmake_args=None, catkin_skip_building_tests=False, verb_parser=<colcon_defaults.argument_parser.defaults.DefaultArgumentsDecorator object at 0x7f20a3e30f70>, verb_extension=<colcon_core.verb.build.BuildVerb object at 0x7f20a3e30af0>, main=<bound method BuildVerb.main of <colcon_core.verb.build.BuildVerb object at 0x7f20a3e30af0>>)
[2.326s] Level 1:colcon.colcon_core.package_discovery:discover_packages(colcon_meta) check parameters
[2.327s] Level 1:colcon.colcon_core.package_discovery:discover_packages(recursive) check parameters
[2.327s] Level 1:colcon.colcon_core.package_discovery:discover_packages(ignore) check parameters
[2.327s] Level 1:colcon.colcon_core.package_discovery:discover_packages(path) check parameters
[2.328s] Level 1:colcon.colcon_core.package_discovery:discover_packages(colcon_meta) discover
[2.328s] Level 1:colcon.colcon_core.package_discovery:discover_packages(recursive) discover
[2.329s] INFO:colcon.colcon_core.package_discovery:Crawling recursively for packages in '/home/donjoe/Documents/MagangBanyubramanta_DanielAdhitthana'
[2.329s] Level 1:colcon.colcon_core.package_identification:_identify(.) by extensions ['ignore', 'ignore_ament_install']
[2.330s] Level 1:colcon.colcon_core.package_identification:_identify(.) by extension 'ignore'
[2.330s] Level 1:colcon.colcon_core.package_identification:_identify(.) by extension 'ignore_ament_install'
[2.330s] Level 1:colcon.colcon_core.package_identification:_identify(.) by extensions ['colcon_pkg']
[2.331s] Level 1:colcon.colcon_core.package_identification:_identify(.) by extension 'colcon_pkg'
[2.331s] Level 1:colcon.colcon_core.package_identification:_identify(.) by extensions ['colcon_meta']
[2.331s] Level 1:colcon.colcon_core.package_identification:_identify(.) by extension 'colcon_meta'
[2.332s] Level 1:colcon.colcon_core.package_identification:_identify(.) by extensions ['ros']
[2.332s] Level 1:colcon.colcon_core.package_identification:_identify(.) by extension 'ros'
[2.377s] Level 1:colcon.colcon_core.package_identification:_identify(.) by extensions ['cmake', 'python']
[2.378s] Level 1:colcon.colcon_core.package_identification:_identify(.) by extension 'cmake'
[2.378s] Level 1:colcon.colcon_core.package_identification:_identify(.) by extension 'python'
[2.378s] Level 1:colcon.colcon_core.package_identification:_identify(.) by extensions ['python_setup_py']
[2.378s] Level 1:colcon.colcon_core.package_identification:_identify(.) by extension 'python_setup_py'
[2.378s] Level 1:colcon.colcon_core.package_identification:_identify(build) by extensions ['ignore', 'ignore_ament_install']
[2.379s] Level 1:colcon.colcon_core.package_identification:_identify(build) by extension 'ignore'
[2.379s] Level 1:colcon.colcon_core.package_identification:_identify(build) ignored
[2.379s] Level 1:colcon.colcon_core.package_identification:_identify(install) by extensions ['ignore', 'ignore_ament_install']
[2.379s] Level 1:colcon.colcon_core.package_identification:_identify(install) by extension 'ignore'
[2.380s] Level 1:colcon.colcon_core.package_identification:_identify(install) ignored
[2.380s] Level 1:colcon.colcon_core.package_identification:_identify(log) by extensions ['ignore', 'ignore_ament_install']
[2.380s] Level 1:colcon.colcon_core.package_identification:_identify(log) by extension 'ignore'
[2.380s] Level 1:colcon.colcon_core.package_identification:_identify(log) ignored
[2.381s] Level 1:colcon.colcon_core.package_identification:_identify(matlab) by extensions ['ignore', 'ignore_ament_install']
[2.381s] Level 1:colcon.colcon_core.package_identification:_identify(matlab) by extension 'ignore'
[2.381s] Level 1:colcon.colcon_core.package_identification:_identify(matlab) by extension 'ignore_ament_install'
[2.381s] Level 1:colcon.colcon_core.package_identification:_identify(matlab) by extensions ['colcon_pkg']
[2.381s] Level 1:colcon.colcon_core.package_identification:_identify(matlab) by extension 'colcon_pkg'
[2.381s] Level 1:colcon.colcon_core.package_identification:_identify(matlab) by extensions ['colcon_meta']
[2.381s] Level 1:colcon.colcon_core.package_identification:_identify(matlab) by extension 'colcon_meta'
[2.382s] Level 1:colcon.colcon_core.package_identification:_identify(matlab) by extensions ['ros']
[2.382s] Level 1:colcon.colcon_core.package_identification:_identify(matlab) by extension 'ros'
[2.382s] Level 1:colcon.colcon_core.package_identification:_identify(matlab) by extensions ['cmake', 'python']
[2.382s] Level 1:colcon.colcon_core.package_identification:_identify(matlab) by extension 'cmake'
[2.382s] Level 1:colcon.colcon_core.package_identification:_identify(matlab) by extension 'python'
[2.382s] Level 1:colcon.colcon_core.package_identification:_identify(matlab) by extensions ['python_setup_py']
[2.382s] Level 1:colcon.colcon_core.package_identification:_identify(matlab) by extension 'python_setup_py'
[2.383s] Level 1:colcon.colcon_core.package_identification:_identify(matlab/+bus_conv_fcns) by extensions ['ignore', 'ignore_ament_install']
[2.383s] Level 1:colcon.colcon_core.package_identification:_identify(matlab/+bus_conv_fcns) by extension 'ignore'
[2.383s] Level 1:colcon.colcon_core.package_identification:_identify(matlab/+bus_conv_fcns) by extension 'ignore_ament_install'
[2.383s] Level 1:colcon.colcon_core.package_identification:_identify(matlab/+bus_conv_fcns) by extensions ['colcon_pkg']
[2.383s] Level 1:colcon.colcon_core.package_identification:_identify(matlab/+bus_conv_fcns) by extension 'colcon_pkg'
[2.383s] Level 1:colcon.colcon_core.package_identification:_identify(matlab/+bus_conv_fcns) by extensions ['colcon_meta']
[2.383s] Level 1:colcon.colcon_core.package_identification:_identify(matlab/+bus_conv_fcns) by extension 'colcon_meta'
[2.383s] Level 1:colcon.colcon_core.package_identification:_identify(matlab/+bus_conv_fcns) by extensions ['ros']
[2.384s] Level 1:colcon.colcon_core.package_identification:_identify(matlab/+bus_conv_fcns) by extension 'ros'
[2.384s] Level 1:colcon.colcon_core.package_identification:_identify(matlab/+bus_conv_fcns) by extensions ['cmake', 'python']
[2.384s] Level 1:colcon.colcon_core.package_identification:_identify(matlab/+bus_conv_fcns) by extension 'cmake'
[2.384s] Level 1:colcon.colcon_core.package_identification:_identify(matlab/+bus_conv_fcns) by extension 'python'
[2.384s] Level 1:colcon.colcon_core.package_identification:_identify(matlab/+bus_conv_fcns) by extensions ['python_setup_py']
[2.384s] Level 1:colcon.colcon_core.package_identification:_identify(matlab/+bus_conv_fcns) by extension 'python_setup_py'
[2.385s] Level 1:colcon.colcon_core.package_identification:_identify(matlab/+bus_conv_fcns/+ros2) by extensions ['ignore', 'ignore_ament_install']
[2.385s] Level 1:colcon.colcon_core.package_identification:_identify(matlab/+bus_conv_fcns/+ros2) by extension 'ignore'
[2.385s] Level 1:colcon.colcon_core.package_identification:_identify(matlab/+bus_conv_fcns/+ros2) by extension 'ignore_ament_install'
[2.385s] Level 1:colcon.colcon_core.package_identification:_identify(matlab/+bus_conv_fcns/+ros2) by extensions ['colcon_pkg']
[2.385s] Level 1:colcon.colcon_core.package_identification:_identify(matlab/+bus_conv_fcns/+ros2) by extension 'colcon_pkg'
[2.385s] Level 1:colcon.colcon_core.package_identification:_identify(matlab/+bus_conv_fcns/+ros2) by extensions ['colcon_meta']
[2.385s] Level 1:colcon.colcon_core.package_identification:_identify(matlab/+bus_conv_fcns/+ros2) by extension 'colcon_meta'
[2.385s] Level 1:colcon.colcon_core.package_identification:_identify(matlab/+bus_conv_fcns/+ros2) by extensions ['ros']
[2.386s] Level 1:colcon.colcon_core.package_identification:_identify(matlab/+bus_conv_fcns/+ros2) by extension 'ros'
[2.386s] Level 1:colcon.colcon_core.package_identification:_identify(matlab/+bus_conv_fcns/+ros2) by extensions ['cmake', 'python']
[2.386s] Level 1:colcon.colcon_core.package_identification:_identify(matlab/+bus_conv_fcns/+ros2) by extension 'cmake'
[2.386s] Level 1:colcon.colcon_core.package_identification:_identify(matlab/+bus_conv_fcns/+ros2) by extension 'python'
[2.386s] Level 1:colcon.colcon_core.package_identification:_identify(matlab/+bus_conv_fcns/+ros2) by extensions ['python_setup_py']
[2.386s] Level 1:colcon.colcon_core.package_identification:_identify(matlab/+bus_conv_fcns/+ros2) by extension 'python_setup_py'
[2.386s] Level 1:colcon.colcon_core.package_identification:_identify(matlab/+bus_conv_fcns/+ros2/+busToMsg) by extensions ['ignore', 'ignore_ament_install']
[2.387s] Level 1:colcon.colcon_core.package_identification:_identify(matlab/+bus_conv_fcns/+ros2/+busToMsg) by extension 'ignore'
[2.387s] Level 1:colcon.colcon_core.package_identification:_identify(matlab/+bus_conv_fcns/+ros2/+busToMsg) by extension 'ignore_ament_install'
[2.387s] Level 1:colcon.colcon_core.package_identification:_identify(matlab/+bus_conv_fcns/+ros2/+busToMsg) by extensions ['colcon_pkg']
[2.387s] Level 1:colcon.colcon_core.package_identification:_identify(matlab/+bus_conv_fcns/+ros2/+busToMsg) by extension 'colcon_pkg'
[2.387s] Level 1:colcon.colcon_core.package_identification:_identify(matlab/+bus_conv_fcns/+ros2/+busToMsg) by extensions ['colcon_meta']
[2.387s] Level 1:colcon.colcon_core.package_identification:_identify(matlab/+bus_conv_fcns/+ros2/+busToMsg) by extension 'colcon_meta'
[2.388s] Level 1:colcon.colcon_core.package_identification:_identify(matlab/+bus_conv_fcns/+ros2/+busToMsg) by extensions ['ros']
[2.388s] Level 1:colcon.colcon_core.package_identification:_identify(matlab/+bus_conv_fcns/+ros2/+busToMsg) by extension 'ros'
[2.388s] Level 1:colcon.colcon_core.package_identification:_identify(matlab/+bus_conv_fcns/+ros2/+busToMsg) by extensions ['cmake', 'python']
[2.388s] Level 1:colcon.colcon_core.package_identification:_identify(matlab/+bus_conv_fcns/+ros2/+busToMsg) by extension 'cmake'
[2.388s] Level 1:colcon.colcon_core.package_identification:_identify(matlab/+bus_conv_fcns/+ros2/+busToMsg) by extension 'python'
[2.388s] Level 1:colcon.colcon_core.package_identification:_identify(matlab/+bus_conv_fcns/+ros2/+busToMsg) by extensions ['python_setup_py']
[2.388s] Level 1:colcon.colcon_core.package_identification:_identify(matlab/+bus_conv_fcns/+ros2/+busToMsg) by extension 'python_setup_py'
[2.389s] Level 1:colcon.colcon_core.package_identification:_identify(matlab/+bus_conv_fcns/+ros2/+busToMsg/+interfaces) by extensions ['ignore', 'ignore_ament_install']
[2.389s] Level 1:colcon.colcon_core.package_identification:_identify(matlab/+bus_conv_fcns/+ros2/+busToMsg/+interfaces) by extension 'ignore'
[2.389s] Level 1:colcon.colcon_core.package_identification:_identify(matlab/+bus_conv_fcns/+ros2/+busToMsg/+interfaces) by extension 'ignore_ament_install'
[2.389s] Level 1:colcon.colcon_core.package_identification:_identify(matlab/+bus_conv_fcns/+ros2/+busToMsg/+interfaces) by extensions ['colcon_pkg']
[2.389s] Level 1:colcon.colcon_core.package_identification:_identify(matlab/+bus_conv_fcns/+ros2/+busToMsg/+interfaces) by extension 'colcon_pkg'
[2.389s] Level 1:colcon.colcon_core.package_identification:_identify(matlab/+bus_conv_fcns/+ros2/+busToMsg/+interfaces) by extensions ['colcon_meta']
[2.389s] Level 1:colcon.colcon_core.package_identification:_identify(matlab/+bus_conv_fcns/+ros2/+busToMsg/+interfaces) by extension 'colcon_meta'
[2.390s] Level 1:colcon.colcon_core.package_identification:_identify(matlab/+bus_conv_fcns/+ros2/+busToMsg/+interfaces) by extensions ['ros']
[2.390s] Level 1:colcon.colcon_core.package_identification:_identify(matlab/+bus_conv_fcns/+ros2/+busToMsg/+interfaces) by extension 'ros'
[2.390s] Level 1:colcon.colcon_core.package_identification:_identify(matlab/+bus_conv_fcns/+ros2/+busToMsg/+interfaces) by extensions ['cmake', 'python']
[2.390s] Level 1:colcon.colcon_core.package_identification:_identify(matlab/+bus_conv_fcns/+ros2/+busToMsg/+interfaces) by extension 'cmake'
[2.390s] Level 1:colcon.colcon_core.package_identification:_identify(matlab/+bus_conv_fcns/+ros2/+busToMsg/+interfaces) by extension 'python'
[2.390s] Level 1:colcon.colcon_core.package_identification:_identify(matlab/+bus_conv_fcns/+ros2/+busToMsg/+interfaces) by extensions ['python_setup_py']
[2.390s] Level 1:colcon.colcon_core.package_identification:_identify(matlab/+bus_conv_fcns/+ros2/+busToMsg/+interfaces) by extension 'python_setup_py'
[2.391s] Level 1:colcon.colcon_core.package_identification:_identify(matlab/+bus_conv_fcns/+ros2/+msgToBus) by extensions ['ignore', 'ignore_ament_install']
[2.391s] Level 1:colcon.colcon_core.package_identification:_identify(matlab/+bus_conv_fcns/+ros2/+msgToBus) by extension 'ignore'
[2.391s] Level 1:colcon.colcon_core.package_identification:_identify(matlab/+bus_conv_fcns/+ros2/+msgToBus) by extension 'ignore_ament_install'
[2.391s] Level 1:colcon.colcon_core.package_identification:_identify(matlab/+bus_conv_fcns/+ros2/+msgToBus) by extensions ['colcon_pkg']
[2.391s] Level 1:colcon.colcon_core.package_identification:_identify(matlab/+bus_conv_fcns/+ros2/+msgToBus) by extension 'colcon_pkg'
[2.391s] Level 1:colcon.colcon_core.package_identification:_identify(matlab/+bus_conv_fcns/+ros2/+msgToBus) by extensions ['colcon_meta']
[2.391s] Level 1:colcon.colcon_core.package_identification:_identify(matlab/+bus_conv_fcns/+ros2/+msgToBus) by extension 'colcon_meta'
[2.392s] Level 1:colcon.colcon_core.package_identification:_identify(matlab/+bus_conv_fcns/+ros2/+msgToBus) by extensions ['ros']
[2.392s] Level 1:colcon.colcon_core.package_identification:_identify(matlab/+bus_conv_fcns/+ros2/+msgToBus) by extension 'ros'
[2.392s] Level 1:colcon.colcon_core.package_identification:_identify(matlab/+bus_conv_fcns/+ros2/+msgToBus) by extensions ['cmake', 'python']
[2.392s] Level 1:colcon.colcon_core.package_identification:_identify(matlab/+bus_conv_fcns/+ros2/+msgToBus) by extension 'cmake'
[2.392s] Level 1:colcon.colcon_core.package_identification:_identify(matlab/+bus_conv_fcns/+ros2/+msgToBus) by extension 'python'
[2.392s] Level 1:colcon.colcon_core.package_identification:_identify(matlab/+bus_conv_fcns/+ros2/+msgToBus) by extensions ['python_setup_py']
[2.392s] Level 1:colcon.colcon_core.package_identification:_identify(matlab/+bus_conv_fcns/+ros2/+msgToBus) by extension 'python_setup_py'
[2.393s] Level 1:colcon.colcon_core.package_identification:_identify(matlab/+bus_conv_fcns/+ros2/+msgToBus/+interfaces) by extensions ['ignore', 'ignore_ament_install']
[2.393s] Level 1:colcon.colcon_core.package_identification:_identify(matlab/+bus_conv_fcns/+ros2/+msgToBus/+interfaces) by extension 'ignore'
[2.393s] Level 1:colcon.colcon_core.package_identification:_identify(matlab/+bus_conv_fcns/+ros2/+msgToBus/+interfaces) by extension 'ignore_ament_install'
[2.393s] Level 1:colcon.colcon_core.package_identification:_identify(matlab/+bus_conv_fcns/+ros2/+msgToBus/+interfaces) by extensions ['colcon_pkg']
[2.393s] Level 1:colcon.colcon_core.package_identification:_identify(matlab/+bus_conv_fcns/+ros2/+msgToBus/+interfaces) by extension 'colcon_pkg'
[2.393s] Level 1:colcon.colcon_core.package_identification:_identify(matlab/+bus_conv_fcns/+ros2/+msgToBus/+interfaces) by extensions ['colcon_meta']
[2.393s] Level 1:colcon.colcon_core.package_identification:_identify(matlab/+bus_conv_fcns/+ros2/+msgToBus/+interfaces) by extension 'colcon_meta'
[2.394s] Level 1:colcon.colcon_core.package_identification:_identify(matlab/+bus_conv_fcns/+ros2/+msgToBus/+interfaces) by extensions ['ros']
[2.394s] Level 1:colcon.colcon_core.package_identification:_identify(matlab/+bus_conv_fcns/+ros2/+msgToBus/+interfaces) by extension 'ros'
[2.394s] Level 1:colcon.colcon_core.package_identification:_identify(matlab/+bus_conv_fcns/+ros2/+msgToBus/+interfaces) by extensions ['cmake', 'python']
[2.394s] Level 1:colcon.colcon_core.package_identification:_identify(matlab/+bus_conv_fcns/+ros2/+msgToBus/+interfaces) by extension 'cmake'
[2.394s] Level 1:colcon.colcon_core.package_identification:_identify(matlab/+bus_conv_fcns/+ros2/+msgToBus/+interfaces) by extension 'python'
[2.394s] Level 1:colcon.colcon_core.package_identification:_identify(matlab/+bus_conv_fcns/+ros2/+msgToBus/+interfaces) by extensions ['python_setup_py']
[2.394s] Level 1:colcon.colcon_core.package_identification:_identify(matlab/+bus_conv_fcns/+ros2/+msgToBus/+interfaces) by extension 'python_setup_py'
[2.395s] Level 1:colcon.colcon_core.package_identification:_identify(matlab/custom) by extensions ['ignore', 'ignore_ament_install']
[2.395s] Level 1:colcon.colcon_core.package_identification:_identify(matlab/custom) by extension 'ignore'
[2.395s] Level 1:colcon.colcon_core.package_identification:_identify(matlab/custom) by extension 'ignore_ament_install'
[2.395s] Level 1:colcon.colcon_core.package_identification:_identify(matlab/custom) by extensions ['colcon_pkg']
[2.395s] Level 1:colcon.colcon_core.package_identification:_identify(matlab/custom) by extension 'colcon_pkg'
[2.395s] Level 1:colcon.colcon_core.package_identification:_identify(matlab/custom) by extensions ['colcon_meta']
[2.395s] Level 1:colcon.colcon_core.package_identification:_identify(matlab/custom) by extension 'colcon_meta'
[2.396s] Level 1:colcon.colcon_core.package_identification:_identify(matlab/custom) by extensions ['ros']
[2.396s] Level 1:colcon.colcon_core.package_identification:_identify(matlab/custom) by extension 'ros'
[2.396s] Level 1:colcon.colcon_core.package_identification:_identify(matlab/custom) by extensions ['cmake', 'python']
[2.396s] Level 1:colcon.colcon_core.package_identification:_identify(matlab/custom) by extension 'cmake'
[2.396s] Level 1:colcon.colcon_core.package_identification:_identify(matlab/custom) by extension 'python'
[2.396s] Level 1:colcon.colcon_core.package_identification:_identify(matlab/custom) by extensions ['python_setup_py']
[2.396s] Level 1:colcon.colcon_core.package_identification:_identify(matlab/custom) by extension 'python_setup_py'
[2.397s] Level 1:colcon.colcon_core.package_identification:_identify(matlab/custom/interfaces) by extensions ['ignore', 'ignore_ament_install']
[2.397s] Level 1:colcon.colcon_core.package_identification:_identify(matlab/custom/interfaces) by extension 'ignore'
[2.397s] Level 1:colcon.colcon_core.package_identification:_identify(matlab/custom/interfaces) by extension 'ignore_ament_install'
[2.397s] Level 1:colcon.colcon_core.package_identification:_identify(matlab/custom/interfaces) by extensions ['colcon_pkg']
[2.397s] Level 1:colcon.colcon_core.package_identification:_identify(matlab/custom/interfaces) by extension 'colcon_pkg'
[2.397s] Level 1:colcon.colcon_core.package_identification:_identify(matlab/custom/interfaces) by extensions ['colcon_meta']
[2.397s] Level 1:colcon.colcon_core.package_identification:_identify(matlab/custom/interfaces) by extension 'colcon_meta'
[2.398s] Level 1:colcon.colcon_core.package_identification:_identify(matlab/custom/interfaces) by extensions ['ros']
[2.398s] Level 1:colcon.colcon_core.package_identification:_identify(matlab/custom/interfaces) by extension 'ros'
[2.398s] Level 1:colcon.colcon_core.package_identification:_identify(matlab/custom/interfaces) by extensions ['cmake', 'python']
[2.398s] Level 1:colcon.colcon_core.package_identification:_identify(matlab/custom/interfaces) by extension 'cmake'
[2.398s] Level 1:colcon.colcon_core.package_identification:_identify(matlab/custom/interfaces) by extension 'python'
[2.398s] Level 1:colcon.colcon_core.package_identification:_identify(matlab/custom/interfaces) by extensions ['python_setup_py']
[2.398s] Level 1:colcon.colcon_core.package_identification:_identify(matlab/custom/interfaces) by extension 'python_setup_py'
[2.399s] Level 1:colcon.colcon_core.package_identification:_identify(matlab/custom/interfaces/msg) by extensions ['ignore', 'ignore_ament_install']
[2.399s] Level 1:colcon.colcon_core.package_identification:_identify(matlab/custom/interfaces/msg) by extension 'ignore'
[2.399s] Level 1:colcon.colcon_core.package_identification:_identify(matlab/custom/interfaces/msg) by extension 'ignore_ament_install'
[2.399s] Level 1:colcon.colcon_core.package_identification:_identify(matlab/custom/interfaces/msg) by extensions ['colcon_pkg']
[2.399s] Level 1:colcon.colcon_core.package_identification:_identify(matlab/custom/interfaces/msg) by extension 'colcon_pkg'
[2.399s] Level 1:colcon.colcon_core.package_identification:_identify(matlab/custom/interfaces/msg) by extensions ['colcon_meta']
[2.399s] Level 1:colcon.colcon_core.package_identification:_identify(matlab/custom/interfaces/msg) by extension 'colcon_meta'
[2.400s] Level 1:colcon.colcon_core.package_identification:_identify(matlab/custom/interfaces/msg) by extensions ['ros']
[2.400s] Level 1:colcon.colcon_core.package_identification:_identify(matlab/custom/interfaces/msg) by extension 'ros'
[2.400s] Level 1:colcon.colcon_core.package_identification:_identify(matlab/custom/interfaces/msg) by extensions ['cmake', 'python']
[2.400s] Level 1:colcon.colcon_core.package_identification:_identify(matlab/custom/interfaces/msg) by extension 'cmake'
[2.400s] Level 1:colcon.colcon_core.package_identification:_identify(matlab/custom/interfaces/msg) by extension 'python'
[2.400s] Level 1:colcon.colcon_core.package_identification:_identify(matlab/custom/interfaces/msg) by extensions ['python_setup_py']
[2.400s] Level 1:colcon.colcon_core.package_identification:_identify(matlab/custom/interfaces/msg) by extension 'python_setup_py'
[2.400s] Level 1:colcon.colcon_core.package_identification:_identify(matlab/custom/matlab_msg_gen) by extensions ['ignore', 'ignore_ament_install']
[2.401s] Level 1:colcon.colcon_core.package_identification:_identify(matlab/custom/matlab_msg_gen) by extension 'ignore'
[2.401s] Level 1:colcon.colcon_core.package_identification:_identify(matlab/custom/matlab_msg_gen) ignored
[2.401s] Level 1:colcon.colcon_core.package_identification:_identify(matlab/slprj) by extensions ['ignore', 'ignore_ament_install']
[2.401s] Level 1:colcon.colcon_core.package_identification:_identify(matlab/slprj) by extension 'ignore'
[2.401s] Level 1:colcon.colcon_core.package_identification:_identify(matlab/slprj) by extension 'ignore_ament_install'
[2.401s] Level 1:colcon.colcon_core.package_identification:_identify(matlab/slprj) by extensions ['colcon_pkg']
[2.402s] Level 1:colcon.colcon_core.package_identification:_identify(matlab/slprj) by extension 'colcon_pkg'
[2.402s] Level 1:colcon.colcon_core.package_identification:_identify(matlab/slprj) by extensions ['colcon_meta']
[2.402s] Level 1:colcon.colcon_core.package_identification:_identify(matlab/slprj) by extension 'colcon_meta'
[2.402s] Level 1:colcon.colcon_core.package_identification:_identify(matlab/slprj) by extensions ['ros']
[2.402s] Level 1:colcon.colcon_core.package_identification:_identify(matlab/slprj) by extension 'ros'
[2.402s] Level 1:colcon.colcon_core.package_identification:_identify(matlab/slprj) by extensions ['cmake', 'python']
[2.402s] Level 1:colcon.colcon_core.package_identification:_identify(matlab/slprj) by extension 'cmake'
[2.402s] Level 1:colcon.colcon_core.package_identification:_identify(matlab/slprj) by extension 'python'
[2.403s] Level 1:colcon.colcon_core.package_identification:_identify(matlab/slprj) by extensions ['python_setup_py']
[2.403s] Level 1:colcon.colcon_core.package_identification:_identify(matlab/slprj) by extension 'python_setup_py'
[2.403s] Level 1:colcon.colcon_core.package_identification:_identify(matlab/slprj/_jitprj) by extensions ['ignore', 'ignore_ament_install']
[2.403s] Level 1:colcon.colcon_core.package_identification:_identify(matlab/slprj/_jitprj) by extension 'ignore'
[2.403s] Level 1:colcon.colcon_core.package_identification:_identify(matlab/slprj/_jitprj) by extension 'ignore_ament_install'
[2.403s] Level 1:colcon.colcon_core.package_identification:_identify(matlab/slprj/_jitprj) by extensions ['colcon_pkg']
[2.404s] Level 1:colcon.colcon_core.package_identification:_identify(matlab/slprj/_jitprj) by extension 'colcon_pkg'
[2.404s] Level 1:colcon.colcon_core.package_identification:_identify(matlab/slprj/_jitprj) by extensions ['colcon_meta']
[2.404s] Level 1:colcon.colcon_core.package_identification:_identify(matlab/slprj/_jitprj) by extension 'colcon_meta'
[2.404s] Level 1:colcon.colcon_core.package_identification:_identify(matlab/slprj/_jitprj) by extensions ['ros']
[2.404s] Level 1:colcon.colcon_core.package_identification:_identify(matlab/slprj/_jitprj) by extension 'ros'
[2.404s] Level 1:colcon.colcon_core.package_identification:_identify(matlab/slprj/_jitprj) by extensions ['cmake', 'python']
[2.404s] Level 1:colcon.colcon_core.package_identification:_identify(matlab/slprj/_jitprj) by extension 'cmake'
[2.405s] Level 1:colcon.colcon_core.package_identification:_identify(matlab/slprj/_jitprj) by extension 'python'
[2.405s] Level 1:colcon.colcon_core.package_identification:_identify(matlab/slprj/_jitprj) by extensions ['python_setup_py']
[2.405s] Level 1:colcon.colcon_core.package_identification:_identify(matlab/slprj/_jitprj) by extension 'python_setup_py'
[2.405s] Level 1:colcon.colcon_core.package_identification:_identify(matlab/slprj/_sfprj) by extensions ['ignore', 'ignore_ament_install']
[2.405s] Level 1:colcon.colcon_core.package_identification:_identify(matlab/slprj/_sfprj) by extension 'ignore'
[2.405s] Level 1:colcon.colcon_core.package_identification:_identify(matlab/slprj/_sfprj) by extension 'ignore_ament_install'
[2.406s] Level 1:colcon.colcon_core.package_identification:_identify(matlab/slprj/_sfprj) by extensions ['colcon_pkg']
[2.406s] Level 1:colcon.colcon_core.package_identification:_identify(matlab/slprj/_sfprj) by extension 'colcon_pkg'
[2.406s] Level 1:colcon.colcon_core.package_identification:_identify(matlab/slprj/_sfprj) by extensions ['colcon_meta']
[2.406s] Level 1:colcon.colcon_core.package_identification:_identify(matlab/slprj/_sfprj) by extension 'colcon_meta'
[2.406s] Level 1:colcon.colcon_core.package_identification:_identify(matlab/slprj/_sfprj) by extensions ['ros']
[2.406s] Level 1:colcon.colcon_core.package_identification:_identify(matlab/slprj/_sfprj) by extension 'ros'
[2.406s] Level 1:colcon.colcon_core.package_identification:_identify(matlab/slprj/_sfprj) by extensions ['cmake', 'python']
[2.406s] Level 1:colcon.colcon_core.package_identification:_identify(matlab/slprj/_sfprj) by extension 'cmake'
[2.407s] Level 1:colcon.colcon_core.package_identification:_identify(matlab/slprj/_sfprj) by extension 'python'
[2.407s] Level 1:colcon.colcon_core.package_identification:_identify(matlab/slprj/_sfprj) by extensions ['python_setup_py']
[2.407s] Level 1:colcon.colcon_core.package_identification:_identify(matlab/slprj/_sfprj) by extension 'python_setup_py'
[2.407s] Level 1:colcon.colcon_core.package_identification:_identify(matlab/slprj/_sfprj/EMLReport) by extensions ['ignore', 'ignore_ament_install']
[2.407s] Level 1:colcon.colcon_core.package_identification:_identify(matlab/slprj/_sfprj/EMLReport) by extension 'ignore'
[2.408s] Level 1:colcon.colcon_core.package_identification:_identify(matlab/slprj/_sfprj/EMLReport) by extension 'ignore_ament_install'
[2.408s] Level 1:colcon.colcon_core.package_identification:_identify(matlab/slprj/_sfprj/EMLReport) by extensions ['colcon_pkg']
[2.408s] Level 1:colcon.colcon_core.package_identification:_identify(matlab/slprj/_sfprj/EMLReport) by extension 'colcon_pkg'
[2.408s] Level 1:colcon.colcon_core.package_identification:_identify(matlab/slprj/_sfprj/EMLReport) by extensions ['colcon_meta']
[2.408s] Level 1:colcon.colcon_core.package_identification:_identify(matlab/slprj/_sfprj/EMLReport) by extension 'colcon_meta'
[2.408s] Level 1:colcon.colcon_core.package_identification:_identify(matlab/slprj/_sfprj/EMLReport) by extensions ['ros']
[2.408s] Level 1:colcon.colcon_core.package_identification:_identify(matlab/slprj/_sfprj/EMLReport) by extension 'ros'
[2.409s] Level 1:colcon.colcon_core.package_identification:_identify(matlab/slprj/_sfprj/EMLReport) by extensions ['cmake', 'python']
[2.409s] Level 1:colcon.colcon_core.package_identification:_identify(matlab/slprj/_sfprj/EMLReport) by extension 'cmake'
[2.409s] Level 1:colcon.colcon_core.package_identification:_identify(matlab/slprj/_sfprj/EMLReport) by extension 'python'
[2.409s] Level 1:colcon.colcon_core.package_identification:_identify(matlab/slprj/_sfprj/EMLReport) by extensions ['python_setup_py']
[2.409s] Level 1:colcon.colcon_core.package_identification:_identify(matlab/slprj/_sfprj/EMLReport) by extension 'python_setup_py'
[2.409s] Level 1:colcon.colcon_core.package_identification:_identify(matlab/slprj/_sfprj/EMLReport/s881rqxAgeOp6s2tFfG9OoD) by extensions ['ignore', 'ignore_ament_install']
[2.410s] Level 1:colcon.colcon_core.package_identification:_identify(matlab/slprj/_sfprj/EMLReport/s881rqxAgeOp6s2tFfG9OoD) by extension 'ignore'
[2.410s] Level 1:colcon.colcon_core.package_identification:_identify(matlab/slprj/_sfprj/EMLReport/s881rqxAgeOp6s2tFfG9OoD) by extension 'ignore_ament_install'
[2.410s] Level 1:colcon.colcon_core.package_identification:_identify(matlab/slprj/_sfprj/EMLReport/s881rqxAgeOp6s2tFfG9OoD) by extensions ['colcon_pkg']
[2.410s] Level 1:colcon.colcon_core.package_identification:_identify(matlab/slprj/_sfprj/EMLReport/s881rqxAgeOp6s2tFfG9OoD) by extension 'colcon_pkg'
[2.410s] Level 1:colcon.colcon_core.package_identification:_identify(matlab/slprj/_sfprj/EMLReport/s881rqxAgeOp6s2tFfG9OoD) by extensions ['colcon_meta']
[2.410s] Level 1:colcon.colcon_core.package_identification:_identify(matlab/slprj/_sfprj/EMLReport/s881rqxAgeOp6s2tFfG9OoD) by extension 'colcon_meta'
[2.410s] Level 1:colcon.colcon_core.package_identification:_identify(matlab/slprj/_sfprj/EMLReport/s881rqxAgeOp6s2tFfG9OoD) by extensions ['ros']
[2.410s] Level 1:colcon.colcon_core.package_identification:_identify(matlab/slprj/_sfprj/EMLReport/s881rqxAgeOp6s2tFfG9OoD) by extension 'ros'
[2.411s] Level 1:colcon.colcon_core.package_identification:_identify(matlab/slprj/_sfprj/EMLReport/s881rqxAgeOp6s2tFfG9OoD) by extensions ['cmake', 'python']
[2.411s] Level 1:colcon.colcon_core.package_identification:_identify(matlab/slprj/_sfprj/EMLReport/s881rqxAgeOp6s2tFfG9OoD) by extension 'cmake'
[2.411s] Level 1:colcon.colcon_core.package_identification:_identify(matlab/slprj/_sfprj/EMLReport/s881rqxAgeOp6s2tFfG9OoD) by extension 'python'
[2.411s] Level 1:colcon.colcon_core.package_identification:_identify(matlab/slprj/_sfprj/EMLReport/s881rqxAgeOp6s2tFfG9OoD) by extensions ['python_setup_py']
[2.411s] Level 1:colcon.colcon_core.package_identification:_identify(matlab/slprj/_sfprj/EMLReport/s881rqxAgeOp6s2tFfG9OoD) by extension 'python_setup_py'
[2.411s] Level 1:colcon.colcon_core.package_identification:_identify(matlab/slprj/_sfprj/EMLReport/sFapP3YcaBS6dtB7MJGzGpE) by extensions ['ignore', 'ignore_ament_install']
[2.411s] Level 1:colcon.colcon_core.package_identification:_identify(matlab/slprj/_sfprj/EMLReport/sFapP3YcaBS6dtB7MJGzGpE) by extension 'ignore'
[2.411s] Level 1:colcon.colcon_core.package_identification:_identify(matlab/slprj/_sfprj/EMLReport/sFapP3YcaBS6dtB7MJGzGpE) by extension 'ignore_ament_install'
[2.411s] Level 1:colcon.colcon_core.package_identification:_identify(matlab/slprj/_sfprj/EMLReport/sFapP3YcaBS6dtB7MJGzGpE) by extensions ['colcon_pkg']
[2.411s] Level 1:colcon.colcon_core.package_identification:_identify(matlab/slprj/_sfprj/EMLReport/sFapP3YcaBS6dtB7MJGzGpE) by extension 'colcon_pkg'
[2.412s] Level 1:colcon.colcon_core.package_identification:_identify(matlab/slprj/_sfprj/EMLReport/sFapP3YcaBS6dtB7MJGzGpE) by extensions ['colcon_meta']
[2.412s] Level 1:colcon.colcon_core.package_identification:_identify(matlab/slprj/_sfprj/EMLReport/sFapP3YcaBS6dtB7MJGzGpE) by extension 'colcon_meta'
[2.412s] Level 1:colcon.colcon_core.package_identification:_identify(matlab/slprj/_sfprj/EMLReport/sFapP3YcaBS6dtB7MJGzGpE) by extensions ['ros']
[2.412s] Level 1:colcon.colcon_core.package_identification:_identify(matlab/slprj/_sfprj/EMLReport/sFapP3YcaBS6dtB7MJGzGpE) by extension 'ros'
[2.412s] Level 1:colcon.colcon_core.package_identification:_identify(matlab/slprj/_sfprj/EMLReport/sFapP3YcaBS6dtB7MJGzGpE) by extensions ['cmake', 'python']
[2.412s] Level 1:colcon.colcon_core.package_identification:_identify(matlab/slprj/_sfprj/EMLReport/sFapP3YcaBS6dtB7MJGzGpE) by extension 'cmake'
[2.412s] Level 1:colcon.colcon_core.package_identification:_identify(matlab/slprj/_sfprj/EMLReport/sFapP3YcaBS6dtB7MJGzGpE) by extension 'python'
[2.412s] Level 1:colcon.colcon_core.package_identification:_identify(matlab/slprj/_sfprj/EMLReport/sFapP3YcaBS6dtB7MJGzGpE) by extensions ['python_setup_py']
[2.413s] Level 1:colcon.colcon_core.package_identification:_identify(matlab/slprj/_sfprj/EMLReport/sFapP3YcaBS6dtB7MJGzGpE) by extension 'python_setup_py'
[2.413s] Level 1:colcon.colcon_core.package_identification:_identify(matlab/slprj/_sfprj/EMLReport/sTfkDIGt9NcJQoyuP99hI4B) by extensions ['ignore', 'ignore_ament_install']
[2.413s] Level 1:colcon.colcon_core.package_identification:_identify(matlab/slprj/_sfprj/EMLReport/sTfkDIGt9NcJQoyuP99hI4B) by extension 'ignore'
[2.413s] Level 1:colcon.colcon_core.package_identification:_identify(matlab/slprj/_sfprj/EMLReport/sTfkDIGt9NcJQoyuP99hI4B) by extension 'ignore_ament_install'
[2.413s] Level 1:colcon.colcon_core.package_identification:_identify(matlab/slprj/_sfprj/EMLReport/sTfkDIGt9NcJQoyuP99hI4B) by extensions ['colcon_pkg']
[2.413s] Level 1:colcon.colcon_core.package_identification:_identify(matlab/slprj/_sfprj/EMLReport/sTfkDIGt9NcJQoyuP99hI4B) by extension 'colcon_pkg'
[2.414s] Level 1:colcon.colcon_core.package_identification:_identify(matlab/slprj/_sfprj/EMLReport/sTfkDIGt9NcJQoyuP99hI4B) by extensions ['colcon_meta']
[2.414s] Level 1:colcon.colcon_core.package_identification:_identify(matlab/slprj/_sfprj/EMLReport/sTfkDIGt9NcJQoyuP99hI4B) by extension 'colcon_meta'
[2.414s] Level 1:colcon.colcon_core.package_identification:_identify(matlab/slprj/_sfprj/EMLReport/sTfkDIGt9NcJQoyuP99hI4B) by extensions ['ros']
[2.414s] Level 1:colcon.colcon_core.package_identification:_identify(matlab/slprj/_sfprj/EMLReport/sTfkDIGt9NcJQoyuP99hI4B) by extension 'ros'
[2.414s] Level 1:colcon.colcon_core.package_identification:_identify(matlab/slprj/_sfprj/EMLReport/sTfkDIGt9NcJQoyuP99hI4B) by extensions ['cmake', 'python']
[2.414s] Level 1:colcon.colcon_core.package_identification:_identify(matlab/slprj/_sfprj/EMLReport/sTfkDIGt9NcJQoyuP99hI4B) by extension 'cmake'
[2.414s] Level 1:colcon.colcon_core.package_identification:_identify(matlab/slprj/_sfprj/EMLReport/sTfkDIGt9NcJQoyuP99hI4B) by extension 'python'
[2.414s] Level 1:colcon.colcon_core.package_identification:_identify(matlab/slprj/_sfprj/EMLReport/sTfkDIGt9NcJQoyuP99hI4B) by extensions ['python_setup_py']
[2.415s] Level 1:colcon.colcon_core.package_identification:_identify(matlab/slprj/_sfprj/EMLReport/sTfkDIGt9NcJQoyuP99hI4B) by extension 'python_setup_py'
[2.415s] Level 1:colcon.colcon_core.package_identification:_identify(matlab/slprj/_sfprj/EMLReport/slyDQOC2mqxD6eAmbTuCZUH) by extensions ['ignore', 'ignore_ament_install']
[2.415s] Level 1:colcon.colcon_core.package_identification:_identify(matlab/slprj/_sfprj/EMLReport/slyDQOC2mqxD6eAmbTuCZUH) by extension 'ignore'
[2.415s] Level 1:colcon.colcon_core.package_identification:_identify(matlab/slprj/_sfprj/EMLReport/slyDQOC2mqxD6eAmbTuCZUH) by extension 'ignore_ament_install'
[2.415s] Level 1:colcon.colcon_core.package_identification:_identify(matlab/slprj/_sfprj/EMLReport/slyDQOC2mqxD6eAmbTuCZUH) by extensions ['colcon_pkg']
[2.416s] Level 1:colcon.colcon_core.package_identification:_identify(matlab/slprj/_sfprj/EMLReport/slyDQOC2mqxD6eAmbTuCZUH) by extension 'colcon_pkg'
[2.416s] Level 1:colcon.colcon_core.package_identification:_identify(matlab/slprj/_sfprj/EMLReport/slyDQOC2mqxD6eAmbTuCZUH) by extensions ['colcon_meta']
[2.416s] Level 1:colcon.colcon_core.package_identification:_identify(matlab/slprj/_sfprj/EMLReport/slyDQOC2mqxD6eAmbTuCZUH) by extension 'colcon_meta'
[2.416s] Level 1:colcon.colcon_core.package_identification:_identify(matlab/slprj/_sfprj/EMLReport/slyDQOC2mqxD6eAmbTuCZUH) by extensions ['ros']
[2.416s] Level 1:colcon.colcon_core.package_identification:_identify(matlab/slprj/_sfprj/EMLReport/slyDQOC2mqxD6eAmbTuCZUH) by extension 'ros'
[2.416s] Level 1:colcon.colcon_core.package_identification:_identify(matlab/slprj/_sfprj/EMLReport/slyDQOC2mqxD6eAmbTuCZUH) by extensions ['cmake', 'python']
[2.416s] Level 1:colcon.colcon_core.package_identification:_identify(matlab/slprj/_sfprj/EMLReport/slyDQOC2mqxD6eAmbTuCZUH) by extension 'cmake'
[2.416s] Level 1:colcon.colcon_core.package_identification:_identify(matlab/slprj/_sfprj/EMLReport/slyDQOC2mqxD6eAmbTuCZUH) by extension 'python'
[2.417s] Level 1:colcon.colcon_core.package_identification:_identify(matlab/slprj/_sfprj/EMLReport/slyDQOC2mqxD6eAmbTuCZUH) by extensions ['python_setup_py']
[2.417s] Level 1:colcon.colcon_core.package_identification:_identify(matlab/slprj/_sfprj/EMLReport/slyDQOC2mqxD6eAmbTuCZUH) by extension 'python_setup_py'
[2.417s] Level 1:colcon.colcon_core.package_identification:_identify(matlab/slprj/_sfprj/mission_manager) by extensions ['ignore', 'ignore_ament_install']
[2.417s] Level 1:colcon.colcon_core.package_identification:_identify(matlab/slprj/_sfprj/mission_manager) by extension 'ignore'
[2.417s] Level 1:colcon.colcon_core.package_identification:_identify(matlab/slprj/_sfprj/mission_manager) by extension 'ignore_ament_install'
[2.417s] Level 1:colcon.colcon_core.package_identification:_identify(matlab/slprj/_sfprj/mission_manager) by extensions ['colcon_pkg']
[2.417s] Level 1:colcon.colcon_core.package_identification:_identify(matlab/slprj/_sfprj/mission_manager) by extension 'colcon_pkg'
[2.418s] Level 1:colcon.colcon_core.package_identification:_identify(matlab/slprj/_sfprj/mission_manager) by extensions ['colcon_meta']
[2.418s] Level 1:colcon.colcon_core.package_identification:_identify(matlab/slprj/_sfprj/mission_manager) by extension 'colcon_meta'
[2.418s] Level 1:colcon.colcon_core.package_identification:_identify(matlab/slprj/_sfprj/mission_manager) by extensions ['ros']
[2.418s] Level 1:colcon.colcon_core.package_identification:_identify(matlab/slprj/_sfprj/mission_manager) by extension 'ros'
[2.418s] Level 1:colcon.colcon_core.package_identification:_identify(matlab/slprj/_sfprj/mission_manager) by extensions ['cmake', 'python']
[2.418s] Level 1:colcon.colcon_core.package_identification:_identify(matlab/slprj/_sfprj/mission_manager) by extension 'cmake'
[2.418s] Level 1:colcon.colcon_core.package_identification:_identify(matlab/slprj/_sfprj/mission_manager) by extension 'python'
[2.418s] Level 1:colcon.colcon_core.package_identification:_identify(matlab/slprj/_sfprj/mission_manager) by extensions ['python_setup_py']
[2.418s] Level 1:colcon.colcon_core.package_identification:_identify(matlab/slprj/_sfprj/mission_manager) by extension 'python_setup_py'
[2.419s] Level 1:colcon.colcon_core.package_identification:_identify(matlab/slprj/_sfprj/mission_manager/_self) by extensions ['ignore', 'ignore_ament_install']
[2.419s] Level 1:colcon.colcon_core.package_identification:_identify(matlab/slprj/_sfprj/mission_manager/_self) by extension 'ignore'
[2.419s] Level 1:colcon.colcon_core.package_identification:_identify(matlab/slprj/_sfprj/mission_manager/_self) by extension 'ignore_ament_install'
[2.419s] Level 1:colcon.colcon_core.package_identification:_identify(matlab/slprj/_sfprj/mission_manager/_self) by extensions ['colcon_pkg']
[2.419s] Level 1:colcon.colcon_core.package_identification:_identify(matlab/slprj/_sfprj/mission_manager/_self) by extension 'colcon_pkg'
[2.419s] Level 1:colcon.colcon_core.package_identification:_identify(matlab/slprj/_sfprj/mission_manager/_self) by extensions ['colcon_meta']
[2.419s] Level 1:colcon.colcon_core.package_identification:_identify(matlab/slprj/_sfprj/mission_manager/_self) by extension 'colcon_meta'
[2.420s] Level 1:colcon.colcon_core.package_identification:_identify(matlab/slprj/_sfprj/mission_manager/_self) by extensions ['ros']
[2.420s] Level 1:colcon.colcon_core.package_identification:_identify(matlab/slprj/_sfprj/mission_manager/_self) by extension 'ros'
[2.420s] Level 1:colcon.colcon_core.package_identification:_identify(matlab/slprj/_sfprj/mission_manager/_self) by extensions ['cmake', 'python']
[2.420s] Level 1:colcon.colcon_core.package_identification:_identify(matlab/slprj/_sfprj/mission_manager/_self) by extension 'cmake'
[2.420s] Level 1:colcon.colcon_core.package_identification:_identify(matlab/slprj/_sfprj/mission_manager/_self) by extension 'python'
[2.420s] Level 1:colcon.colcon_core.package_identification:_identify(matlab/slprj/_sfprj/mission_manager/_self) by extensions ['python_setup_py']
[2.420s] Level 1:colcon.colcon_core.package_identification:_identify(matlab/slprj/_sfprj/mission_manager/_self) by extension 'python_setup_py'
[2.421s] Level 1:colcon.colcon_core.package_identification:_identify(matlab/slprj/_sfprj/mission_manager/_self/sfun) by extensions ['ignore', 'ignore_ament_install']
[2.421s] Level 1:colcon.colcon_core.package_identification:_identify(matlab/slprj/_sfprj/mission_manager/_self/sfun) by extension 'ignore'
[2.421s] Level 1:colcon.colcon_core.package_identification:_identify(matlab/slprj/_sfprj/mission_manager/_self/sfun) by extension 'ignore_ament_install'
[2.421s] Level 1:colcon.colcon_core.package_identification:_identify(matlab/slprj/_sfprj/mission_manager/_self/sfun) by extensions ['colcon_pkg']
[2.421s] Level 1:colcon.colcon_core.package_identification:_identify(matlab/slprj/_sfprj/mission_manager/_self/sfun) by extension 'colcon_pkg'
[2.422s] Level 1:colcon.colcon_core.package_identification:_identify(matlab/slprj/_sfprj/mission_manager/_self/sfun) by extensions ['colcon_meta']
[2.422s] Level 1:colcon.colcon_core.package_identification:_identify(matlab/slprj/_sfprj/mission_manager/_self/sfun) by extension 'colcon_meta'
[2.422s] Level 1:colcon.colcon_core.package_identification:_identify(matlab/slprj/_sfprj/mission_manager/_self/sfun) by extensions ['ros']
[2.422s] Level 1:colcon.colcon_core.package_identification:_identify(matlab/slprj/_sfprj/mission_manager/_self/sfun) by extension 'ros'
[2.422s] Level 1:colcon.colcon_core.package_identification:_identify(matlab/slprj/_sfprj/mission_manager/_self/sfun) by extensions ['cmake', 'python']
[2.422s] Level 1:colcon.colcon_core.package_identification:_identify(matlab/slprj/_sfprj/mission_manager/_self/sfun) by extension 'cmake'
[2.422s] Level 1:colcon.colcon_core.package_identification:_identify(matlab/slprj/_sfprj/mission_manager/_self/sfun) by extension 'python'
[2.422s] Level 1:colcon.colcon_core.package_identification:_identify(matlab/slprj/_sfprj/mission_manager/_self/sfun) by extensions ['python_setup_py']
[2.422s] Level 1:colcon.colcon_core.package_identification:_identify(matlab/slprj/_sfprj/mission_manager/_self/sfun) by extension 'python_setup_py'
[2.423s] Level 1:colcon.colcon_core.package_identification:_identify(matlab/slprj/_sfprj/mission_manager/_self/sfun/info) by extensions ['ignore', 'ignore_ament_install']
[2.423s] Level 1:colcon.colcon_core.package_identification:_identify(matlab/slprj/_sfprj/mission_manager/_self/sfun/info) by extension 'ignore'
[2.423s] Level 1:colcon.colcon_core.package_identification:_identify(matlab/slprj/_sfprj/mission_manager/_self/sfun/info) by extension 'ignore_ament_install'
[2.423s] Level 1:colcon.colcon_core.package_identification:_identify(matlab/slprj/_sfprj/mission_manager/_self/sfun/info) by extensions ['colcon_pkg']
[2.423s] Level 1:colcon.colcon_core.package_identification:_identify(matlab/slprj/_sfprj/mission_manager/_self/sfun/info) by extension 'colcon_pkg'
[2.423s] Level 1:colcon.colcon_core.package_identification:_identify(matlab/slprj/_sfprj/mission_manager/_self/sfun/info) by extensions ['colcon_meta']
[2.424s] Level 1:colcon.colcon_core.package_identification:_identify(matlab/slprj/_sfprj/mission_manager/_self/sfun/info) by extension 'colcon_meta'
[2.424s] Level 1:colcon.colcon_core.package_identification:_identify(matlab/slprj/_sfprj/mission_manager/_self/sfun/info) by extensions ['ros']
[2.424s] Level 1:colcon.colcon_core.package_identification:_identify(matlab/slprj/_sfprj/mission_manager/_self/sfun/info) by extension 'ros'
[2.424s] Level 1:colcon.colcon_core.package_identification:_identify(matlab/slprj/_sfprj/mission_manager/_self/sfun/info) by extensions ['cmake', 'python']
[2.424s] Level 1:colcon.colcon_core.package_identification:_identify(matlab/slprj/_sfprj/mission_manager/_self/sfun/info) by extension 'cmake'
[2.424s] Level 1:colcon.colcon_core.package_identification:_identify(matlab/slprj/_sfprj/mission_manager/_self/sfun/info) by extension 'python'
[2.424s] Level 1:colcon.colcon_core.package_identification:_identify(matlab/slprj/_sfprj/mission_manager/_self/sfun/info) by extensions ['python_setup_py']
[2.425s] Level 1:colcon.colcon_core.package_identification:_identify(matlab/slprj/_sfprj/mission_manager/_self/sfun/info) by extension 'python_setup_py'
[2.425s] Level 1:colcon.colcon_core.package_identification:_identify(matlab/slprj/_sfprj/precompile) by extensions ['ignore', 'ignore_ament_install']
[2.425s] Level 1:colcon.colcon_core.package_identification:_identify(matlab/slprj/_sfprj/precompile) by extension 'ignore'
[2.425s] Level 1:colcon.colcon_core.package_identification:_identify(matlab/slprj/_sfprj/precompile) by extension 'ignore_ament_install'
[2.425s] Level 1:colcon.colcon_core.package_identification:_identify(matlab/slprj/_sfprj/precompile) by extensions ['colcon_pkg']
[2.425s] Level 1:colcon.colcon_core.package_identification:_identify(matlab/slprj/_sfprj/precompile) by extension 'colcon_pkg'
[2.426s] Level 1:colcon.colcon_core.package_identification:_identify(matlab/slprj/_sfprj/precompile) by extensions ['colcon_meta']
[2.426s] Level 1:colcon.colcon_core.package_identification:_identify(matlab/slprj/_sfprj/precompile) by extension 'colcon_meta'
[2.426s] Level 1:colcon.colcon_core.package_identification:_identify(matlab/slprj/_sfprj/precompile) by extensions ['ros']
[2.426s] Level 1:colcon.colcon_core.package_identification:_identify(matlab/slprj/_sfprj/precompile) by extension 'ros'
[2.426s] Level 1:colcon.colcon_core.package_identification:_identify(matlab/slprj/_sfprj/precompile) by extensions ['cmake', 'python']
[2.426s] Level 1:colcon.colcon_core.package_identification:_identify(matlab/slprj/_sfprj/precompile) by extension 'cmake'
[2.426s] Level 1:colcon.colcon_core.package_identification:_identify(matlab/slprj/_sfprj/precompile) by extension 'python'
[2.426s] Level 1:colcon.colcon_core.package_identification:_identify(matlab/slprj/_sfprj/precompile) by extensions ['python_setup_py']
[2.426s] Level 1:colcon.colcon_core.package_identification:_identify(matlab/slprj/_sfprj/precompile) by extension 'python_setup_py'
[2.427s] Level 1:colcon.colcon_core.package_identification:_identify(matlab/slprj/sim) by extensions ['ignore', 'ignore_ament_install']
[2.427s] Level 1:colcon.colcon_core.package_identification:_identify(matlab/slprj/sim) by extension 'ignore'
[2.427s] Level 1:colcon.colcon_core.package_identification:_identify(matlab/slprj/sim) by extension 'ignore_ament_install'
[2.427s] Level 1:colcon.colcon_core.package_identification:_identify(matlab/slprj/sim) by extensions ['colcon_pkg']
[2.427s] Level 1:colcon.colcon_core.package_identification:_identify(matlab/slprj/sim) by extension 'colcon_pkg'
[2.427s] Level 1:colcon.colcon_core.package_identification:_identify(matlab/slprj/sim) by extensions ['colcon_meta']
[2.428s] Level 1:colcon.colcon_core.package_identification:_identify(matlab/slprj/sim) by extension 'colcon_meta'
[2.428s] Level 1:colcon.colcon_core.package_identification:_identify(matlab/slprj/sim) by extensions ['ros']
[2.428s] Level 1:colcon.colcon_core.package_identification:_identify(matlab/slprj/sim) by extension 'ros'
[2.428s] Level 1:colcon.colcon_core.package_identification:_identify(matlab/slprj/sim) by extensions ['cmake', 'python']
[2.428s] Level 1:colcon.colcon_core.package_identification:_identify(matlab/slprj/sim) by extension 'cmake'
[2.428s] Level 1:colcon.colcon_core.package_identification:_identify(matlab/slprj/sim) by extension 'python'
[2.428s] Level 1:colcon.colcon_core.package_identification:_identify(matlab/slprj/sim) by extensions ['python_setup_py']
[2.428s] Level 1:colcon.colcon_core.package_identification:_identify(matlab/slprj/sim) by extension 'python_setup_py'
[2.429s] Level 1:colcon.colcon_core.package_identification:_identify(matlab/slprj/sim/varcache) by extensions ['ignore', 'ignore_ament_install']
[2.429s] Level 1:colcon.colcon_core.package_identification:_identify(matlab/slprj/sim/varcache) by extension 'ignore'
[2.429s] Level 1:colcon.colcon_core.package_identification:_identify(matlab/slprj/sim/varcache) by extension 'ignore_ament_install'
[2.429s] Level 1:colcon.colcon_core.package_identification:_identify(matlab/slprj/sim/varcache) by extensions ['colcon_pkg']
[2.429s] Level 1:colcon.colcon_core.package_identification:_identify(matlab/slprj/sim/varcache) by extension 'colcon_pkg'
[2.429s] Level 1:colcon.colcon_core.package_identification:_identify(matlab/slprj/sim/varcache) by extensions ['colcon_meta']
[2.429s] Level 1:colcon.colcon_core.package_identification:_identify(matlab/slprj/sim/varcache) by extension 'colcon_meta'
[2.430s] Level 1:colcon.colcon_core.package_identification:_identify(matlab/slprj/sim/varcache) by extensions ['ros']
[2.430s] Level 1:colcon.colcon_core.package_identification:_identify(matlab/slprj/sim/varcache) by extension 'ros'
[2.430s] Level 1:colcon.colcon_core.package_identification:_identify(matlab/slprj/sim/varcache) by extensions ['cmake', 'python']
[2.430s] Level 1:colcon.colcon_core.package_identification:_identify(matlab/slprj/sim/varcache) by extension 'cmake'
[2.430s] Level 1:colcon.colcon_core.package_identification:_identify(matlab/slprj/sim/varcache) by extension 'python'
[2.430s] Level 1:colcon.colcon_core.package_identification:_identify(matlab/slprj/sim/varcache) by extensions ['python_setup_py']
[2.430s] Level 1:colcon.colcon_core.package_identification:_identify(matlab/slprj/sim/varcache) by extension 'python_setup_py'
[2.431s] Level 1:colcon.colcon_core.package_identification:_identify(matlab/slprj/sim/varcache/mission_manager) by extensions ['ignore', 'ignore_ament_install']
[2.431s] Level 1:colcon.colcon_core.package_identification:_identify(matlab/slprj/sim/varcache/mission_manager) by extension 'ignore'
[2.431s] Level 1:colcon.colcon_core.package_identification:_identify(matlab/slprj/sim/varcache/mission_manager) by extension 'ignore_ament_install'
[2.431s] Level 1:colcon.colcon_core.package_identification:_identify(matlab/slprj/sim/varcache/mission_manager) by extensions ['colcon_pkg']
[2.431s] Level 1:colcon.colcon_core.package_identification:_identify(matlab/slprj/sim/varcache/mission_manager) by extension 'colcon_pkg'
[2.431s] Level 1:colcon.colcon_core.package_identification:_identify(matlab/slprj/sim/varcache/mission_manager) by extensions ['colcon_meta']
[2.432s] Level 1:colcon.colcon_core.package_identification:_identify(matlab/slprj/sim/varcache/mission_manager) by extension 'colcon_meta'
[2.432s] Level 1:colcon.colcon_core.package_identification:_identify(matlab/slprj/sim/varcache/mission_manager) by extensions ['ros']
[2.432s] Level 1:colcon.colcon_core.package_identification:_identify(matlab/slprj/sim/varcache/mission_manager) by extension 'ros'
[2.432s] Level 1:colcon.colcon_core.package_identification:_identify(matlab/slprj/sim/varcache/mission_manager) by extensions ['cmake', 'python']
[2.432s] Level 1:colcon.colcon_core.package_identification:_identify(matlab/slprj/sim/varcache/mission_manager) by extension 'cmake'
[2.432s] Level 1:colcon.colcon_core.package_identification:_identify(matlab/slprj/sim/varcache/mission_manager) by extension 'python'
[2.432s] Level 1:colcon.colcon_core.package_identification:_identify(matlab/slprj/sim/varcache/mission_manager) by extensions ['python_setup_py']
[2.432s] Level 1:colcon.colcon_core.package_identification:_identify(matlab/slprj/sim/varcache/mission_manager) by extension 'python_setup_py'
[2.433s] Level 1:colcon.colcon_core.package_identification:_identify(matlab/slprj/sim/varcache/mission_manager/tmwinternal) by extensions ['ignore', 'ignore_ament_install']
[2.433s] Level 1:colcon.colcon_core.package_identification:_identify(matlab/slprj/sim/varcache/mission_manager/tmwinternal) by extension 'ignore'
[2.433s] Level 1:colcon.colcon_core.package_identification:_identify(matlab/slprj/sim/varcache/mission_manager/tmwinternal) by extension 'ignore_ament_install'
[2.433s] Level 1:colcon.colcon_core.package_identification:_identify(matlab/slprj/sim/varcache/mission_manager/tmwinternal) by extensions ['colcon_pkg']
[2.433s] Level 1:colcon.colcon_core.package_identification:_identify(matlab/slprj/sim/varcache/mission_manager/tmwinternal) by extension 'colcon_pkg'
[2.433s] Level 1:colcon.colcon_core.package_identification:_identify(matlab/slprj/sim/varcache/mission_manager/tmwinternal) by extensions ['colcon_meta']
[2.433s] Level 1:colcon.colcon_core.package_identification:_identify(matlab/slprj/sim/varcache/mission_manager/tmwinternal) by extension 'colcon_meta'
[2.434s] Level 1:colcon.colcon_core.package_identification:_identify(matlab/slprj/sim/varcache/mission_manager/tmwinternal) by extensions ['ros']
[2.434s] Level 1:colcon.colcon_core.package_identification:_identify(matlab/slprj/sim/varcache/mission_manager/tmwinternal) by extension 'ros'
[2.434s] Level 1:colcon.colcon_core.package_identification:_identify(matlab/slprj/sim/varcache/mission_manager/tmwinternal) by extensions ['cmake', 'python']
[2.434s] Level 1:colcon.colcon_core.package_identification:_identify(matlab/slprj/sim/varcache/mission_manager/tmwinternal) by extension 'cmake'
[2.434s] Level 1:colcon.colcon_core.package_identification:_identify(matlab/slprj/sim/varcache/mission_manager/tmwinternal) by extension 'python'
[2.434s] Level 1:colcon.colcon_core.package_identification:_identify(matlab/slprj/sim/varcache/mission_manager/tmwinternal) by extensions ['python_setup_py']
[2.434s] Level 1:colcon.colcon_core.package_identification:_identify(matlab/slprj/sim/varcache/mission_manager/tmwinternal) by extension 'python_setup_py'
[2.435s] Level 1:colcon.colcon_core.package_identification:_identify(src) by extensions ['ignore', 'ignore_ament_install']
[2.435s] Level 1:colcon.colcon_core.package_identification:_identify(src) by extension 'ignore'
[2.435s] Level 1:colcon.colcon_core.package_identification:_identify(src) by extension 'ignore_ament_install'
[2.435s] Level 1:colcon.colcon_core.package_identification:_identify(src) by extensions ['colcon_pkg']
[2.435s] Level 1:colcon.colcon_core.package_identification:_identify(src) by extension 'colcon_pkg'
[2.435s] Level 1:colcon.colcon_core.package_identification:_identify(src) by extensions ['colcon_meta']
[2.435s] Level 1:colcon.colcon_core.package_identification:_identify(src) by extension 'colcon_meta'
[2.436s] Level 1:colcon.colcon_core.package_identification:_identify(src) by extensions ['ros']
[2.436s] Level 1:colcon.colcon_core.package_identification:_identify(src) by extension 'ros'
[2.436s] Level 1:colcon.colcon_core.package_identification:_identify(src) by extensions ['cmake', 'python']
[2.436s] Level 1:colcon.colcon_core.package_identification:_identify(src) by extension 'cmake'
[2.436s] Level 1:colcon.colcon_core.package_identification:_identify(src) by extension 'python'
[2.436s] Level 1:colcon.colcon_core.package_identification:_identify(src) by extensions ['python_setup_py']
[2.436s] Level 1:colcon.colcon_core.package_identification:_identify(src) by extension 'python_setup_py'
[2.437s] Level 1:colcon.colcon_core.package_identification:_identify(src/camera) by extensions ['ignore', 'ignore_ament_install']
[2.437s] Level 1:colcon.colcon_core.package_identification:_identify(src/camera) by extension 'ignore'
[2.437s] Level 1:colcon.colcon_core.package_identification:_identify(src/camera) by extension 'ignore_ament_install'
[2.437s] Level 1:colcon.colcon_core.package_identification:_identify(src/camera) by extensions ['colcon_pkg']
[2.437s] Level 1:colcon.colcon_core.package_identification:_identify(src/camera) by extension 'colcon_pkg'
[2.437s] Level 1:colcon.colcon_core.package_identification:_identify(src/camera) by extensions ['colcon_meta']
[2.437s] Level 1:colcon.colcon_core.package_identification:_identify(src/camera) by extension 'colcon_meta'
[2.438s] Level 1:colcon.colcon_core.package_identification:_identify(src/camera) by extensions ['ros']
[2.438s] Level 1:colcon.colcon_core.package_identification:_identify(src/camera) by extension 'ros'
[2.444s] DEBUG:colcon.colcon_core.package_identification:Package 'src/camera' with type 'ros.ament_cmake' and name 'camera'
[2.444s] Level 1:colcon.colcon_core.package_identification:_identify(src/controller) by extensions ['ignore', 'ignore_ament_install']
[2.445s] Level 1:colcon.colcon_core.package_identification:_identify(src/controller) by extension 'ignore'
[2.445s] Level 1:colcon.colcon_core.package_identification:_identify(src/controller) by extension 'ignore_ament_install'
[2.445s] Level 1:colcon.colcon_core.package_identification:_identify(src/controller) by extensions ['colcon_pkg']
[2.445s] Level 1:colcon.colcon_core.package_identification:_identify(src/controller) by extension 'colcon_pkg'
[2.445s] Level 1:colcon.colcon_core.package_identification:_identify(src/controller) by extensions ['colcon_meta']
[2.445s] Level 1:colcon.colcon_core.package_identification:_identify(src/controller) by extension 'colcon_meta'
[2.446s] Level 1:colcon.colcon_core.package_identification:_identify(src/controller) by extensions ['ros']
[2.446s] Level 1:colcon.colcon_core.package_identification:_identify(src/controller) by extension 'ros'
[2.447s] DEBUG:colcon.colcon_core.package_identification:Package 'src/controller' with type 'ros.ament_cmake' and name 'controller'
[2.448s] Level 1:colcon.colcon_core.package_identification:_identify(src/interfaces) by extensions ['ignore', 'ignore_ament_install']
[2.448s] Level 1:colcon.colcon_core.package_identification:_identify(src/interfaces) by extension 'ignore'
[2.448s] Level 1:colcon.colcon_core.package_identification:_identify(src/interfaces) by extension 'ignore_ament_install'
[2.448s] Level 1:colcon.colcon_core.package_identification:_identify(src/interfaces) by extensions ['colcon_pkg']
[2.448s] Level 1:colcon.colcon_core.package_identification:_identify(src/interfaces) by extension 'colcon_pkg'
[2.449s] Level 1:colcon.colcon_core.package_identification:_identify(src/interfaces) by extensions ['colcon_meta']
[2.449s] Level 1:colcon.colcon_core.package_identification:_identify(src/interfaces) by extension 'colcon_meta'
[2.449s] Level 1:colcon.colcon_core.package_identification:_identify(src/interfaces) by extensions ['ros']
[2.449s] Level 1:colcon.colcon_core.package_identification:_identify(src/interfaces) by extension 'ros'
[2.450s] DEBUG:colcon.colcon_core.package_identification:Package 'src/interfaces' with type 'ros.ament_cmake' and name 'interfaces'
[2.450s] Level 1:colcon.colcon_core.package_identification:_identify(src/yolo) by extensions ['ignore', 'ignore_ament_install']
[2.450s] Level 1:colcon.colcon_core.package_identification:_identify(src/yolo) by extension 'ignore'
[2.450s] Level 1:colcon.colcon_core.package_identification:_identify(src/yolo) by extension 'ignore_ament_install'
[2.451s] Level 1:colcon.colcon_core.package_identification:_identify(src/yolo) by extensions ['colcon_pkg']
[2.451s] Level 1:colcon.colcon_core.package_identification:_identify(src/yolo) by extension 'colcon_pkg'
[2.451s] Level 1:colcon.colcon_core.package_identification:_identify(src/yolo) by extensions ['colcon_meta']
[2.451s] Level 1:colcon.colcon_core.package_identification:_identify(src/yolo) by extension 'colcon_meta'
[2.451s] Level 1:colcon.colcon_core.package_identification:_identify(src/yolo) by extensions ['ros']
[2.451s] Level 1:colcon.colcon_core.package_identification:_identify(src/yolo) by extension 'ros'
[2.452s] DEBUG:colcon.colcon_core.package_identification:Package 'src/yolo' with type 'ros.ament_cmake' and name 'yolo'
[2.452s] Level 1:colcon.colcon_core.package_discovery:discover_packages(recursive) using defaults
[2.453s] Level 1:colcon.colcon_core.package_discovery:discover_packages(ignore) discover
[2.453s] Level 1:colcon.colcon_core.package_discovery:discover_packages(ignore) using defaults
[2.453s] Level 1:colcon.colcon_core.package_discovery:discover_packages(path) discover
[2.453s] Level 1:colcon.colcon_core.package_discovery:discover_packages(path) using defaults
[2.622s] INFO:colcon.colcon_core.package_selection:Skipping not selected package 'controller' in 'src/controller'
[2.624s] INFO:colcon.colcon_core.package_selection:Skipping not selected package 'interfaces' in 'src/interfaces'
[2.624s] INFO:colcon.colcon_core.package_selection:Skipping not selected package 'camera' in 'src/camera'
[2.722s] Level 1:colcon.colcon_core.package_discovery:discover_packages(prefix_path) check parameters
[2.722s] Level 1:colcon.colcon_core.package_discovery:discover_packages(prefix_path) discover
[2.830s] DEBUG:colcon.colcon_installed_package_information.package_discovery:Found 4 installed packages in /home/donjoe/Documents/MagangBanyubramanta_DanielAdhitthana/install
[2.890s] DEBUG:colcon.colcon_installed_package_information.package_discovery:Found 302 installed packages in /opt/ros/humble
[2.896s] Level 1:colcon.colcon_core.package_discovery:discover_packages(prefix_path) using defaults
[3.142s] Level 5:colcon.colcon_core.verb:set package 'yolo' build argument 'cmake_args' from command line to 'None'
[3.142s] Level 5:colcon.colcon_core.verb:set package 'yolo' build argument 'cmake_target' from command line to 'None'
[3.142s] Level 5:colcon.colcon_core.verb:set package 'yolo' build argument 'cmake_target_skip_unavailable' from command line to 'False'
[3.142s] Level 5:colcon.colcon_core.verb:set package 'yolo' build argument 'cmake_clean_cache' from command line to 'False'
[3.142s] Level 5:colcon.colcon_core.verb:set package 'yolo' build argument 'cmake_clean_first' from command line to 'False'
[3.142s] Level 5:colcon.colcon_core.verb:set package 'yolo' build argument 'cmake_force_configure' from command line to 'False'
[3.142s] Level 5:colcon.colcon_core.verb:set package 'yolo' build argument 'ament_cmake_args' from command line to 'None'
[3.142s] Level 5:colcon.colcon_core.verb:set package 'yolo' build argument 'catkin_cmake_args' from command line to 'None'
[3.142s] Level 5:colcon.colcon_core.verb:set package 'yolo' build argument 'catkin_skip_building_tests' from command line to 'False'
[3.142s] DEBUG:colcon.colcon_core.verb:Building package 'yolo' with the following arguments: {'ament_cmake_args': None, 'build_base': '/home/donjoe/Documents/MagangBanyubramanta_DanielAdhitthana/build/yolo', 'catkin_cmake_args': None, 'catkin_skip_building_tests': False, 'cmake_args': None, 'cmake_clean_cache': False, 'cmake_clean_first': False, 'cmake_force_configure': False, 'cmake_target': None, 'cmake_target_skip_unavailable': False, 'install_base': '/home/donjoe/Documents/MagangBanyubramanta_DanielAdhitthana/install/yolo', 'merge_install': False, 'path': '/home/donjoe/Documents/MagangBanyubramanta_DanielAdhitthana/src/yolo', 'symlink_install': False, 'test_result_base': None}
[3.172s] INFO:colcon.colcon_core.executor:Executing jobs using 'parallel' executor
[3.199s] DEBUG:colcon.colcon_parallel_executor.executor.parallel:run_until_complete
[3.199s] INFO:colcon.colcon_ros.task.ament_cmake.build:Building ROS package in '/home/donjoe/Documents/MagangBanyubramanta_DanielAdhitthana/src/yolo' with build type 'ament_cmake'
[3.200s] INFO:colcon.colcon_cmake.task.cmake.build:Building CMake package in '/home/donjoe/Documents/MagangBanyubramanta_DanielAdhitthana/src/yolo'
[3.236s] INFO:colcon.colcon_core.plugin_system:Skipping extension 'colcon_core.shell.bat': Not used on non-Windows systems
[3.237s] INFO:colcon.colcon_core.shell:Skip shell extension 'powershell' for command environment: Not usable outside of PowerShell
[3.237s] DEBUG:colcon.colcon_core.shell:Skip shell extension 'dsv' for command environment
[3.359s] DEBUG:colcon.colcon_core.event_handler.log_command:Invoking command in '/home/donjoe/Documents/MagangBanyubramanta_DanielAdhitthana/build/yolo': CMAKE_PREFIX_PATH=/home/donjoe/Documents/MagangBanyubramanta_DanielAdhitthana/install/interfaces:/home/donjoe/Documents/MagangBanyubramanta_DanielAdhitthana/install/yolo:/home/donjoe/Documents/MagangBanyubramanta_DanielAdhitthana/install/camera:/home/donjoe/Documents/MagangBanyubramanta_DanielAdhitthana/install/controller:/opt/ros/humble LD_LIBRARY_PATH=/home/donjoe/Documents/MagangBanyubramanta_DanielAdhitthana/install/interfaces/lib:/home/donjoe/Documents/MagangBanyubramanta_DanielAdhitthana/install/camera/lib:/home/donjoe/Documents/MagangBanyubramanta_DanielAdhitthana/install/controller/lib:/opt/ros/humble/opt/rviz_ogre_vendor/lib:/opt/ros/humble/lib/x86_64-linux-gnu:/opt/ros/humble/lib /usr/bin/cmake --build /home/donjoe/Documents/MagangBanyubramanta_DanielAdhitthana/build/yolo -- -j4 -l4
[16.108s] DEBUG:colcon.colcon_core.event_handler.log_command:Invoked command in '/home/donjoe/Documents/MagangBanyubramanta_DanielAdhitthana/build/yolo' returned '0': CMAKE_PREFIX_PATH=/home/donjoe/Documents/MagangBanyubramanta_DanielAdhitthana/install/interfaces:/home/donjoe/Documents/MagangBanyubramanta_DanielAdhitthana/install/yolo:/home/donjoe/Documents/MagangBanyubramanta_DanielAdhitthana/install/camera:/home/donjoe/Documents/MagangBanyubramanta_DanielAdhitthana/install/controller:/opt/ros/humble LD_LIBRARY_PATH=/home/donjoe/Documents/MagangBanyubramanta_DanielAdhitthana/install/interfaces/lib:/home/donjoe/Documents/MagangBanyubramanta_DanielAdhitthana/install/camera/lib:/home/donjoe/Documents/MagangBanyubramanta_DanielAdhitthana/install/controller/lib:/opt/ros/humble/opt/rviz_ogre_vendor/lib:/opt/ros/humble/lib/x86_64-linux-gnu:/opt/ros/humble/lib /usr/bin/cmake --build /home/donjoe/Documents/MagangBanyubramanta_DanielAdhitthana/build/yolo -- -j4 -l4
[16.174s] DEBUG:colcon.colcon_core.event_handler.log_command:Invoking command in '/home/donjoe/Documents/MagangBanyubramanta_DanielAdhitthana/build/yolo': CMAKE_PREFIX_PATH=/home/donjoe/Documents/MagangBanyubramanta_DanielAdhitthana/install/interfaces:/home/donjoe/Documents/MagangBanyubramanta_DanielAdhitthana/install/yolo:/home/donjoe/Documents/MagangBanyubramanta_DanielAdhitthana/install/camera:/home/donjoe/Documents/MagangBanyubramanta_DanielAdhitthana/install/controller:/opt/ros/humble LD_LIBRARY_PATH=/home/donjoe/Documents/MagangBanyubramanta_DanielAdhitthana/install/interfaces/lib:/home/donjoe/Documents/MagangBanyubramanta_DanielAdhitthana/install/camera/lib:/home/donjoe/Documents/MagangBanyubramanta_DanielAdhitthana/install/controller/lib:/opt/ros/humble/opt/rviz_ogre_vendor/lib:/opt/ros/humble/lib/x86_64-linux-gnu:/opt/ros/humble/lib /usr/bin/cmake --install /home/donjoe/Documents/MagangBanyubramanta_DanielAdhitthana/build/yolo
[16.199s] Level 1:colcon.colcon_core.environment:create_environment_scripts_only(yolo)
[16.200s] DEBUG:colcon.colcon_core.event_handler.log_command:Invoked command in '/home/donjoe/Documents/MagangBanyubramanta_DanielAdhitthana/build/yolo' returned '0': CMAKE_PREFIX_PATH=/home/donjoe/Documents/MagangBanyubramanta_DanielAdhitthana/install/interfaces:/home/donjoe/Documents/MagangBanyubramanta_DanielAdhitthana/install/yolo:/home/donjoe/Documents/MagangBanyubramanta_DanielAdhitthana/install/camera:/home/donjoe/Documents/MagangBanyubramanta_DanielAdhitthana/install/controller:/opt/ros/humble LD_LIBRARY_PATH=/home/donjoe/Documents/MagangBanyubramanta_DanielAdhitthana/install/interfaces/lib:/home/donjoe/Documents/MagangBanyubramanta_DanielAdhitthana/install/camera/lib:/home/donjoe/Documents/MagangBanyubramanta_DanielAdhitthana/install/controller/lib:/opt/ros/humble/opt/rviz_ogre_vendor/lib:/opt/ros/humble/lib/x86_64-linux-gnu:/opt/ros/humble/lib /usr/bin/cmake --install /home/donjoe/Documents/MagangBanyubramanta_DanielAdhitthana/build/yolo
[16.233s] Level 1:colcon.colcon_core.environment:checking '/home/donjoe/Documents/MagangBanyubramanta_DanielAdhitthana/install/yolo' for CMake module files
[16.234s] Level 1:colcon.colcon_core.environment:checking '/home/donjoe/Documents/MagangBanyubramanta_DanielAdhitthana/install/yolo' for CMake config files
[16.234s] Level 1:colcon.colcon_core.shell:create_environment_hook('yolo', 'cmake_prefix_path')
[16.260s] INFO:colcon.colcon_core.shell:Creating environment hook '/home/donjoe/Documents/MagangBanyubramanta_DanielAdhitthana/install/yolo/share/yolo/hook/cmake_prefix_path.ps1'
[16.261s] INFO:colcon.colcon_core.shell:Creating environment descriptor '/home/donjoe/Documents/MagangBanyubramanta_DanielAdhitthana/install/yolo/share/yolo/hook/cmake_prefix_path.dsv'
[16.262s] INFO:colcon.colcon_core.shell:Creating environment hook '/home/donjoe/Documents/MagangBanyubramanta_DanielAdhitthana/install/yolo/share/yolo/hook/cmake_prefix_path.sh'
[16.263s] Level 1:colcon.colcon_core.environment:checking '/home/donjoe/Documents/MagangBanyubramanta_DanielAdhitthana/install/yolo/lib'
[16.264s] Level 1:colcon.colcon_core.environment:checking '/home/donjoe/Documents/MagangBanyubramanta_DanielAdhitthana/install/yolo/bin'
[16.264s] Level 1:colcon.colcon_core.environment:checking '/home/donjoe/Documents/MagangBanyubramanta_DanielAdhitthana/install/yolo/lib/pkgconfig/yolo.pc'
[16.264s] Level 1:colcon.colcon_core.environment:checking '/home/donjoe/Documents/MagangBanyubramanta_DanielAdhitthana/install/yolo/lib/python3.10/site-packages'
[16.265s] Level 1:colcon.colcon_core.environment:checking '/home/donjoe/Documents/MagangBanyubramanta_DanielAdhitthana/install/yolo/bin'
[16.303s] INFO:colcon.colcon_core.shell:Creating package script '/home/donjoe/Documents/MagangBanyubramanta_DanielAdhitthana/install/yolo/share/yolo/package.ps1'
[16.304s] INFO:colcon.colcon_core.shell:Creating package descriptor '/home/donjoe/Documents/MagangBanyubramanta_DanielAdhitthana/install/yolo/share/yolo/package.dsv'
[16.305s] INFO:colcon.colcon_core.shell:Creating package script '/home/donjoe/Documents/MagangBanyubramanta_DanielAdhitthana/install/yolo/share/yolo/package.sh'
[16.306s] INFO:colcon.colcon_core.shell:Creating package script '/home/donjoe/Documents/MagangBanyubramanta_DanielAdhitthana/install/yolo/share/yolo/package.bash'
[16.308s] INFO:colcon.colcon_core.shell:Creating package script '/home/donjoe/Documents/MagangBanyubramanta_DanielAdhitthana/install/yolo/share/yolo/package.zsh'
[16.309s] Level 1:colcon.colcon_core.environment:create_file_with_runtime_dependencies(/home/donjoe/Documents/MagangBanyubramanta_DanielAdhitthana/install/yolo/share/colcon-core/packages/yolo)
[16.391s] Level 1:colcon.colcon_core.environment:create_environment_scripts_only(yolo)
[16.421s] Level 1:colcon.colcon_core.environment:checking '/home/donjoe/Documents/MagangBanyubramanta_DanielAdhitthana/install/yolo' for CMake module files
[16.422s] Level 1:colcon.colcon_core.environment:checking '/home/donjoe/Documents/MagangBanyubramanta_DanielAdhitthana/install/yolo' for CMake config files
[16.423s] Level 1:colcon.colcon_core.shell:create_environment_hook('yolo', 'cmake_prefix_path')
[16.449s] INFO:colcon.colcon_core.shell:Creating environment hook '/home/donjoe/Documents/MagangBanyubramanta_DanielAdhitthana/install/yolo/share/yolo/hook/cmake_prefix_path.ps1'
[16.450s] INFO:colcon.colcon_core.shell:Creating environment descriptor '/home/donjoe/Documents/MagangBanyubramanta_DanielAdhitthana/install/yolo/share/yolo/hook/cmake_prefix_path.dsv'
[16.451s] INFO:colcon.colcon_core.shell:Creating environment hook '/home/donjoe/Documents/MagangBanyubramanta_DanielAdhitthana/install/yolo/share/yolo/hook/cmake_prefix_path.sh'
[16.452s] Level 1:colcon.colcon_core.environment:checking '/home/donjoe/Documents/MagangBanyubramanta_DanielAdhitthana/install/yolo/lib'
[16.452s] Level 1:colcon.colcon_core.environment:checking '/home/donjoe/Documents/MagangBanyubramanta_DanielAdhitthana/install/yolo/bin'
[16.452s] Level 1:colcon.colcon_core.environment:checking '/home/donjoe/Documents/MagangBanyubramanta_DanielAdhitthana/install/yolo/lib/pkgconfig/yolo.pc'
[16.453s] Level 1:colcon.colcon_core.environment:checking '/home/donjoe/Documents/MagangBanyubramanta_DanielAdhitthana/install/yolo/lib/python3.10/site-packages'
[16.453s] Level 1:colcon.colcon_core.environment:checking '/home/donjoe/Documents/MagangBanyubramanta_DanielAdhitthana/install/yolo/bin'
[16.480s] INFO:colcon.colcon_core.shell:Creating package script '/home/donjoe/Documents/MagangBanyubramanta_DanielAdhitthana/install/yolo/share/yolo/package.ps1'
[16.482s] INFO:colcon.colcon_core.shell:Creating package descriptor '/home/donjoe/Documents/MagangBanyubramanta_DanielAdhitthana/install/yolo/share/yolo/package.dsv'
[16.483s] INFO:colcon.colcon_core.shell:Creating package script '/home/donjoe/Documents/MagangBanyubramanta_DanielAdhitthana/install/yolo/share/yolo/package.sh'
[16.484s] INFO:colcon.colcon_core.shell:Creating package script '/home/donjoe/Documents/MagangBanyubramanta_DanielAdhitthana/install/yolo/share/yolo/package.bash'
[16.485s] INFO:colcon.colcon_core.shell:Creating package script '/home/donjoe/Documents/MagangBanyubramanta_DanielAdhitthana/install/yolo/share/yolo/package.zsh'
[16.485s] Level 1:colcon.colcon_core.environment:create_file_with_runtime_dependencies(/home/donjoe/Documents/MagangBanyubramanta_DanielAdhitthana/install/yolo/share/colcon-core/packages/yolo)
[16.486s] DEBUG:colcon.colcon_parallel_executor.executor.parallel:closing loop
[16.487s] DEBUG:colcon.colcon_parallel_executor.executor.parallel:loop closed
[16.487s] DEBUG:colcon.colcon_parallel_executor.executor.parallel:run_until_complete finished with '0'
[16.487s] DEBUG:colcon.colcon_core.event_reactor:joining thread
[16.538s] INFO:colcon.colcon_core.plugin_system:Skipping extension 'colcon_notification.desktop_notification.terminal_notifier': Not used on non-Darwin systems
[16.538s] INFO:colcon.colcon_core.plugin_system:Skipping extension 'colcon_notification.desktop_notification.win32': Not used on non-Windows systems
[16.538s] INFO:colcon.colcon_notification.desktop_notification:Sending desktop notification using 'notify2'
[16.567s] DEBUG:colcon.colcon_core.event_reactor:joined thread
[16.604s] INFO:colcon.colcon_core.shell:Creating prefix script '/home/donjoe/Documents/MagangBanyubramanta_DanielAdhitthana/install/local_setup.ps1'
[16.607s] INFO:colcon.colcon_core.shell:Creating prefix util module '/home/donjoe/Documents/MagangBanyubramanta_DanielAdhitthana/install/_local_setup_util_ps1.py'
[16.612s] INFO:colcon.colcon_core.shell:Creating prefix chain script '/home/donjoe/Documents/MagangBanyubramanta_DanielAdhitthana/install/setup.ps1'
[16.651s] INFO:colcon.colcon_core.shell:Creating prefix script '/home/donjoe/Documents/MagangBanyubramanta_DanielAdhitthana/install/local_setup.sh'
[16.653s] INFO:colcon.colcon_core.shell:Creating prefix util module '/home/donjoe/Documents/MagangBanyubramanta_DanielAdhitthana/install/_local_setup_util_sh.py'
[16.654s] INFO:colcon.colcon_core.shell:Creating prefix chain script '/home/donjoe/Documents/MagangBanyubramanta_DanielAdhitthana/install/setup.sh'
[16.692s] INFO:colcon.colcon_core.shell:Creating prefix script '/home/donjoe/Documents/MagangBanyubramanta_DanielAdhitthana/install/local_setup.bash'
[16.693s] INFO:colcon.colcon_core.shell:Creating prefix chain script '/home/donjoe/Documents/MagangBanyubramanta_DanielAdhitthana/install/setup.bash'
[16.741s] INFO:colcon.colcon_core.shell:Creating prefix script '/home/donjoe/Documents/MagangBanyubramanta_DanielAdhitthana/install/local_setup.zsh'
[16.742s] INFO:colcon.colcon_core.shell:Creating prefix chain script '/home/donjoe/Documents/MagangBanyubramanta_DanielAdhitthana/install/setup.zsh'
