[0.334s] Invoking command in '/home/donjoe/Documents/MagangBanyubramanta_DanielAdhitthana/build/camera': CMAKE_PREFIX_PATH=${CMAKE_PREFIX_PATH}:/opt/ros/humble /usr/bin/cmake --build /home/donjoe/Documents/MagangBanyubramanta_DanielAdhitthana/build/camera -- -j4 -l4
[0.408s] -- Found ament_cmake: 1.3.7 (/opt/ros/humble/share/ament_cmake/cmake)
[1.062s] -- Found rclcpp: 16.0.8 (/opt/ros/humble/share/rclcpp/cmake)
[1.175s] -- Found rosidl_generator_c: 3.1.5 (/opt/ros/humble/share/rosidl_generator_c/cmake)
[1.185s] -- Found rosidl_adapter: 3.1.5 (/opt/ros/humble/share/rosidl_adapter/cmake)
[1.206s] -- Found rosidl_generator_cpp: 3.1.5 (/opt/ros/humble/share/rosidl_generator_cpp/cmake)
[1.256s] -- Using all available rosidl_typesupport_c: rosidl_typesupport_fastrtps_c;rosidl_typesupport_introspection_c
[1.305s] -- Using all available rosidl_typesupport_cpp: rosidl_typesupport_fastrtps_cpp;rosidl_typesupport_introspection_cpp
[1.548s] -- Found rmw_implementation_cmake: 6.1.1 (/opt/ros/humble/share/rmw_implementation_cmake/cmake)
[1.564s] -- Found rmw_fastrtps_cpp: 6.2.6 (/opt/ros/humble/share/rmw_fastrtps_cpp/cmake)
[2.091s] -- Using RMW implementation 'rmw_fastrtps_cpp' as default
[2.757s] [31mCMake Error at CMakeLists.txt:12 (find_package):
[2.757s]   By not providing "Findinterfaces.cmake" in CMAKE_MODULE_PATH this project
[2.758s]   has asked CMake to find a package configuration file provided by
[2.758s]   "interfaces", but CMake did not find one.
[2.758s] 
[2.758s]   Could not find a package configuration file provided by "interfaces" with
[2.759s]   any of the following names:
[2.759s] 
[2.759s]     interfacesConfig.cmake
[2.760s]     interfaces-config.cmake
[2.760s] 
[2.760s]   Add the installation prefix of "interfaces" to CMAKE_PREFIX_PATH or set
[2.760s]   "interfaces_DIR" to a directory containing one of the above files.  If
[2.761s]   "interfaces" provides a separate development package or SDK, be sure it has
[2.761s]   been installed.
[2.761s] 
[2.762s] [0m
[2.762s] -- Configuring incomplete, errors occurred!
[2.762s] See also "/home/donjoe/Documents/MagangBanyubramanta_DanielAdhitthana/build/camera/CMakeFiles/CMakeOutput.log".
[2.779s] gmake: *** [Makefile:788: cmake_check_build_system] Error 1
[2.784s] Invoked command in '/home/donjoe/Documents/MagangBanyubramanta_DanielAdhitthana/build/camera' returned '2': CMAKE_PREFIX_PATH=${CMAKE_PREFIX_PATH}:/opt/ros/humble /usr/bin/cmake --build /home/donjoe/Documents/MagangBanyubramanta_DanielAdhitthana/build/camera -- -j4 -l4
