[0.154s] Invoking command in '/home/donjoe/Documents/MagangBanyubramanta_DanielAdhitthana/build/yolo': CMAKE_PREFIX_PATH=/home/donjoe/Documents/MagangBanyubramanta_DanielAdhitthana/install/interfaces:/home/donjoe/Documents/MagangBanyubramanta_DanielAdhitthana/install/yolo:/home/donjoe/Documents/MagangBanyubramanta_DanielAdhitthana/install/communicator:/home/donjoe/Documents/MagangBanyubramanta_DanielAdhitthana/install/camera:/home/donjoe/Documents/MagangBanyubramanta_DanielAdhitthana/install/controller:/opt/ros/humble LD_LIBRARY_PATH=/home/donjoe/Documents/MagangBanyubramanta_DanielAdhitthana/install/interfaces/lib:/home/donjoe/Documents/MagangBanyubramanta_DanielAdhitthana/install/camera/lib:/home/donjoe/Documents/MagangBanyubramanta_DanielAdhitthana/install/controller/lib:/opt/ros/humble/opt/rviz_ogre_vendor/lib:/opt/ros/humble/lib/x86_64-linux-gnu:/opt/ros/humble/lib /usr/bin/cmake --build /home/donjoe/Documents/MagangBanyubramanta_DanielAdhitthana/build/yolo -- -j4 -l4
[0.218s] -- Found ament_cmake: 1.3.8 (/opt/ros/humble/share/ament_cmake/cmake)
[0.485s] -- Found rclcpp: 16.0.8 (/opt/ros/humble/share/rclcpp/cmake)
[0.560s] -- Found rosidl_generator_c: 3.1.5 (/opt/ros/humble/share/rosidl_generator_c/cmake)
[0.568s] -- Found rosidl_adapter: 3.1.5 (/opt/ros/humble/share/rosidl_adapter/cmake)
[0.586s] -- Found rosidl_generator_cpp: 3.1.5 (/opt/ros/humble/share/rosidl_generator_cpp/cmake)
[0.620s] -- Using all available rosidl_typesupport_c: rosidl_typesupport_fastrtps_c;rosidl_typesupport_introspection_c
[0.670s] -- Using all available rosidl_typesupport_cpp: rosidl_typesupport_fastrtps_cpp;rosidl_typesupport_introspection_cpp
[0.837s] -- Found rmw_implementation_cmake: 6.1.1 (/opt/ros/humble/share/rmw_implementation_cmake/cmake)
[0.840s] -- Found rmw_fastrtps_cpp: 6.2.6 (/opt/ros/humble/share/rmw_fastrtps_cpp/cmake)
[1.077s] -- Using RMW implementation 'rmw_fastrtps_cpp' as default
[1.370s] -- Found cv_bridge: 3.2.1 (/opt/ros/humble/share/cv_bridge/cmake)
[1.645s] -- Found interfaces: 0.0.0 (/home/donjoe/Documents/MagangBanyubramanta_DanielAdhitthana/install/interfaces/share/interfaces/cmake)
[1.688s] -- Found ament_lint_auto: 0.12.10 (/opt/ros/humble/share/ament_lint_auto/cmake)
[1.843s] -- Added test 'cppcheck' to perform static code analysis on C / C++ code
[1.843s] -- Configured cppcheck include dirs: 
[1.843s] -- Configured cppcheck exclude dirs and/or files: 
[1.845s] -- Added test 'lint_cmake' to check CMake code style
[1.847s] -- Added test 'uncrustify' to check C / C++ code style
[1.847s] -- Configured uncrustify additional arguments: 
[1.848s] -- Added test 'xmllint' to check XML markup files
[1.850s] -- Configuring done
[1.873s] -- Generating done
[1.876s] -- Build files have been written to: /home/donjoe/Documents/MagangBanyubramanta_DanielAdhitthana/build/yolo
[1.927s] [35m[1mConsolidate compiler generated dependencies of target node[0m
[1.966s] [ 50%] [32mBuilding CXX object CMakeFiles/node.dir/src/node.cpp.o[0m
[20.874s] [100%] [32m[1mLinking CXX executable node[0m
[21.294s] /usr/bin/ld: warning: libopencv_imgproc.so.4.5d, needed by /opt/ros/humble/lib/libcv_bridge.so, may conflict with libopencv_imgproc.so.409
[21.295s] /usr/bin/ld: warning: libopencv_core.so.4.5d, needed by /opt/ros/humble/lib/libcv_bridge.so, may conflict with libopencv_core.so.409
[22.386s] [100%] Built target node
[22.410s] Invoked command in '/home/donjoe/Documents/MagangBanyubramanta_DanielAdhitthana/build/yolo' returned '0': CMAKE_PREFIX_PATH=/home/donjoe/Documents/MagangBanyubramanta_DanielAdhitthana/install/interfaces:/home/donjoe/Documents/MagangBanyubramanta_DanielAdhitthana/install/yolo:/home/donjoe/Documents/MagangBanyubramanta_DanielAdhitthana/install/communicator:/home/donjoe/Documents/MagangBanyubramanta_DanielAdhitthana/install/camera:/home/donjoe/Documents/MagangBanyubramanta_DanielAdhitthana/install/controller:/opt/ros/humble LD_LIBRARY_PATH=/home/donjoe/Documents/MagangBanyubramanta_DanielAdhitthana/install/interfaces/lib:/home/donjoe/Documents/MagangBanyubramanta_DanielAdhitthana/install/camera/lib:/home/donjoe/Documents/MagangBanyubramanta_DanielAdhitthana/install/controller/lib:/opt/ros/humble/opt/rviz_ogre_vendor/lib:/opt/ros/humble/lib/x86_64-linux-gnu:/opt/ros/humble/lib /usr/bin/cmake --build /home/donjoe/Documents/MagangBanyubramanta_DanielAdhitthana/build/yolo -- -j4 -l4
[22.537s] Invoking command in '/home/donjoe/Documents/MagangBanyubramanta_DanielAdhitthana/build/yolo': CMAKE_PREFIX_PATH=/home/donjoe/Documents/MagangBanyubramanta_DanielAdhitthana/install/interfaces:/home/donjoe/Documents/MagangBanyubramanta_DanielAdhitthana/install/yolo:/home/donjoe/Documents/MagangBanyubramanta_DanielAdhitthana/install/communicator:/home/donjoe/Documents/MagangBanyubramanta_DanielAdhitthana/install/camera:/home/donjoe/Documents/MagangBanyubramanta_DanielAdhitthana/install/controller:/opt/ros/humble LD_LIBRARY_PATH=/home/donjoe/Documents/MagangBanyubramanta_DanielAdhitthana/install/interfaces/lib:/home/donjoe/Documents/MagangBanyubramanta_DanielAdhitthana/install/camera/lib:/home/donjoe/Documents/MagangBanyubramanta_DanielAdhitthana/install/controller/lib:/opt/ros/humble/opt/rviz_ogre_vendor/lib:/opt/ros/humble/lib/x86_64-linux-gnu:/opt/ros/humble/lib /usr/bin/cmake --install /home/donjoe/Documents/MagangBanyubramanta_DanielAdhitthana/build/yolo
[22.567s] -- Install configuration: ""
[22.572s] -- Installing: /home/donjoe/Documents/MagangBanyubramanta_DanielAdhitthana/install/yolo/lib/yolo/node
[22.574s] -- Set runtime path of "/home/donjoe/Documents/MagangBanyubramanta_DanielAdhitthana/install/yolo/lib/yolo/node" to ""
[22.574s] -- Up-to-date: /home/donjoe/Documents/MagangBanyubramanta_DanielAdhitthana/install/yolo/share/ament_index/resource_index/package_run_dependencies/yolo
[22.575s] -- Up-to-date: /home/donjoe/Documents/MagangBanyubramanta_DanielAdhitthana/install/yolo/share/ament_index/resource_index/parent_prefix_path/yolo
[22.575s] -- Up-to-date: /home/donjoe/Documents/MagangBanyubramanta_DanielAdhitthana/install/yolo/share/yolo/environment/ament_prefix_path.sh
[22.576s] -- Installing: /home/donjoe/Documents/MagangBanyubramanta_DanielAdhitthana/install/yolo/share/yolo/environment/ament_prefix_path.dsv
[22.577s] -- Up-to-date: /home/donjoe/Documents/MagangBanyubramanta_DanielAdhitthana/install/yolo/share/yolo/environment/path.sh
[22.578s] -- Installing: /home/donjoe/Documents/MagangBanyubramanta_DanielAdhitthana/install/yolo/share/yolo/environment/path.dsv
[22.579s] -- Up-to-date: /home/donjoe/Documents/MagangBanyubramanta_DanielAdhitthana/install/yolo/share/yolo/local_setup.bash
[22.583s] -- Up-to-date: /home/donjoe/Documents/MagangBanyubramanta_DanielAdhitthana/install/yolo/share/yolo/local_setup.sh
[22.584s] -- Up-to-date: /home/donjoe/Documents/MagangBanyubramanta_DanielAdhitthana/install/yolo/share/yolo/local_setup.zsh
[22.584s] -- Installing: /home/donjoe/Documents/MagangBanyubramanta_DanielAdhitthana/install/yolo/share/yolo/local_setup.dsv
[22.585s] -- Installing: /home/donjoe/Documents/MagangBanyubramanta_DanielAdhitthana/install/yolo/share/yolo/package.dsv
[22.588s] -- Up-to-date: /home/donjoe/Documents/MagangBanyubramanta_DanielAdhitthana/install/yolo/share/ament_index/resource_index/packages/yolo
[22.588s] -- Up-to-date: /home/donjoe/Documents/MagangBanyubramanta_DanielAdhitthana/install/yolo/share/yolo/cmake/yoloConfig.cmake
[22.588s] -- Up-to-date: /home/donjoe/Documents/MagangBanyubramanta_DanielAdhitthana/install/yolo/share/yolo/cmake/yoloConfig-version.cmake
[22.588s] -- Up-to-date: /home/donjoe/Documents/MagangBanyubramanta_DanielAdhitthana/install/yolo/share/yolo/package.xml
[22.596s] Invoked command in '/home/donjoe/Documents/MagangBanyubramanta_DanielAdhitthana/build/yolo' returned '0': CMAKE_PREFIX_PATH=/home/donjoe/Documents/MagangBanyubramanta_DanielAdhitthana/install/interfaces:/home/donjoe/Documents/MagangBanyubramanta_DanielAdhitthana/install/yolo:/home/donjoe/Documents/MagangBanyubramanta_DanielAdhitthana/install/communicator:/home/donjoe/Documents/MagangBanyubramanta_DanielAdhitthana/install/camera:/home/donjoe/Documents/MagangBanyubramanta_DanielAdhitthana/install/controller:/opt/ros/humble LD_LIBRARY_PATH=/home/donjoe/Documents/MagangBanyubramanta_DanielAdhitthana/install/interfaces/lib:/home/donjoe/Documents/MagangBanyubramanta_DanielAdhitthana/install/camera/lib:/home/donjoe/Documents/MagangBanyubramanta_DanielAdhitthana/install/controller/lib:/opt/ros/humble/opt/rviz_ogre_vendor/lib:/opt/ros/humble/lib/x86_64-linux-gnu:/opt/ros/humble/lib /usr/bin/cmake --install /home/donjoe/Documents/MagangBanyubramanta_DanielAdhitthana/build/yolo
