[3.693s] DEBUG:colcon:Command line arguments: ['/usr/bin/colcon', 'list', '-p', '--base-paths', '/home/donjoe/MagangBanyubramanta_DanielAdhitthana']
[3.697s] DEBUG:colcon:Parsed command line arguments: Namespace(log_base=None, log_level=None, verb_name='list', build_base='build', ignore_user_meta=False, metas=['./colcon.meta'], base_paths=['/home/donjoe/MagangBanyubramanta_DanielAdhitthana'], packages_ignore=None, packages_ignore_regex=None, paths=None, packages_up_to=None, packages_up_to_regex=None, packages_above=None, packages_above_and_dependencies=None, packages_above_depth=None, packages_select_by_dep=None, packages_skip_by_dep=None, packages_skip_up_to=None, packages_select_build_failed=False, packages_skip_build_finished=False, packages_select_test_failures=False, packages_skip_test_passed=False, packages_select=None, packages_skip=None, packages_select_regex=None, packages_skip_regex=None, packages_start=None, packages_end=None, allow_overriding=[], topological_order=False, names_only=False, paths_only=True, topological_graph=False, topological_graph_dot=False, topological_graph_density=False, topological_graph_legend=False, topological_graph_dot_cluster=False, topological_graph_dot_include_skipped=False, verb_parser=<colcon_defaults.argument_parser.defaults.DefaultArgumentsDecorator object at 0x7f324215ace0>, verb_extension=<colcon_package_information.verb.list.ListVerb object at 0x7f32421a4190>, main=<bound method ListVerb.main of <colcon_package_information.verb.list.ListVerb object at 0x7f32421a4190>>)
[3.797s] Level 1:colcon.colcon_core.package_discovery:discover_packages(colcon_meta) check parameters
[3.797s] Level 1:colcon.colcon_core.package_discovery:discover_packages(recursive) check parameters
[3.798s] Level 1:colcon.colcon_core.package_discovery:discover_packages(ignore) check parameters
[3.798s] Level 1:colcon.colcon_core.package_discovery:discover_packages(path) check parameters
[3.798s] Level 1:colcon.colcon_core.package_discovery:discover_packages(recursive) discover
[3.798s] INFO:colcon.colcon_core.package_discovery:Crawling recursively for packages in '/home/donjoe/MagangBanyubramanta_DanielAdhitthana'
[3.798s] Level 1:colcon.colcon_core.package_identification:_identify(/home/donjoe/MagangBanyubramanta_DanielAdhitthana) by extensions ['ignore', 'ignore_ament_install']
[3.798s] Level 1:colcon.colcon_core.package_identification:_identify(/home/donjoe/MagangBanyubramanta_DanielAdhitthana) by extension 'ignore'
[3.799s] Level 1:colcon.colcon_core.package_identification:_identify(/home/donjoe/MagangBanyubramanta_DanielAdhitthana) by extension 'ignore_ament_install'
[3.799s] Level 1:colcon.colcon_core.package_identification:_identify(/home/donjoe/MagangBanyubramanta_DanielAdhitthana) by extensions ['colcon_pkg']
[3.799s] Level 1:colcon.colcon_core.package_identification:_identify(/home/donjoe/MagangBanyubramanta_DanielAdhitthana) by extension 'colcon_pkg'
[3.800s] Level 1:colcon.colcon_core.package_identification:_identify(/home/donjoe/MagangBanyubramanta_DanielAdhitthana) by extensions ['colcon_meta']
[3.800s] Level 1:colcon.colcon_core.package_identification:_identify(/home/donjoe/MagangBanyubramanta_DanielAdhitthana) by extension 'colcon_meta'
[3.800s] Level 1:colcon.colcon_core.package_identification:_identify(/home/donjoe/MagangBanyubramanta_DanielAdhitthana) by extensions ['ros']
[3.800s] Level 1:colcon.colcon_core.package_identification:_identify(/home/donjoe/MagangBanyubramanta_DanielAdhitthana) by extension 'ros'
[3.826s] Level 1:colcon.colcon_core.package_identification:_identify(/home/donjoe/MagangBanyubramanta_DanielAdhitthana) by extensions ['cmake', 'python']
[3.826s] Level 1:colcon.colcon_core.package_identification:_identify(/home/donjoe/MagangBanyubramanta_DanielAdhitthana) by extension 'cmake'
[3.827s] Level 1:colcon.colcon_core.package_identification:_identify(/home/donjoe/MagangBanyubramanta_DanielAdhitthana) by extension 'python'
[3.827s] Level 1:colcon.colcon_core.package_identification:_identify(/home/donjoe/MagangBanyubramanta_DanielAdhitthana) by extensions ['python_setup_py']
[3.827s] Level 1:colcon.colcon_core.package_identification:_identify(/home/donjoe/MagangBanyubramanta_DanielAdhitthana) by extension 'python_setup_py'
[3.827s] Level 1:colcon.colcon_core.package_identification:_identify(/home/donjoe/MagangBanyubramanta_DanielAdhitthana/log) by extensions ['ignore', 'ignore_ament_install']
[3.827s] Level 1:colcon.colcon_core.package_identification:_identify(/home/donjoe/MagangBanyubramanta_DanielAdhitthana/log) by extension 'ignore'
[3.828s] Level 1:colcon.colcon_core.package_identification:_identify(/home/donjoe/MagangBanyubramanta_DanielAdhitthana/log) ignored
[3.828s] Level 1:colcon.colcon_core.package_identification:_identify(/home/donjoe/MagangBanyubramanta_DanielAdhitthana/src) by extensions ['ignore', 'ignore_ament_install']
[3.829s] Level 1:colcon.colcon_core.package_identification:_identify(/home/donjoe/MagangBanyubramanta_DanielAdhitthana/src) by extension 'ignore'
[3.829s] Level 1:colcon.colcon_core.package_identification:_identify(/home/donjoe/MagangBanyubramanta_DanielAdhitthana/src) by extension 'ignore_ament_install'
[3.829s] Level 1:colcon.colcon_core.package_identification:_identify(/home/donjoe/MagangBanyubramanta_DanielAdhitthana/src) by extensions ['colcon_pkg']
[3.829s] Level 1:colcon.colcon_core.package_identification:_identify(/home/donjoe/MagangBanyubramanta_DanielAdhitthana/src) by extension 'colcon_pkg'
[3.829s] Level 1:colcon.colcon_core.package_identification:_identify(/home/donjoe/MagangBanyubramanta_DanielAdhitthana/src) by extensions ['colcon_meta']
[3.829s] Level 1:colcon.colcon_core.package_identification:_identify(/home/donjoe/MagangBanyubramanta_DanielAdhitthana/src) by extension 'colcon_meta'
[3.829s] Level 1:colcon.colcon_core.package_identification:_identify(/home/donjoe/MagangBanyubramanta_DanielAdhitthana/src) by extensions ['ros']
[3.829s] Level 1:colcon.colcon_core.package_identification:_identify(/home/donjoe/MagangBanyubramanta_DanielAdhitthana/src) by extension 'ros'
[3.829s] Level 1:colcon.colcon_core.package_identification:_identify(/home/donjoe/MagangBanyubramanta_DanielAdhitthana/src) by extensions ['cmake', 'python']
[3.830s] Level 1:colcon.colcon_core.package_identification:_identify(/home/donjoe/MagangBanyubramanta_DanielAdhitthana/src) by extension 'cmake'
[3.830s] Level 1:colcon.colcon_core.package_identification:_identify(/home/donjoe/MagangBanyubramanta_DanielAdhitthana/src) by extension 'python'
[3.830s] Level 1:colcon.colcon_core.package_identification:_identify(/home/donjoe/MagangBanyubramanta_DanielAdhitthana/src) by extensions ['python_setup_py']
[3.830s] Level 1:colcon.colcon_core.package_identification:_identify(/home/donjoe/MagangBanyubramanta_DanielAdhitthana/src) by extension 'python_setup_py'
[3.830s] Level 1:colcon.colcon_core.package_identification:_identify(/home/donjoe/MagangBanyubramanta_DanielAdhitthana/src/controller) by extensions ['ignore', 'ignore_ament_install']
[3.830s] Level 1:colcon.colcon_core.package_identification:_identify(/home/donjoe/MagangBanyubramanta_DanielAdhitthana/src/controller) by extension 'ignore'
[3.830s] Level 1:colcon.colcon_core.package_identification:_identify(/home/donjoe/MagangBanyubramanta_DanielAdhitthana/src/controller) by extension 'ignore_ament_install'
[3.830s] Level 1:colcon.colcon_core.package_identification:_identify(/home/donjoe/MagangBanyubramanta_DanielAdhitthana/src/controller) by extensions ['colcon_pkg']
[3.830s] Level 1:colcon.colcon_core.package_identification:_identify(/home/donjoe/MagangBanyubramanta_DanielAdhitthana/src/controller) by extension 'colcon_pkg'
[3.830s] Level 1:colcon.colcon_core.package_identification:_identify(/home/donjoe/MagangBanyubramanta_DanielAdhitthana/src/controller) by extensions ['colcon_meta']
[3.831s] Level 1:colcon.colcon_core.package_identification:_identify(/home/donjoe/MagangBanyubramanta_DanielAdhitthana/src/controller) by extension 'colcon_meta'
[3.831s] Level 1:colcon.colcon_core.package_identification:_identify(/home/donjoe/MagangBanyubramanta_DanielAdhitthana/src/controller) by extensions ['ros']
[3.831s] Level 1:colcon.colcon_core.package_identification:_identify(/home/donjoe/MagangBanyubramanta_DanielAdhitthana/src/controller) by extension 'ros'
[3.836s] DEBUG:colcon.colcon_core.package_identification:Package '/home/donjoe/MagangBanyubramanta_DanielAdhitthana/src/controller' with type 'ros.ament_cmake' and name 'controller'
[3.837s] Level 1:colcon.colcon_core.package_identification:_identify(/home/donjoe/MagangBanyubramanta_DanielAdhitthana/src/msg) by extensions ['ignore', 'ignore_ament_install']
[3.837s] Level 1:colcon.colcon_core.package_identification:_identify(/home/donjoe/MagangBanyubramanta_DanielAdhitthana/src/msg) by extension 'ignore'
[3.837s] Level 1:colcon.colcon_core.package_identification:_identify(/home/donjoe/MagangBanyubramanta_DanielAdhitthana/src/msg) by extension 'ignore_ament_install'
[3.837s] Level 1:colcon.colcon_core.package_identification:_identify(/home/donjoe/MagangBanyubramanta_DanielAdhitthana/src/msg) by extensions ['colcon_pkg']
[3.837s] Level 1:colcon.colcon_core.package_identification:_identify(/home/donjoe/MagangBanyubramanta_DanielAdhitthana/src/msg) by extension 'colcon_pkg'
[3.838s] Level 1:colcon.colcon_core.package_identification:_identify(/home/donjoe/MagangBanyubramanta_DanielAdhitthana/src/msg) by extensions ['colcon_meta']
[3.838s] Level 1:colcon.colcon_core.package_identification:_identify(/home/donjoe/MagangBanyubramanta_DanielAdhitthana/src/msg) by extension 'colcon_meta'
[3.838s] Level 1:colcon.colcon_core.package_identification:_identify(/home/donjoe/MagangBanyubramanta_DanielAdhitthana/src/msg) by extensions ['ros']
[3.838s] Level 1:colcon.colcon_core.package_identification:_identify(/home/donjoe/MagangBanyubramanta_DanielAdhitthana/src/msg) by extension 'ros'
[3.838s] Level 1:colcon.colcon_core.package_identification:_identify(/home/donjoe/MagangBanyubramanta_DanielAdhitthana/src/msg) by extensions ['cmake', 'python']
[3.839s] Level 1:colcon.colcon_core.package_identification:_identify(/home/donjoe/MagangBanyubramanta_DanielAdhitthana/src/msg) by extension 'cmake'
[3.839s] Level 1:colcon.colcon_core.package_identification:_identify(/home/donjoe/MagangBanyubramanta_DanielAdhitthana/src/msg) by extension 'python'
[3.839s] Level 1:colcon.colcon_core.package_identification:_identify(/home/donjoe/MagangBanyubramanta_DanielAdhitthana/src/msg) by extensions ['python_setup_py']
[3.839s] Level 1:colcon.colcon_core.package_identification:_identify(/home/donjoe/MagangBanyubramanta_DanielAdhitthana/src/msg) by extension 'python_setup_py'
[3.840s] Level 1:colcon.colcon_core.package_discovery:discover_packages(recursive) using defaults
