-- Found ament_cmake: 1.3.8 (/opt/ros/humble/share/ament_cmake/cmake)
-- Found Python3: /usr/bin/python3 (found version "3.10.12") found components: Interpreter 
-- Found rclcpp: 16.0.8 (/opt/ros/humble/share/rclcpp/cmake)
-- Found rosidl_generator_c: 3.1.5 (/opt/ros/humble/share/rosidl_generator_c/cmake)
-- Found rosidl_adapter: 3.1.5 (/opt/ros/humble/share/rosidl_adapter/cmake)
-- Found rosidl_generator_cpp: 3.1.5 (/opt/ros/humble/share/rosidl_generator_cpp/cmake)
-- Using all available rosidl_typesupport_c: rosidl_typesupport_fastrtps_c;rosidl_typesupport_introspection_c
-- Using all available rosidl_typesupport_cpp: rosidl_typesupport_fastrtps_cpp;rosidl_typesupport_introspection_cpp
-- Found rmw_implementation_cmake: 6.1.1 (/opt/ros/humble/share/rmw_implementation_cmake/cmake)
-- Found rmw_fastrtps_cpp: 6.2.6 (/opt/ros/humble/share/rmw_fastrtps_cpp/cmake)
-- Using RMW implementation 'rmw_fastrtps_cpp' as default
-- Found cv_bridge: 3.2.1 (/opt/ros/humble/share/cv_bridge/cmake)
-- Found image_transport: 3.1.8 (/opt/ros/humble/share/image_transport/cmake)
-- Found interfaces: 0.0.0 (/home/donjoe/Documents/MagangBanyubramanta_DanielAdhitthana/install/interfaces/share/interfaces/cmake)
-- Found ament_lint_auto: 0.12.10 (/opt/ros/humble/share/ament_lint_auto/cmake)
-- Added test 'cppcheck' to perform static code analysis on C / C++ code
-- Configured cppcheck include dirs: 
-- Configured cppcheck exclude dirs and/or files: 
-- Added test 'lint_cmake' to check CMake code style
-- Added test 'uncrustify' to check C / C++ code style
-- Configured uncrustify additional arguments: 
-- Added test 'xmllint' to check XML markup files
-- Configuring done
-- Generating done
-- Build files have been written to: /home/donjoe/Documents/MagangBanyubramanta_DanielAdhitthana/build/yolo
[35m[1mConsolidate compiler generated dependencies of target node[0m
[ 50%] [32mBuilding CXX object CMakeFiles/node.dir/src/node.cpp.o[0m
In file included from [01m[K/home/donjoe/Documents/MagangBanyubramanta_DanielAdhitthana/src/yolo/src/node.cpp:2[m[K:
/usr/include/c++/11/functional: In instantiation of ‘[01m[Kstruct std::_Bind_check_arity<void (YOLO::*)(const sensor_msgs::msg::Image_<std::allocator<void> >&), YOLO*>[m[K’:
[01m[K/usr/include/c++/11/functional:768:12:[m[K   required from ‘[01m[Kstruct std::_Bind_helper<false, void (YOLO::*)(const sensor_msgs::msg::Image_<std::allocator<void> >&), YOLO*>[m[K’
[01m[K/usr/include/c++/11/functional:789:5:[m[K   required by substitution of ‘[01m[Ktemplate<class _Func, class ... _BoundArgs> typename std::_Bind_helper<std::__is_socketlike<_Func>::value, _Func, _BoundArgs ...>::type std::bind(_Func&&, _BoundArgs&& ...) [with _Func = void (YOLO::*)(const sensor_msgs::msg::Image_<std::allocator<void> >&); _BoundArgs = {YOLO*}][m[K’
[01m[K/home/donjoe/Documents/MagangBanyubramanta_DanielAdhitthana/src/yolo/src/node.cpp:34:96:[m[K   required from here
[01m[K/usr/include/c++/11/functional:756:21:[m[K [01;31m[Kerror: [m[Kstatic assertion failed: Wrong number of arguments for pointer-to-member
  755 |       static_assert(_Varargs::[01;31m[Kvalue[m[K
      |                               [01;31m[K~~~~~[m[K
  756 | [01;31m[K                    ? sizeof...(_BoundArgs) >= _Arity::value + 1[m[K
      |                     [01;31m[K^~~~~~~~~~~~~~~~~~~~~~~~~~~~~~~~~~~~~~~~~~~~[m[K
  757 | [01;31m[K                    : sizeof...(_BoundArgs) == _Arity::value + 1[m[K,
      |                     [01;31m[K~~~~~~~~~~~~~~~~~~~~~~~~~~~~~~~~~~~~~~~~~~~~[m[K
[01m[K/usr/include/c++/11/functional:756:21:[m[K [01;36m[Knote: [m[K‘[01m[K(false ? (1 >= (((long unsigned int)std::integral_constant<long unsigned int, 1>::value) + 1)) : (1 == (((long unsigned int)std::integral_constant<long unsigned int, 1>::value) + 1)))[m[K’ evaluates to false
In file included from [01m[K/opt/ros/humble/include/rclcpp/rclcpp/subscription_base.hpp:32[m[K,
                 from [01m[K/opt/ros/humble/include/rclcpp/rclcpp/callback_group.hpp:29[m[K,
                 from [01m[K/opt/ros/humble/include/rclcpp/rclcpp/any_executable.hpp:20[m[K,
                 from [01m[K/opt/ros/humble/include/rclcpp/rclcpp/memory_strategy.hpp:25[m[K,
                 from [01m[K/opt/ros/humble/include/rclcpp/rclcpp/memory_strategies.hpp:18[m[K,
                 from [01m[K/opt/ros/humble/include/rclcpp/rclcpp/executor_options.hpp:20[m[K,
                 from [01m[K/opt/ros/humble/include/rclcpp/rclcpp/executor.hpp:37[m[K,
                 from [01m[K/opt/ros/humble/include/rclcpp/rclcpp/executors/multi_threaded_executor.hpp:25[m[K,
                 from [01m[K/opt/ros/humble/include/rclcpp/rclcpp/executors.hpp:21[m[K,
                 from [01m[K/opt/ros/humble/include/rclcpp/rclcpp/rclcpp.hpp:155[m[K,
                 from [01m[K/home/donjoe/Documents/MagangBanyubramanta_DanielAdhitthana/src/yolo/src/node.cpp:8[m[K:
/opt/ros/humble/include/rclcpp/rclcpp/any_subscription_callback.hpp: In instantiation of ‘[01m[Krclcpp::AnySubscriptionCallback<MessageT, AllocatorT> rclcpp::AnySubscriptionCallback<MessageT, AllocatorT>::set(CallbackT) [with CallbackT = std::_Bind<void (YOLO::*(YOLO*))(const sensor_msgs::msg::Image_<std::allocator<void> >&)>; MessageT = sensor_msgs::msg::Image_<std::allocator<void> >; AllocatorT = std::allocator<void>][m[K’:
[01m[K/opt/ros/humble/include/rclcpp/rclcpp/subscription_factory.hpp:94:32:[m[K   required from ‘[01m[Krclcpp::SubscriptionFactory rclcpp::create_subscription_factory(CallbackT&&, const rclcpp::SubscriptionOptionsWithAllocator<AllocatorT>&, typename MessageMemoryStrategyT::SharedPtr, std::shared_ptr<rclcpp::topic_statistics::SubscriptionTopicStatistics<ROSMessageType> >) [with MessageT = sensor_msgs::msg::Image_<std::allocator<void> >; CallbackT = std::_Bind<void (YOLO::*(YOLO*))(const sensor_msgs::msg::Image_<std::allocator<void> >&)>; AllocatorT = std::allocator<void>; SubscriptionT = rclcpp::Subscription<sensor_msgs::msg::Image_<std::allocator<void> > >; MessageMemoryStrategyT = rclcpp::message_memory_strategy::MessageMemoryStrategy<sensor_msgs::msg::Image_<std::allocator<void> >, std::allocator<void> >; ROSMessageType = sensor_msgs::msg::Image_<std::allocator<void> >; typename MessageMemoryStrategyT::SharedPtr = std::shared_ptr<rclcpp::message_memory_strategy::MessageMemoryStrategy<sensor_msgs::msg::Image_<std::allocator<void> >, std::allocator<void> > >][m[K’
[01m[K/opt/ros/humble/include/rclcpp/rclcpp/create_subscription.hpp:122:63:[m[K   required from ‘[01m[Kstd::shared_ptr<ROSMessageT> rclcpp::detail::create_subscription(NodeParametersT&, NodeTopicsT&, const string&, const rclcpp::QoS&, CallbackT&&, const rclcpp::SubscriptionOptionsWithAllocator<AllocatorT>&, typename MessageMemoryStrategyT::SharedPtr) [with MessageT = sensor_msgs::msg::Image_<std::allocator<void> >; CallbackT = std::_Bind<void (YOLO::*(YOLO*))(const sensor_msgs::msg::Image_<std::allocator<void> >&)>; AllocatorT = std::allocator<void>; SubscriptionT = rclcpp::Subscription<sensor_msgs::msg::Image_<std::allocator<void> > >; MessageMemoryStrategyT = rclcpp::message_memory_strategy::MessageMemoryStrategy<sensor_msgs::msg::Image_<std::allocator<void> >, std::allocator<void> >; NodeParametersT = rclcpp::Node; NodeTopicsT = rclcpp::Node; ROSMessageType = sensor_msgs::msg::Image_<std::allocator<void> >; std::string = std::__cxx11::basic_string<char>; typename MessageMemoryStrategyT::SharedPtr = std::shared_ptr<rclcpp::message_memory_strategy::MessageMemoryStrategy<sensor_msgs::msg::Image_<std::allocator<void> >, std::allocator<void> > >][m[K’
[01m[K/opt/ros/humble/include/rclcpp/rclcpp/create_subscription.hpp:191:76:[m[K   required from ‘[01m[Kstd::shared_ptr<ROSMessageT> rclcpp::create_subscription(NodeT&, const string&, const rclcpp::QoS&, CallbackT&&, const rclcpp::SubscriptionOptionsWithAllocator<AllocatorT>&, typename MessageMemoryStrategyT::SharedPtr) [with MessageT = sensor_msgs::msg::Image_<std::allocator<void> >; CallbackT = std::_Bind<void (YOLO::*(YOLO*))(const sensor_msgs::msg::Image_<std::allocator<void> >&)>; AllocatorT = std::allocator<void>; SubscriptionT = rclcpp::Subscription<sensor_msgs::msg::Image_<std::allocator<void> > >; MessageMemoryStrategyT = rclcpp::message_memory_strategy::MessageMemoryStrategy<sensor_msgs::msg::Image_<std::allocator<void> >, std::allocator<void> >; NodeT = rclcpp::Node; std::string = std::__cxx11::basic_string<char>; typename MessageMemoryStrategyT::SharedPtr = std::shared_ptr<rclcpp::message_memory_strategy::MessageMemoryStrategy<sensor_msgs::msg::Image_<std::allocator<void> >, std::allocator<void> > >][m[K’
[01m[K/opt/ros/humble/include/rclcpp/rclcpp/node_impl.hpp:99:47:[m[K   required from ‘[01m[Kstd::shared_ptr<ROSMessageT> rclcpp::Node::create_subscription(const string&, const rclcpp::QoS&, CallbackT&&, const rclcpp::SubscriptionOptionsWithAllocator<AllocatorT>&, typename MessageMemoryStrategyT::SharedPtr) [with MessageT = sensor_msgs::msg::Image_<std::allocator<void> >; CallbackT = std::_Bind<void (YOLO::*(YOLO*))(const sensor_msgs::msg::Image_<std::allocator<void> >&)>; AllocatorT = std::allocator<void>; SubscriptionT = rclcpp::Subscription<sensor_msgs::msg::Image_<std::allocator<void> > >; MessageMemoryStrategyT = rclcpp::message_memory_strategy::MessageMemoryStrategy<sensor_msgs::msg::Image_<std::allocator<void> >, std::allocator<void> >; std::string = std::__cxx11::basic_string<char>; typename MessageMemoryStrategyT::SharedPtr = std::shared_ptr<rclcpp::message_memory_strategy::MessageMemoryStrategy<sensor_msgs::msg::Image_<std::allocator<void> >, std::allocator<void> > >][m[K’
[01m[K/home/donjoe/Documents/MagangBanyubramanta_DanielAdhitthana/src/yolo/src/node.cpp:34:71:[m[K   required from here
[01m[K/opt/ros/humble/include/rclcpp/rclcpp/any_subscription_callback.hpp:394:27:[m[K [01;31m[Kerror: [m[Kno matching function for call to ‘[01m[Kstd::function<void(const sensor_msgs::msg::Image_<std::allocator<void> >&)>::function(std::_Bind<void (YOLO::*(YOLO*))(const sensor_msgs::msg::Image_<std::allocator<void> >&)>&)[m[K’
  394 |       callback_variant_ = [01;31m[Kstatic_cast<typename scbth::callback_type>(callback)[m[K;
      |                           [01;31m[K^~~~~~~~~~~~~~~~~~~~~~~~~~~~~~~~~~~~~~~~~~~~~~~~~~~~[m[K
In file included from [01m[K/usr/include/c++/11/functional:59[m[K,
                 from [01m[K/home/donjoe/Documents/MagangBanyubramanta_DanielAdhitthana/src/yolo/src/node.cpp:2[m[K:
[01m[K/usr/include/c++/11/bits/std_function.h:435:9:[m[K [01;36m[Knote: [m[Kcandidate: ‘[01m[Ktemplate<class _Functor, class _Constraints> std::function<_Res(_ArgTypes ...)>::function(_Functor&&) [with _Functor = _Functor; _Constraints = _Constraints; _Res = void; _ArgTypes = {const sensor_msgs::msg::Image_<std::allocator<void> >&}][m[K’
  435 |         [01;36m[Kfunction[m[K(_Functor&& __f)
      |         [01;36m[K^~~~~~~~[m[K
[01m[K/usr/include/c++/11/bits/std_function.h:435:9:[m[K [01;36m[Knote: [m[K  template argument deduction/substitution failed:
In file included from [01m[K/usr/include/c++/11/ratio:39[m[K,
                 from [01m[K/usr/include/c++/11/chrono:39[m[K,
                 from [01m[K/home/donjoe/Documents/MagangBanyubramanta_DanielAdhitthana/src/yolo/src/node.cpp:1[m[K:
/usr/include/c++/11/type_traits: In substitution of ‘[01m[Ktemplate<bool _Cond, class _Tp> using __enable_if_t = typename std::enable_if::type [with bool _Cond = false; _Tp = void][m[K’:
[01m[K/usr/include/c++/11/bits/std_function.h:353:8:[m[K   required by substitution of ‘[01m[Ktemplate<class _Res, class ... _ArgTypes> template<class _Cond, class _Tp> using _Requires = std::__enable_if_t<_Cond::value, _Tp> [with _Cond = std::function<void(const sensor_msgs::msg::Image_<std::allocator<void> >&)>::_Callable<std::_Bind<void (YOLO::*(YOLO*))(const sensor_msgs::msg::Image_<std::allocator<void> >&)>&, std::_Bind<void (YOLO::*(YOLO*))(const sensor_msgs::msg::Image_<std::allocator<void> >&)>, std::__invoke_result<std::_Bind<void (YOLO::*(YOLO*))(const sensor_msgs::msg::Image_<std::allocator<void> >&)>&, const sensor_msgs::msg::Image_<std::allocator<void> >&> >; _Tp = void; _Res = void; _ArgTypes = {const sensor_msgs::msg::Image_<std::allocator<void> >&}][m[K’
[01m[K/usr/include/c++/11/bits/std_function.h:434:9:[m[K   required from ‘[01m[Krclcpp::AnySubscriptionCallback<MessageT, AllocatorT> rclcpp::AnySubscriptionCallback<MessageT, AllocatorT>::set(CallbackT) [with CallbackT = std::_Bind<void (YOLO::*(YOLO*))(const sensor_msgs::msg::Image_<std::allocator<void> >&)>; MessageT = sensor_msgs::msg::Image_<std::allocator<void> >; AllocatorT = std::allocator<void>][m[K’
[01m[K/opt/ros/humble/include/rclcpp/rclcpp/subscription_factory.hpp:94:32:[m[K   required from ‘[01m[Krclcpp::SubscriptionFactory rclcpp::create_subscription_factory(CallbackT&&, const rclcpp::SubscriptionOptionsWithAllocator<AllocatorT>&, typename MessageMemoryStrategyT::SharedPtr, std::shared_ptr<rclcpp::topic_statistics::SubscriptionTopicStatistics<ROSMessageType> >) [with MessageT = sensor_msgs::msg::Image_<std::allocator<void> >; CallbackT = std::_Bind<void (YOLO::*(YOLO*))(const sensor_msgs::msg::Image_<std::allocator<void> >&)>; AllocatorT = std::allocator<void>; SubscriptionT = rclcpp::Subscription<sensor_msgs::msg::Image_<std::allocator<void> > >; MessageMemoryStrategyT = rclcpp::message_memory_strategy::MessageMemoryStrategy<sensor_msgs::msg::Image_<std::allocator<void> >, std::allocator<void> >; ROSMessageType = sensor_msgs::msg::Image_<std::allocator<void> >; typename MessageMemoryStrategyT::SharedPtr = std::shared_ptr<rclcpp::message_memory_strategy::MessageMemoryStrategy<sensor_msgs::msg::Image_<std::allocator<void> >, std::allocator<void> > >][m[K’
[01m[K/opt/ros/humble/include/rclcpp/rclcpp/create_subscription.hpp:122:63:[m[K   required from ‘[01m[Kstd::shared_ptr<ROSMessageT> rclcpp::detail::create_subscription(NodeParametersT&, NodeTopicsT&, const string&, const rclcpp::QoS&, CallbackT&&, const rclcpp::SubscriptionOptionsWithAllocator<AllocatorT>&, typename MessageMemoryStrategyT::SharedPtr) [with MessageT = sensor_msgs::msg::Image_<std::allocator<void> >; CallbackT = std::_Bind<void (YOLO::*(YOLO*))(const sensor_msgs::msg::Image_<std::allocator<void> >&)>; AllocatorT = std::allocator<void>; SubscriptionT = rclcpp::Subscription<sensor_msgs::msg::Image_<std::allocator<void> > >; MessageMemoryStrategyT = rclcpp::message_memory_strategy::MessageMemoryStrategy<sensor_msgs::msg::Image_<std::allocator<void> >, std::allocator<void> >; NodeParametersT = rclcpp::Node; NodeTopicsT = rclcpp::Node; ROSMessageType = sensor_msgs::msg::Image_<std::allocator<void> >; std::string = std::__cxx11::basic_string<char>; typename MessageMemoryStrategyT::SharedPtr = std::shared_ptr<rclcpp::message_memory_strategy::MessageMemoryStrategy<sensor_msgs::msg::Image_<std::allocator<void> >, std::allocator<void> > >][m[K’
[01m[K/opt/ros/humble/include/rclcpp/rclcpp/create_subscription.hpp:191:76:[m[K   required from ‘[01m[Kstd::shared_ptr<ROSMessageT> rclcpp::create_subscription(NodeT&, const string&, const rclcpp::QoS&, CallbackT&&, const rclcpp::SubscriptionOptionsWithAllocator<AllocatorT>&, typename MessageMemoryStrategyT::SharedPtr) [with MessageT = sensor_msgs::msg::Image_<std::allocator<void> >; CallbackT = std::_Bind<void (YOLO::*(YOLO*))(const sensor_msgs::msg::Image_<std::allocator<void> >&)>; AllocatorT = std::allocator<void>; SubscriptionT = rclcpp::Subscription<sensor_msgs::msg::Image_<std::allocator<void> > >; MessageMemoryStrategyT = rclcpp::message_memory_strategy::MessageMemoryStrategy<sensor_msgs::msg::Image_<std::allocator<void> >, std::allocator<void> >; NodeT = rclcpp::Node; std::string = std::__cxx11::basic_string<char>; typename MessageMemoryStrategyT::SharedPtr = std::shared_ptr<rclcpp::message_memory_strategy::MessageMemoryStrategy<sensor_msgs::msg::Image_<std::allocator<void> >, std::allocator<void> > >][m[K’
[01m[K/opt/ros/humble/include/rclcpp/rclcpp/node_impl.hpp:99:47:[m[K   required from ‘[01m[Kstd::shared_ptr<ROSMessageT> rclcpp::Node::create_subscription(const string&, const rclcpp::QoS&, CallbackT&&, const rclcpp::SubscriptionOptionsWithAllocator<AllocatorT>&, typename MessageMemoryStrategyT::SharedPtr) [with MessageT = sensor_msgs::msg::Image_<std::allocator<void> >; CallbackT = std::_Bind<void (YOLO::*(YOLO*))(const sensor_msgs::msg::Image_<std::allocator<void> >&)>; AllocatorT = std::allocator<void>; SubscriptionT = rclcpp::Subscription<sensor_msgs::msg::Image_<std::allocator<void> > >; MessageMemoryStrategyT = rclcpp::message_memory_strategy::MessageMemoryStrategy<sensor_msgs::msg::Image_<std::allocator<void> >, std::allocator<void> >; std::string = std::__cxx11::basic_string<char>; typename MessageMemoryStrategyT::SharedPtr = std::shared_ptr<rclcpp::message_memory_strategy::MessageMemoryStrategy<sensor_msgs::msg::Image_<std::allocator<void> >, std::allocator<void> > >][m[K’
[01m[K/home/donjoe/Documents/MagangBanyubramanta_DanielAdhitthana/src/yolo/src/node.cpp:34:71:[m[K   required from here
[01m[K/usr/include/c++/11/type_traits:2205:11:[m[K [01;31m[Kerror: [m[Kno type named ‘[01m[Ktype[m[K’ in ‘[01m[Kstruct std::enable_if<false, void>[m[K’
 2205 |     using [01;31m[K__enable_if_t[m[K = typename enable_if<_Cond, _Tp>::type;
      |           [01;31m[K^~~~~~~~~~~~~[m[K
In file included from [01m[K/usr/include/c++/11/functional:59[m[K,
                 from [01m[K/home/donjoe/Documents/MagangBanyubramanta_DanielAdhitthana/src/yolo/src/node.cpp:2[m[K:
/opt/ros/humble/include/rclcpp/rclcpp/any_subscription_callback.hpp: In instantiation of ‘[01m[Krclcpp::AnySubscriptionCallback<MessageT, AllocatorT> rclcpp::AnySubscriptionCallback<MessageT, AllocatorT>::set(CallbackT) [with CallbackT = std::_Bind<void (YOLO::*(YOLO*))(const sensor_msgs::msg::Image_<std::allocator<void> >&)>; MessageT = sensor_msgs::msg::Image_<std::allocator<void> >; AllocatorT = std::allocator<void>][m[K’:
[01m[K/opt/ros/humble/include/rclcpp/rclcpp/subscription_factory.hpp:94:32:[m[K   required from ‘[01m[Krclcpp::SubscriptionFactory rclcpp::create_subscription_factory(CallbackT&&, const rclcpp::SubscriptionOptionsWithAllocator<AllocatorT>&, typename MessageMemoryStrategyT::SharedPtr, std::shared_ptr<rclcpp::topic_statistics::SubscriptionTopicStatistics<ROSMessageType> >) [with MessageT = sensor_msgs::msg::Image_<std::allocator<void> >; CallbackT = std::_Bind<void (YOLO::*(YOLO*))(const sensor_msgs::msg::Image_<std::allocator<void> >&)>; AllocatorT = std::allocator<void>; SubscriptionT = rclcpp::Subscription<sensor_msgs::msg::Image_<std::allocator<void> > >; MessageMemoryStrategyT = rclcpp::message_memory_strategy::MessageMemoryStrategy<sensor_msgs::msg::Image_<std::allocator<void> >, std::allocator<void> >; ROSMessageType = sensor_msgs::msg::Image_<std::allocator<void> >; typename MessageMemoryStrategyT::SharedPtr = std::shared_ptr<rclcpp::message_memory_strategy::MessageMemoryStrategy<sensor_msgs::msg::Image_<std::allocator<void> >, std::allocator<void> > >][m[K’
[01m[K/opt/ros/humble/include/rclcpp/rclcpp/create_subscription.hpp:122:63:[m[K   required from ‘[01m[Kstd::shared_ptr<ROSMessageT> rclcpp::detail::create_subscription(NodeParametersT&, NodeTopicsT&, const string&, const rclcpp::QoS&, CallbackT&&, const rclcpp::SubscriptionOptionsWithAllocator<AllocatorT>&, typename MessageMemoryStrategyT::SharedPtr) [with MessageT = sensor_msgs::msg::Image_<std::allocator<void> >; CallbackT = std::_Bind<void (YOLO::*(YOLO*))(const sensor_msgs::msg::Image_<std::allocator<void> >&)>; AllocatorT = std::allocator<void>; SubscriptionT = rclcpp::Subscription<sensor_msgs::msg::Image_<std::allocator<void> > >; MessageMemoryStrategyT = rclcpp::message_memory_strategy::MessageMemoryStrategy<sensor_msgs::msg::Image_<std::allocator<void> >, std::allocator<void> >; NodeParametersT = rclcpp::Node; NodeTopicsT = rclcpp::Node; ROSMessageType = sensor_msgs::msg::Image_<std::allocator<void> >; std::string = std::__cxx11::basic_string<char>; typename MessageMemoryStrategyT::SharedPtr = std::shared_ptr<rclcpp::message_memory_strategy::MessageMemoryStrategy<sensor_msgs::msg::Image_<std::allocator<void> >, std::allocator<void> > >][m[K’
[01m[K/opt/ros/humble/include/rclcpp/rclcpp/create_subscription.hpp:191:76:[m[K   required from ‘[01m[Kstd::shared_ptr<ROSMessageT> rclcpp::create_subscription(NodeT&, const string&, const rclcpp::QoS&, CallbackT&&, const rclcpp::SubscriptionOptionsWithAllocator<AllocatorT>&, typename MessageMemoryStrategyT::SharedPtr) [with MessageT = sensor_msgs::msg::Image_<std::allocator<void> >; CallbackT = std::_Bind<void (YOLO::*(YOLO*))(const sensor_msgs::msg::Image_<std::allocator<void> >&)>; AllocatorT = std::allocator<void>; SubscriptionT = rclcpp::Subscription<sensor_msgs::msg::Image_<std::allocator<void> > >; MessageMemoryStrategyT = rclcpp::message_memory_strategy::MessageMemoryStrategy<sensor_msgs::msg::Image_<std::allocator<void> >, std::allocator<void> >; NodeT = rclcpp::Node; std::string = std::__cxx11::basic_string<char>; typename MessageMemoryStrategyT::SharedPtr = std::shared_ptr<rclcpp::message_memory_strategy::MessageMemoryStrategy<sensor_msgs::msg::Image_<std::allocator<void> >, std::allocator<void> > >][m[K’
[01m[K/opt/ros/humble/include/rclcpp/rclcpp/node_impl.hpp:99:47:[m[K   required from ‘[01m[Kstd::shared_ptr<ROSMessageT> rclcpp::Node::create_subscription(const string&, const rclcpp::QoS&, CallbackT&&, const rclcpp::SubscriptionOptionsWithAllocator<AllocatorT>&, typename MessageMemoryStrategyT::SharedPtr) [with MessageT = sensor_msgs::msg::Image_<std::allocator<void> >; CallbackT = std::_Bind<void (YOLO::*(YOLO*))(const sensor_msgs::msg::Image_<std::allocator<void> >&)>; AllocatorT = std::allocator<void>; SubscriptionT = rclcpp::Subscription<sensor_msgs::msg::Image_<std::allocator<void> > >; MessageMemoryStrategyT = rclcpp::message_memory_strategy::MessageMemoryStrategy<sensor_msgs::msg::Image_<std::allocator<void> >, std::allocator<void> >; std::string = std::__cxx11::basic_string<char>; typename MessageMemoryStrategyT::SharedPtr = std::shared_ptr<rclcpp::message_memory_strategy::MessageMemoryStrategy<sensor_msgs::msg::Image_<std::allocator<void> >, std::allocator<void> > >][m[K’
[01m[K/home/donjoe/Documents/MagangBanyubramanta_DanielAdhitthana/src/yolo/src/node.cpp:34:71:[m[K   required from here
[01m[K/usr/include/c++/11/bits/std_function.h:404:7:[m[K [01;36m[Knote: [m[Kcandidate: ‘[01m[Kstd::function<_Res(_ArgTypes ...)>::function(std::function<_Res(_ArgTypes ...)>&&) [with _Res = void; _ArgTypes = {const sensor_msgs::msg::Image_<std::allocator<void> >&}][m[K’
  404 |       [01;36m[Kfunction[m[K(function&& __x) noexcept
      |       [01;36m[K^~~~~~~~[m[K
[01m[K/usr/include/c++/11/bits/std_function.h:404:27:[m[K [01;36m[Knote: [m[K  no known conversion for argument 1 from ‘[01m[Kstd::_Bind<void (YOLO::*(YOLO*))(const sensor_msgs::msg::Image_<std::allocator<void> >&)>[m[K’ to ‘[01m[Kstd::function<void(const sensor_msgs::msg::Image_<std::allocator<void> >&)>&&[m[K’
  404 |       function([01;36m[Kfunction&& __x[m[K) noexcept
      |                [01;36m[K~~~~~~~~~~~^~~[m[K
[01m[K/usr/include/c++/11/bits/std_function.h:386:7:[m[K [01;36m[Knote: [m[Kcandidate: ‘[01m[Kstd::function<_Res(_ArgTypes ...)>::function(const std::function<_Res(_ArgTypes ...)>&) [with _Res = void; _ArgTypes = {const sensor_msgs::msg::Image_<std::allocator<void> >&}][m[K’
  386 |       [01;36m[Kfunction[m[K(const function& __x)
      |       [01;36m[K^~~~~~~~[m[K
[01m[K/usr/include/c++/11/bits/std_function.h:386:32:[m[K [01;36m[Knote: [m[K  no known conversion for argument 1 from ‘[01m[Kstd::_Bind<void (YOLO::*(YOLO*))(const sensor_msgs::msg::Image_<std::allocator<void> >&)>[m[K’ to ‘[01m[Kconst std::function<void(const sensor_msgs::msg::Image_<std::allocator<void> >&)>&[m[K’
  386 |       function([01;36m[Kconst function& __x[m[K)
      |                [01;36m[K~~~~~~~~~~~~~~~~^~~[m[K
[01m[K/usr/include/c++/11/bits/std_function.h:375:7:[m[K [01;36m[Knote: [m[Kcandidate: ‘[01m[Kstd::function<_Res(_ArgTypes ...)>::function(std::nullptr_t) [with _Res = void; _ArgTypes = {const sensor_msgs::msg::Image_<std::allocator<void> >&}; std::nullptr_t = std::nullptr_t][m[K’
  375 |       [01;36m[Kfunction[m[K(nullptr_t) noexcept
      |       [01;36m[K^~~~~~~~[m[K
[01m[K/usr/include/c++/11/bits/std_function.h:375:16:[m[K [01;36m[Knote: [m[K  no known conversion for argument 1 from ‘[01m[Kstd::_Bind<void (YOLO::*(YOLO*))(const sensor_msgs::msg::Image_<std::allocator<void> >&)>[m[K’ to ‘[01m[Kstd::nullptr_t[m[K’
  375 |       function([01;36m[Knullptr_t[m[K) noexcept
      |                [01;36m[K^~~~~~~~~[m[K
[01m[K/usr/include/c++/11/bits/std_function.h:368:7:[m[K [01;36m[Knote: [m[Kcandidate: ‘[01m[Kstd::function<_Res(_ArgTypes ...)>::function() [with _Res = void; _ArgTypes = {const sensor_msgs::msg::Image_<std::allocator<void> >&}][m[K’
  368 |       [01;36m[Kfunction[m[K() noexcept
      |       [01;36m[K^~~~~~~~[m[K
[01m[K/usr/include/c++/11/bits/std_function.h:368:7:[m[K [01;36m[Knote: [m[K  candidate expects 0 arguments, 1 provided
gmake[2]: *** [CMakeFiles/node.dir/build.make:76: CMakeFiles/node.dir/src/node.cpp.o] Error 1
gmake[1]: *** [CMakeFiles/Makefile2:137: CMakeFiles/node.dir/all] Error 2
gmake: *** [Makefile:146: all] Error 2
