-- Found ament_cmake: 1.3.8 (/opt/ros/humble/share/ament_cmake/cmake)
-- Found Python3: /usr/bin/python3 (found version "3.10.12") found components: Interpreter 
-- Found rosidl_default_generators: 1.2.0 (/opt/ros/humble/share/rosidl_default_generators/cmake)
-- Using all available rosidl_typesupport_c: rosidl_typesupport_fastrtps_c;rosidl_typesupport_introspection_c
-- Found rosidl_adapter: 3.1.5 (/opt/ros/humble/share/rosidl_adapter/cmake)
-- Using all available rosidl_typesupport_cpp: rosidl_typesupport_fastrtps_cpp;rosidl_typesupport_introspection_cpp
-- Found ament_cmake_ros: 0.10.0 (/opt/ros/humble/share/ament_cmake_ros/cmake)
-- Using all available rosidl_typesupport_c: rosidl_typesupport_fastrtps_c;rosidl_typesupport_introspection_c
-- Using all available rosidl_typesupport_cpp: rosidl_typesupport_fastrtps_cpp;rosidl_typesupport_introspection_cpp
-- Found python_cmake_module: 0.10.0 (/opt/ros/humble/share/python_cmake_module/cmake)
-- Using PYTHON_EXECUTABLE: /usr/bin/python3
-- Using PYTHON_INCLUDE_DIRS: /usr/include/python3.10
-- Using PYTHON_LIBRARIES: /usr/lib/x86_64-linux-gnu/libpython3.10.so
-- Found ament_lint_auto: 0.12.10 (/opt/ros/humble/share/ament_lint_auto/cmake)
-- Added test 'lint_cmake' to check CMake code style
-- Added test 'xmllint' to check XML markup files
-- Configuring done
-- Generating done
-- Build files have been written to: /home/donjoe/Documents/MagangBanyubramanta_DanielAdhitthana/build/interfaces
[  2%] [34m[1mGenerating C++ code for ROS interfaces[0m
[  2%] Built target interfaces__cpp
[  2%] Built target ament_cmake_python_copy_interfaces
[  4%] [34m[1mGenerating C++ type support for eProsima Fast-RTPS[0m
[35m[1mConsolidate compiler generated dependencies of target interfaces__rosidl_typesupport_fastrtps_cpp[0m
[  6%] [32mBuilding CXX object CMakeFiles/interfaces__rosidl_typesupport_fastrtps_cpp.dir/rosidl_typesupport_fastrtps_cpp/interfaces/msg/detail/dds_fastrtps/motion__type_support.cpp.o[0m
[  8%] [32mBuilding CXX object CMakeFiles/interfaces__rosidl_typesupport_fastrtps_cpp.dir/rosidl_typesupport_fastrtps_cpp/interfaces/msg/detail/dds_fastrtps/object__type_support.cpp.o[0m
[ 10%] [32mBuilding CXX object CMakeFiles/interfaces__rosidl_typesupport_fastrtps_cpp.dir/rosidl_typesupport_fastrtps_cpp/interfaces/msg/detail/dds_fastrtps/gate__type_support.cpp.o[0m
[ 12%] [32m[1mLinking CXX shared library libinterfaces__rosidl_typesupport_fastrtps_cpp.so[0m
[ 12%] Built target interfaces__rosidl_typesupport_fastrtps_cpp
[ 14%] [34m[1mGenerating C++ introspection for ROS interfaces[0m
[35m[1mConsolidate compiler generated dependencies of target interfaces__rosidl_typesupport_introspection_cpp[0m
[ 17%] [32mBuilding CXX object CMakeFiles/interfaces__rosidl_typesupport_introspection_cpp.dir/rosidl_typesupport_introspection_cpp/interfaces/msg/detail/motion__type_support.cpp.o[0m
[ 19%] [32mBuilding CXX object CMakeFiles/interfaces__rosidl_typesupport_introspection_cpp.dir/rosidl_typesupport_introspection_cpp/interfaces/msg/detail/object__type_support.cpp.o[0m
[ 21%] [32mBuilding CXX object CMakeFiles/interfaces__rosidl_typesupport_introspection_cpp.dir/rosidl_typesupport_introspection_cpp/interfaces/msg/detail/gate__type_support.cpp.o[0m
[ 23%] [32m[1mLinking CXX shared library libinterfaces__rosidl_typesupport_introspection_cpp.so[0m
[ 23%] Built target interfaces__rosidl_typesupport_introspection_cpp
running egg_info
writing interfaces.egg-info/PKG-INFO
writing dependency_links to interfaces.egg-info/dependency_links.txt
writing top-level names to interfaces.egg-info/top_level.txt
reading manifest file 'interfaces.egg-info/SOURCES.txt'
writing manifest file 'interfaces.egg-info/SOURCES.txt'
[ 23%] Built target ament_cmake_python_build_interfaces_egg
[ 25%] [34m[1mGenerating C++ type support dispatch for ROS interfaces[0m
[35m[1mConsolidate compiler generated dependencies of target interfaces__rosidl_typesupport_cpp[0m
[ 27%] [32mBuilding CXX object CMakeFiles/interfaces__rosidl_typesupport_cpp.dir/rosidl_typesupport_cpp/interfaces/msg/motion__type_support.cpp.o[0m
[ 29%] [32mBuilding CXX object CMakeFiles/interfaces__rosidl_typesupport_cpp.dir/rosidl_typesupport_cpp/interfaces/msg/gate__type_support.cpp.o[0m
[ 31%] [32mBuilding CXX object CMakeFiles/interfaces__rosidl_typesupport_cpp.dir/rosidl_typesupport_cpp/interfaces/msg/object__type_support.cpp.o[0m
[ 34%] [32m[1mLinking CXX shared library libinterfaces__rosidl_typesupport_cpp.so[0m
[ 34%] Built target interfaces__rosidl_typesupport_cpp
[ 36%] [34m[1mGenerating C code for ROS interfaces[0m
[35m[1mConsolidate compiler generated dependencies of target interfaces__rosidl_generator_c[0m
[ 38%] [32mBuilding C object CMakeFiles/interfaces__rosidl_generator_c.dir/rosidl_generator_c/interfaces/msg/detail/motion__functions.c.o[0m
[ 40%] [32mBuilding C object CMakeFiles/interfaces__rosidl_generator_c.dir/rosidl_generator_c/interfaces/msg/detail/gate__functions.c.o[0m
[ 42%] [32mBuilding C object CMakeFiles/interfaces__rosidl_generator_c.dir/rosidl_generator_c/interfaces/msg/detail/object__functions.c.o[0m
[ 44%] [32m[1mLinking C shared library libinterfaces__rosidl_generator_c.so[0m
[ 44%] Built target interfaces__rosidl_generator_c
[ 46%] [34m[1mGenerating C type support for eProsima Fast-RTPS[0m
[35m[1mConsolidate compiler generated dependencies of target interfaces__rosidl_typesupport_fastrtps_c[0m
[ 48%] [32mBuilding CXX object CMakeFiles/interfaces__rosidl_typesupport_fastrtps_c.dir/rosidl_typesupport_fastrtps_c/interfaces/msg/detail/motion__type_support_c.cpp.o[0m
[ 51%] [32mBuilding CXX object CMakeFiles/interfaces__rosidl_typesupport_fastrtps_c.dir/rosidl_typesupport_fastrtps_c/interfaces/msg/detail/object__type_support_c.cpp.o[0m
[ 53%] [32mBuilding CXX object CMakeFiles/interfaces__rosidl_typesupport_fastrtps_c.dir/rosidl_typesupport_fastrtps_c/interfaces/msg/detail/gate__type_support_c.cpp.o[0m
[ 55%] [32m[1mLinking CXX shared library libinterfaces__rosidl_typesupport_fastrtps_c.so[0m
[ 55%] Built target interfaces__rosidl_typesupport_fastrtps_c
[ 57%] [34m[1mGenerating C type support dispatch for ROS interfaces[0m
[35m[1mConsolidate compiler generated dependencies of target interfaces__rosidl_typesupport_c[0m
[ 59%] [32mBuilding CXX object CMakeFiles/interfaces__rosidl_typesupport_c.dir/rosidl_typesupport_c/interfaces/msg/motion__type_support.cpp.o[0m
[ 61%] [32mBuilding CXX object CMakeFiles/interfaces__rosidl_typesupport_c.dir/rosidl_typesupport_c/interfaces/msg/gate__type_support.cpp.o[0m
[ 63%] [32mBuilding CXX object CMakeFiles/interfaces__rosidl_typesupport_c.dir/rosidl_typesupport_c/interfaces/msg/object__type_support.cpp.o[0m
[ 65%] [32m[1mLinking CXX shared library libinterfaces__rosidl_typesupport_c.so[0m
[ 65%] Built target interfaces__rosidl_typesupport_c
[ 68%] [34m[1mGenerating C introspection for ROS interfaces[0m
[35m[1mConsolidate compiler generated dependencies of target interfaces__rosidl_typesupport_introspection_c[0m
[ 70%] [32mBuilding C object CMakeFiles/interfaces__rosidl_typesupport_introspection_c.dir/rosidl_typesupport_introspection_c/interfaces/msg/detail/motion__type_support.c.o[0m
[ 72%] [32mBuilding C object CMakeFiles/interfaces__rosidl_typesupport_introspection_c.dir/rosidl_typesupport_introspection_c/interfaces/msg/detail/gate__type_support.c.o[0m
[ 74%] [32mBuilding C object CMakeFiles/interfaces__rosidl_typesupport_introspection_c.dir/rosidl_typesupport_introspection_c/interfaces/msg/detail/object__type_support.c.o[0m
[ 76%] [32m[1mLinking C shared library libinterfaces__rosidl_typesupport_introspection_c.so[0m
[ 76%] Built target interfaces__rosidl_typesupport_introspection_c
[ 76%] Built target interfaces
[ 78%] [34m[1mGenerating Python code for ROS interfaces[0m
[ 78%] Built target interfaces__py
[35m[1mConsolidate compiler generated dependencies of target interfaces__rosidl_generator_py[0m
[ 80%] [32mBuilding C object CMakeFiles/interfaces__rosidl_generator_py.dir/rosidl_generator_py/interfaces/msg/_motion_s.c.o[0m
[ 82%] [32mBuilding C object CMakeFiles/interfaces__rosidl_generator_py.dir/rosidl_generator_py/interfaces/msg/_gate_s.c.o[0m
[ 85%] [32mBuilding C object CMakeFiles/interfaces__rosidl_generator_py.dir/rosidl_generator_py/interfaces/msg/_object_s.c.o[0m
[ 87%] [32m[1mLinking C shared library rosidl_generator_py/interfaces/libinterfaces__rosidl_generator_py.so[0m
[ 87%] Built target interfaces__rosidl_generator_py
[35m[1mConsolidate compiler generated dependencies of target interfaces__rosidl_typesupport_fastrtps_c__pyext[0m
[ 89%] [32mBuilding C object CMakeFiles/interfaces__rosidl_typesupport_fastrtps_c__pyext.dir/rosidl_generator_py/interfaces/_interfaces_s.ep.rosidl_typesupport_fastrtps_c.c.o[0m
[ 91%] [32m[1mLinking C shared library rosidl_generator_py/interfaces/interfaces_s__rosidl_typesupport_fastrtps_c.cpython-310-x86_64-linux-gnu.so[0m
[ 91%] Built target interfaces__rosidl_typesupport_fastrtps_c__pyext
[35m[1mConsolidate compiler generated dependencies of target interfaces__rosidl_typesupport_c__pyext[0m
[ 93%] [32mBuilding C object CMakeFiles/interfaces__rosidl_typesupport_c__pyext.dir/rosidl_generator_py/interfaces/_interfaces_s.ep.rosidl_typesupport_c.c.o[0m
[ 95%] [32m[1mLinking C shared library rosidl_generator_py/interfaces/interfaces_s__rosidl_typesupport_c.cpython-310-x86_64-linux-gnu.so[0m
[ 95%] Built target interfaces__rosidl_typesupport_c__pyext
[35m[1mConsolidate compiler generated dependencies of target interfaces__rosidl_typesupport_introspection_c__pyext[0m
[ 97%] [32mBuilding C object CMakeFiles/interfaces__rosidl_typesupport_introspection_c__pyext.dir/rosidl_generator_py/interfaces/_interfaces_s.ep.rosidl_typesupport_introspection_c.c.o[0m
[100%] [32m[1mLinking C shared library rosidl_generator_py/interfaces/interfaces_s__rosidl_typesupport_introspection_c.cpython-310-x86_64-linux-gnu.so[0m
[100%] Built target interfaces__rosidl_typesupport_introspection_c__pyext
-- Install configuration: ""
-- Up-to-date: /home/donjoe/Documents/MagangBanyubramanta_DanielAdhitthana/install/interfaces/share/ament_index/resource_index/rosidl_interfaces/interfaces
-- Up-to-date: /home/donjoe/Documents/MagangBanyubramanta_DanielAdhitthana/install/interfaces/include/interfaces/interfaces
-- Up-to-date: /home/donjoe/Documents/MagangBanyubramanta_DanielAdhitthana/install/interfaces/include/interfaces/interfaces/msg
-- Installing: /home/donjoe/Documents/MagangBanyubramanta_DanielAdhitthana/install/interfaces/include/interfaces/interfaces/msg/gate.h
-- Installing: /home/donjoe/Documents/MagangBanyubramanta_DanielAdhitthana/install/interfaces/include/interfaces/interfaces/msg/motion.h
-- Up-to-date: /home/donjoe/Documents/MagangBanyubramanta_DanielAdhitthana/install/interfaces/include/interfaces/interfaces/msg/detail
-- Installing: /home/donjoe/Documents/MagangBanyubramanta_DanielAdhitthana/install/interfaces/include/interfaces/interfaces/msg/detail/gate__type_support.h
-- Installing: /home/donjoe/Documents/MagangBanyubramanta_DanielAdhitthana/install/interfaces/include/interfaces/interfaces/msg/detail/gate__functions.c
-- Installing: /home/donjoe/Documents/MagangBanyubramanta_DanielAdhitthana/install/interfaces/include/interfaces/interfaces/msg/detail/object__struct.h
-- Installing: /home/donjoe/Documents/MagangBanyubramanta_DanielAdhitthana/install/interfaces/include/interfaces/interfaces/msg/detail/motion__type_support.h
-- Installing: /home/donjoe/Documents/MagangBanyubramanta_DanielAdhitthana/install/interfaces/include/interfaces/interfaces/msg/detail/motion__functions.c
-- Installing: /home/donjoe/Documents/MagangBanyubramanta_DanielAdhitthana/install/interfaces/include/interfaces/interfaces/msg/detail/gate__struct.h
-- Installing: /home/donjoe/Documents/MagangBanyubramanta_DanielAdhitthana/install/interfaces/include/interfaces/interfaces/msg/detail/object__functions.h
-- Installing: /home/donjoe/Documents/MagangBanyubramanta_DanielAdhitthana/install/interfaces/include/interfaces/interfaces/msg/detail/gate__functions.h
-- Installing: /home/donjoe/Documents/MagangBanyubramanta_DanielAdhitthana/install/interfaces/include/interfaces/interfaces/msg/detail/motion__struct.h
-- Installing: /home/donjoe/Documents/MagangBanyubramanta_DanielAdhitthana/install/interfaces/include/interfaces/interfaces/msg/detail/object__type_support.h
-- Installing: /home/donjoe/Documents/MagangBanyubramanta_DanielAdhitthana/install/interfaces/include/interfaces/interfaces/msg/detail/object__functions.c
-- Installing: /home/donjoe/Documents/MagangBanyubramanta_DanielAdhitthana/install/interfaces/include/interfaces/interfaces/msg/detail/motion__functions.h
-- Installing: /home/donjoe/Documents/MagangBanyubramanta_DanielAdhitthana/install/interfaces/include/interfaces/interfaces/msg/object.h
-- Up-to-date: /home/donjoe/Documents/MagangBanyubramanta_DanielAdhitthana/install/interfaces/include/interfaces/interfaces/msg/rosidl_generator_c__visibility_control.h
-- Up-to-date: /home/donjoe/Documents/MagangBanyubramanta_DanielAdhitthana/install/interfaces/share/interfaces/environment/library_path.sh
-- Installing: /home/donjoe/Documents/MagangBanyubramanta_DanielAdhitthana/install/interfaces/share/interfaces/environment/library_path.dsv
-- Installing: /home/donjoe/Documents/MagangBanyubramanta_DanielAdhitthana/install/interfaces/lib/libinterfaces__rosidl_generator_c.so
-- Set runtime path of "/home/donjoe/Documents/MagangBanyubramanta_DanielAdhitthana/install/interfaces/lib/libinterfaces__rosidl_generator_c.so" to ""
-- Up-to-date: /home/donjoe/Documents/MagangBanyubramanta_DanielAdhitthana/install/interfaces/include/interfaces/interfaces
-- Up-to-date: /home/donjoe/Documents/MagangBanyubramanta_DanielAdhitthana/install/interfaces/include/interfaces/interfaces/msg
-- Up-to-date: /home/donjoe/Documents/MagangBanyubramanta_DanielAdhitthana/install/interfaces/include/interfaces/interfaces/msg/detail
-- Installing: /home/donjoe/Documents/MagangBanyubramanta_DanielAdhitthana/install/interfaces/include/interfaces/interfaces/msg/detail/gate__rosidl_typesupport_fastrtps_c.h
-- Installing: /home/donjoe/Documents/MagangBanyubramanta_DanielAdhitthana/install/interfaces/include/interfaces/interfaces/msg/detail/object__rosidl_typesupport_fastrtps_c.h
-- Installing: /home/donjoe/Documents/MagangBanyubramanta_DanielAdhitthana/install/interfaces/include/interfaces/interfaces/msg/detail/motion__rosidl_typesupport_fastrtps_c.h
-- Up-to-date: /home/donjoe/Documents/MagangBanyubramanta_DanielAdhitthana/install/interfaces/include/interfaces/interfaces/msg/rosidl_typesupport_fastrtps_c__visibility_control.h
-- Installing: /home/donjoe/Documents/MagangBanyubramanta_DanielAdhitthana/install/interfaces/lib/libinterfaces__rosidl_typesupport_fastrtps_c.so
-- Set runtime path of "/home/donjoe/Documents/MagangBanyubramanta_DanielAdhitthana/install/interfaces/lib/libinterfaces__rosidl_typesupport_fastrtps_c.so" to ""
-- Up-to-date: /home/donjoe/Documents/MagangBanyubramanta_DanielAdhitthana/install/interfaces/include/interfaces/interfaces
-- Up-to-date: /home/donjoe/Documents/MagangBanyubramanta_DanielAdhitthana/install/interfaces/include/interfaces/interfaces/msg
-- Up-to-date: /home/donjoe/Documents/MagangBanyubramanta_DanielAdhitthana/install/interfaces/include/interfaces/interfaces/msg/detail
-- Installing: /home/donjoe/Documents/MagangBanyubramanta_DanielAdhitthana/install/interfaces/include/interfaces/interfaces/msg/detail/gate__type_support.c
-- Installing: /home/donjoe/Documents/MagangBanyubramanta_DanielAdhitthana/install/interfaces/include/interfaces/interfaces/msg/detail/motion__rosidl_typesupport_introspection_c.h
-- Installing: /home/donjoe/Documents/MagangBanyubramanta_DanielAdhitthana/install/interfaces/include/interfaces/interfaces/msg/detail/gate__rosidl_typesupport_introspection_c.h
-- Installing: /home/donjoe/Documents/MagangBanyubramanta_DanielAdhitthana/install/interfaces/include/interfaces/interfaces/msg/detail/object__type_support.c
-- Installing: /home/donjoe/Documents/MagangBanyubramanta_DanielAdhitthana/install/interfaces/include/interfaces/interfaces/msg/detail/object__rosidl_typesupport_introspection_c.h
-- Installing: /home/donjoe/Documents/MagangBanyubramanta_DanielAdhitthana/install/interfaces/include/interfaces/interfaces/msg/detail/motion__type_support.c
-- Up-to-date: /home/donjoe/Documents/MagangBanyubramanta_DanielAdhitthana/install/interfaces/include/interfaces/interfaces/msg/rosidl_typesupport_introspection_c__visibility_control.h
-- Installing: /home/donjoe/Documents/MagangBanyubramanta_DanielAdhitthana/install/interfaces/lib/libinterfaces__rosidl_typesupport_introspection_c.so
-- Set runtime path of "/home/donjoe/Documents/MagangBanyubramanta_DanielAdhitthana/install/interfaces/lib/libinterfaces__rosidl_typesupport_introspection_c.so" to ""
-- Installing: /home/donjoe/Documents/MagangBanyubramanta_DanielAdhitthana/install/interfaces/lib/libinterfaces__rosidl_typesupport_c.so
-- Set runtime path of "/home/donjoe/Documents/MagangBanyubramanta_DanielAdhitthana/install/interfaces/lib/libinterfaces__rosidl_typesupport_c.so" to ""
-- Up-to-date: /home/donjoe/Documents/MagangBanyubramanta_DanielAdhitthana/install/interfaces/include/interfaces/interfaces
-- Up-to-date: /home/donjoe/Documents/MagangBanyubramanta_DanielAdhitthana/install/interfaces/include/interfaces/interfaces/msg
-- Installing: /home/donjoe/Documents/MagangBanyubramanta_DanielAdhitthana/install/interfaces/include/interfaces/interfaces/msg/object.hpp
-- Installing: /home/donjoe/Documents/MagangBanyubramanta_DanielAdhitthana/install/interfaces/include/interfaces/interfaces/msg/gate.hpp
-- Up-to-date: /home/donjoe/Documents/MagangBanyubramanta_DanielAdhitthana/install/interfaces/include/interfaces/interfaces/msg/detail
-- Installing: /home/donjoe/Documents/MagangBanyubramanta_DanielAdhitthana/install/interfaces/include/interfaces/interfaces/msg/detail/object__struct.hpp
-- Installing: /home/donjoe/Documents/MagangBanyubramanta_DanielAdhitthana/install/interfaces/include/interfaces/interfaces/msg/detail/gate__struct.hpp
-- Installing: /home/donjoe/Documents/MagangBanyubramanta_DanielAdhitthana/install/interfaces/include/interfaces/interfaces/msg/detail/gate__traits.hpp
-- Installing: /home/donjoe/Documents/MagangBanyubramanta_DanielAdhitthana/install/interfaces/include/interfaces/interfaces/msg/detail/motion__struct.hpp
-- Installing: /home/donjoe/Documents/MagangBanyubramanta_DanielAdhitthana/install/interfaces/include/interfaces/interfaces/msg/detail/motion__traits.hpp
-- Installing: /home/donjoe/Documents/MagangBanyubramanta_DanielAdhitthana/install/interfaces/include/interfaces/interfaces/msg/detail/object__builder.hpp
-- Installing: /home/donjoe/Documents/MagangBanyubramanta_DanielAdhitthana/install/interfaces/include/interfaces/interfaces/msg/detail/object__traits.hpp
-- Installing: /home/donjoe/Documents/MagangBanyubramanta_DanielAdhitthana/install/interfaces/include/interfaces/interfaces/msg/detail/gate__builder.hpp
-- Installing: /home/donjoe/Documents/MagangBanyubramanta_DanielAdhitthana/install/interfaces/include/interfaces/interfaces/msg/detail/motion__builder.hpp
-- Installing: /home/donjoe/Documents/MagangBanyubramanta_DanielAdhitthana/install/interfaces/include/interfaces/interfaces/msg/motion.hpp
-- Up-to-date: /home/donjoe/Documents/MagangBanyubramanta_DanielAdhitthana/install/interfaces/include/interfaces/interfaces
-- Up-to-date: /home/donjoe/Documents/MagangBanyubramanta_DanielAdhitthana/install/interfaces/include/interfaces/interfaces/msg
-- Up-to-date: /home/donjoe/Documents/MagangBanyubramanta_DanielAdhitthana/install/interfaces/include/interfaces/interfaces/msg/detail
-- Installing: /home/donjoe/Documents/MagangBanyubramanta_DanielAdhitthana/install/interfaces/include/interfaces/interfaces/msg/detail/object__rosidl_typesupport_fastrtps_cpp.hpp
-- Installing: /home/donjoe/Documents/MagangBanyubramanta_DanielAdhitthana/install/interfaces/include/interfaces/interfaces/msg/detail/gate__rosidl_typesupport_fastrtps_cpp.hpp
-- Up-to-date: /home/donjoe/Documents/MagangBanyubramanta_DanielAdhitthana/install/interfaces/include/interfaces/interfaces/msg/detail/dds_fastrtps
-- Installing: /home/donjoe/Documents/MagangBanyubramanta_DanielAdhitthana/install/interfaces/include/interfaces/interfaces/msg/detail/motion__rosidl_typesupport_fastrtps_cpp.hpp
-- Up-to-date: /home/donjoe/Documents/MagangBanyubramanta_DanielAdhitthana/install/interfaces/include/interfaces/interfaces/msg/rosidl_typesupport_fastrtps_cpp__visibility_control.h
-- Installing: /home/donjoe/Documents/MagangBanyubramanta_DanielAdhitthana/install/interfaces/lib/libinterfaces__rosidl_typesupport_fastrtps_cpp.so
-- Set runtime path of "/home/donjoe/Documents/MagangBanyubramanta_DanielAdhitthana/install/interfaces/lib/libinterfaces__rosidl_typesupport_fastrtps_cpp.so" to ""
-- Up-to-date: /home/donjoe/Documents/MagangBanyubramanta_DanielAdhitthana/install/interfaces/include/interfaces/interfaces
-- Up-to-date: /home/donjoe/Documents/MagangBanyubramanta_DanielAdhitthana/install/interfaces/include/interfaces/interfaces/msg
-- Up-to-date: /home/donjoe/Documents/MagangBanyubramanta_DanielAdhitthana/install/interfaces/include/interfaces/interfaces/msg/detail
-- Installing: /home/donjoe/Documents/MagangBanyubramanta_DanielAdhitthana/install/interfaces/include/interfaces/interfaces/msg/detail/motion__type_support.cpp
-- Installing: /home/donjoe/Documents/MagangBanyubramanta_DanielAdhitthana/install/interfaces/include/interfaces/interfaces/msg/detail/gate__rosidl_typesupport_introspection_cpp.hpp
-- Installing: /home/donjoe/Documents/MagangBanyubramanta_DanielAdhitthana/install/interfaces/include/interfaces/interfaces/msg/detail/object__rosidl_typesupport_introspection_cpp.hpp
-- Installing: /home/donjoe/Documents/MagangBanyubramanta_DanielAdhitthana/install/interfaces/include/interfaces/interfaces/msg/detail/motion__rosidl_typesupport_introspection_cpp.hpp
-- Installing: /home/donjoe/Documents/MagangBanyubramanta_DanielAdhitthana/install/interfaces/include/interfaces/interfaces/msg/detail/gate__type_support.cpp
-- Installing: /home/donjoe/Documents/MagangBanyubramanta_DanielAdhitthana/install/interfaces/include/interfaces/interfaces/msg/detail/object__type_support.cpp
-- Installing: /home/donjoe/Documents/MagangBanyubramanta_DanielAdhitthana/install/interfaces/lib/libinterfaces__rosidl_typesupport_introspection_cpp.so
-- Set runtime path of "/home/donjoe/Documents/MagangBanyubramanta_DanielAdhitthana/install/interfaces/lib/libinterfaces__rosidl_typesupport_introspection_cpp.so" to ""
-- Installing: /home/donjoe/Documents/MagangBanyubramanta_DanielAdhitthana/install/interfaces/lib/libinterfaces__rosidl_typesupport_cpp.so
-- Set runtime path of "/home/donjoe/Documents/MagangBanyubramanta_DanielAdhitthana/install/interfaces/lib/libinterfaces__rosidl_typesupport_cpp.so" to ""
-- Up-to-date: /home/donjoe/Documents/MagangBanyubramanta_DanielAdhitthana/install/interfaces/share/interfaces/environment/pythonpath.sh
-- Installing: /home/donjoe/Documents/MagangBanyubramanta_DanielAdhitthana/install/interfaces/share/interfaces/environment/pythonpath.dsv
-- Up-to-date: /home/donjoe/Documents/MagangBanyubramanta_DanielAdhitthana/install/interfaces/local/lib/python3.10/dist-packages/interfaces-0.0.0-py3.10.egg-info
-- Installing: /home/donjoe/Documents/MagangBanyubramanta_DanielAdhitthana/install/interfaces/local/lib/python3.10/dist-packages/interfaces-0.0.0-py3.10.egg-info/PKG-INFO
-- Installing: /home/donjoe/Documents/MagangBanyubramanta_DanielAdhitthana/install/interfaces/local/lib/python3.10/dist-packages/interfaces-0.0.0-py3.10.egg-info/SOURCES.txt
-- Installing: /home/donjoe/Documents/MagangBanyubramanta_DanielAdhitthana/install/interfaces/local/lib/python3.10/dist-packages/interfaces-0.0.0-py3.10.egg-info/dependency_links.txt
-- Installing: /home/donjoe/Documents/MagangBanyubramanta_DanielAdhitthana/install/interfaces/local/lib/python3.10/dist-packages/interfaces-0.0.0-py3.10.egg-info/top_level.txt
-- Up-to-date: /home/donjoe/Documents/MagangBanyubramanta_DanielAdhitthana/install/interfaces/local/lib/python3.10/dist-packages/interfaces
-- Installing: /home/donjoe/Documents/MagangBanyubramanta_DanielAdhitthana/install/interfaces/local/lib/python3.10/dist-packages/interfaces/interfaces_s__rosidl_typesupport_fastrtps_c.cpython-310-x86_64-linux-gnu.so
-- Installing: /home/donjoe/Documents/MagangBanyubramanta_DanielAdhitthana/install/interfaces/local/lib/python3.10/dist-packages/interfaces/_interfaces_s.ep.rosidl_typesupport_c.c
-- Installing: /home/donjoe/Documents/MagangBanyubramanta_DanielAdhitthana/install/interfaces/local/lib/python3.10/dist-packages/interfaces/libinterfaces__rosidl_generator_py.so
-- Installing: /home/donjoe/Documents/MagangBanyubramanta_DanielAdhitthana/install/interfaces/local/lib/python3.10/dist-packages/interfaces/_interfaces_s.ep.rosidl_typesupport_introspection_c.c
-- Installing: /home/donjoe/Documents/MagangBanyubramanta_DanielAdhitthana/install/interfaces/local/lib/python3.10/dist-packages/interfaces/interfaces_s__rosidl_typesupport_introspection_c.cpython-310-x86_64-linux-gnu.so
-- Up-to-date: /home/donjoe/Documents/MagangBanyubramanta_DanielAdhitthana/install/interfaces/local/lib/python3.10/dist-packages/interfaces/msg
-- Installing: /home/donjoe/Documents/MagangBanyubramanta_DanielAdhitthana/install/interfaces/local/lib/python3.10/dist-packages/interfaces/msg/_gate.py
-- Installing: /home/donjoe/Documents/MagangBanyubramanta_DanielAdhitthana/install/interfaces/local/lib/python3.10/dist-packages/interfaces/msg/_object_s.c
-- Installing: /home/donjoe/Documents/MagangBanyubramanta_DanielAdhitthana/install/interfaces/local/lib/python3.10/dist-packages/interfaces/msg/_motion_s.c
-- Installing: /home/donjoe/Documents/MagangBanyubramanta_DanielAdhitthana/install/interfaces/local/lib/python3.10/dist-packages/interfaces/msg/_object.py
-- Installing: /home/donjoe/Documents/MagangBanyubramanta_DanielAdhitthana/install/interfaces/local/lib/python3.10/dist-packages/interfaces/msg/_motion.py
-- Installing: /home/donjoe/Documents/MagangBanyubramanta_DanielAdhitthana/install/interfaces/local/lib/python3.10/dist-packages/interfaces/msg/__init__.py
-- Installing: /home/donjoe/Documents/MagangBanyubramanta_DanielAdhitthana/install/interfaces/local/lib/python3.10/dist-packages/interfaces/msg/_gate_s.c
-- Installing: /home/donjoe/Documents/MagangBanyubramanta_DanielAdhitthana/install/interfaces/local/lib/python3.10/dist-packages/interfaces/interfaces_s__rosidl_typesupport_c.cpython-310-x86_64-linux-gnu.so
-- Installing: /home/donjoe/Documents/MagangBanyubramanta_DanielAdhitthana/install/interfaces/local/lib/python3.10/dist-packages/interfaces/__init__.py
-- Installing: /home/donjoe/Documents/MagangBanyubramanta_DanielAdhitthana/install/interfaces/local/lib/python3.10/dist-packages/interfaces/_interfaces_s.ep.rosidl_typesupport_fastrtps_c.c
Listing '/home/donjoe/Documents/MagangBanyubramanta_DanielAdhitthana/install/interfaces/local/lib/python3.10/dist-packages/interfaces'...
Compiling '/home/donjoe/Documents/MagangBanyubramanta_DanielAdhitthana/install/interfaces/local/lib/python3.10/dist-packages/interfaces/__init__.py'...
Listing '/home/donjoe/Documents/MagangBanyubramanta_DanielAdhitthana/install/interfaces/local/lib/python3.10/dist-packages/interfaces/msg'...
Compiling '/home/donjoe/Documents/MagangBanyubramanta_DanielAdhitthana/install/interfaces/local/lib/python3.10/dist-packages/interfaces/msg/__init__.py'...
Compiling '/home/donjoe/Documents/MagangBanyubramanta_DanielAdhitthana/install/interfaces/local/lib/python3.10/dist-packages/interfaces/msg/_gate.py'...
Compiling '/home/donjoe/Documents/MagangBanyubramanta_DanielAdhitthana/install/interfaces/local/lib/python3.10/dist-packages/interfaces/msg/_motion.py'...
Compiling '/home/donjoe/Documents/MagangBanyubramanta_DanielAdhitthana/install/interfaces/local/lib/python3.10/dist-packages/interfaces/msg/_object.py'...
-- Installing: /home/donjoe/Documents/MagangBanyubramanta_DanielAdhitthana/install/interfaces/local/lib/python3.10/dist-packages/interfaces/interfaces_s__rosidl_typesupport_fastrtps_c.cpython-310-x86_64-linux-gnu.so
-- Set runtime path of "/home/donjoe/Documents/MagangBanyubramanta_DanielAdhitthana/install/interfaces/local/lib/python3.10/dist-packages/interfaces/interfaces_s__rosidl_typesupport_fastrtps_c.cpython-310-x86_64-linux-gnu.so" to ""
-- Installing: /home/donjoe/Documents/MagangBanyubramanta_DanielAdhitthana/install/interfaces/local/lib/python3.10/dist-packages/interfaces/interfaces_s__rosidl_typesupport_introspection_c.cpython-310-x86_64-linux-gnu.so
-- Set runtime path of "/home/donjoe/Documents/MagangBanyubramanta_DanielAdhitthana/install/interfaces/local/lib/python3.10/dist-packages/interfaces/interfaces_s__rosidl_typesupport_introspection_c.cpython-310-x86_64-linux-gnu.so" to ""
-- Installing: /home/donjoe/Documents/MagangBanyubramanta_DanielAdhitthana/install/interfaces/local/lib/python3.10/dist-packages/interfaces/interfaces_s__rosidl_typesupport_c.cpython-310-x86_64-linux-gnu.so
-- Set runtime path of "/home/donjoe/Documents/MagangBanyubramanta_DanielAdhitthana/install/interfaces/local/lib/python3.10/dist-packages/interfaces/interfaces_s__rosidl_typesupport_c.cpython-310-x86_64-linux-gnu.so" to ""
-- Installing: /home/donjoe/Documents/MagangBanyubramanta_DanielAdhitthana/install/interfaces/lib/libinterfaces__rosidl_generator_py.so
-- Set runtime path of "/home/donjoe/Documents/MagangBanyubramanta_DanielAdhitthana/install/interfaces/lib/libinterfaces__rosidl_generator_py.so" to ""
-- Up-to-date: /home/donjoe/Documents/MagangBanyubramanta_DanielAdhitthana/install/interfaces/share/interfaces/msg/Motion.idl
-- Installing: /home/donjoe/Documents/MagangBanyubramanta_DanielAdhitthana/install/interfaces/share/interfaces/msg/Object.idl
-- Installing: /home/donjoe/Documents/MagangBanyubramanta_DanielAdhitthana/install/interfaces/share/interfaces/msg/Gate.idl
-- Up-to-date: /home/donjoe/Documents/MagangBanyubramanta_DanielAdhitthana/install/interfaces/share/interfaces/msg/Motion.msg
-- Installing: /home/donjoe/Documents/MagangBanyubramanta_DanielAdhitthana/install/interfaces/share/interfaces/msg/Object.msg
-- Installing: /home/donjoe/Documents/MagangBanyubramanta_DanielAdhitthana/install/interfaces/share/interfaces/msg/Gate.msg
-- Up-to-date: /home/donjoe/Documents/MagangBanyubramanta_DanielAdhitthana/install/interfaces/share/ament_index/resource_index/package_run_dependencies/interfaces
-- Installing: /home/donjoe/Documents/MagangBanyubramanta_DanielAdhitthana/install/interfaces/share/ament_index/resource_index/parent_prefix_path/interfaces
-- Installing: /home/donjoe/Documents/MagangBanyubramanta_DanielAdhitthana/install/interfaces/share/interfaces/environment/ament_prefix_path.sh
-- Installing: /home/donjoe/Documents/MagangBanyubramanta_DanielAdhitthana/install/interfaces/share/interfaces/environment/ament_prefix_path.dsv
-- Installing: /home/donjoe/Documents/MagangBanyubramanta_DanielAdhitthana/install/interfaces/share/interfaces/environment/path.sh
-- Installing: /home/donjoe/Documents/MagangBanyubramanta_DanielAdhitthana/install/interfaces/share/interfaces/environment/path.dsv
-- Up-to-date: /home/donjoe/Documents/MagangBanyubramanta_DanielAdhitthana/install/interfaces/share/interfaces/local_setup.bash
-- Up-to-date: /home/donjoe/Documents/MagangBanyubramanta_DanielAdhitthana/install/interfaces/share/interfaces/local_setup.sh
-- Up-to-date: /home/donjoe/Documents/MagangBanyubramanta_DanielAdhitthana/install/interfaces/share/interfaces/local_setup.zsh
-- Installing: /home/donjoe/Documents/MagangBanyubramanta_DanielAdhitthana/install/interfaces/share/interfaces/local_setup.dsv
-- Installing: /home/donjoe/Documents/MagangBanyubramanta_DanielAdhitthana/install/interfaces/share/interfaces/package.dsv
-- Up-to-date: /home/donjoe/Documents/MagangBanyubramanta_DanielAdhitthana/install/interfaces/share/ament_index/resource_index/packages/interfaces
-- Up-to-date: /home/donjoe/Documents/MagangBanyubramanta_DanielAdhitthana/install/interfaces/share/interfaces/cmake/export_interfaces__rosidl_generator_cExport.cmake
-- Up-to-date: /home/donjoe/Documents/MagangBanyubramanta_DanielAdhitthana/install/interfaces/share/interfaces/cmake/export_interfaces__rosidl_generator_cExport-noconfig.cmake
-- Up-to-date: /home/donjoe/Documents/MagangBanyubramanta_DanielAdhitthana/install/interfaces/share/interfaces/cmake/export_interfaces__rosidl_typesupport_fastrtps_cExport.cmake
-- Up-to-date: /home/donjoe/Documents/MagangBanyubramanta_DanielAdhitthana/install/interfaces/share/interfaces/cmake/export_interfaces__rosidl_typesupport_fastrtps_cExport-noconfig.cmake
-- Up-to-date: /home/donjoe/Documents/MagangBanyubramanta_DanielAdhitthana/install/interfaces/share/interfaces/cmake/interfaces__rosidl_typesupport_introspection_cExport.cmake
-- Up-to-date: /home/donjoe/Documents/MagangBanyubramanta_DanielAdhitthana/install/interfaces/share/interfaces/cmake/interfaces__rosidl_typesupport_introspection_cExport-noconfig.cmake
-- Up-to-date: /home/donjoe/Documents/MagangBanyubramanta_DanielAdhitthana/install/interfaces/share/interfaces/cmake/interfaces__rosidl_typesupport_cExport.cmake
-- Up-to-date: /home/donjoe/Documents/MagangBanyubramanta_DanielAdhitthana/install/interfaces/share/interfaces/cmake/interfaces__rosidl_typesupport_cExport-noconfig.cmake
-- Up-to-date: /home/donjoe/Documents/MagangBanyubramanta_DanielAdhitthana/install/interfaces/share/interfaces/cmake/export_interfaces__rosidl_generator_cppExport.cmake
-- Up-to-date: /home/donjoe/Documents/MagangBanyubramanta_DanielAdhitthana/install/interfaces/share/interfaces/cmake/export_interfaces__rosidl_typesupport_fastrtps_cppExport.cmake
-- Up-to-date: /home/donjoe/Documents/MagangBanyubramanta_DanielAdhitthana/install/interfaces/share/interfaces/cmake/export_interfaces__rosidl_typesupport_fastrtps_cppExport-noconfig.cmake
-- Up-to-date: /home/donjoe/Documents/MagangBanyubramanta_DanielAdhitthana/install/interfaces/share/interfaces/cmake/interfaces__rosidl_typesupport_introspection_cppExport.cmake
-- Up-to-date: /home/donjoe/Documents/MagangBanyubramanta_DanielAdhitthana/install/interfaces/share/interfaces/cmake/interfaces__rosidl_typesupport_introspection_cppExport-noconfig.cmake
-- Up-to-date: /home/donjoe/Documents/MagangBanyubramanta_DanielAdhitthana/install/interfaces/share/interfaces/cmake/interfaces__rosidl_typesupport_cppExport.cmake
-- Up-to-date: /home/donjoe/Documents/MagangBanyubramanta_DanielAdhitthana/install/interfaces/share/interfaces/cmake/interfaces__rosidl_typesupport_cppExport-noconfig.cmake
-- Up-to-date: /home/donjoe/Documents/MagangBanyubramanta_DanielAdhitthana/install/interfaces/share/interfaces/cmake/export_interfaces__rosidl_generator_pyExport.cmake
-- Up-to-date: /home/donjoe/Documents/MagangBanyubramanta_DanielAdhitthana/install/interfaces/share/interfaces/cmake/export_interfaces__rosidl_generator_pyExport-noconfig.cmake
-- Up-to-date: /home/donjoe/Documents/MagangBanyubramanta_DanielAdhitthana/install/interfaces/share/interfaces/cmake/rosidl_cmake-extras.cmake
-- Up-to-date: /home/donjoe/Documents/MagangBanyubramanta_DanielAdhitthana/install/interfaces/share/interfaces/cmake/ament_cmake_export_include_directories-extras.cmake
-- Up-to-date: /home/donjoe/Documents/MagangBanyubramanta_DanielAdhitthana/install/interfaces/share/interfaces/cmake/ament_cmake_export_libraries-extras.cmake
-- Up-to-date: /home/donjoe/Documents/MagangBanyubramanta_DanielAdhitthana/install/interfaces/share/interfaces/cmake/ament_cmake_export_targets-extras.cmake
-- Up-to-date: /home/donjoe/Documents/MagangBanyubramanta_DanielAdhitthana/install/interfaces/share/interfaces/cmake/rosidl_cmake_export_typesupport_targets-extras.cmake
-- Up-to-date: /home/donjoe/Documents/MagangBanyubramanta_DanielAdhitthana/install/interfaces/share/interfaces/cmake/ament_cmake_export_dependencies-extras.cmake
-- Up-to-date: /home/donjoe/Documents/MagangBanyubramanta_DanielAdhitthana/install/interfaces/share/interfaces/cmake/rosidl_cmake_export_typesupport_libraries-extras.cmake
-- Up-to-date: /home/donjoe/Documents/MagangBanyubramanta_DanielAdhitthana/install/interfaces/share/interfaces/cmake/interfacesConfig.cmake
-- Up-to-date: /home/donjoe/Documents/MagangBanyubramanta_DanielAdhitthana/install/interfaces/share/interfaces/cmake/interfacesConfig-version.cmake
-- Up-to-date: /home/donjoe/Documents/MagangBanyubramanta_DanielAdhitthana/install/interfaces/share/interfaces/package.xml
