[0.671s] DEBUG:colcon:Command line arguments: ['/usr/bin/colcon', 'build', '--packages-select', 'camera']
[0.671s] DEBUG:colcon:Parsed command line arguments: Namespace(log_base=None, log_level=None, verb_name='build', build_base='build', install_base='install', merge_install=False, symlink_install=False, test_result_base=None, continue_on_error=False, executor='parallel', parallel_workers=4, event_handlers=None, ignore_user_meta=False, metas=['./colcon.meta'], base_paths=['.'], packages_ignore=None, packages_ignore_regex=None, paths=None, packages_up_to=None, packages_up_to_regex=None, packages_above=None, packages_above_and_dependencies=None, packages_above_depth=None, packages_select_by_dep=None, packages_skip_by_dep=None, packages_skip_up_to=None, packages_select_build_failed=False, packages_skip_build_finished=False, packages_select_test_failures=False, packages_skip_test_passed=False, packages_select=['camera'], packages_skip=None, packages_select_regex=None, packages_skip_regex=None, packages_start=None, packages_end=None, allow_overriding=[], cmake_args=None, cmake_target=None, cmake_target_skip_unavailable=False, cmake_clean_cache=False, cmake_clean_first=False, cmake_force_configure=False, ament_cmake_args=None, catkin_cmake_args=None, catkin_skip_building_tests=False, verb_parser=<colcon_defaults.argument_parser.defaults.DefaultArgumentsDecorator object at 0x7f2c7a931150>, verb_extension=<colcon_core.verb.build.BuildVerb object at 0x7f2c7a930cd0>, main=<bound method BuildVerb.main of <colcon_core.verb.build.BuildVerb object at 0x7f2c7a930cd0>>)
[0.712s] Level 1:colcon.colcon_core.package_discovery:discover_packages(colcon_meta) check parameters
[0.712s] Level 1:colcon.colcon_core.package_discovery:discover_packages(recursive) check parameters
[0.712s] Level 1:colcon.colcon_core.package_discovery:discover_packages(ignore) check parameters
[0.712s] Level 1:colcon.colcon_core.package_discovery:discover_packages(path) check parameters
[0.712s] Level 1:colcon.colcon_core.package_discovery:discover_packages(colcon_meta) discover
[0.712s] Level 1:colcon.colcon_core.package_discovery:discover_packages(recursive) discover
[0.712s] INFO:colcon.colcon_core.package_discovery:Crawling recursively for packages in '/home/donjoe/Documents/MagangBanyubramanta_DanielAdhitthana'
[0.712s] Level 1:colcon.colcon_core.package_identification:_identify(.) by extensions ['ignore', 'ignore_ament_install']
[0.712s] Level 1:colcon.colcon_core.package_identification:_identify(.) by extension 'ignore'
[0.712s] Level 1:colcon.colcon_core.package_identification:_identify(.) by extension 'ignore_ament_install'
[0.712s] Level 1:colcon.colcon_core.package_identification:_identify(.) by extensions ['colcon_pkg']
[0.712s] Level 1:colcon.colcon_core.package_identification:_identify(.) by extension 'colcon_pkg'
[0.712s] Level 1:colcon.colcon_core.package_identification:_identify(.) by extensions ['colcon_meta']
[0.712s] Level 1:colcon.colcon_core.package_identification:_identify(.) by extension 'colcon_meta'
[0.712s] Level 1:colcon.colcon_core.package_identification:_identify(.) by extensions ['ros']
[0.712s] Level 1:colcon.colcon_core.package_identification:_identify(.) by extension 'ros'
[0.723s] Level 1:colcon.colcon_core.package_identification:_identify(.) by extensions ['cmake', 'python']
[0.723s] Level 1:colcon.colcon_core.package_identification:_identify(.) by extension 'cmake'
[0.723s] Level 1:colcon.colcon_core.package_identification:_identify(.) by extension 'python'
[0.723s] Level 1:colcon.colcon_core.package_identification:_identify(.) by extensions ['python_setup_py']
[0.723s] Level 1:colcon.colcon_core.package_identification:_identify(.) by extension 'python_setup_py'
[0.723s] Level 1:colcon.colcon_core.package_identification:_identify(build) by extensions ['ignore', 'ignore_ament_install']
[0.723s] Level 1:colcon.colcon_core.package_identification:_identify(build) by extension 'ignore'
[0.723s] Level 1:colcon.colcon_core.package_identification:_identify(build) ignored
[0.723s] Level 1:colcon.colcon_core.package_identification:_identify(install) by extensions ['ignore', 'ignore_ament_install']
[0.723s] Level 1:colcon.colcon_core.package_identification:_identify(install) by extension 'ignore'
[0.723s] Level 1:colcon.colcon_core.package_identification:_identify(install) ignored
[0.723s] Level 1:colcon.colcon_core.package_identification:_identify(log) by extensions ['ignore', 'ignore_ament_install']
[0.723s] Level 1:colcon.colcon_core.package_identification:_identify(log) by extension 'ignore'
[0.723s] Level 1:colcon.colcon_core.package_identification:_identify(log) ignored
[0.723s] Level 1:colcon.colcon_core.package_identification:_identify(matlab) by extensions ['ignore', 'ignore_ament_install']
[0.724s] Level 1:colcon.colcon_core.package_identification:_identify(matlab) by extension 'ignore'
[0.724s] Level 1:colcon.colcon_core.package_identification:_identify(matlab) by extension 'ignore_ament_install'
[0.724s] Level 1:colcon.colcon_core.package_identification:_identify(matlab) by extensions ['colcon_pkg']
[0.724s] Level 1:colcon.colcon_core.package_identification:_identify(matlab) by extension 'colcon_pkg'
[0.724s] Level 1:colcon.colcon_core.package_identification:_identify(matlab) by extensions ['colcon_meta']
[0.724s] Level 1:colcon.colcon_core.package_identification:_identify(matlab) by extension 'colcon_meta'
[0.724s] Level 1:colcon.colcon_core.package_identification:_identify(matlab) by extensions ['ros']
[0.724s] Level 1:colcon.colcon_core.package_identification:_identify(matlab) by extension 'ros'
[0.724s] Level 1:colcon.colcon_core.package_identification:_identify(matlab) by extensions ['cmake', 'python']
[0.724s] Level 1:colcon.colcon_core.package_identification:_identify(matlab) by extension 'cmake'
[0.724s] Level 1:colcon.colcon_core.package_identification:_identify(matlab) by extension 'python'
[0.724s] Level 1:colcon.colcon_core.package_identification:_identify(matlab) by extensions ['python_setup_py']
[0.724s] Level 1:colcon.colcon_core.package_identification:_identify(matlab) by extension 'python_setup_py'
[0.724s] Level 1:colcon.colcon_core.package_identification:_identify(matlab/+bus_conv_fcns) by extensions ['ignore', 'ignore_ament_install']
[0.724s] Level 1:colcon.colcon_core.package_identification:_identify(matlab/+bus_conv_fcns) by extension 'ignore'
[0.724s] Level 1:colcon.colcon_core.package_identification:_identify(matlab/+bus_conv_fcns) by extension 'ignore_ament_install'
[0.724s] Level 1:colcon.colcon_core.package_identification:_identify(matlab/+bus_conv_fcns) by extensions ['colcon_pkg']
[0.724s] Level 1:colcon.colcon_core.package_identification:_identify(matlab/+bus_conv_fcns) by extension 'colcon_pkg'
[0.724s] Level 1:colcon.colcon_core.package_identification:_identify(matlab/+bus_conv_fcns) by extensions ['colcon_meta']
[0.724s] Level 1:colcon.colcon_core.package_identification:_identify(matlab/+bus_conv_fcns) by extension 'colcon_meta'
[0.724s] Level 1:colcon.colcon_core.package_identification:_identify(matlab/+bus_conv_fcns) by extensions ['ros']
[0.724s] Level 1:colcon.colcon_core.package_identification:_identify(matlab/+bus_conv_fcns) by extension 'ros'
[0.724s] Level 1:colcon.colcon_core.package_identification:_identify(matlab/+bus_conv_fcns) by extensions ['cmake', 'python']
[0.724s] Level 1:colcon.colcon_core.package_identification:_identify(matlab/+bus_conv_fcns) by extension 'cmake'
[0.724s] Level 1:colcon.colcon_core.package_identification:_identify(matlab/+bus_conv_fcns) by extension 'python'
[0.724s] Level 1:colcon.colcon_core.package_identification:_identify(matlab/+bus_conv_fcns) by extensions ['python_setup_py']
[0.724s] Level 1:colcon.colcon_core.package_identification:_identify(matlab/+bus_conv_fcns) by extension 'python_setup_py'
[0.724s] Level 1:colcon.colcon_core.package_identification:_identify(matlab/+bus_conv_fcns/+ros2) by extensions ['ignore', 'ignore_ament_install']
[0.724s] Level 1:colcon.colcon_core.package_identification:_identify(matlab/+bus_conv_fcns/+ros2) by extension 'ignore'
[0.724s] Level 1:colcon.colcon_core.package_identification:_identify(matlab/+bus_conv_fcns/+ros2) by extension 'ignore_ament_install'
[0.724s] Level 1:colcon.colcon_core.package_identification:_identify(matlab/+bus_conv_fcns/+ros2) by extensions ['colcon_pkg']
[0.724s] Level 1:colcon.colcon_core.package_identification:_identify(matlab/+bus_conv_fcns/+ros2) by extension 'colcon_pkg'
[0.725s] Level 1:colcon.colcon_core.package_identification:_identify(matlab/+bus_conv_fcns/+ros2) by extensions ['colcon_meta']
[0.725s] Level 1:colcon.colcon_core.package_identification:_identify(matlab/+bus_conv_fcns/+ros2) by extension 'colcon_meta'
[0.725s] Level 1:colcon.colcon_core.package_identification:_identify(matlab/+bus_conv_fcns/+ros2) by extensions ['ros']
[0.725s] Level 1:colcon.colcon_core.package_identification:_identify(matlab/+bus_conv_fcns/+ros2) by extension 'ros'
[0.725s] Level 1:colcon.colcon_core.package_identification:_identify(matlab/+bus_conv_fcns/+ros2) by extensions ['cmake', 'python']
[0.725s] Level 1:colcon.colcon_core.package_identification:_identify(matlab/+bus_conv_fcns/+ros2) by extension 'cmake'
[0.725s] Level 1:colcon.colcon_core.package_identification:_identify(matlab/+bus_conv_fcns/+ros2) by extension 'python'
[0.725s] Level 1:colcon.colcon_core.package_identification:_identify(matlab/+bus_conv_fcns/+ros2) by extensions ['python_setup_py']
[0.725s] Level 1:colcon.colcon_core.package_identification:_identify(matlab/+bus_conv_fcns/+ros2) by extension 'python_setup_py'
[0.725s] Level 1:colcon.colcon_core.package_identification:_identify(matlab/+bus_conv_fcns/+ros2/+busToMsg) by extensions ['ignore', 'ignore_ament_install']
[0.725s] Level 1:colcon.colcon_core.package_identification:_identify(matlab/+bus_conv_fcns/+ros2/+busToMsg) by extension 'ignore'
[0.725s] Level 1:colcon.colcon_core.package_identification:_identify(matlab/+bus_conv_fcns/+ros2/+busToMsg) by extension 'ignore_ament_install'
[0.725s] Level 1:colcon.colcon_core.package_identification:_identify(matlab/+bus_conv_fcns/+ros2/+busToMsg) by extensions ['colcon_pkg']
[0.725s] Level 1:colcon.colcon_core.package_identification:_identify(matlab/+bus_conv_fcns/+ros2/+busToMsg) by extension 'colcon_pkg'
[0.725s] Level 1:colcon.colcon_core.package_identification:_identify(matlab/+bus_conv_fcns/+ros2/+busToMsg) by extensions ['colcon_meta']
[0.725s] Level 1:colcon.colcon_core.package_identification:_identify(matlab/+bus_conv_fcns/+ros2/+busToMsg) by extension 'colcon_meta'
[0.725s] Level 1:colcon.colcon_core.package_identification:_identify(matlab/+bus_conv_fcns/+ros2/+busToMsg) by extensions ['ros']
[0.725s] Level 1:colcon.colcon_core.package_identification:_identify(matlab/+bus_conv_fcns/+ros2/+busToMsg) by extension 'ros'
[0.725s] Level 1:colcon.colcon_core.package_identification:_identify(matlab/+bus_conv_fcns/+ros2/+busToMsg) by extensions ['cmake', 'python']
[0.725s] Level 1:colcon.colcon_core.package_identification:_identify(matlab/+bus_conv_fcns/+ros2/+busToMsg) by extension 'cmake'
[0.725s] Level 1:colcon.colcon_core.package_identification:_identify(matlab/+bus_conv_fcns/+ros2/+busToMsg) by extension 'python'
[0.725s] Level 1:colcon.colcon_core.package_identification:_identify(matlab/+bus_conv_fcns/+ros2/+busToMsg) by extensions ['python_setup_py']
[0.725s] Level 1:colcon.colcon_core.package_identification:_identify(matlab/+bus_conv_fcns/+ros2/+busToMsg) by extension 'python_setup_py'
[0.725s] Level 1:colcon.colcon_core.package_identification:_identify(matlab/+bus_conv_fcns/+ros2/+busToMsg/+interfaces) by extensions ['ignore', 'ignore_ament_install']
[0.725s] Level 1:colcon.colcon_core.package_identification:_identify(matlab/+bus_conv_fcns/+ros2/+busToMsg/+interfaces) by extension 'ignore'
[0.725s] Level 1:colcon.colcon_core.package_identification:_identify(matlab/+bus_conv_fcns/+ros2/+busToMsg/+interfaces) by extension 'ignore_ament_install'
[0.725s] Level 1:colcon.colcon_core.package_identification:_identify(matlab/+bus_conv_fcns/+ros2/+busToMsg/+interfaces) by extensions ['colcon_pkg']
[0.725s] Level 1:colcon.colcon_core.package_identification:_identify(matlab/+bus_conv_fcns/+ros2/+busToMsg/+interfaces) by extension 'colcon_pkg'
[0.725s] Level 1:colcon.colcon_core.package_identification:_identify(matlab/+bus_conv_fcns/+ros2/+busToMsg/+interfaces) by extensions ['colcon_meta']
[0.726s] Level 1:colcon.colcon_core.package_identification:_identify(matlab/+bus_conv_fcns/+ros2/+busToMsg/+interfaces) by extension 'colcon_meta'
[0.726s] Level 1:colcon.colcon_core.package_identification:_identify(matlab/+bus_conv_fcns/+ros2/+busToMsg/+interfaces) by extensions ['ros']
[0.726s] Level 1:colcon.colcon_core.package_identification:_identify(matlab/+bus_conv_fcns/+ros2/+busToMsg/+interfaces) by extension 'ros'
[0.726s] Level 1:colcon.colcon_core.package_identification:_identify(matlab/+bus_conv_fcns/+ros2/+busToMsg/+interfaces) by extensions ['cmake', 'python']
[0.726s] Level 1:colcon.colcon_core.package_identification:_identify(matlab/+bus_conv_fcns/+ros2/+busToMsg/+interfaces) by extension 'cmake'
[0.726s] Level 1:colcon.colcon_core.package_identification:_identify(matlab/+bus_conv_fcns/+ros2/+busToMsg/+interfaces) by extension 'python'
[0.726s] Level 1:colcon.colcon_core.package_identification:_identify(matlab/+bus_conv_fcns/+ros2/+busToMsg/+interfaces) by extensions ['python_setup_py']
[0.726s] Level 1:colcon.colcon_core.package_identification:_identify(matlab/+bus_conv_fcns/+ros2/+busToMsg/+interfaces) by extension 'python_setup_py'
[0.726s] Level 1:colcon.colcon_core.package_identification:_identify(matlab/+bus_conv_fcns/+ros2/+msgToBus) by extensions ['ignore', 'ignore_ament_install']
[0.726s] Level 1:colcon.colcon_core.package_identification:_identify(matlab/+bus_conv_fcns/+ros2/+msgToBus) by extension 'ignore'
[0.726s] Level 1:colcon.colcon_core.package_identification:_identify(matlab/+bus_conv_fcns/+ros2/+msgToBus) by extension 'ignore_ament_install'
[0.726s] Level 1:colcon.colcon_core.package_identification:_identify(matlab/+bus_conv_fcns/+ros2/+msgToBus) by extensions ['colcon_pkg']
[0.726s] Level 1:colcon.colcon_core.package_identification:_identify(matlab/+bus_conv_fcns/+ros2/+msgToBus) by extension 'colcon_pkg'
[0.726s] Level 1:colcon.colcon_core.package_identification:_identify(matlab/+bus_conv_fcns/+ros2/+msgToBus) by extensions ['colcon_meta']
[0.726s] Level 1:colcon.colcon_core.package_identification:_identify(matlab/+bus_conv_fcns/+ros2/+msgToBus) by extension 'colcon_meta'
[0.726s] Level 1:colcon.colcon_core.package_identification:_identify(matlab/+bus_conv_fcns/+ros2/+msgToBus) by extensions ['ros']
[0.726s] Level 1:colcon.colcon_core.package_identification:_identify(matlab/+bus_conv_fcns/+ros2/+msgToBus) by extension 'ros'
[0.726s] Level 1:colcon.colcon_core.package_identification:_identify(matlab/+bus_conv_fcns/+ros2/+msgToBus) by extensions ['cmake', 'python']
[0.726s] Level 1:colcon.colcon_core.package_identification:_identify(matlab/+bus_conv_fcns/+ros2/+msgToBus) by extension 'cmake'
[0.726s] Level 1:colcon.colcon_core.package_identification:_identify(matlab/+bus_conv_fcns/+ros2/+msgToBus) by extension 'python'
[0.726s] Level 1:colcon.colcon_core.package_identification:_identify(matlab/+bus_conv_fcns/+ros2/+msgToBus) by extensions ['python_setup_py']
[0.726s] Level 1:colcon.colcon_core.package_identification:_identify(matlab/+bus_conv_fcns/+ros2/+msgToBus) by extension 'python_setup_py'
[0.726s] Level 1:colcon.colcon_core.package_identification:_identify(matlab/+bus_conv_fcns/+ros2/+msgToBus/+interfaces) by extensions ['ignore', 'ignore_ament_install']
[0.726s] Level 1:colcon.colcon_core.package_identification:_identify(matlab/+bus_conv_fcns/+ros2/+msgToBus/+interfaces) by extension 'ignore'
[0.726s] Level 1:colcon.colcon_core.package_identification:_identify(matlab/+bus_conv_fcns/+ros2/+msgToBus/+interfaces) by extension 'ignore_ament_install'
[0.726s] Level 1:colcon.colcon_core.package_identification:_identify(matlab/+bus_conv_fcns/+ros2/+msgToBus/+interfaces) by extensions ['colcon_pkg']
[0.726s] Level 1:colcon.colcon_core.package_identification:_identify(matlab/+bus_conv_fcns/+ros2/+msgToBus/+interfaces) by extension 'colcon_pkg'
[0.726s] Level 1:colcon.colcon_core.package_identification:_identify(matlab/+bus_conv_fcns/+ros2/+msgToBus/+interfaces) by extensions ['colcon_meta']
[0.726s] Level 1:colcon.colcon_core.package_identification:_identify(matlab/+bus_conv_fcns/+ros2/+msgToBus/+interfaces) by extension 'colcon_meta'
[0.726s] Level 1:colcon.colcon_core.package_identification:_identify(matlab/+bus_conv_fcns/+ros2/+msgToBus/+interfaces) by extensions ['ros']
[0.726s] Level 1:colcon.colcon_core.package_identification:_identify(matlab/+bus_conv_fcns/+ros2/+msgToBus/+interfaces) by extension 'ros'
[0.727s] Level 1:colcon.colcon_core.package_identification:_identify(matlab/+bus_conv_fcns/+ros2/+msgToBus/+interfaces) by extensions ['cmake', 'python']
[0.727s] Level 1:colcon.colcon_core.package_identification:_identify(matlab/+bus_conv_fcns/+ros2/+msgToBus/+interfaces) by extension 'cmake'
[0.727s] Level 1:colcon.colcon_core.package_identification:_identify(matlab/+bus_conv_fcns/+ros2/+msgToBus/+interfaces) by extension 'python'
[0.727s] Level 1:colcon.colcon_core.package_identification:_identify(matlab/+bus_conv_fcns/+ros2/+msgToBus/+interfaces) by extensions ['python_setup_py']
[0.727s] Level 1:colcon.colcon_core.package_identification:_identify(matlab/+bus_conv_fcns/+ros2/+msgToBus/+interfaces) by extension 'python_setup_py'
[0.727s] Level 1:colcon.colcon_core.package_identification:_identify(matlab/custom) by extensions ['ignore', 'ignore_ament_install']
[0.727s] Level 1:colcon.colcon_core.package_identification:_identify(matlab/custom) by extension 'ignore'
[0.727s] Level 1:colcon.colcon_core.package_identification:_identify(matlab/custom) by extension 'ignore_ament_install'
[0.727s] Level 1:colcon.colcon_core.package_identification:_identify(matlab/custom) by extensions ['colcon_pkg']
[0.727s] Level 1:colcon.colcon_core.package_identification:_identify(matlab/custom) by extension 'colcon_pkg'
[0.727s] Level 1:colcon.colcon_core.package_identification:_identify(matlab/custom) by extensions ['colcon_meta']
[0.727s] Level 1:colcon.colcon_core.package_identification:_identify(matlab/custom) by extension 'colcon_meta'
[0.727s] Level 1:colcon.colcon_core.package_identification:_identify(matlab/custom) by extensions ['ros']
[0.727s] Level 1:colcon.colcon_core.package_identification:_identify(matlab/custom) by extension 'ros'
[0.727s] Level 1:colcon.colcon_core.package_identification:_identify(matlab/custom) by extensions ['cmake', 'python']
[0.727s] Level 1:colcon.colcon_core.package_identification:_identify(matlab/custom) by extension 'cmake'
[0.727s] Level 1:colcon.colcon_core.package_identification:_identify(matlab/custom) by extension 'python'
[0.727s] Level 1:colcon.colcon_core.package_identification:_identify(matlab/custom) by extensions ['python_setup_py']
[0.727s] Level 1:colcon.colcon_core.package_identification:_identify(matlab/custom) by extension 'python_setup_py'
[0.727s] Level 1:colcon.colcon_core.package_identification:_identify(matlab/custom/interfaces) by extensions ['ignore', 'ignore_ament_install']
[0.727s] Level 1:colcon.colcon_core.package_identification:_identify(matlab/custom/interfaces) by extension 'ignore'
[0.727s] Level 1:colcon.colcon_core.package_identification:_identify(matlab/custom/interfaces) by extension 'ignore_ament_install'
[0.727s] Level 1:colcon.colcon_core.package_identification:_identify(matlab/custom/interfaces) by extensions ['colcon_pkg']
[0.727s] Level 1:colcon.colcon_core.package_identification:_identify(matlab/custom/interfaces) by extension 'colcon_pkg'
[0.727s] Level 1:colcon.colcon_core.package_identification:_identify(matlab/custom/interfaces) by extensions ['colcon_meta']
[0.727s] Level 1:colcon.colcon_core.package_identification:_identify(matlab/custom/interfaces) by extension 'colcon_meta'
[0.727s] Level 1:colcon.colcon_core.package_identification:_identify(matlab/custom/interfaces) by extensions ['ros']
[0.727s] Level 1:colcon.colcon_core.package_identification:_identify(matlab/custom/interfaces) by extension 'ros'
[0.727s] Level 1:colcon.colcon_core.package_identification:_identify(matlab/custom/interfaces) by extensions ['cmake', 'python']
[0.727s] Level 1:colcon.colcon_core.package_identification:_identify(matlab/custom/interfaces) by extension 'cmake'
[0.727s] Level 1:colcon.colcon_core.package_identification:_identify(matlab/custom/interfaces) by extension 'python'
[0.727s] Level 1:colcon.colcon_core.package_identification:_identify(matlab/custom/interfaces) by extensions ['python_setup_py']
[0.727s] Level 1:colcon.colcon_core.package_identification:_identify(matlab/custom/interfaces) by extension 'python_setup_py'
[0.728s] Level 1:colcon.colcon_core.package_identification:_identify(matlab/custom/interfaces/msg) by extensions ['ignore', 'ignore_ament_install']
[0.728s] Level 1:colcon.colcon_core.package_identification:_identify(matlab/custom/interfaces/msg) by extension 'ignore'
[0.728s] Level 1:colcon.colcon_core.package_identification:_identify(matlab/custom/interfaces/msg) by extension 'ignore_ament_install'
[0.728s] Level 1:colcon.colcon_core.package_identification:_identify(matlab/custom/interfaces/msg) by extensions ['colcon_pkg']
[0.728s] Level 1:colcon.colcon_core.package_identification:_identify(matlab/custom/interfaces/msg) by extension 'colcon_pkg'
[0.728s] Level 1:colcon.colcon_core.package_identification:_identify(matlab/custom/interfaces/msg) by extensions ['colcon_meta']
[0.728s] Level 1:colcon.colcon_core.package_identification:_identify(matlab/custom/interfaces/msg) by extension 'colcon_meta'
[0.728s] Level 1:colcon.colcon_core.package_identification:_identify(matlab/custom/interfaces/msg) by extensions ['ros']
[0.728s] Level 1:colcon.colcon_core.package_identification:_identify(matlab/custom/interfaces/msg) by extension 'ros'
[0.728s] Level 1:colcon.colcon_core.package_identification:_identify(matlab/custom/interfaces/msg) by extensions ['cmake', 'python']
[0.728s] Level 1:colcon.colcon_core.package_identification:_identify(matlab/custom/interfaces/msg) by extension 'cmake'
[0.728s] Level 1:colcon.colcon_core.package_identification:_identify(matlab/custom/interfaces/msg) by extension 'python'
[0.728s] Level 1:colcon.colcon_core.package_identification:_identify(matlab/custom/interfaces/msg) by extensions ['python_setup_py']
[0.728s] Level 1:colcon.colcon_core.package_identification:_identify(matlab/custom/interfaces/msg) by extension 'python_setup_py'
[0.728s] Level 1:colcon.colcon_core.package_identification:_identify(matlab/custom/matlab_msg_gen) by extensions ['ignore', 'ignore_ament_install']
[0.728s] Level 1:colcon.colcon_core.package_identification:_identify(matlab/custom/matlab_msg_gen) by extension 'ignore'
[0.728s] Level 1:colcon.colcon_core.package_identification:_identify(matlab/custom/matlab_msg_gen) ignored
[0.728s] Level 1:colcon.colcon_core.package_identification:_identify(matlab/slprj) by extensions ['ignore', 'ignore_ament_install']
[0.728s] Level 1:colcon.colcon_core.package_identification:_identify(matlab/slprj) by extension 'ignore'
[0.728s] Level 1:colcon.colcon_core.package_identification:_identify(matlab/slprj) by extension 'ignore_ament_install'
[0.728s] Level 1:colcon.colcon_core.package_identification:_identify(matlab/slprj) by extensions ['colcon_pkg']
[0.728s] Level 1:colcon.colcon_core.package_identification:_identify(matlab/slprj) by extension 'colcon_pkg'
[0.728s] Level 1:colcon.colcon_core.package_identification:_identify(matlab/slprj) by extensions ['colcon_meta']
[0.728s] Level 1:colcon.colcon_core.package_identification:_identify(matlab/slprj) by extension 'colcon_meta'
[0.728s] Level 1:colcon.colcon_core.package_identification:_identify(matlab/slprj) by extensions ['ros']
[0.728s] Level 1:colcon.colcon_core.package_identification:_identify(matlab/slprj) by extension 'ros'
[0.728s] Level 1:colcon.colcon_core.package_identification:_identify(matlab/slprj) by extensions ['cmake', 'python']
[0.728s] Level 1:colcon.colcon_core.package_identification:_identify(matlab/slprj) by extension 'cmake'
[0.728s] Level 1:colcon.colcon_core.package_identification:_identify(matlab/slprj) by extension 'python'
[0.728s] Level 1:colcon.colcon_core.package_identification:_identify(matlab/slprj) by extensions ['python_setup_py']
[0.729s] Level 1:colcon.colcon_core.package_identification:_identify(matlab/slprj) by extension 'python_setup_py'
[0.729s] Level 1:colcon.colcon_core.package_identification:_identify(matlab/slprj/_jitprj) by extensions ['ignore', 'ignore_ament_install']
[0.729s] Level 1:colcon.colcon_core.package_identification:_identify(matlab/slprj/_jitprj) by extension 'ignore'
[0.729s] Level 1:colcon.colcon_core.package_identification:_identify(matlab/slprj/_jitprj) by extension 'ignore_ament_install'
[0.729s] Level 1:colcon.colcon_core.package_identification:_identify(matlab/slprj/_jitprj) by extensions ['colcon_pkg']
[0.729s] Level 1:colcon.colcon_core.package_identification:_identify(matlab/slprj/_jitprj) by extension 'colcon_pkg'
[0.729s] Level 1:colcon.colcon_core.package_identification:_identify(matlab/slprj/_jitprj) by extensions ['colcon_meta']
[0.729s] Level 1:colcon.colcon_core.package_identification:_identify(matlab/slprj/_jitprj) by extension 'colcon_meta'
[0.729s] Level 1:colcon.colcon_core.package_identification:_identify(matlab/slprj/_jitprj) by extensions ['ros']
[0.729s] Level 1:colcon.colcon_core.package_identification:_identify(matlab/slprj/_jitprj) by extension 'ros'
[0.729s] Level 1:colcon.colcon_core.package_identification:_identify(matlab/slprj/_jitprj) by extensions ['cmake', 'python']
[0.729s] Level 1:colcon.colcon_core.package_identification:_identify(matlab/slprj/_jitprj) by extension 'cmake'
[0.729s] Level 1:colcon.colcon_core.package_identification:_identify(matlab/slprj/_jitprj) by extension 'python'
[0.729s] Level 1:colcon.colcon_core.package_identification:_identify(matlab/slprj/_jitprj) by extensions ['python_setup_py']
[0.729s] Level 1:colcon.colcon_core.package_identification:_identify(matlab/slprj/_jitprj) by extension 'python_setup_py'
[0.729s] Level 1:colcon.colcon_core.package_identification:_identify(matlab/slprj/_sfprj) by extensions ['ignore', 'ignore_ament_install']
[0.729s] Level 1:colcon.colcon_core.package_identification:_identify(matlab/slprj/_sfprj) by extension 'ignore'
[0.729s] Level 1:colcon.colcon_core.package_identification:_identify(matlab/slprj/_sfprj) by extension 'ignore_ament_install'
[0.729s] Level 1:colcon.colcon_core.package_identification:_identify(matlab/slprj/_sfprj) by extensions ['colcon_pkg']
[0.729s] Level 1:colcon.colcon_core.package_identification:_identify(matlab/slprj/_sfprj) by extension 'colcon_pkg'
[0.729s] Level 1:colcon.colcon_core.package_identification:_identify(matlab/slprj/_sfprj) by extensions ['colcon_meta']
[0.729s] Level 1:colcon.colcon_core.package_identification:_identify(matlab/slprj/_sfprj) by extension 'colcon_meta'
[0.729s] Level 1:colcon.colcon_core.package_identification:_identify(matlab/slprj/_sfprj) by extensions ['ros']
[0.729s] Level 1:colcon.colcon_core.package_identification:_identify(matlab/slprj/_sfprj) by extension 'ros'
[0.729s] Level 1:colcon.colcon_core.package_identification:_identify(matlab/slprj/_sfprj) by extensions ['cmake', 'python']
[0.729s] Level 1:colcon.colcon_core.package_identification:_identify(matlab/slprj/_sfprj) by extension 'cmake'
[0.729s] Level 1:colcon.colcon_core.package_identification:_identify(matlab/slprj/_sfprj) by extension 'python'
[0.729s] Level 1:colcon.colcon_core.package_identification:_identify(matlab/slprj/_sfprj) by extensions ['python_setup_py']
[0.729s] Level 1:colcon.colcon_core.package_identification:_identify(matlab/slprj/_sfprj) by extension 'python_setup_py'
[0.729s] Level 1:colcon.colcon_core.package_identification:_identify(matlab/slprj/_sfprj/EMLReport) by extensions ['ignore', 'ignore_ament_install']
[0.729s] Level 1:colcon.colcon_core.package_identification:_identify(matlab/slprj/_sfprj/EMLReport) by extension 'ignore'
[0.730s] Level 1:colcon.colcon_core.package_identification:_identify(matlab/slprj/_sfprj/EMLReport) by extension 'ignore_ament_install'
[0.730s] Level 1:colcon.colcon_core.package_identification:_identify(matlab/slprj/_sfprj/EMLReport) by extensions ['colcon_pkg']
[0.730s] Level 1:colcon.colcon_core.package_identification:_identify(matlab/slprj/_sfprj/EMLReport) by extension 'colcon_pkg'
[0.730s] Level 1:colcon.colcon_core.package_identification:_identify(matlab/slprj/_sfprj/EMLReport) by extensions ['colcon_meta']
[0.730s] Level 1:colcon.colcon_core.package_identification:_identify(matlab/slprj/_sfprj/EMLReport) by extension 'colcon_meta'
[0.730s] Level 1:colcon.colcon_core.package_identification:_identify(matlab/slprj/_sfprj/EMLReport) by extensions ['ros']
[0.730s] Level 1:colcon.colcon_core.package_identification:_identify(matlab/slprj/_sfprj/EMLReport) by extension 'ros'
[0.730s] Level 1:colcon.colcon_core.package_identification:_identify(matlab/slprj/_sfprj/EMLReport) by extensions ['cmake', 'python']
[0.730s] Level 1:colcon.colcon_core.package_identification:_identify(matlab/slprj/_sfprj/EMLReport) by extension 'cmake'
[0.730s] Level 1:colcon.colcon_core.package_identification:_identify(matlab/slprj/_sfprj/EMLReport) by extension 'python'
[0.730s] Level 1:colcon.colcon_core.package_identification:_identify(matlab/slprj/_sfprj/EMLReport) by extensions ['python_setup_py']
[0.730s] Level 1:colcon.colcon_core.package_identification:_identify(matlab/slprj/_sfprj/EMLReport) by extension 'python_setup_py'
[0.730s] Level 1:colcon.colcon_core.package_identification:_identify(matlab/slprj/_sfprj/EMLReport/s881rqxAgeOp6s2tFfG9OoD) by extensions ['ignore', 'ignore_ament_install']
[0.730s] Level 1:colcon.colcon_core.package_identification:_identify(matlab/slprj/_sfprj/EMLReport/s881rqxAgeOp6s2tFfG9OoD) by extension 'ignore'
[0.730s] Level 1:colcon.colcon_core.package_identification:_identify(matlab/slprj/_sfprj/EMLReport/s881rqxAgeOp6s2tFfG9OoD) by extension 'ignore_ament_install'
[0.730s] Level 1:colcon.colcon_core.package_identification:_identify(matlab/slprj/_sfprj/EMLReport/s881rqxAgeOp6s2tFfG9OoD) by extensions ['colcon_pkg']
[0.730s] Level 1:colcon.colcon_core.package_identification:_identify(matlab/slprj/_sfprj/EMLReport/s881rqxAgeOp6s2tFfG9OoD) by extension 'colcon_pkg'
[0.730s] Level 1:colcon.colcon_core.package_identification:_identify(matlab/slprj/_sfprj/EMLReport/s881rqxAgeOp6s2tFfG9OoD) by extensions ['colcon_meta']
[0.730s] Level 1:colcon.colcon_core.package_identification:_identify(matlab/slprj/_sfprj/EMLReport/s881rqxAgeOp6s2tFfG9OoD) by extension 'colcon_meta'
[0.730s] Level 1:colcon.colcon_core.package_identification:_identify(matlab/slprj/_sfprj/EMLReport/s881rqxAgeOp6s2tFfG9OoD) by extensions ['ros']
[0.730s] Level 1:colcon.colcon_core.package_identification:_identify(matlab/slprj/_sfprj/EMLReport/s881rqxAgeOp6s2tFfG9OoD) by extension 'ros'
[0.730s] Level 1:colcon.colcon_core.package_identification:_identify(matlab/slprj/_sfprj/EMLReport/s881rqxAgeOp6s2tFfG9OoD) by extensions ['cmake', 'python']
[0.730s] Level 1:colcon.colcon_core.package_identification:_identify(matlab/slprj/_sfprj/EMLReport/s881rqxAgeOp6s2tFfG9OoD) by extension 'cmake'
[0.730s] Level 1:colcon.colcon_core.package_identification:_identify(matlab/slprj/_sfprj/EMLReport/s881rqxAgeOp6s2tFfG9OoD) by extension 'python'
[0.730s] Level 1:colcon.colcon_core.package_identification:_identify(matlab/slprj/_sfprj/EMLReport/s881rqxAgeOp6s2tFfG9OoD) by extensions ['python_setup_py']
[0.730s] Level 1:colcon.colcon_core.package_identification:_identify(matlab/slprj/_sfprj/EMLReport/s881rqxAgeOp6s2tFfG9OoD) by extension 'python_setup_py'
[0.730s] Level 1:colcon.colcon_core.package_identification:_identify(matlab/slprj/_sfprj/EMLReport/sFapP3YcaBS6dtB7MJGzGpE) by extensions ['ignore', 'ignore_ament_install']
[0.730s] Level 1:colcon.colcon_core.package_identification:_identify(matlab/slprj/_sfprj/EMLReport/sFapP3YcaBS6dtB7MJGzGpE) by extension 'ignore'
[0.731s] Level 1:colcon.colcon_core.package_identification:_identify(matlab/slprj/_sfprj/EMLReport/sFapP3YcaBS6dtB7MJGzGpE) by extension 'ignore_ament_install'
[0.731s] Level 1:colcon.colcon_core.package_identification:_identify(matlab/slprj/_sfprj/EMLReport/sFapP3YcaBS6dtB7MJGzGpE) by extensions ['colcon_pkg']
[0.731s] Level 1:colcon.colcon_core.package_identification:_identify(matlab/slprj/_sfprj/EMLReport/sFapP3YcaBS6dtB7MJGzGpE) by extension 'colcon_pkg'
[0.731s] Level 1:colcon.colcon_core.package_identification:_identify(matlab/slprj/_sfprj/EMLReport/sFapP3YcaBS6dtB7MJGzGpE) by extensions ['colcon_meta']
[0.731s] Level 1:colcon.colcon_core.package_identification:_identify(matlab/slprj/_sfprj/EMLReport/sFapP3YcaBS6dtB7MJGzGpE) by extension 'colcon_meta'
[0.731s] Level 1:colcon.colcon_core.package_identification:_identify(matlab/slprj/_sfprj/EMLReport/sFapP3YcaBS6dtB7MJGzGpE) by extensions ['ros']
[0.731s] Level 1:colcon.colcon_core.package_identification:_identify(matlab/slprj/_sfprj/EMLReport/sFapP3YcaBS6dtB7MJGzGpE) by extension 'ros'
[0.731s] Level 1:colcon.colcon_core.package_identification:_identify(matlab/slprj/_sfprj/EMLReport/sFapP3YcaBS6dtB7MJGzGpE) by extensions ['cmake', 'python']
[0.731s] Level 1:colcon.colcon_core.package_identification:_identify(matlab/slprj/_sfprj/EMLReport/sFapP3YcaBS6dtB7MJGzGpE) by extension 'cmake'
[0.731s] Level 1:colcon.colcon_core.package_identification:_identify(matlab/slprj/_sfprj/EMLReport/sFapP3YcaBS6dtB7MJGzGpE) by extension 'python'
[0.731s] Level 1:colcon.colcon_core.package_identification:_identify(matlab/slprj/_sfprj/EMLReport/sFapP3YcaBS6dtB7MJGzGpE) by extensions ['python_setup_py']
[0.731s] Level 1:colcon.colcon_core.package_identification:_identify(matlab/slprj/_sfprj/EMLReport/sFapP3YcaBS6dtB7MJGzGpE) by extension 'python_setup_py'
[0.731s] Level 1:colcon.colcon_core.package_identification:_identify(matlab/slprj/_sfprj/EMLReport/sTfkDIGt9NcJQoyuP99hI4B) by extensions ['ignore', 'ignore_ament_install']
[0.731s] Level 1:colcon.colcon_core.package_identification:_identify(matlab/slprj/_sfprj/EMLReport/sTfkDIGt9NcJQoyuP99hI4B) by extension 'ignore'
[0.731s] Level 1:colcon.colcon_core.package_identification:_identify(matlab/slprj/_sfprj/EMLReport/sTfkDIGt9NcJQoyuP99hI4B) by extension 'ignore_ament_install'
[0.731s] Level 1:colcon.colcon_core.package_identification:_identify(matlab/slprj/_sfprj/EMLReport/sTfkDIGt9NcJQoyuP99hI4B) by extensions ['colcon_pkg']
[0.731s] Level 1:colcon.colcon_core.package_identification:_identify(matlab/slprj/_sfprj/EMLReport/sTfkDIGt9NcJQoyuP99hI4B) by extension 'colcon_pkg'
[0.731s] Level 1:colcon.colcon_core.package_identification:_identify(matlab/slprj/_sfprj/EMLReport/sTfkDIGt9NcJQoyuP99hI4B) by extensions ['colcon_meta']
[0.731s] Level 1:colcon.colcon_core.package_identification:_identify(matlab/slprj/_sfprj/EMLReport/sTfkDIGt9NcJQoyuP99hI4B) by extension 'colcon_meta'
[0.731s] Level 1:colcon.colcon_core.package_identification:_identify(matlab/slprj/_sfprj/EMLReport/sTfkDIGt9NcJQoyuP99hI4B) by extensions ['ros']
[0.731s] Level 1:colcon.colcon_core.package_identification:_identify(matlab/slprj/_sfprj/EMLReport/sTfkDIGt9NcJQoyuP99hI4B) by extension 'ros'
[0.731s] Level 1:colcon.colcon_core.package_identification:_identify(matlab/slprj/_sfprj/EMLReport/sTfkDIGt9NcJQoyuP99hI4B) by extensions ['cmake', 'python']
[0.731s] Level 1:colcon.colcon_core.package_identification:_identify(matlab/slprj/_sfprj/EMLReport/sTfkDIGt9NcJQoyuP99hI4B) by extension 'cmake'
[0.731s] Level 1:colcon.colcon_core.package_identification:_identify(matlab/slprj/_sfprj/EMLReport/sTfkDIGt9NcJQoyuP99hI4B) by extension 'python'
[0.731s] Level 1:colcon.colcon_core.package_identification:_identify(matlab/slprj/_sfprj/EMLReport/sTfkDIGt9NcJQoyuP99hI4B) by extensions ['python_setup_py']
[0.731s] Level 1:colcon.colcon_core.package_identification:_identify(matlab/slprj/_sfprj/EMLReport/sTfkDIGt9NcJQoyuP99hI4B) by extension 'python_setup_py'
[0.731s] Level 1:colcon.colcon_core.package_identification:_identify(matlab/slprj/_sfprj/EMLReport/slyDQOC2mqxD6eAmbTuCZUH) by extensions ['ignore', 'ignore_ament_install']
[0.731s] Level 1:colcon.colcon_core.package_identification:_identify(matlab/slprj/_sfprj/EMLReport/slyDQOC2mqxD6eAmbTuCZUH) by extension 'ignore'
[0.731s] Level 1:colcon.colcon_core.package_identification:_identify(matlab/slprj/_sfprj/EMLReport/slyDQOC2mqxD6eAmbTuCZUH) by extension 'ignore_ament_install'
[0.731s] Level 1:colcon.colcon_core.package_identification:_identify(matlab/slprj/_sfprj/EMLReport/slyDQOC2mqxD6eAmbTuCZUH) by extensions ['colcon_pkg']
[0.731s] Level 1:colcon.colcon_core.package_identification:_identify(matlab/slprj/_sfprj/EMLReport/slyDQOC2mqxD6eAmbTuCZUH) by extension 'colcon_pkg'
[0.731s] Level 1:colcon.colcon_core.package_identification:_identify(matlab/slprj/_sfprj/EMLReport/slyDQOC2mqxD6eAmbTuCZUH) by extensions ['colcon_meta']
[0.731s] Level 1:colcon.colcon_core.package_identification:_identify(matlab/slprj/_sfprj/EMLReport/slyDQOC2mqxD6eAmbTuCZUH) by extension 'colcon_meta'
[0.732s] Level 1:colcon.colcon_core.package_identification:_identify(matlab/slprj/_sfprj/EMLReport/slyDQOC2mqxD6eAmbTuCZUH) by extensions ['ros']
[0.732s] Level 1:colcon.colcon_core.package_identification:_identify(matlab/slprj/_sfprj/EMLReport/slyDQOC2mqxD6eAmbTuCZUH) by extension 'ros'
[0.732s] Level 1:colcon.colcon_core.package_identification:_identify(matlab/slprj/_sfprj/EMLReport/slyDQOC2mqxD6eAmbTuCZUH) by extensions ['cmake', 'python']
[0.732s] Level 1:colcon.colcon_core.package_identification:_identify(matlab/slprj/_sfprj/EMLReport/slyDQOC2mqxD6eAmbTuCZUH) by extension 'cmake'
[0.732s] Level 1:colcon.colcon_core.package_identification:_identify(matlab/slprj/_sfprj/EMLReport/slyDQOC2mqxD6eAmbTuCZUH) by extension 'python'
[0.732s] Level 1:colcon.colcon_core.package_identification:_identify(matlab/slprj/_sfprj/EMLReport/slyDQOC2mqxD6eAmbTuCZUH) by extensions ['python_setup_py']
[0.732s] Level 1:colcon.colcon_core.package_identification:_identify(matlab/slprj/_sfprj/EMLReport/slyDQOC2mqxD6eAmbTuCZUH) by extension 'python_setup_py'
[0.732s] Level 1:colcon.colcon_core.package_identification:_identify(matlab/slprj/_sfprj/mission_manager) by extensions ['ignore', 'ignore_ament_install']
[0.732s] Level 1:colcon.colcon_core.package_identification:_identify(matlab/slprj/_sfprj/mission_manager) by extension 'ignore'
[0.732s] Level 1:colcon.colcon_core.package_identification:_identify(matlab/slprj/_sfprj/mission_manager) by extension 'ignore_ament_install'
[0.732s] Level 1:colcon.colcon_core.package_identification:_identify(matlab/slprj/_sfprj/mission_manager) by extensions ['colcon_pkg']
[0.732s] Level 1:colcon.colcon_core.package_identification:_identify(matlab/slprj/_sfprj/mission_manager) by extension 'colcon_pkg'
[0.732s] Level 1:colcon.colcon_core.package_identification:_identify(matlab/slprj/_sfprj/mission_manager) by extensions ['colcon_meta']
[0.732s] Level 1:colcon.colcon_core.package_identification:_identify(matlab/slprj/_sfprj/mission_manager) by extension 'colcon_meta'
[0.732s] Level 1:colcon.colcon_core.package_identification:_identify(matlab/slprj/_sfprj/mission_manager) by extensions ['ros']
[0.732s] Level 1:colcon.colcon_core.package_identification:_identify(matlab/slprj/_sfprj/mission_manager) by extension 'ros'
[0.732s] Level 1:colcon.colcon_core.package_identification:_identify(matlab/slprj/_sfprj/mission_manager) by extensions ['cmake', 'python']
[0.732s] Level 1:colcon.colcon_core.package_identification:_identify(matlab/slprj/_sfprj/mission_manager) by extension 'cmake'
[0.732s] Level 1:colcon.colcon_core.package_identification:_identify(matlab/slprj/_sfprj/mission_manager) by extension 'python'
[0.732s] Level 1:colcon.colcon_core.package_identification:_identify(matlab/slprj/_sfprj/mission_manager) by extensions ['python_setup_py']
[0.732s] Level 1:colcon.colcon_core.package_identification:_identify(matlab/slprj/_sfprj/mission_manager) by extension 'python_setup_py'
[0.732s] Level 1:colcon.colcon_core.package_identification:_identify(matlab/slprj/_sfprj/mission_manager/_self) by extensions ['ignore', 'ignore_ament_install']
[0.733s] Level 1:colcon.colcon_core.package_identification:_identify(matlab/slprj/_sfprj/mission_manager/_self) by extension 'ignore'
[0.733s] Level 1:colcon.colcon_core.package_identification:_identify(matlab/slprj/_sfprj/mission_manager/_self) by extension 'ignore_ament_install'
[0.733s] Level 1:colcon.colcon_core.package_identification:_identify(matlab/slprj/_sfprj/mission_manager/_self) by extensions ['colcon_pkg']
[0.733s] Level 1:colcon.colcon_core.package_identification:_identify(matlab/slprj/_sfprj/mission_manager/_self) by extension 'colcon_pkg'
[0.733s] Level 1:colcon.colcon_core.package_identification:_identify(matlab/slprj/_sfprj/mission_manager/_self) by extensions ['colcon_meta']
[0.733s] Level 1:colcon.colcon_core.package_identification:_identify(matlab/slprj/_sfprj/mission_manager/_self) by extension 'colcon_meta'
[0.733s] Level 1:colcon.colcon_core.package_identification:_identify(matlab/slprj/_sfprj/mission_manager/_self) by extensions ['ros']
[0.733s] Level 1:colcon.colcon_core.package_identification:_identify(matlab/slprj/_sfprj/mission_manager/_self) by extension 'ros'
[0.733s] Level 1:colcon.colcon_core.package_identification:_identify(matlab/slprj/_sfprj/mission_manager/_self) by extensions ['cmake', 'python']
[0.733s] Level 1:colcon.colcon_core.package_identification:_identify(matlab/slprj/_sfprj/mission_manager/_self) by extension 'cmake'
[0.733s] Level 1:colcon.colcon_core.package_identification:_identify(matlab/slprj/_sfprj/mission_manager/_self) by extension 'python'
[0.733s] Level 1:colcon.colcon_core.package_identification:_identify(matlab/slprj/_sfprj/mission_manager/_self) by extensions ['python_setup_py']
[0.733s] Level 1:colcon.colcon_core.package_identification:_identify(matlab/slprj/_sfprj/mission_manager/_self) by extension 'python_setup_py'
[0.733s] Level 1:colcon.colcon_core.package_identification:_identify(matlab/slprj/_sfprj/mission_manager/_self/sfun) by extensions ['ignore', 'ignore_ament_install']
[0.733s] Level 1:colcon.colcon_core.package_identification:_identify(matlab/slprj/_sfprj/mission_manager/_self/sfun) by extension 'ignore'
[0.733s] Level 1:colcon.colcon_core.package_identification:_identify(matlab/slprj/_sfprj/mission_manager/_self/sfun) by extension 'ignore_ament_install'
[0.733s] Level 1:colcon.colcon_core.package_identification:_identify(matlab/slprj/_sfprj/mission_manager/_self/sfun) by extensions ['colcon_pkg']
[0.733s] Level 1:colcon.colcon_core.package_identification:_identify(matlab/slprj/_sfprj/mission_manager/_self/sfun) by extension 'colcon_pkg'
[0.733s] Level 1:colcon.colcon_core.package_identification:_identify(matlab/slprj/_sfprj/mission_manager/_self/sfun) by extensions ['colcon_meta']
[0.733s] Level 1:colcon.colcon_core.package_identification:_identify(matlab/slprj/_sfprj/mission_manager/_self/sfun) by extension 'colcon_meta'
[0.733s] Level 1:colcon.colcon_core.package_identification:_identify(matlab/slprj/_sfprj/mission_manager/_self/sfun) by extensions ['ros']
[0.733s] Level 1:colcon.colcon_core.package_identification:_identify(matlab/slprj/_sfprj/mission_manager/_self/sfun) by extension 'ros'
[0.733s] Level 1:colcon.colcon_core.package_identification:_identify(matlab/slprj/_sfprj/mission_manager/_self/sfun) by extensions ['cmake', 'python']
[0.733s] Level 1:colcon.colcon_core.package_identification:_identify(matlab/slprj/_sfprj/mission_manager/_self/sfun) by extension 'cmake'
[0.733s] Level 1:colcon.colcon_core.package_identification:_identify(matlab/slprj/_sfprj/mission_manager/_self/sfun) by extension 'python'
[0.734s] Level 1:colcon.colcon_core.package_identification:_identify(matlab/slprj/_sfprj/mission_manager/_self/sfun) by extensions ['python_setup_py']
[0.734s] Level 1:colcon.colcon_core.package_identification:_identify(matlab/slprj/_sfprj/mission_manager/_self/sfun) by extension 'python_setup_py'
[0.734s] Level 1:colcon.colcon_core.package_identification:_identify(matlab/slprj/_sfprj/mission_manager/_self/sfun/info) by extensions ['ignore', 'ignore_ament_install']
[0.734s] Level 1:colcon.colcon_core.package_identification:_identify(matlab/slprj/_sfprj/mission_manager/_self/sfun/info) by extension 'ignore'
[0.734s] Level 1:colcon.colcon_core.package_identification:_identify(matlab/slprj/_sfprj/mission_manager/_self/sfun/info) by extension 'ignore_ament_install'
[0.734s] Level 1:colcon.colcon_core.package_identification:_identify(matlab/slprj/_sfprj/mission_manager/_self/sfun/info) by extensions ['colcon_pkg']
[0.734s] Level 1:colcon.colcon_core.package_identification:_identify(matlab/slprj/_sfprj/mission_manager/_self/sfun/info) by extension 'colcon_pkg'
[0.734s] Level 1:colcon.colcon_core.package_identification:_identify(matlab/slprj/_sfprj/mission_manager/_self/sfun/info) by extensions ['colcon_meta']
[0.734s] Level 1:colcon.colcon_core.package_identification:_identify(matlab/slprj/_sfprj/mission_manager/_self/sfun/info) by extension 'colcon_meta'
[0.734s] Level 1:colcon.colcon_core.package_identification:_identify(matlab/slprj/_sfprj/mission_manager/_self/sfun/info) by extensions ['ros']
[0.734s] Level 1:colcon.colcon_core.package_identification:_identify(matlab/slprj/_sfprj/mission_manager/_self/sfun/info) by extension 'ros'
[0.734s] Level 1:colcon.colcon_core.package_identification:_identify(matlab/slprj/_sfprj/mission_manager/_self/sfun/info) by extensions ['cmake', 'python']
[0.734s] Level 1:colcon.colcon_core.package_identification:_identify(matlab/slprj/_sfprj/mission_manager/_self/sfun/info) by extension 'cmake'
[0.734s] Level 1:colcon.colcon_core.package_identification:_identify(matlab/slprj/_sfprj/mission_manager/_self/sfun/info) by extension 'python'
[0.734s] Level 1:colcon.colcon_core.package_identification:_identify(matlab/slprj/_sfprj/mission_manager/_self/sfun/info) by extensions ['python_setup_py']
[0.734s] Level 1:colcon.colcon_core.package_identification:_identify(matlab/slprj/_sfprj/mission_manager/_self/sfun/info) by extension 'python_setup_py'
[0.734s] Level 1:colcon.colcon_core.package_identification:_identify(matlab/slprj/_sfprj/precompile) by extensions ['ignore', 'ignore_ament_install']
[0.734s] Level 1:colcon.colcon_core.package_identification:_identify(matlab/slprj/_sfprj/precompile) by extension 'ignore'
[0.734s] Level 1:colcon.colcon_core.package_identification:_identify(matlab/slprj/_sfprj/precompile) by extension 'ignore_ament_install'
[0.734s] Level 1:colcon.colcon_core.package_identification:_identify(matlab/slprj/_sfprj/precompile) by extensions ['colcon_pkg']
[0.734s] Level 1:colcon.colcon_core.package_identification:_identify(matlab/slprj/_sfprj/precompile) by extension 'colcon_pkg'
[0.734s] Level 1:colcon.colcon_core.package_identification:_identify(matlab/slprj/_sfprj/precompile) by extensions ['colcon_meta']
[0.734s] Level 1:colcon.colcon_core.package_identification:_identify(matlab/slprj/_sfprj/precompile) by extension 'colcon_meta'
[0.734s] Level 1:colcon.colcon_core.package_identification:_identify(matlab/slprj/_sfprj/precompile) by extensions ['ros']
[0.734s] Level 1:colcon.colcon_core.package_identification:_identify(matlab/slprj/_sfprj/precompile) by extension 'ros'
[0.734s] Level 1:colcon.colcon_core.package_identification:_identify(matlab/slprj/_sfprj/precompile) by extensions ['cmake', 'python']
[0.734s] Level 1:colcon.colcon_core.package_identification:_identify(matlab/slprj/_sfprj/precompile) by extension 'cmake'
[0.734s] Level 1:colcon.colcon_core.package_identification:_identify(matlab/slprj/_sfprj/precompile) by extension 'python'
[0.734s] Level 1:colcon.colcon_core.package_identification:_identify(matlab/slprj/_sfprj/precompile) by extensions ['python_setup_py']
[0.734s] Level 1:colcon.colcon_core.package_identification:_identify(matlab/slprj/_sfprj/precompile) by extension 'python_setup_py'
[0.735s] Level 1:colcon.colcon_core.package_identification:_identify(matlab/slprj/sim) by extensions ['ignore', 'ignore_ament_install']
[0.735s] Level 1:colcon.colcon_core.package_identification:_identify(matlab/slprj/sim) by extension 'ignore'
[0.735s] Level 1:colcon.colcon_core.package_identification:_identify(matlab/slprj/sim) by extension 'ignore_ament_install'
[0.735s] Level 1:colcon.colcon_core.package_identification:_identify(matlab/slprj/sim) by extensions ['colcon_pkg']
[0.735s] Level 1:colcon.colcon_core.package_identification:_identify(matlab/slprj/sim) by extension 'colcon_pkg'
[0.735s] Level 1:colcon.colcon_core.package_identification:_identify(matlab/slprj/sim) by extensions ['colcon_meta']
[0.735s] Level 1:colcon.colcon_core.package_identification:_identify(matlab/slprj/sim) by extension 'colcon_meta'
[0.735s] Level 1:colcon.colcon_core.package_identification:_identify(matlab/slprj/sim) by extensions ['ros']
[0.735s] Level 1:colcon.colcon_core.package_identification:_identify(matlab/slprj/sim) by extension 'ros'
[0.735s] Level 1:colcon.colcon_core.package_identification:_identify(matlab/slprj/sim) by extensions ['cmake', 'python']
[0.735s] Level 1:colcon.colcon_core.package_identification:_identify(matlab/slprj/sim) by extension 'cmake'
[0.735s] Level 1:colcon.colcon_core.package_identification:_identify(matlab/slprj/sim) by extension 'python'
[0.735s] Level 1:colcon.colcon_core.package_identification:_identify(matlab/slprj/sim) by extensions ['python_setup_py']
[0.735s] Level 1:colcon.colcon_core.package_identification:_identify(matlab/slprj/sim) by extension 'python_setup_py'
[0.735s] Level 1:colcon.colcon_core.package_identification:_identify(matlab/slprj/sim/varcache) by extensions ['ignore', 'ignore_ament_install']
[0.735s] Level 1:colcon.colcon_core.package_identification:_identify(matlab/slprj/sim/varcache) by extension 'ignore'
[0.735s] Level 1:colcon.colcon_core.package_identification:_identify(matlab/slprj/sim/varcache) by extension 'ignore_ament_install'
[0.735s] Level 1:colcon.colcon_core.package_identification:_identify(matlab/slprj/sim/varcache) by extensions ['colcon_pkg']
[0.735s] Level 1:colcon.colcon_core.package_identification:_identify(matlab/slprj/sim/varcache) by extension 'colcon_pkg'
[0.735s] Level 1:colcon.colcon_core.package_identification:_identify(matlab/slprj/sim/varcache) by extensions ['colcon_meta']
[0.735s] Level 1:colcon.colcon_core.package_identification:_identify(matlab/slprj/sim/varcache) by extension 'colcon_meta'
[0.735s] Level 1:colcon.colcon_core.package_identification:_identify(matlab/slprj/sim/varcache) by extensions ['ros']
[0.735s] Level 1:colcon.colcon_core.package_identification:_identify(matlab/slprj/sim/varcache) by extension 'ros'
[0.735s] Level 1:colcon.colcon_core.package_identification:_identify(matlab/slprj/sim/varcache) by extensions ['cmake', 'python']
[0.735s] Level 1:colcon.colcon_core.package_identification:_identify(matlab/slprj/sim/varcache) by extension 'cmake'
[0.735s] Level 1:colcon.colcon_core.package_identification:_identify(matlab/slprj/sim/varcache) by extension 'python'
[0.735s] Level 1:colcon.colcon_core.package_identification:_identify(matlab/slprj/sim/varcache) by extensions ['python_setup_py']
[0.735s] Level 1:colcon.colcon_core.package_identification:_identify(matlab/slprj/sim/varcache) by extension 'python_setup_py'
[0.735s] Level 1:colcon.colcon_core.package_identification:_identify(matlab/slprj/sim/varcache/mission_manager) by extensions ['ignore', 'ignore_ament_install']
[0.735s] Level 1:colcon.colcon_core.package_identification:_identify(matlab/slprj/sim/varcache/mission_manager) by extension 'ignore'
[0.735s] Level 1:colcon.colcon_core.package_identification:_identify(matlab/slprj/sim/varcache/mission_manager) by extension 'ignore_ament_install'
[0.736s] Level 1:colcon.colcon_core.package_identification:_identify(matlab/slprj/sim/varcache/mission_manager) by extensions ['colcon_pkg']
[0.736s] Level 1:colcon.colcon_core.package_identification:_identify(matlab/slprj/sim/varcache/mission_manager) by extension 'colcon_pkg'
[0.736s] Level 1:colcon.colcon_core.package_identification:_identify(matlab/slprj/sim/varcache/mission_manager) by extensions ['colcon_meta']
[0.736s] Level 1:colcon.colcon_core.package_identification:_identify(matlab/slprj/sim/varcache/mission_manager) by extension 'colcon_meta'
[0.736s] Level 1:colcon.colcon_core.package_identification:_identify(matlab/slprj/sim/varcache/mission_manager) by extensions ['ros']
[0.736s] Level 1:colcon.colcon_core.package_identification:_identify(matlab/slprj/sim/varcache/mission_manager) by extension 'ros'
[0.736s] Level 1:colcon.colcon_core.package_identification:_identify(matlab/slprj/sim/varcache/mission_manager) by extensions ['cmake', 'python']
[0.736s] Level 1:colcon.colcon_core.package_identification:_identify(matlab/slprj/sim/varcache/mission_manager) by extension 'cmake'
[0.736s] Level 1:colcon.colcon_core.package_identification:_identify(matlab/slprj/sim/varcache/mission_manager) by extension 'python'
[0.736s] Level 1:colcon.colcon_core.package_identification:_identify(matlab/slprj/sim/varcache/mission_manager) by extensions ['python_setup_py']
[0.736s] Level 1:colcon.colcon_core.package_identification:_identify(matlab/slprj/sim/varcache/mission_manager) by extension 'python_setup_py'
[0.736s] Level 1:colcon.colcon_core.package_identification:_identify(matlab/slprj/sim/varcache/mission_manager/tmwinternal) by extensions ['ignore', 'ignore_ament_install']
[0.736s] Level 1:colcon.colcon_core.package_identification:_identify(matlab/slprj/sim/varcache/mission_manager/tmwinternal) by extension 'ignore'
[0.736s] Level 1:colcon.colcon_core.package_identification:_identify(matlab/slprj/sim/varcache/mission_manager/tmwinternal) by extension 'ignore_ament_install'
[0.736s] Level 1:colcon.colcon_core.package_identification:_identify(matlab/slprj/sim/varcache/mission_manager/tmwinternal) by extensions ['colcon_pkg']
[0.736s] Level 1:colcon.colcon_core.package_identification:_identify(matlab/slprj/sim/varcache/mission_manager/tmwinternal) by extension 'colcon_pkg'
[0.736s] Level 1:colcon.colcon_core.package_identification:_identify(matlab/slprj/sim/varcache/mission_manager/tmwinternal) by extensions ['colcon_meta']
[0.736s] Level 1:colcon.colcon_core.package_identification:_identify(matlab/slprj/sim/varcache/mission_manager/tmwinternal) by extension 'colcon_meta'
[0.736s] Level 1:colcon.colcon_core.package_identification:_identify(matlab/slprj/sim/varcache/mission_manager/tmwinternal) by extensions ['ros']
[0.736s] Level 1:colcon.colcon_core.package_identification:_identify(matlab/slprj/sim/varcache/mission_manager/tmwinternal) by extension 'ros'
[0.736s] Level 1:colcon.colcon_core.package_identification:_identify(matlab/slprj/sim/varcache/mission_manager/tmwinternal) by extensions ['cmake', 'python']
[0.736s] Level 1:colcon.colcon_core.package_identification:_identify(matlab/slprj/sim/varcache/mission_manager/tmwinternal) by extension 'cmake'
[0.736s] Level 1:colcon.colcon_core.package_identification:_identify(matlab/slprj/sim/varcache/mission_manager/tmwinternal) by extension 'python'
[0.736s] Level 1:colcon.colcon_core.package_identification:_identify(matlab/slprj/sim/varcache/mission_manager/tmwinternal) by extensions ['python_setup_py']
[0.736s] Level 1:colcon.colcon_core.package_identification:_identify(matlab/slprj/sim/varcache/mission_manager/tmwinternal) by extension 'python_setup_py'
[0.736s] Level 1:colcon.colcon_core.package_identification:_identify(src) by extensions ['ignore', 'ignore_ament_install']
[0.736s] Level 1:colcon.colcon_core.package_identification:_identify(src) by extension 'ignore'
[0.736s] Level 1:colcon.colcon_core.package_identification:_identify(src) by extension 'ignore_ament_install'
[0.736s] Level 1:colcon.colcon_core.package_identification:_identify(src) by extensions ['colcon_pkg']
[0.736s] Level 1:colcon.colcon_core.package_identification:_identify(src) by extension 'colcon_pkg'
[0.736s] Level 1:colcon.colcon_core.package_identification:_identify(src) by extensions ['colcon_meta']
[0.736s] Level 1:colcon.colcon_core.package_identification:_identify(src) by extension 'colcon_meta'
[0.736s] Level 1:colcon.colcon_core.package_identification:_identify(src) by extensions ['ros']
[0.737s] Level 1:colcon.colcon_core.package_identification:_identify(src) by extension 'ros'
[0.737s] Level 1:colcon.colcon_core.package_identification:_identify(src) by extensions ['cmake', 'python']
[0.737s] Level 1:colcon.colcon_core.package_identification:_identify(src) by extension 'cmake'
[0.737s] Level 1:colcon.colcon_core.package_identification:_identify(src) by extension 'python'
[0.737s] Level 1:colcon.colcon_core.package_identification:_identify(src) by extensions ['python_setup_py']
[0.737s] Level 1:colcon.colcon_core.package_identification:_identify(src) by extension 'python_setup_py'
[0.737s] Level 1:colcon.colcon_core.package_identification:_identify(src/camera) by extensions ['ignore', 'ignore_ament_install']
[0.737s] Level 1:colcon.colcon_core.package_identification:_identify(src/camera) by extension 'ignore'
[0.737s] Level 1:colcon.colcon_core.package_identification:_identify(src/camera) by extension 'ignore_ament_install'
[0.737s] Level 1:colcon.colcon_core.package_identification:_identify(src/camera) by extensions ['colcon_pkg']
[0.737s] Level 1:colcon.colcon_core.package_identification:_identify(src/camera) by extension 'colcon_pkg'
[0.737s] Level 1:colcon.colcon_core.package_identification:_identify(src/camera) by extensions ['colcon_meta']
[0.737s] Level 1:colcon.colcon_core.package_identification:_identify(src/camera) by extension 'colcon_meta'
[0.737s] Level 1:colcon.colcon_core.package_identification:_identify(src/camera) by extensions ['ros']
[0.737s] Level 1:colcon.colcon_core.package_identification:_identify(src/camera) by extension 'ros'
[0.739s] DEBUG:colcon.colcon_core.package_identification:Package 'src/camera' with type 'ros.ament_cmake' and name 'camera'
[0.739s] Level 1:colcon.colcon_core.package_identification:_identify(src/communicator) by extensions ['ignore', 'ignore_ament_install']
[0.739s] Level 1:colcon.colcon_core.package_identification:_identify(src/communicator) by extension 'ignore'
[0.739s] Level 1:colcon.colcon_core.package_identification:_identify(src/communicator) by extension 'ignore_ament_install'
[0.739s] Level 1:colcon.colcon_core.package_identification:_identify(src/communicator) by extensions ['colcon_pkg']
[0.739s] Level 1:colcon.colcon_core.package_identification:_identify(src/communicator) by extension 'colcon_pkg'
[0.739s] Level 1:colcon.colcon_core.package_identification:_identify(src/communicator) by extensions ['colcon_meta']
[0.739s] Level 1:colcon.colcon_core.package_identification:_identify(src/communicator) by extension 'colcon_meta'
[0.739s] Level 1:colcon.colcon_core.package_identification:_identify(src/communicator) by extensions ['ros']
[0.739s] Level 1:colcon.colcon_core.package_identification:_identify(src/communicator) by extension 'ros'
[0.740s] DEBUG:colcon.colcon_core.package_identification:Package 'src/communicator' with type 'ros.ament_cmake' and name 'communicator'
[0.740s] Level 1:colcon.colcon_core.package_identification:_identify(src/controller) by extensions ['ignore', 'ignore_ament_install']
[0.740s] Level 1:colcon.colcon_core.package_identification:_identify(src/controller) by extension 'ignore'
[0.740s] Level 1:colcon.colcon_core.package_identification:_identify(src/controller) by extension 'ignore_ament_install'
[0.740s] Level 1:colcon.colcon_core.package_identification:_identify(src/controller) by extensions ['colcon_pkg']
[0.740s] Level 1:colcon.colcon_core.package_identification:_identify(src/controller) by extension 'colcon_pkg'
[0.740s] Level 1:colcon.colcon_core.package_identification:_identify(src/controller) by extensions ['colcon_meta']
[0.740s] Level 1:colcon.colcon_core.package_identification:_identify(src/controller) by extension 'colcon_meta'
[0.740s] Level 1:colcon.colcon_core.package_identification:_identify(src/controller) by extensions ['ros']
[0.740s] Level 1:colcon.colcon_core.package_identification:_identify(src/controller) by extension 'ros'
[0.740s] DEBUG:colcon.colcon_core.package_identification:Package 'src/controller' with type 'ros.ament_cmake' and name 'controller'
[0.740s] Level 1:colcon.colcon_core.package_identification:_identify(src/interfaces) by extensions ['ignore', 'ignore_ament_install']
[0.741s] Level 1:colcon.colcon_core.package_identification:_identify(src/interfaces) by extension 'ignore'
[0.741s] Level 1:colcon.colcon_core.package_identification:_identify(src/interfaces) by extension 'ignore_ament_install'
[0.741s] Level 1:colcon.colcon_core.package_identification:_identify(src/interfaces) by extensions ['colcon_pkg']
[0.741s] Level 1:colcon.colcon_core.package_identification:_identify(src/interfaces) by extension 'colcon_pkg'
[0.741s] Level 1:colcon.colcon_core.package_identification:_identify(src/interfaces) by extensions ['colcon_meta']
[0.741s] Level 1:colcon.colcon_core.package_identification:_identify(src/interfaces) by extension 'colcon_meta'
[0.741s] Level 1:colcon.colcon_core.package_identification:_identify(src/interfaces) by extensions ['ros']
[0.741s] Level 1:colcon.colcon_core.package_identification:_identify(src/interfaces) by extension 'ros'
[0.741s] DEBUG:colcon.colcon_core.package_identification:Package 'src/interfaces' with type 'ros.ament_cmake' and name 'interfaces'
[0.741s] Level 1:colcon.colcon_core.package_identification:_identify(src/yolo) by extensions ['ignore', 'ignore_ament_install']
[0.741s] Level 1:colcon.colcon_core.package_identification:_identify(src/yolo) by extension 'ignore'
[0.741s] Level 1:colcon.colcon_core.package_identification:_identify(src/yolo) by extension 'ignore_ament_install'
[0.741s] Level 1:colcon.colcon_core.package_identification:_identify(src/yolo) by extensions ['colcon_pkg']
[0.741s] Level 1:colcon.colcon_core.package_identification:_identify(src/yolo) by extension 'colcon_pkg'
[0.741s] Level 1:colcon.colcon_core.package_identification:_identify(src/yolo) by extensions ['colcon_meta']
[0.741s] Level 1:colcon.colcon_core.package_identification:_identify(src/yolo) by extension 'colcon_meta'
[0.741s] Level 1:colcon.colcon_core.package_identification:_identify(src/yolo) by extensions ['ros']
[0.741s] Level 1:colcon.colcon_core.package_identification:_identify(src/yolo) by extension 'ros'
[0.742s] DEBUG:colcon.colcon_core.package_identification:Package 'src/yolo' with type 'ros.ament_cmake' and name 'yolo'
[0.742s] Level 1:colcon.colcon_core.package_discovery:discover_packages(recursive) using defaults
[0.742s] Level 1:colcon.colcon_core.package_discovery:discover_packages(ignore) discover
[0.742s] Level 1:colcon.colcon_core.package_discovery:discover_packages(ignore) using defaults
[0.742s] Level 1:colcon.colcon_core.package_discovery:discover_packages(path) discover
[0.742s] Level 1:colcon.colcon_core.package_discovery:discover_packages(path) using defaults
[0.787s] INFO:colcon.colcon_core.package_selection:Skipping not selected package 'communicator' in 'src/communicator'
[0.787s] INFO:colcon.colcon_core.package_selection:Skipping not selected package 'controller' in 'src/controller'
[0.787s] INFO:colcon.colcon_core.package_selection:Skipping not selected package 'interfaces' in 'src/interfaces'
[0.787s] INFO:colcon.colcon_core.package_selection:Skipping not selected package 'yolo' in 'src/yolo'
[0.808s] Level 1:colcon.colcon_core.package_discovery:discover_packages(prefix_path) check parameters
[0.808s] Level 1:colcon.colcon_core.package_discovery:discover_packages(prefix_path) discover
[0.831s] DEBUG:colcon.colcon_installed_package_information.package_discovery:Found 302 installed packages in /opt/ros/humble
[0.832s] Level 1:colcon.colcon_core.package_discovery:discover_packages(prefix_path) using defaults
[0.889s] Level 5:colcon.colcon_core.verb:set package 'camera' build argument 'cmake_args' from command line to 'None'
[0.889s] Level 5:colcon.colcon_core.verb:set package 'camera' build argument 'cmake_target' from command line to 'None'
[0.889s] Level 5:colcon.colcon_core.verb:set package 'camera' build argument 'cmake_target_skip_unavailable' from command line to 'False'
[0.889s] Level 5:colcon.colcon_core.verb:set package 'camera' build argument 'cmake_clean_cache' from command line to 'False'
[0.889s] Level 5:colcon.colcon_core.verb:set package 'camera' build argument 'cmake_clean_first' from command line to 'False'
[0.889s] Level 5:colcon.colcon_core.verb:set package 'camera' build argument 'cmake_force_configure' from command line to 'False'
[0.889s] Level 5:colcon.colcon_core.verb:set package 'camera' build argument 'ament_cmake_args' from command line to 'None'
[0.889s] Level 5:colcon.colcon_core.verb:set package 'camera' build argument 'catkin_cmake_args' from command line to 'None'
[0.889s] Level 5:colcon.colcon_core.verb:set package 'camera' build argument 'catkin_skip_building_tests' from command line to 'False'
[0.889s] DEBUG:colcon.colcon_core.verb:Building package 'camera' with the following arguments: {'ament_cmake_args': None, 'build_base': '/home/donjoe/Documents/MagangBanyubramanta_DanielAdhitthana/build/camera', 'catkin_cmake_args': None, 'catkin_skip_building_tests': False, 'cmake_args': None, 'cmake_clean_cache': False, 'cmake_clean_first': False, 'cmake_force_configure': False, 'cmake_target': None, 'cmake_target_skip_unavailable': False, 'install_base': '/home/donjoe/Documents/MagangBanyubramanta_DanielAdhitthana/install/camera', 'merge_install': False, 'path': '/home/donjoe/Documents/MagangBanyubramanta_DanielAdhitthana/src/camera', 'symlink_install': False, 'test_result_base': None}
[0.899s] INFO:colcon.colcon_core.executor:Executing jobs using 'parallel' executor
[0.910s] DEBUG:colcon.colcon_parallel_executor.executor.parallel:run_until_complete
[0.910s] INFO:colcon.colcon_ros.task.ament_cmake.build:Building ROS package in '/home/donjoe/Documents/MagangBanyubramanta_DanielAdhitthana/src/camera' with build type 'ament_cmake'
[0.911s] INFO:colcon.colcon_cmake.task.cmake.build:Building CMake package in '/home/donjoe/Documents/MagangBanyubramanta_DanielAdhitthana/src/camera'
[0.923s] INFO:colcon.colcon_core.plugin_system:Skipping extension 'colcon_core.shell.bat': Not used on non-Windows systems
[0.923s] INFO:colcon.colcon_core.shell:Skip shell extension 'powershell' for command environment: Not usable outside of PowerShell
[0.923s] DEBUG:colcon.colcon_core.shell:Skip shell extension 'dsv' for command environment
[0.959s] DEBUG:colcon.colcon_core.event_handler.log_command:Invoking command in '/home/donjoe/Documents/MagangBanyubramanta_DanielAdhitthana/build/camera': AMENT_PREFIX_PATH=/home/donjoe/Documents/MagangBanyubramanta_DanielAdhitthana/install/interfaces:${AMENT_PREFIX_PATH} CMAKE_PREFIX_PATH=/home/donjoe/Documents/MagangBanyubramanta_DanielAdhitthana/install/interfaces:/opt/ros/humble LD_LIBRARY_PATH=/home/donjoe/Documents/MagangBanyubramanta_DanielAdhitthana/install/interfaces/lib:${LD_LIBRARY_PATH} PYTHONPATH=/home/donjoe/Documents/MagangBanyubramanta_DanielAdhitthana/install/interfaces/local/lib/python3.10/dist-packages:${PYTHONPATH} /usr/bin/cmake --build /home/donjoe/Documents/MagangBanyubramanta_DanielAdhitthana/build/camera -- -j4 -l4
[6.327s] DEBUG:colcon.colcon_core.event_handler.log_command:Invoked command in '/home/donjoe/Documents/MagangBanyubramanta_DanielAdhitthana/build/camera' returned '0': AMENT_PREFIX_PATH=/home/donjoe/Documents/MagangBanyubramanta_DanielAdhitthana/install/interfaces:${AMENT_PREFIX_PATH} CMAKE_PREFIX_PATH=/home/donjoe/Documents/MagangBanyubramanta_DanielAdhitthana/install/interfaces:/opt/ros/humble LD_LIBRARY_PATH=/home/donjoe/Documents/MagangBanyubramanta_DanielAdhitthana/install/interfaces/lib:${LD_LIBRARY_PATH} PYTHONPATH=/home/donjoe/Documents/MagangBanyubramanta_DanielAdhitthana/install/interfaces/local/lib/python3.10/dist-packages:${PYTHONPATH} /usr/bin/cmake --build /home/donjoe/Documents/MagangBanyubramanta_DanielAdhitthana/build/camera -- -j4 -l4
[6.353s] DEBUG:colcon.colcon_core.event_handler.log_command:Invoking command in '/home/donjoe/Documents/MagangBanyubramanta_DanielAdhitthana/build/camera': AMENT_PREFIX_PATH=/home/donjoe/Documents/MagangBanyubramanta_DanielAdhitthana/install/interfaces:${AMENT_PREFIX_PATH} CMAKE_PREFIX_PATH=/home/donjoe/Documents/MagangBanyubramanta_DanielAdhitthana/install/interfaces:/opt/ros/humble LD_LIBRARY_PATH=/home/donjoe/Documents/MagangBanyubramanta_DanielAdhitthana/install/interfaces/lib:${LD_LIBRARY_PATH} PYTHONPATH=/home/donjoe/Documents/MagangBanyubramanta_DanielAdhitthana/install/interfaces/local/lib/python3.10/dist-packages:${PYTHONPATH} /usr/bin/cmake --install /home/donjoe/Documents/MagangBanyubramanta_DanielAdhitthana/build/camera
[6.363s] Level 1:colcon.colcon_core.environment:create_environment_scripts_only(camera)
[6.364s] DEBUG:colcon.colcon_core.event_handler.log_command:Invoked command in '/home/donjoe/Documents/MagangBanyubramanta_DanielAdhitthana/build/camera' returned '0': AMENT_PREFIX_PATH=/home/donjoe/Documents/MagangBanyubramanta_DanielAdhitthana/install/interfaces:${AMENT_PREFIX_PATH} CMAKE_PREFIX_PATH=/home/donjoe/Documents/MagangBanyubramanta_DanielAdhitthana/install/interfaces:/opt/ros/humble LD_LIBRARY_PATH=/home/donjoe/Documents/MagangBanyubramanta_DanielAdhitthana/install/interfaces/lib:${LD_LIBRARY_PATH} PYTHONPATH=/home/donjoe/Documents/MagangBanyubramanta_DanielAdhitthana/install/interfaces/local/lib/python3.10/dist-packages:${PYTHONPATH} /usr/bin/cmake --install /home/donjoe/Documents/MagangBanyubramanta_DanielAdhitthana/build/camera
[6.375s] Level 1:colcon.colcon_core.environment:checking '/home/donjoe/Documents/MagangBanyubramanta_DanielAdhitthana/install/camera' for CMake module files
[6.376s] Level 1:colcon.colcon_core.environment:checking '/home/donjoe/Documents/MagangBanyubramanta_DanielAdhitthana/install/camera' for CMake config files
[6.376s] Level 1:colcon.colcon_core.shell:create_environment_hook('camera', 'cmake_prefix_path')
[6.386s] INFO:colcon.colcon_core.shell:Creating environment hook '/home/donjoe/Documents/MagangBanyubramanta_DanielAdhitthana/install/camera/share/camera/hook/cmake_prefix_path.ps1'
[6.386s] INFO:colcon.colcon_core.shell:Creating environment descriptor '/home/donjoe/Documents/MagangBanyubramanta_DanielAdhitthana/install/camera/share/camera/hook/cmake_prefix_path.dsv'
[6.387s] INFO:colcon.colcon_core.shell:Creating environment hook '/home/donjoe/Documents/MagangBanyubramanta_DanielAdhitthana/install/camera/share/camera/hook/cmake_prefix_path.sh'
[6.387s] Level 1:colcon.colcon_core.environment:checking '/home/donjoe/Documents/MagangBanyubramanta_DanielAdhitthana/install/camera/lib'
[6.387s] Level 1:colcon.colcon_core.shell:create_environment_hook('camera', 'ld_library_path_lib')
[6.397s] INFO:colcon.colcon_core.shell:Creating environment hook '/home/donjoe/Documents/MagangBanyubramanta_DanielAdhitthana/install/camera/share/camera/hook/ld_library_path_lib.ps1'
[6.398s] INFO:colcon.colcon_core.shell:Creating environment descriptor '/home/donjoe/Documents/MagangBanyubramanta_DanielAdhitthana/install/camera/share/camera/hook/ld_library_path_lib.dsv'
[6.398s] INFO:colcon.colcon_core.shell:Creating environment hook '/home/donjoe/Documents/MagangBanyubramanta_DanielAdhitthana/install/camera/share/camera/hook/ld_library_path_lib.sh'
[6.398s] Level 1:colcon.colcon_core.environment:checking '/home/donjoe/Documents/MagangBanyubramanta_DanielAdhitthana/install/camera/bin'
[6.398s] Level 1:colcon.colcon_core.environment:checking '/home/donjoe/Documents/MagangBanyubramanta_DanielAdhitthana/install/camera/lib/pkgconfig/camera.pc'
[6.398s] Level 1:colcon.colcon_core.environment:checking '/home/donjoe/Documents/MagangBanyubramanta_DanielAdhitthana/install/camera/lib/python3.10/site-packages'
[6.398s] Level 1:colcon.colcon_core.environment:checking '/home/donjoe/Documents/MagangBanyubramanta_DanielAdhitthana/install/camera/bin'
[6.408s] INFO:colcon.colcon_core.shell:Creating package script '/home/donjoe/Documents/MagangBanyubramanta_DanielAdhitthana/install/camera/share/camera/package.ps1'
[6.409s] INFO:colcon.colcon_core.shell:Creating package descriptor '/home/donjoe/Documents/MagangBanyubramanta_DanielAdhitthana/install/camera/share/camera/package.dsv'
[6.409s] INFO:colcon.colcon_core.shell:Creating package script '/home/donjoe/Documents/MagangBanyubramanta_DanielAdhitthana/install/camera/share/camera/package.sh'
[6.410s] INFO:colcon.colcon_core.shell:Creating package script '/home/donjoe/Documents/MagangBanyubramanta_DanielAdhitthana/install/camera/share/camera/package.bash'
[6.410s] INFO:colcon.colcon_core.shell:Creating package script '/home/donjoe/Documents/MagangBanyubramanta_DanielAdhitthana/install/camera/share/camera/package.zsh'
[6.411s] Level 1:colcon.colcon_core.environment:create_file_with_runtime_dependencies(/home/donjoe/Documents/MagangBanyubramanta_DanielAdhitthana/install/camera/share/colcon-core/packages/camera)
[6.436s] Level 1:colcon.colcon_core.environment:create_environment_scripts_only(camera)
[6.448s] Level 1:colcon.colcon_core.environment:checking '/home/donjoe/Documents/MagangBanyubramanta_DanielAdhitthana/install/camera' for CMake module files
[6.448s] Level 1:colcon.colcon_core.environment:checking '/home/donjoe/Documents/MagangBanyubramanta_DanielAdhitthana/install/camera' for CMake config files
[6.448s] Level 1:colcon.colcon_core.shell:create_environment_hook('camera', 'cmake_prefix_path')
[6.468s] INFO:colcon.colcon_core.shell:Creating environment hook '/home/donjoe/Documents/MagangBanyubramanta_DanielAdhitthana/install/camera/share/camera/hook/cmake_prefix_path.ps1'
[6.469s] INFO:colcon.colcon_core.shell:Creating environment descriptor '/home/donjoe/Documents/MagangBanyubramanta_DanielAdhitthana/install/camera/share/camera/hook/cmake_prefix_path.dsv'
[6.469s] INFO:colcon.colcon_core.shell:Creating environment hook '/home/donjoe/Documents/MagangBanyubramanta_DanielAdhitthana/install/camera/share/camera/hook/cmake_prefix_path.sh'
[6.470s] Level 1:colcon.colcon_core.environment:checking '/home/donjoe/Documents/MagangBanyubramanta_DanielAdhitthana/install/camera/lib'
[6.470s] Level 1:colcon.colcon_core.shell:create_environment_hook('camera', 'ld_library_path_lib')
[6.480s] INFO:colcon.colcon_core.shell:Creating environment hook '/home/donjoe/Documents/MagangBanyubramanta_DanielAdhitthana/install/camera/share/camera/hook/ld_library_path_lib.ps1'
[6.480s] INFO:colcon.colcon_core.shell:Creating environment descriptor '/home/donjoe/Documents/MagangBanyubramanta_DanielAdhitthana/install/camera/share/camera/hook/ld_library_path_lib.dsv'
[6.481s] INFO:colcon.colcon_core.shell:Creating environment hook '/home/donjoe/Documents/MagangBanyubramanta_DanielAdhitthana/install/camera/share/camera/hook/ld_library_path_lib.sh'
[6.481s] Level 1:colcon.colcon_core.environment:checking '/home/donjoe/Documents/MagangBanyubramanta_DanielAdhitthana/install/camera/bin'
[6.481s] Level 1:colcon.colcon_core.environment:checking '/home/donjoe/Documents/MagangBanyubramanta_DanielAdhitthana/install/camera/lib/pkgconfig/camera.pc'
[6.481s] Level 1:colcon.colcon_core.environment:checking '/home/donjoe/Documents/MagangBanyubramanta_DanielAdhitthana/install/camera/lib/python3.10/site-packages'
[6.481s] Level 1:colcon.colcon_core.environment:checking '/home/donjoe/Documents/MagangBanyubramanta_DanielAdhitthana/install/camera/bin'
[6.492s] INFO:colcon.colcon_core.shell:Creating package script '/home/donjoe/Documents/MagangBanyubramanta_DanielAdhitthana/install/camera/share/camera/package.ps1'
[6.492s] INFO:colcon.colcon_core.shell:Creating package descriptor '/home/donjoe/Documents/MagangBanyubramanta_DanielAdhitthana/install/camera/share/camera/package.dsv'
[6.492s] INFO:colcon.colcon_core.shell:Creating package script '/home/donjoe/Documents/MagangBanyubramanta_DanielAdhitthana/install/camera/share/camera/package.sh'
[6.493s] INFO:colcon.colcon_core.shell:Creating package script '/home/donjoe/Documents/MagangBanyubramanta_DanielAdhitthana/install/camera/share/camera/package.bash'
[6.493s] INFO:colcon.colcon_core.shell:Creating package script '/home/donjoe/Documents/MagangBanyubramanta_DanielAdhitthana/install/camera/share/camera/package.zsh'
[6.493s] Level 1:colcon.colcon_core.environment:create_file_with_runtime_dependencies(/home/donjoe/Documents/MagangBanyubramanta_DanielAdhitthana/install/camera/share/colcon-core/packages/camera)
[6.494s] DEBUG:colcon.colcon_parallel_executor.executor.parallel:closing loop
[6.494s] DEBUG:colcon.colcon_parallel_executor.executor.parallel:loop closed
[6.494s] DEBUG:colcon.colcon_parallel_executor.executor.parallel:run_until_complete finished with '0'
[6.494s] DEBUG:colcon.colcon_core.event_reactor:joining thread
[6.510s] INFO:colcon.colcon_core.plugin_system:Skipping extension 'colcon_notification.desktop_notification.terminal_notifier': Not used on non-Darwin systems
[6.511s] INFO:colcon.colcon_core.plugin_system:Skipping extension 'colcon_notification.desktop_notification.win32': Not used on non-Windows systems
[6.511s] INFO:colcon.colcon_notification.desktop_notification:Sending desktop notification using 'notify2'
[6.523s] DEBUG:colcon.colcon_core.event_reactor:joined thread
[6.534s] INFO:colcon.colcon_core.shell:Creating prefix script '/home/donjoe/Documents/MagangBanyubramanta_DanielAdhitthana/install/local_setup.ps1'
[6.535s] INFO:colcon.colcon_core.shell:Creating prefix util module '/home/donjoe/Documents/MagangBanyubramanta_DanielAdhitthana/install/_local_setup_util_ps1.py'
[6.536s] INFO:colcon.colcon_core.shell:Creating prefix chain script '/home/donjoe/Documents/MagangBanyubramanta_DanielAdhitthana/install/setup.ps1'
[6.547s] INFO:colcon.colcon_core.shell:Creating prefix script '/home/donjoe/Documents/MagangBanyubramanta_DanielAdhitthana/install/local_setup.sh'
[6.547s] INFO:colcon.colcon_core.shell:Creating prefix util module '/home/donjoe/Documents/MagangBanyubramanta_DanielAdhitthana/install/_local_setup_util_sh.py'
[6.548s] INFO:colcon.colcon_core.shell:Creating prefix chain script '/home/donjoe/Documents/MagangBanyubramanta_DanielAdhitthana/install/setup.sh'
[6.559s] INFO:colcon.colcon_core.shell:Creating prefix script '/home/donjoe/Documents/MagangBanyubramanta_DanielAdhitthana/install/local_setup.bash'
[6.559s] INFO:colcon.colcon_core.shell:Creating prefix chain script '/home/donjoe/Documents/MagangBanyubramanta_DanielAdhitthana/install/setup.bash'
[6.570s] INFO:colcon.colcon_core.shell:Creating prefix script '/home/donjoe/Documents/MagangBanyubramanta_DanielAdhitthana/install/local_setup.zsh'
[6.570s] INFO:colcon.colcon_core.shell:Creating prefix chain script '/home/donjoe/Documents/MagangBanyubramanta_DanielAdhitthana/install/setup.zsh'
