[0.149s] Invoking command in '/home/donjoe/MagangBanyubramanta_DanielAdhitthana/build/camera': CMAKE_PREFIX_PATH=/opt/ros/humble /usr/bin/cmake --build /home/donjoe/MagangBanyubramanta_DanielAdhitthana/build/camera -- -j4 -l4
[0.681s] [ 12%] Built target camera__cpp
[0.685s] [ 12%] Built target camera__rosidl_generator_c
[0.715s] [ 12%] Built target ament_cmake_python_copy_camera
[0.738s] [ 21%] Built target camera__rosidl_typesupport_fastrtps_cpp
[0.741s] [ 30%] Built target camera__rosidl_typesupport_cpp
[0.755s] [ 39%] Built target camera__rosidl_typesupport_introspection_cpp
[0.761s] [ 48%] Built target camera__rosidl_typesupport_fastrtps_c
[0.773s] [ 57%] Built target camera__rosidl_typesupport_c
[0.781s] [ 66%] Built target camera__rosidl_typesupport_introspection_c
[0.794s] [35m[1mConsolidate compiler generated dependencies of target node[0m
[0.806s] [ 66%] Built target camera
[0.820s] [ 69%] [32mBuilding CXX object CMakeFiles/node.dir/src/node.cpp.o[0m
[0.839s] [ 72%] Built target camera__py
[0.874s] [ 78%] Built target camera__rosidl_generator_py
[0.903s] [ 84%] Built target camera__rosidl_typesupport_introspection_c__pyext
[0.914s] [ 90%] Built target camera__rosidl_typesupport_fastrtps_c__pyext
[0.927s] [ 96%] Built target camera__rosidl_typesupport_c__pyext
[1.176s] running egg_info
[1.179s] writing camera.egg-info/PKG-INFO
[1.181s] writing dependency_links to camera.egg-info/dependency_links.txt
[1.182s] writing top-level names to camera.egg-info/top_level.txt
[1.191s] reading manifest file 'camera.egg-info/SOURCES.txt'
[1.192s] writing manifest file 'camera.egg-info/SOURCES.txt'
[1.249s] [ 96%] Built target ament_cmake_python_build_camera_egg
[7.864s] [01m[K/home/donjoe/MagangBanyubramanta_DanielAdhitthana/src/camera/src/node.cpp:[m[K In constructor ‘[01m[KCamera::Camera()[m[K’:
[7.864s] [01m[K/home/donjoe/MagangBanyubramanta_DanielAdhitthana/src/camera/src/node.cpp:60:18:[m[K [01;35m[Kwarning: [m[Kvariable ‘[01m[Kmessage[m[K’ set but not used [[01;35m[K]8;;https://gcc.gnu.org/onlinedocs/gcc/Warning-Options.html#index-Wunused-but-set-variable-Wunused-but-set-variable]8;;[m[K]
[7.865s]    60 |             auto [01;35m[Kmessage[m[K = camera::msg::Object();
[7.865s]       |                  [01;35m[K^~~~~~~[m[K
[11.682s] [100%] [32m[1mLinking CXX executable node[0m
[13.259s] [100%] Built target node
[13.276s] Invoked command in '/home/donjoe/MagangBanyubramanta_DanielAdhitthana/build/camera' returned '0': CMAKE_PREFIX_PATH=/opt/ros/humble /usr/bin/cmake --build /home/donjoe/MagangBanyubramanta_DanielAdhitthana/build/camera -- -j4 -l4
[13.343s] Invoking command in '/home/donjoe/MagangBanyubramanta_DanielAdhitthana/build/camera': CMAKE_PREFIX_PATH=/opt/ros/humble /usr/bin/cmake --install /home/donjoe/MagangBanyubramanta_DanielAdhitthana/build/camera
[13.360s] -- Install configuration: ""
[13.361s] -- Up-to-date: /home/donjoe/MagangBanyubramanta_DanielAdhitthana/install/camera/share/ament_index/resource_index/rosidl_interfaces/camera
[13.362s] -- Up-to-date: /home/donjoe/MagangBanyubramanta_DanielAdhitthana/install/camera/include/camera/camera
[13.362s] -- Up-to-date: /home/donjoe/MagangBanyubramanta_DanielAdhitthana/install/camera/include/camera/camera/msg
[13.362s] -- Up-to-date: /home/donjoe/MagangBanyubramanta_DanielAdhitthana/install/camera/include/camera/camera/msg/detail
[13.362s] -- Up-to-date: /home/donjoe/MagangBanyubramanta_DanielAdhitthana/install/camera/include/camera/camera/msg/detail/object__struct.h
[13.362s] -- Up-to-date: /home/donjoe/MagangBanyubramanta_DanielAdhitthana/install/camera/include/camera/camera/msg/detail/object__type_support.h
[13.363s] -- Up-to-date: /home/donjoe/MagangBanyubramanta_DanielAdhitthana/install/camera/include/camera/camera/msg/detail/object__functions.c
[13.363s] -- Up-to-date: /home/donjoe/MagangBanyubramanta_DanielAdhitthana/install/camera/include/camera/camera/msg/detail/object__functions.h
[13.363s] -- Up-to-date: /home/donjoe/MagangBanyubramanta_DanielAdhitthana/install/camera/include/camera/camera/msg/object.h
[13.363s] -- Up-to-date: /home/donjoe/MagangBanyubramanta_DanielAdhitthana/install/camera/include/camera/camera/msg/rosidl_generator_c__visibility_control.h
[13.364s] -- Up-to-date: /home/donjoe/MagangBanyubramanta_DanielAdhitthana/install/camera/share/camera/environment/library_path.sh
[13.364s] -- Up-to-date: /home/donjoe/MagangBanyubramanta_DanielAdhitthana/install/camera/share/camera/environment/library_path.dsv
[13.366s] -- Up-to-date: /home/donjoe/MagangBanyubramanta_DanielAdhitthana/install/camera/lib/libcamera__rosidl_generator_c.so
[13.366s] -- Up-to-date: /home/donjoe/MagangBanyubramanta_DanielAdhitthana/install/camera/include/camera/camera
[13.366s] -- Up-to-date: /home/donjoe/MagangBanyubramanta_DanielAdhitthana/install/camera/include/camera/camera/msg
[13.367s] -- Up-to-date: /home/donjoe/MagangBanyubramanta_DanielAdhitthana/install/camera/include/camera/camera/msg/rosidl_typesupport_fastrtps_c__visibility_control.h
[13.367s] -- Up-to-date: /home/donjoe/MagangBanyubramanta_DanielAdhitthana/install/camera/include/camera/camera/msg/detail
[13.367s] -- Up-to-date: /home/donjoe/MagangBanyubramanta_DanielAdhitthana/install/camera/include/camera/camera/msg/detail/object__rosidl_typesupport_fastrtps_c.h
[13.368s] -- Up-to-date: /home/donjoe/MagangBanyubramanta_DanielAdhitthana/install/camera/lib/libcamera__rosidl_typesupport_fastrtps_c.so
[13.369s] -- Up-to-date: /home/donjoe/MagangBanyubramanta_DanielAdhitthana/install/camera/include/camera/camera
[13.369s] -- Up-to-date: /home/donjoe/MagangBanyubramanta_DanielAdhitthana/install/camera/include/camera/camera/msg
[13.369s] -- Up-to-date: /home/donjoe/MagangBanyubramanta_DanielAdhitthana/install/camera/include/camera/camera/msg/object.hpp
[13.369s] -- Up-to-date: /home/donjoe/MagangBanyubramanta_DanielAdhitthana/install/camera/include/camera/camera/msg/detail
[13.369s] -- Up-to-date: /home/donjoe/MagangBanyubramanta_DanielAdhitthana/install/camera/include/camera/camera/msg/detail/object__struct.hpp
[13.370s] -- Up-to-date: /home/donjoe/MagangBanyubramanta_DanielAdhitthana/install/camera/include/camera/camera/msg/detail/object__traits.hpp
[13.370s] -- Up-to-date: /home/donjoe/MagangBanyubramanta_DanielAdhitthana/install/camera/include/camera/camera/msg/detail/object__builder.hpp
[13.370s] -- Up-to-date: /home/donjoe/MagangBanyubramanta_DanielAdhitthana/install/camera/include/camera/camera
[13.370s] -- Up-to-date: /home/donjoe/MagangBanyubramanta_DanielAdhitthana/install/camera/include/camera/camera/msg
[13.370s] -- Up-to-date: /home/donjoe/MagangBanyubramanta_DanielAdhitthana/install/camera/include/camera/camera/msg/rosidl_typesupport_fastrtps_cpp__visibility_control.h
[13.371s] -- Up-to-date: /home/donjoe/MagangBanyubramanta_DanielAdhitthana/install/camera/include/camera/camera/msg/detail
[13.371s] -- Up-to-date: /home/donjoe/MagangBanyubramanta_DanielAdhitthana/install/camera/include/camera/camera/msg/detail/object__rosidl_typesupport_fastrtps_cpp.hpp
[13.371s] -- Up-to-date: /home/donjoe/MagangBanyubramanta_DanielAdhitthana/install/camera/include/camera/camera/msg/detail/dds_fastrtps
[13.371s] -- Up-to-date: /home/donjoe/MagangBanyubramanta_DanielAdhitthana/install/camera/lib/libcamera__rosidl_typesupport_fastrtps_cpp.so
[13.371s] -- Up-to-date: /home/donjoe/MagangBanyubramanta_DanielAdhitthana/install/camera/include/camera/camera
[13.372s] -- Up-to-date: /home/donjoe/MagangBanyubramanta_DanielAdhitthana/install/camera/include/camera/camera/msg
[13.372s] -- Up-to-date: /home/donjoe/MagangBanyubramanta_DanielAdhitthana/install/camera/include/camera/camera/msg/rosidl_typesupport_introspection_c__visibility_control.h
[13.372s] -- Up-to-date: /home/donjoe/MagangBanyubramanta_DanielAdhitthana/install/camera/include/camera/camera/msg/detail
[13.372s] -- Up-to-date: /home/donjoe/MagangBanyubramanta_DanielAdhitthana/install/camera/include/camera/camera/msg/detail/object__rosidl_typesupport_introspection_c.h
[13.372s] -- Up-to-date: /home/donjoe/MagangBanyubramanta_DanielAdhitthana/install/camera/include/camera/camera/msg/detail/object__type_support.c
[13.372s] -- Up-to-date: /home/donjoe/MagangBanyubramanta_DanielAdhitthana/install/camera/lib/libcamera__rosidl_typesupport_introspection_c.so
[13.373s] -- Up-to-date: /home/donjoe/MagangBanyubramanta_DanielAdhitthana/install/camera/lib/libcamera__rosidl_typesupport_c.so
[13.374s] -- Up-to-date: /home/donjoe/MagangBanyubramanta_DanielAdhitthana/install/camera/include/camera/camera
[13.374s] -- Up-to-date: /home/donjoe/MagangBanyubramanta_DanielAdhitthana/install/camera/include/camera/camera/msg
[13.374s] -- Up-to-date: /home/donjoe/MagangBanyubramanta_DanielAdhitthana/install/camera/include/camera/camera/msg/detail
[13.374s] -- Up-to-date: /home/donjoe/MagangBanyubramanta_DanielAdhitthana/install/camera/include/camera/camera/msg/detail/object__type_support.cpp
[13.374s] -- Up-to-date: /home/donjoe/MagangBanyubramanta_DanielAdhitthana/install/camera/include/camera/camera/msg/detail/object__rosidl_typesupport_introspection_cpp.hpp
[13.376s] -- Up-to-date: /home/donjoe/MagangBanyubramanta_DanielAdhitthana/install/camera/lib/libcamera__rosidl_typesupport_introspection_cpp.so
[13.376s] -- Up-to-date: /home/donjoe/MagangBanyubramanta_DanielAdhitthana/install/camera/lib/libcamera__rosidl_typesupport_cpp.so
[13.377s] -- Up-to-date: /home/donjoe/MagangBanyubramanta_DanielAdhitthana/install/camera/share/camera/environment/pythonpath.sh
[13.377s] -- Up-to-date: /home/donjoe/MagangBanyubramanta_DanielAdhitthana/install/camera/share/camera/environment/pythonpath.dsv
[13.377s] -- Up-to-date: /home/donjoe/MagangBanyubramanta_DanielAdhitthana/install/camera/local/lib/python3.10/dist-packages/camera-0.0.0-py3.10.egg-info
[13.377s] -- Installing: /home/donjoe/MagangBanyubramanta_DanielAdhitthana/install/camera/local/lib/python3.10/dist-packages/camera-0.0.0-py3.10.egg-info/top_level.txt
[13.379s] -- Installing: /home/donjoe/MagangBanyubramanta_DanielAdhitthana/install/camera/local/lib/python3.10/dist-packages/camera-0.0.0-py3.10.egg-info/PKG-INFO
[13.380s] -- Installing: /home/donjoe/MagangBanyubramanta_DanielAdhitthana/install/camera/local/lib/python3.10/dist-packages/camera-0.0.0-py3.10.egg-info/SOURCES.txt
[13.380s] -- Installing: /home/donjoe/MagangBanyubramanta_DanielAdhitthana/install/camera/local/lib/python3.10/dist-packages/camera-0.0.0-py3.10.egg-info/dependency_links.txt
[13.381s] -- Up-to-date: /home/donjoe/MagangBanyubramanta_DanielAdhitthana/install/camera/local/lib/python3.10/dist-packages/camera
[13.381s] -- Up-to-date: /home/donjoe/MagangBanyubramanta_DanielAdhitthana/install/camera/local/lib/python3.10/dist-packages/camera/camera_s__rosidl_typesupport_fastrtps_c.cpython-310-x86_64-linux-gnu.so
[13.381s] -- Up-to-date: /home/donjoe/MagangBanyubramanta_DanielAdhitthana/install/camera/local/lib/python3.10/dist-packages/camera/msg
[13.382s] -- Up-to-date: /home/donjoe/MagangBanyubramanta_DanielAdhitthana/install/camera/local/lib/python3.10/dist-packages/camera/msg/_object.py
[13.382s] -- Up-to-date: /home/donjoe/MagangBanyubramanta_DanielAdhitthana/install/camera/local/lib/python3.10/dist-packages/camera/msg/_object_s.c
[13.382s] -- Up-to-date: /home/donjoe/MagangBanyubramanta_DanielAdhitthana/install/camera/local/lib/python3.10/dist-packages/camera/msg/__init__.py
[13.382s] -- Up-to-date: /home/donjoe/MagangBanyubramanta_DanielAdhitthana/install/camera/local/lib/python3.10/dist-packages/camera/_camera_s.ep.rosidl_typesupport_c.c
[13.382s] -- Up-to-date: /home/donjoe/MagangBanyubramanta_DanielAdhitthana/install/camera/local/lib/python3.10/dist-packages/camera/_camera_s.ep.rosidl_typesupport_fastrtps_c.c
[13.382s] -- Up-to-date: /home/donjoe/MagangBanyubramanta_DanielAdhitthana/install/camera/local/lib/python3.10/dist-packages/camera/camera_s__rosidl_typesupport_c.cpython-310-x86_64-linux-gnu.so
[13.383s] -- Up-to-date: /home/donjoe/MagangBanyubramanta_DanielAdhitthana/install/camera/local/lib/python3.10/dist-packages/camera/_camera_s.ep.rosidl_typesupport_introspection_c.c
[13.383s] -- Up-to-date: /home/donjoe/MagangBanyubramanta_DanielAdhitthana/install/camera/local/lib/python3.10/dist-packages/camera/camera_s__rosidl_typesupport_introspection_c.cpython-310-x86_64-linux-gnu.so
[13.383s] -- Up-to-date: /home/donjoe/MagangBanyubramanta_DanielAdhitthana/install/camera/local/lib/python3.10/dist-packages/camera/libcamera__rosidl_generator_py.so
[13.383s] -- Up-to-date: /home/donjoe/MagangBanyubramanta_DanielAdhitthana/install/camera/local/lib/python3.10/dist-packages/camera/__init__.py
[13.451s] Listing '/home/donjoe/MagangBanyubramanta_DanielAdhitthana/install/camera/local/lib/python3.10/dist-packages/camera'...
[13.451s] Listing '/home/donjoe/MagangBanyubramanta_DanielAdhitthana/install/camera/local/lib/python3.10/dist-packages/camera/msg'...
[13.464s] -- Up-to-date: /home/donjoe/MagangBanyubramanta_DanielAdhitthana/install/camera/local/lib/python3.10/dist-packages/camera/camera_s__rosidl_typesupport_fastrtps_c.cpython-310-x86_64-linux-gnu.so
[13.468s] -- Up-to-date: /home/donjoe/MagangBanyubramanta_DanielAdhitthana/install/camera/local/lib/python3.10/dist-packages/camera/camera_s__rosidl_typesupport_introspection_c.cpython-310-x86_64-linux-gnu.so
[13.468s] -- Up-to-date: /home/donjoe/MagangBanyubramanta_DanielAdhitthana/install/camera/local/lib/python3.10/dist-packages/camera/camera_s__rosidl_typesupport_c.cpython-310-x86_64-linux-gnu.so
[13.469s] -- Up-to-date: /home/donjoe/MagangBanyubramanta_DanielAdhitthana/install/camera/lib/libcamera__rosidl_generator_py.so
[13.469s] -- Up-to-date: /home/donjoe/MagangBanyubramanta_DanielAdhitthana/install/camera/share/camera/msg/Object.idl
[13.469s] -- Up-to-date: /home/donjoe/MagangBanyubramanta_DanielAdhitthana/install/camera/share/camera/msg/Object.msg
[13.471s] -- Installing: /home/donjoe/MagangBanyubramanta_DanielAdhitthana/install/camera/lib/camera/node
[13.493s] -- Set runtime path of "/home/donjoe/MagangBanyubramanta_DanielAdhitthana/install/camera/lib/camera/node" to ""
[13.493s] -- Up-to-date: /home/donjoe/MagangBanyubramanta_DanielAdhitthana/install/camera/share/ament_index/resource_index/package_run_dependencies/camera
[13.494s] -- Up-to-date: /home/donjoe/MagangBanyubramanta_DanielAdhitthana/install/camera/share/ament_index/resource_index/parent_prefix_path/camera
[13.494s] -- Up-to-date: /home/donjoe/MagangBanyubramanta_DanielAdhitthana/install/camera/share/camera/environment/ament_prefix_path.sh
[13.494s] -- Up-to-date: /home/donjoe/MagangBanyubramanta_DanielAdhitthana/install/camera/share/camera/environment/ament_prefix_path.dsv
[13.494s] -- Up-to-date: /home/donjoe/MagangBanyubramanta_DanielAdhitthana/install/camera/share/camera/environment/path.sh
[13.494s] -- Up-to-date: /home/donjoe/MagangBanyubramanta_DanielAdhitthana/install/camera/share/camera/environment/path.dsv
[13.494s] -- Up-to-date: /home/donjoe/MagangBanyubramanta_DanielAdhitthana/install/camera/share/camera/local_setup.bash
[13.495s] -- Up-to-date: /home/donjoe/MagangBanyubramanta_DanielAdhitthana/install/camera/share/camera/local_setup.sh
[13.495s] -- Up-to-date: /home/donjoe/MagangBanyubramanta_DanielAdhitthana/install/camera/share/camera/local_setup.zsh
[13.495s] -- Up-to-date: /home/donjoe/MagangBanyubramanta_DanielAdhitthana/install/camera/share/camera/local_setup.dsv
[13.495s] -- Installing: /home/donjoe/MagangBanyubramanta_DanielAdhitthana/install/camera/share/camera/package.dsv
[13.502s] -- Up-to-date: /home/donjoe/MagangBanyubramanta_DanielAdhitthana/install/camera/share/ament_index/resource_index/packages/camera
[13.503s] -- Up-to-date: /home/donjoe/MagangBanyubramanta_DanielAdhitthana/install/camera/share/camera/cmake/export_camera__rosidl_generator_cExport.cmake
[13.504s] -- Up-to-date: /home/donjoe/MagangBanyubramanta_DanielAdhitthana/install/camera/share/camera/cmake/export_camera__rosidl_generator_cExport-noconfig.cmake
[13.504s] -- Up-to-date: /home/donjoe/MagangBanyubramanta_DanielAdhitthana/install/camera/share/camera/cmake/export_camera__rosidl_typesupport_fastrtps_cExport.cmake
[13.512s] -- Up-to-date: /home/donjoe/MagangBanyubramanta_DanielAdhitthana/install/camera/share/camera/cmake/export_camera__rosidl_typesupport_fastrtps_cExport-noconfig.cmake
[13.512s] -- Up-to-date: /home/donjoe/MagangBanyubramanta_DanielAdhitthana/install/camera/share/camera/cmake/export_camera__rosidl_generator_cppExport.cmake
[13.512s] -- Up-to-date: /home/donjoe/MagangBanyubramanta_DanielAdhitthana/install/camera/share/camera/cmake/export_camera__rosidl_typesupport_fastrtps_cppExport.cmake
[13.512s] -- Up-to-date: /home/donjoe/MagangBanyubramanta_DanielAdhitthana/install/camera/share/camera/cmake/export_camera__rosidl_typesupport_fastrtps_cppExport-noconfig.cmake
[13.513s] -- Up-to-date: /home/donjoe/MagangBanyubramanta_DanielAdhitthana/install/camera/share/camera/cmake/camera__rosidl_typesupport_introspection_cExport.cmake
[13.513s] -- Up-to-date: /home/donjoe/MagangBanyubramanta_DanielAdhitthana/install/camera/share/camera/cmake/camera__rosidl_typesupport_introspection_cExport-noconfig.cmake
[13.513s] -- Up-to-date: /home/donjoe/MagangBanyubramanta_DanielAdhitthana/install/camera/share/camera/cmake/camera__rosidl_typesupport_cExport.cmake
[13.513s] -- Up-to-date: /home/donjoe/MagangBanyubramanta_DanielAdhitthana/install/camera/share/camera/cmake/camera__rosidl_typesupport_cExport-noconfig.cmake
[13.519s] -- Up-to-date: /home/donjoe/MagangBanyubramanta_DanielAdhitthana/install/camera/share/camera/cmake/camera__rosidl_typesupport_introspection_cppExport.cmake
[13.519s] -- Up-to-date: /home/donjoe/MagangBanyubramanta_DanielAdhitthana/install/camera/share/camera/cmake/camera__rosidl_typesupport_introspection_cppExport-noconfig.cmake
[13.527s] -- Up-to-date: /home/donjoe/MagangBanyubramanta_DanielAdhitthana/install/camera/share/camera/cmake/camera__rosidl_typesupport_cppExport.cmake
[13.528s] -- Up-to-date: /home/donjoe/MagangBanyubramanta_DanielAdhitthana/install/camera/share/camera/cmake/camera__rosidl_typesupport_cppExport-noconfig.cmake
[13.529s] -- Up-to-date: /home/donjoe/MagangBanyubramanta_DanielAdhitthana/install/camera/share/camera/cmake/export_camera__rosidl_generator_pyExport.cmake
[13.529s] -- Up-to-date: /home/donjoe/MagangBanyubramanta_DanielAdhitthana/install/camera/share/camera/cmake/export_camera__rosidl_generator_pyExport-noconfig.cmake
[13.529s] -- Up-to-date: /home/donjoe/MagangBanyubramanta_DanielAdhitthana/install/camera/share/camera/cmake/rosidl_cmake-extras.cmake
[13.529s] -- Up-to-date: /home/donjoe/MagangBanyubramanta_DanielAdhitthana/install/camera/share/camera/cmake/ament_cmake_export_include_directories-extras.cmake
[13.529s] -- Up-to-date: /home/donjoe/MagangBanyubramanta_DanielAdhitthana/install/camera/share/camera/cmake/ament_cmake_export_libraries-extras.cmake
[13.530s] -- Up-to-date: /home/donjoe/MagangBanyubramanta_DanielAdhitthana/install/camera/share/camera/cmake/ament_cmake_export_targets-extras.cmake
[13.530s] -- Up-to-date: /home/donjoe/MagangBanyubramanta_DanielAdhitthana/install/camera/share/camera/cmake/rosidl_cmake_export_typesupport_targets-extras.cmake
[13.530s] -- Up-to-date: /home/donjoe/MagangBanyubramanta_DanielAdhitthana/install/camera/share/camera/cmake/ament_cmake_export_dependencies-extras.cmake
[13.530s] -- Up-to-date: /home/donjoe/MagangBanyubramanta_DanielAdhitthana/install/camera/share/camera/cmake/rosidl_cmake_export_typesupport_libraries-extras.cmake
[13.530s] -- Up-to-date: /home/donjoe/MagangBanyubramanta_DanielAdhitthana/install/camera/share/camera/cmake/cameraConfig.cmake
[13.530s] -- Up-to-date: /home/donjoe/MagangBanyubramanta_DanielAdhitthana/install/camera/share/camera/cmake/cameraConfig-version.cmake
[13.530s] -- Up-to-date: /home/donjoe/MagangBanyubramanta_DanielAdhitthana/install/camera/share/camera/package.xml
[13.546s] Invoked command in '/home/donjoe/MagangBanyubramanta_DanielAdhitthana/build/camera' returned '0': CMAKE_PREFIX_PATH=/opt/ros/humble /usr/bin/cmake --install /home/donjoe/MagangBanyubramanta_DanielAdhitthana/build/camera
