[0.051s] Invoking command in '/home/donjoe/MagangBanyubramanta_DanielAdhitthana/build/camera': CMAKE_PREFIX_PATH=/opt/ros/humble /usr/bin/cmake --build /home/donjoe/MagangBanyubramanta_DanielAdhitthana/build/camera -- -j4 -l4
[0.233s] [  3%] Built target camera__cpp
[0.243s] [ 12%] Built target camera__rosidl_generator_c
[0.256s] [ 21%] Built target camera__rosidl_typesupport_fastrtps_cpp
[0.259s] [ 30%] Built target camera__rosidl_typesupport_cpp
[0.261s] [ 30%] Built target ament_cmake_python_copy_camera
[0.270s] [ 39%] Built target camera__rosidl_typesupport_introspection_cpp
[0.278s] [ 48%] Built target camera__rosidl_typesupport_fastrtps_c
[0.280s] [ 57%] Built target camera__rosidl_typesupport_introspection_c
[0.284s] [ 66%] Built target camera__rosidl_typesupport_c
[0.300s] [35m[1mConsolidate compiler generated dependencies of target node[0m
[0.302s] [ 66%] Built target camera
[0.320s] [ 69%] Built target camera__py
[0.326s] [ 72%] [32mBuilding CXX object CMakeFiles/node.dir/src/node.cpp.o[0m
[0.344s] [ 78%] Built target camera__rosidl_generator_py
[0.369s] [ 84%] Built target camera__rosidl_typesupport_fastrtps_c__pyext
[0.370s] [ 90%] Built target camera__rosidl_typesupport_introspection_c__pyext
[0.389s] [ 96%] Built target camera__rosidl_typesupport_c__pyext
[0.486s] running egg_info
[0.486s] writing camera.egg-info/PKG-INFO
[0.487s] writing dependency_links to camera.egg-info/dependency_links.txt
[0.487s] writing top-level names to camera.egg-info/top_level.txt
[0.490s] reading manifest file 'camera.egg-info/SOURCES.txt'
[0.490s] writing manifest file 'camera.egg-info/SOURCES.txt'
[0.512s] [ 96%] Built target ament_cmake_python_build_camera_egg
[6.095s] [100%] [32m[1mLinking CXX executable node[0m
[6.986s] [100%] Built target node
[6.995s] Invoked command in '/home/donjoe/MagangBanyubramanta_DanielAdhitthana/build/camera' returned '0': CMAKE_PREFIX_PATH=/opt/ros/humble /usr/bin/cmake --build /home/donjoe/MagangBanyubramanta_DanielAdhitthana/build/camera -- -j4 -l4
[7.045s] Invoking command in '/home/donjoe/MagangBanyubramanta_DanielAdhitthana/build/camera': CMAKE_PREFIX_PATH=/opt/ros/humble /usr/bin/cmake --install /home/donjoe/MagangBanyubramanta_DanielAdhitthana/build/camera
[7.054s] -- Install configuration: ""
[7.056s] -- Up-to-date: /home/donjoe/MagangBanyubramanta_DanielAdhitthana/install/camera/share/ament_index/resource_index/rosidl_interfaces/camera
[7.057s] -- Up-to-date: /home/donjoe/MagangBanyubramanta_DanielAdhitthana/install/camera/include/camera/camera
[7.057s] -- Up-to-date: /home/donjoe/MagangBanyubramanta_DanielAdhitthana/install/camera/include/camera/camera/msg
[7.057s] -- Up-to-date: /home/donjoe/MagangBanyubramanta_DanielAdhitthana/install/camera/include/camera/camera/msg/detail
[7.057s] -- Up-to-date: /home/donjoe/MagangBanyubramanta_DanielAdhitthana/install/camera/include/camera/camera/msg/detail/object__struct.h
[7.057s] -- Up-to-date: /home/donjoe/MagangBanyubramanta_DanielAdhitthana/install/camera/include/camera/camera/msg/detail/object__type_support.h
[7.058s] -- Up-to-date: /home/donjoe/MagangBanyubramanta_DanielAdhitthana/install/camera/include/camera/camera/msg/detail/object__functions.c
[7.058s] -- Up-to-date: /home/donjoe/MagangBanyubramanta_DanielAdhitthana/install/camera/include/camera/camera/msg/detail/object__functions.h
[7.058s] -- Up-to-date: /home/donjoe/MagangBanyubramanta_DanielAdhitthana/install/camera/include/camera/camera/msg/object.h
[7.058s] -- Up-to-date: /home/donjoe/MagangBanyubramanta_DanielAdhitthana/install/camera/include/camera/camera/msg/rosidl_generator_c__visibility_control.h
[7.058s] -- Up-to-date: /home/donjoe/MagangBanyubramanta_DanielAdhitthana/install/camera/share/camera/environment/library_path.sh
[7.058s] -- Up-to-date: /home/donjoe/MagangBanyubramanta_DanielAdhitthana/install/camera/share/camera/environment/library_path.dsv
[7.059s] -- Up-to-date: /home/donjoe/MagangBanyubramanta_DanielAdhitthana/install/camera/lib/libcamera__rosidl_generator_c.so
[7.060s] -- Up-to-date: /home/donjoe/MagangBanyubramanta_DanielAdhitthana/install/camera/include/camera/camera
[7.060s] -- Up-to-date: /home/donjoe/MagangBanyubramanta_DanielAdhitthana/install/camera/include/camera/camera/msg
[7.060s] -- Up-to-date: /home/donjoe/MagangBanyubramanta_DanielAdhitthana/install/camera/include/camera/camera/msg/rosidl_typesupport_fastrtps_c__visibility_control.h
[7.060s] -- Up-to-date: /home/donjoe/MagangBanyubramanta_DanielAdhitthana/install/camera/include/camera/camera/msg/detail
[7.061s] -- Up-to-date: /home/donjoe/MagangBanyubramanta_DanielAdhitthana/install/camera/include/camera/camera/msg/detail/object__rosidl_typesupport_fastrtps_c.h
[7.062s] -- Up-to-date: /home/donjoe/MagangBanyubramanta_DanielAdhitthana/install/camera/lib/libcamera__rosidl_typesupport_fastrtps_c.so
[7.062s] -- Up-to-date: /home/donjoe/MagangBanyubramanta_DanielAdhitthana/install/camera/include/camera/camera
[7.063s] -- Up-to-date: /home/donjoe/MagangBanyubramanta_DanielAdhitthana/install/camera/include/camera/camera/msg
[7.063s] -- Up-to-date: /home/donjoe/MagangBanyubramanta_DanielAdhitthana/install/camera/include/camera/camera/msg/object.hpp
[7.063s] -- Up-to-date: /home/donjoe/MagangBanyubramanta_DanielAdhitthana/install/camera/include/camera/camera/msg/detail
[7.063s] -- Up-to-date: /home/donjoe/MagangBanyubramanta_DanielAdhitthana/install/camera/include/camera/camera/msg/detail/object__struct.hpp
[7.063s] -- Up-to-date: /home/donjoe/MagangBanyubramanta_DanielAdhitthana/install/camera/include/camera/camera/msg/detail/object__traits.hpp
[7.063s] -- Up-to-date: /home/donjoe/MagangBanyubramanta_DanielAdhitthana/install/camera/include/camera/camera/msg/detail/object__builder.hpp
[7.063s] -- Up-to-date: /home/donjoe/MagangBanyubramanta_DanielAdhitthana/install/camera/include/camera/camera
[7.064s] -- Up-to-date: /home/donjoe/MagangBanyubramanta_DanielAdhitthana/install/camera/include/camera/camera/msg
[7.064s] -- Up-to-date: /home/donjoe/MagangBanyubramanta_DanielAdhitthana/install/camera/include/camera/camera/msg/rosidl_typesupport_fastrtps_cpp__visibility_control.h
[7.064s] -- Up-to-date: /home/donjoe/MagangBanyubramanta_DanielAdhitthana/install/camera/include/camera/camera/msg/detail
[7.064s] -- Up-to-date: /home/donjoe/MagangBanyubramanta_DanielAdhitthana/install/camera/include/camera/camera/msg/detail/object__rosidl_typesupport_fastrtps_cpp.hpp
[7.064s] -- Up-to-date: /home/donjoe/MagangBanyubramanta_DanielAdhitthana/install/camera/include/camera/camera/msg/detail/dds_fastrtps
[7.064s] -- Up-to-date: /home/donjoe/MagangBanyubramanta_DanielAdhitthana/install/camera/lib/libcamera__rosidl_typesupport_fastrtps_cpp.so
[7.064s] -- Up-to-date: /home/donjoe/MagangBanyubramanta_DanielAdhitthana/install/camera/include/camera/camera
[7.064s] -- Up-to-date: /home/donjoe/MagangBanyubramanta_DanielAdhitthana/install/camera/include/camera/camera/msg
[7.066s] -- Up-to-date: /home/donjoe/MagangBanyubramanta_DanielAdhitthana/install/camera/include/camera/camera/msg/rosidl_typesupport_introspection_c__visibility_control.h
[7.066s] -- Up-to-date: /home/donjoe/MagangBanyubramanta_DanielAdhitthana/install/camera/include/camera/camera/msg/detail
[7.066s] -- Up-to-date: /home/donjoe/MagangBanyubramanta_DanielAdhitthana/install/camera/include/camera/camera/msg/detail/object__rosidl_typesupport_introspection_c.h
[7.066s] -- Up-to-date: /home/donjoe/MagangBanyubramanta_DanielAdhitthana/install/camera/include/camera/camera/msg/detail/object__type_support.c
[7.067s] -- Up-to-date: /home/donjoe/MagangBanyubramanta_DanielAdhitthana/install/camera/lib/libcamera__rosidl_typesupport_introspection_c.so
[7.067s] -- Up-to-date: /home/donjoe/MagangBanyubramanta_DanielAdhitthana/install/camera/lib/libcamera__rosidl_typesupport_c.so
[7.067s] -- Up-to-date: /home/donjoe/MagangBanyubramanta_DanielAdhitthana/install/camera/include/camera/camera
[7.068s] -- Up-to-date: /home/donjoe/MagangBanyubramanta_DanielAdhitthana/install/camera/include/camera/camera/msg
[7.068s] -- Up-to-date: /home/donjoe/MagangBanyubramanta_DanielAdhitthana/install/camera/include/camera/camera/msg/detail
[7.068s] -- Up-to-date: /home/donjoe/MagangBanyubramanta_DanielAdhitthana/install/camera/include/camera/camera/msg/detail/object__type_support.cpp
[7.068s] -- Up-to-date: /home/donjoe/MagangBanyubramanta_DanielAdhitthana/install/camera/include/camera/camera/msg/detail/object__rosidl_typesupport_introspection_cpp.hpp
[7.069s] -- Up-to-date: /home/donjoe/MagangBanyubramanta_DanielAdhitthana/install/camera/lib/libcamera__rosidl_typesupport_introspection_cpp.so
[7.069s] -- Up-to-date: /home/donjoe/MagangBanyubramanta_DanielAdhitthana/install/camera/lib/libcamera__rosidl_typesupport_cpp.so
[7.070s] -- Up-to-date: /home/donjoe/MagangBanyubramanta_DanielAdhitthana/install/camera/share/camera/environment/pythonpath.sh
[7.070s] -- Up-to-date: /home/donjoe/MagangBanyubramanta_DanielAdhitthana/install/camera/share/camera/environment/pythonpath.dsv
[7.070s] -- Up-to-date: /home/donjoe/MagangBanyubramanta_DanielAdhitthana/install/camera/local/lib/python3.10/dist-packages/camera-0.0.0-py3.10.egg-info
[7.070s] -- Installing: /home/donjoe/MagangBanyubramanta_DanielAdhitthana/install/camera/local/lib/python3.10/dist-packages/camera-0.0.0-py3.10.egg-info/top_level.txt
[7.070s] -- Installing: /home/donjoe/MagangBanyubramanta_DanielAdhitthana/install/camera/local/lib/python3.10/dist-packages/camera-0.0.0-py3.10.egg-info/PKG-INFO
[7.071s] -- Installing: /home/donjoe/MagangBanyubramanta_DanielAdhitthana/install/camera/local/lib/python3.10/dist-packages/camera-0.0.0-py3.10.egg-info/SOURCES.txt
[7.071s] -- Installing: /home/donjoe/MagangBanyubramanta_DanielAdhitthana/install/camera/local/lib/python3.10/dist-packages/camera-0.0.0-py3.10.egg-info/dependency_links.txt
[7.071s] -- Up-to-date: /home/donjoe/MagangBanyubramanta_DanielAdhitthana/install/camera/local/lib/python3.10/dist-packages/camera
[7.071s] -- Up-to-date: /home/donjoe/MagangBanyubramanta_DanielAdhitthana/install/camera/local/lib/python3.10/dist-packages/camera/camera_s__rosidl_typesupport_fastrtps_c.cpython-310-x86_64-linux-gnu.so
[7.071s] -- Up-to-date: /home/donjoe/MagangBanyubramanta_DanielAdhitthana/install/camera/local/lib/python3.10/dist-packages/camera/msg
[7.071s] -- Up-to-date: /home/donjoe/MagangBanyubramanta_DanielAdhitthana/install/camera/local/lib/python3.10/dist-packages/camera/msg/_object.py
[7.071s] -- Up-to-date: /home/donjoe/MagangBanyubramanta_DanielAdhitthana/install/camera/local/lib/python3.10/dist-packages/camera/msg/_object_s.c
[7.071s] -- Up-to-date: /home/donjoe/MagangBanyubramanta_DanielAdhitthana/install/camera/local/lib/python3.10/dist-packages/camera/msg/__init__.py
[7.071s] -- Up-to-date: /home/donjoe/MagangBanyubramanta_DanielAdhitthana/install/camera/local/lib/python3.10/dist-packages/camera/_camera_s.ep.rosidl_typesupport_c.c
[7.072s] -- Up-to-date: /home/donjoe/MagangBanyubramanta_DanielAdhitthana/install/camera/local/lib/python3.10/dist-packages/camera/_camera_s.ep.rosidl_typesupport_fastrtps_c.c
[7.072s] -- Up-to-date: /home/donjoe/MagangBanyubramanta_DanielAdhitthana/install/camera/local/lib/python3.10/dist-packages/camera/camera_s__rosidl_typesupport_c.cpython-310-x86_64-linux-gnu.so
[7.072s] -- Up-to-date: /home/donjoe/MagangBanyubramanta_DanielAdhitthana/install/camera/local/lib/python3.10/dist-packages/camera/_camera_s.ep.rosidl_typesupport_introspection_c.c
[7.072s] -- Up-to-date: /home/donjoe/MagangBanyubramanta_DanielAdhitthana/install/camera/local/lib/python3.10/dist-packages/camera/camera_s__rosidl_typesupport_introspection_c.cpython-310-x86_64-linux-gnu.so
[7.072s] -- Up-to-date: /home/donjoe/MagangBanyubramanta_DanielAdhitthana/install/camera/local/lib/python3.10/dist-packages/camera/libcamera__rosidl_generator_py.so
[7.072s] -- Up-to-date: /home/donjoe/MagangBanyubramanta_DanielAdhitthana/install/camera/local/lib/python3.10/dist-packages/camera/__init__.py
[7.096s] Listing '/home/donjoe/MagangBanyubramanta_DanielAdhitthana/install/camera/local/lib/python3.10/dist-packages/camera'...
[7.096s] Listing '/home/donjoe/MagangBanyubramanta_DanielAdhitthana/install/camera/local/lib/python3.10/dist-packages/camera/msg'...
[7.100s] -- Up-to-date: /home/donjoe/MagangBanyubramanta_DanielAdhitthana/install/camera/local/lib/python3.10/dist-packages/camera/camera_s__rosidl_typesupport_fastrtps_c.cpython-310-x86_64-linux-gnu.so
[7.100s] -- Up-to-date: /home/donjoe/MagangBanyubramanta_DanielAdhitthana/install/camera/local/lib/python3.10/dist-packages/camera/camera_s__rosidl_typesupport_introspection_c.cpython-310-x86_64-linux-gnu.so
[7.100s] -- Up-to-date: /home/donjoe/MagangBanyubramanta_DanielAdhitthana/install/camera/local/lib/python3.10/dist-packages/camera/camera_s__rosidl_typesupport_c.cpython-310-x86_64-linux-gnu.so
[7.101s] -- Up-to-date: /home/donjoe/MagangBanyubramanta_DanielAdhitthana/install/camera/lib/libcamera__rosidl_generator_py.so
[7.101s] -- Up-to-date: /home/donjoe/MagangBanyubramanta_DanielAdhitthana/install/camera/share/camera/msg/Object.idl
[7.101s] -- Up-to-date: /home/donjoe/MagangBanyubramanta_DanielAdhitthana/install/camera/share/camera/msg/Object.msg
[7.101s] -- Installing: /home/donjoe/MagangBanyubramanta_DanielAdhitthana/install/camera/lib/camera/node
[7.104s] -- Set runtime path of "/home/donjoe/MagangBanyubramanta_DanielAdhitthana/install/camera/lib/camera/node" to ""
[7.104s] -- Up-to-date: /home/donjoe/MagangBanyubramanta_DanielAdhitthana/install/camera/share/ament_index/resource_index/package_run_dependencies/camera
[7.104s] -- Up-to-date: /home/donjoe/MagangBanyubramanta_DanielAdhitthana/install/camera/share/ament_index/resource_index/parent_prefix_path/camera
[7.104s] -- Up-to-date: /home/donjoe/MagangBanyubramanta_DanielAdhitthana/install/camera/share/camera/environment/ament_prefix_path.sh
[7.104s] -- Up-to-date: /home/donjoe/MagangBanyubramanta_DanielAdhitthana/install/camera/share/camera/environment/ament_prefix_path.dsv
[7.104s] -- Up-to-date: /home/donjoe/MagangBanyubramanta_DanielAdhitthana/install/camera/share/camera/environment/path.sh
[7.104s] -- Up-to-date: /home/donjoe/MagangBanyubramanta_DanielAdhitthana/install/camera/share/camera/environment/path.dsv
[7.104s] -- Up-to-date: /home/donjoe/MagangBanyubramanta_DanielAdhitthana/install/camera/share/camera/local_setup.bash
[7.104s] -- Up-to-date: /home/donjoe/MagangBanyubramanta_DanielAdhitthana/install/camera/share/camera/local_setup.sh
[7.104s] -- Up-to-date: /home/donjoe/MagangBanyubramanta_DanielAdhitthana/install/camera/share/camera/local_setup.zsh
[7.104s] -- Up-to-date: /home/donjoe/MagangBanyubramanta_DanielAdhitthana/install/camera/share/camera/local_setup.dsv
[7.104s] -- Installing: /home/donjoe/MagangBanyubramanta_DanielAdhitthana/install/camera/share/camera/package.dsv
[7.105s] -- Up-to-date: /home/donjoe/MagangBanyubramanta_DanielAdhitthana/install/camera/share/ament_index/resource_index/packages/camera
[7.106s] -- Up-to-date: /home/donjoe/MagangBanyubramanta_DanielAdhitthana/install/camera/share/camera/cmake/export_camera__rosidl_generator_cExport.cmake
[7.106s] -- Up-to-date: /home/donjoe/MagangBanyubramanta_DanielAdhitthana/install/camera/share/camera/cmake/export_camera__rosidl_generator_cExport-noconfig.cmake
[7.106s] -- Up-to-date: /home/donjoe/MagangBanyubramanta_DanielAdhitthana/install/camera/share/camera/cmake/export_camera__rosidl_typesupport_fastrtps_cExport.cmake
[7.106s] -- Up-to-date: /home/donjoe/MagangBanyubramanta_DanielAdhitthana/install/camera/share/camera/cmake/export_camera__rosidl_typesupport_fastrtps_cExport-noconfig.cmake
[7.106s] -- Up-to-date: /home/donjoe/MagangBanyubramanta_DanielAdhitthana/install/camera/share/camera/cmake/export_camera__rosidl_generator_cppExport.cmake
[7.107s] -- Up-to-date: /home/donjoe/MagangBanyubramanta_DanielAdhitthana/install/camera/share/camera/cmake/export_camera__rosidl_typesupport_fastrtps_cppExport.cmake
[7.107s] -- Up-to-date: /home/donjoe/MagangBanyubramanta_DanielAdhitthana/install/camera/share/camera/cmake/export_camera__rosidl_typesupport_fastrtps_cppExport-noconfig.cmake
[7.107s] -- Up-to-date: /home/donjoe/MagangBanyubramanta_DanielAdhitthana/install/camera/share/camera/cmake/camera__rosidl_typesupport_introspection_cExport.cmake
[7.107s] -- Up-to-date: /home/donjoe/MagangBanyubramanta_DanielAdhitthana/install/camera/share/camera/cmake/camera__rosidl_typesupport_introspection_cExport-noconfig.cmake
[7.107s] -- Up-to-date: /home/donjoe/MagangBanyubramanta_DanielAdhitthana/install/camera/share/camera/cmake/camera__rosidl_typesupport_cExport.cmake
[7.107s] -- Up-to-date: /home/donjoe/MagangBanyubramanta_DanielAdhitthana/install/camera/share/camera/cmake/camera__rosidl_typesupport_cExport-noconfig.cmake
[7.107s] -- Up-to-date: /home/donjoe/MagangBanyubramanta_DanielAdhitthana/install/camera/share/camera/cmake/camera__rosidl_typesupport_introspection_cppExport.cmake
[7.108s] -- Up-to-date: /home/donjoe/MagangBanyubramanta_DanielAdhitthana/install/camera/share/camera/cmake/camera__rosidl_typesupport_introspection_cppExport-noconfig.cmake
[7.108s] -- Up-to-date: /home/donjoe/MagangBanyubramanta_DanielAdhitthana/install/camera/share/camera/cmake/camera__rosidl_typesupport_cppExport.cmake
[7.108s] -- Up-to-date: /home/donjoe/MagangBanyubramanta_DanielAdhitthana/install/camera/share/camera/cmake/camera__rosidl_typesupport_cppExport-noconfig.cmake
[7.108s] -- Up-to-date: /home/donjoe/MagangBanyubramanta_DanielAdhitthana/install/camera/share/camera/cmake/export_camera__rosidl_generator_pyExport.cmake
[7.108s] -- Up-to-date: /home/donjoe/MagangBanyubramanta_DanielAdhitthana/install/camera/share/camera/cmake/export_camera__rosidl_generator_pyExport-noconfig.cmake
[7.108s] -- Up-to-date: /home/donjoe/MagangBanyubramanta_DanielAdhitthana/install/camera/share/camera/cmake/rosidl_cmake-extras.cmake
[7.108s] -- Up-to-date: /home/donjoe/MagangBanyubramanta_DanielAdhitthana/install/camera/share/camera/cmake/ament_cmake_export_include_directories-extras.cmake
[7.109s] -- Up-to-date: /home/donjoe/MagangBanyubramanta_DanielAdhitthana/install/camera/share/camera/cmake/ament_cmake_export_libraries-extras.cmake
[7.109s] -- Up-to-date: /home/donjoe/MagangBanyubramanta_DanielAdhitthana/install/camera/share/camera/cmake/ament_cmake_export_targets-extras.cmake
[7.109s] -- Up-to-date: /home/donjoe/MagangBanyubramanta_DanielAdhitthana/install/camera/share/camera/cmake/rosidl_cmake_export_typesupport_targets-extras.cmake
[7.109s] -- Up-to-date: /home/donjoe/MagangBanyubramanta_DanielAdhitthana/install/camera/share/camera/cmake/ament_cmake_export_dependencies-extras.cmake
[7.109s] -- Up-to-date: /home/donjoe/MagangBanyubramanta_DanielAdhitthana/install/camera/share/camera/cmake/rosidl_cmake_export_typesupport_libraries-extras.cmake
[7.109s] -- Up-to-date: /home/donjoe/MagangBanyubramanta_DanielAdhitthana/install/camera/share/camera/cmake/cameraConfig.cmake
[7.109s] -- Up-to-date: /home/donjoe/MagangBanyubramanta_DanielAdhitthana/install/camera/share/camera/cmake/cameraConfig-version.cmake
[7.109s] -- Up-to-date: /home/donjoe/MagangBanyubramanta_DanielAdhitthana/install/camera/share/camera/package.xml
[7.113s] Invoked command in '/home/donjoe/MagangBanyubramanta_DanielAdhitthana/build/camera' returned '0': CMAKE_PREFIX_PATH=/opt/ros/humble /usr/bin/cmake --install /home/donjoe/MagangBanyubramanta_DanielAdhitthana/build/camera
