[0.337s] Invoking command in '/home/donjoe/Documents/MagangBanyubramanta_DanielAdhitthana/build/controller': CMAKE_PREFIX_PATH=${CMAKE_PREFIX_PATH}:/opt/ros/humble /usr/bin/cmake --build /home/donjoe/Documents/MagangBanyubramanta_DanielAdhitthana/build/controller -- -j4 -l4
[0.498s] [35m[1mConsolidate compiler generated dependencies of target node[0m
[0.646s] [100%] Built target node
[0.690s] Invoked command in '/home/donjoe/Documents/MagangBanyubramanta_DanielAdhitthana/build/controller' returned '0': CMAKE_PREFIX_PATH=${CMAKE_PREFIX_PATH}:/opt/ros/humble /usr/bin/cmake --build /home/donjoe/Documents/MagangBanyubramanta_DanielAdhitthana/build/controller -- -j4 -l4
[0.926s] Invoking command in '/home/donjoe/Documents/MagangBanyubramanta_DanielAdhitthana/build/controller': CMAKE_PREFIX_PATH=${CMAKE_PREFIX_PATH}:/opt/ros/humble /usr/bin/cmake --install /home/donjoe/Documents/MagangBanyubramanta_DanielAdhitthana/build/controller
[0.978s] -- Install configuration: ""
[0.994s] -- Up-to-date: /home/donjoe/Documents/MagangBanyubramanta_DanielAdhitthana/install/controller/lib/controller/node
[0.995s] -- Up-to-date: /home/donjoe/Documents/MagangBanyubramanta_DanielAdhitthana/install/controller/share/ament_index/resource_index/package_run_dependencies/controller
[0.996s] -- Up-to-date: /home/donjoe/Documents/MagangBanyubramanta_DanielAdhitthana/install/controller/share/ament_index/resource_index/parent_prefix_path/controller
[0.996s] -- Up-to-date: /home/donjoe/Documents/MagangBanyubramanta_DanielAdhitthana/install/controller/share/controller/environment/ament_prefix_path.sh
[0.997s] -- Up-to-date: /home/donjoe/Documents/MagangBanyubramanta_DanielAdhitthana/install/controller/share/controller/environment/ament_prefix_path.dsv
[0.997s] -- Up-to-date: /home/donjoe/Documents/MagangBanyubramanta_DanielAdhitthana/install/controller/share/controller/environment/path.sh
[0.998s] -- Up-to-date: /home/donjoe/Documents/MagangBanyubramanta_DanielAdhitthana/install/controller/share/controller/environment/path.dsv
[0.998s] -- Up-to-date: /home/donjoe/Documents/MagangBanyubramanta_DanielAdhitthana/install/controller/share/controller/local_setup.bash
[0.999s] -- Up-to-date: /home/donjoe/Documents/MagangBanyubramanta_DanielAdhitthana/install/controller/share/controller/local_setup.sh
[1.000s] -- Up-to-date: /home/donjoe/Documents/MagangBanyubramanta_DanielAdhitthana/install/controller/share/controller/local_setup.zsh
[1.004s] -- Up-to-date: /home/donjoe/Documents/MagangBanyubramanta_DanielAdhitthana/install/controller/share/controller/local_setup.dsv
[1.004s] -- Installing: /home/donjoe/Documents/MagangBanyubramanta_DanielAdhitthana/install/controller/share/controller/package.dsv
[1.005s] -- Up-to-date: /home/donjoe/Documents/MagangBanyubramanta_DanielAdhitthana/install/controller/share/ament_index/resource_index/packages/controller
[1.006s] -- Up-to-date: /home/donjoe/Documents/MagangBanyubramanta_DanielAdhitthana/install/controller/share/controller/cmake/controllerConfig.cmake
[1.014s] -- Up-to-date: /home/donjoe/Documents/MagangBanyubramanta_DanielAdhitthana/install/controller/share/controller/cmake/controllerConfig-version.cmake
[1.014s] -- Up-to-date: /home/donjoe/Documents/MagangBanyubramanta_DanielAdhitthana/install/controller/share/controller/package.xml
[1.022s] Invoked command in '/home/donjoe/Documents/MagangBanyubramanta_DanielAdhitthana/build/controller' returned '0': CMAKE_PREFIX_PATH=${CMAKE_PREFIX_PATH}:/opt/ros/humble /usr/bin/cmake --install /home/donjoe/Documents/MagangBanyubramanta_DanielAdhitthana/build/controller
