[0.154s] Invoking command in '/home/donjoe/Documents/MagangBanyubramanta_DanielAdhitthana/build/yolo': CMAKE_PREFIX_PATH=/home/donjoe/Documents/MagangBanyubramanta_DanielAdhitthana/install/interfaces:/home/donjoe/Documents/MagangBanyubramanta_DanielAdhitthana/install/yolo:/home/donjoe/Documents/MagangBanyubramanta_DanielAdhitthana/install/communicator:/home/donjoe/Documents/MagangBanyubramanta_DanielAdhitthana/install/camera:/home/donjoe/Documents/MagangBanyubramanta_DanielAdhitthana/install/controller:/opt/ros/humble LD_LIBRARY_PATH=/home/donjoe/Documents/MagangBanyubramanta_DanielAdhitthana/install/interfaces/lib:/home/donjoe/Documents/MagangBanyubramanta_DanielAdhitthana/install/camera/lib:/home/donjoe/Documents/MagangBanyubramanta_DanielAdhitthana/install/controller/lib:/opt/intel/openvino_2023.3.0/runtime/lib/intel64:/opt/ros/humble/opt/rviz_ogre_vendor/lib:/opt/ros/humble/lib/x86_64-linux-gnu:/opt/ros/humble/lib /usr/bin/cmake --build /home/donjoe/Documents/MagangBanyubramanta_DanielAdhitthana/build/yolo -- -j4 -l4
[0.286s] [35m[1mConsolidate compiler generated dependencies of target node[0m
[0.333s] [ 50%] [32m[1mLinking CXX executable node[0m
[1.038s] /usr/bin/ld: warning: libopencv_imgproc.so.4.5d, needed by /opt/ros/humble/lib/libcv_bridge.so, may conflict with libopencv_imgproc.so.409
[1.041s] /usr/bin/ld: warning: libopencv_core.so.4.5d, needed by /opt/ros/humble/lib/libcv_bridge.so, may conflict with libopencv_core.so.409
[2.239s] [100%] Built target node
[2.261s] Invoked command in '/home/donjoe/Documents/MagangBanyubramanta_DanielAdhitthana/build/yolo' returned '0': CMAKE_PREFIX_PATH=/home/donjoe/Documents/MagangBanyubramanta_DanielAdhitthana/install/interfaces:/home/donjoe/Documents/MagangBanyubramanta_DanielAdhitthana/install/yolo:/home/donjoe/Documents/MagangBanyubramanta_DanielAdhitthana/install/communicator:/home/donjoe/Documents/MagangBanyubramanta_DanielAdhitthana/install/camera:/home/donjoe/Documents/MagangBanyubramanta_DanielAdhitthana/install/controller:/opt/ros/humble LD_LIBRARY_PATH=/home/donjoe/Documents/MagangBanyubramanta_DanielAdhitthana/install/interfaces/lib:/home/donjoe/Documents/MagangBanyubramanta_DanielAdhitthana/install/camera/lib:/home/donjoe/Documents/MagangBanyubramanta_DanielAdhitthana/install/controller/lib:/opt/intel/openvino_2023.3.0/runtime/lib/intel64:/opt/ros/humble/opt/rviz_ogre_vendor/lib:/opt/ros/humble/lib/x86_64-linux-gnu:/opt/ros/humble/lib /usr/bin/cmake --build /home/donjoe/Documents/MagangBanyubramanta_DanielAdhitthana/build/yolo -- -j4 -l4
[2.333s] Invoking command in '/home/donjoe/Documents/MagangBanyubramanta_DanielAdhitthana/build/yolo': CMAKE_PREFIX_PATH=/home/donjoe/Documents/MagangBanyubramanta_DanielAdhitthana/install/interfaces:/home/donjoe/Documents/MagangBanyubramanta_DanielAdhitthana/install/yolo:/home/donjoe/Documents/MagangBanyubramanta_DanielAdhitthana/install/communicator:/home/donjoe/Documents/MagangBanyubramanta_DanielAdhitthana/install/camera:/home/donjoe/Documents/MagangBanyubramanta_DanielAdhitthana/install/controller:/opt/ros/humble LD_LIBRARY_PATH=/home/donjoe/Documents/MagangBanyubramanta_DanielAdhitthana/install/interfaces/lib:/home/donjoe/Documents/MagangBanyubramanta_DanielAdhitthana/install/camera/lib:/home/donjoe/Documents/MagangBanyubramanta_DanielAdhitthana/install/controller/lib:/opt/intel/openvino_2023.3.0/runtime/lib/intel64:/opt/ros/humble/opt/rviz_ogre_vendor/lib:/opt/ros/humble/lib/x86_64-linux-gnu:/opt/ros/humble/lib /usr/bin/cmake --install /home/donjoe/Documents/MagangBanyubramanta_DanielAdhitthana/build/yolo
[2.350s] -- Install configuration: ""
[2.352s] -- Installing: /home/donjoe/Documents/MagangBanyubramanta_DanielAdhitthana/install/yolo/lib/yolo/node
[2.365s] -- Set runtime path of "/home/donjoe/Documents/MagangBanyubramanta_DanielAdhitthana/install/yolo/lib/yolo/node" to ""
[2.366s] -- Up-to-date: /home/donjoe/Documents/MagangBanyubramanta_DanielAdhitthana/install/yolo/share/ament_index/resource_index/package_run_dependencies/yolo
[2.369s] -- Up-to-date: /home/donjoe/Documents/MagangBanyubramanta_DanielAdhitthana/install/yolo/share/ament_index/resource_index/parent_prefix_path/yolo
[2.371s] -- Up-to-date: /home/donjoe/Documents/MagangBanyubramanta_DanielAdhitthana/install/yolo/share/yolo/environment/ament_prefix_path.sh
[2.373s] -- Up-to-date: /home/donjoe/Documents/MagangBanyubramanta_DanielAdhitthana/install/yolo/share/yolo/environment/ament_prefix_path.dsv
[2.374s] -- Up-to-date: /home/donjoe/Documents/MagangBanyubramanta_DanielAdhitthana/install/yolo/share/yolo/environment/path.sh
[2.376s] -- Up-to-date: /home/donjoe/Documents/MagangBanyubramanta_DanielAdhitthana/install/yolo/share/yolo/environment/path.dsv
[2.377s] -- Up-to-date: /home/donjoe/Documents/MagangBanyubramanta_DanielAdhitthana/install/yolo/share/yolo/local_setup.bash
[2.379s] -- Up-to-date: /home/donjoe/Documents/MagangBanyubramanta_DanielAdhitthana/install/yolo/share/yolo/local_setup.sh
[2.380s] -- Up-to-date: /home/donjoe/Documents/MagangBanyubramanta_DanielAdhitthana/install/yolo/share/yolo/local_setup.zsh
[2.381s] -- Up-to-date: /home/donjoe/Documents/MagangBanyubramanta_DanielAdhitthana/install/yolo/share/yolo/local_setup.dsv
[2.381s] -- Installing: /home/donjoe/Documents/MagangBanyubramanta_DanielAdhitthana/install/yolo/share/yolo/package.dsv
[2.386s] -- Up-to-date: /home/donjoe/Documents/MagangBanyubramanta_DanielAdhitthana/install/yolo/share/ament_index/resource_index/packages/yolo
[2.386s] -- Up-to-date: /home/donjoe/Documents/MagangBanyubramanta_DanielAdhitthana/install/yolo/share/yolo/cmake/yoloConfig.cmake
[2.386s] -- Up-to-date: /home/donjoe/Documents/MagangBanyubramanta_DanielAdhitthana/install/yolo/share/yolo/cmake/yoloConfig-version.cmake
[2.386s] -- Up-to-date: /home/donjoe/Documents/MagangBanyubramanta_DanielAdhitthana/install/yolo/share/yolo/package.xml
[2.394s] Invoked command in '/home/donjoe/Documents/MagangBanyubramanta_DanielAdhitthana/build/yolo' returned '0': CMAKE_PREFIX_PATH=/home/donjoe/Documents/MagangBanyubramanta_DanielAdhitthana/install/interfaces:/home/donjoe/Documents/MagangBanyubramanta_DanielAdhitthana/install/yolo:/home/donjoe/Documents/MagangBanyubramanta_DanielAdhitthana/install/communicator:/home/donjoe/Documents/MagangBanyubramanta_DanielAdhitthana/install/camera:/home/donjoe/Documents/MagangBanyubramanta_DanielAdhitthana/install/controller:/opt/ros/humble LD_LIBRARY_PATH=/home/donjoe/Documents/MagangBanyubramanta_DanielAdhitthana/install/interfaces/lib:/home/donjoe/Documents/MagangBanyubramanta_DanielAdhitthana/install/camera/lib:/home/donjoe/Documents/MagangBanyubramanta_DanielAdhitthana/install/controller/lib:/opt/intel/openvino_2023.3.0/runtime/lib/intel64:/opt/ros/humble/opt/rviz_ogre_vendor/lib:/opt/ros/humble/lib/x86_64-linux-gnu:/opt/ros/humble/lib /usr/bin/cmake --install /home/donjoe/Documents/MagangBanyubramanta_DanielAdhitthana/build/yolo
