[0.105s] Invoking command in '/home/donjoe/MagangBanyubramanta_DanielAdhitthana/build/controller': CMAKE_PREFIX_PATH=/opt/ros/humble /usr/bin/cmake --build /home/donjoe/MagangBanyubramanta_DanielAdhitthana/build/controller -- -j4 -l4
[0.683s] [  3%] Built target controller__cpp
[0.687s] [ 12%] Built target controller__rosidl_generator_c
[0.698s] [ 12%] Built target ament_cmake_python_copy_controller
[0.726s] [ 21%] Built target controller__rosidl_typesupport_cpp
[0.738s] [ 30%] Built target controller__rosidl_typesupport_fastrtps_cpp
[0.744s] [ 48%] Built target controller__rosidl_typesupport_introspection_cpp
[0.745s] [ 48%] Built target controller__rosidl_typesupport_fastrtps_c
[0.764s] [ 57%] Built target controller__rosidl_typesupport_introspection_c
[0.780s] [ 66%] Built target controller__rosidl_typesupport_c
[0.780s] [35m[1mConsolidate compiler generated dependencies of target ctrl[0m
[0.801s] [ 69%] [32mBuilding CXX object CMakeFiles/ctrl.dir/src/controller.cpp.o[0m
[0.803s] [ 69%] Built target controller
[0.827s] [ 72%] Built target controller__py
[0.917s] [ 78%] Built target controller__rosidl_generator_py
[0.992s] [ 84%] Built target controller__rosidl_typesupport_introspection_c__pyext
[0.993s] [ 90%] Built target controller__rosidl_typesupport_fastrtps_c__pyext
[1.077s] [ 96%] Built target controller__rosidl_typesupport_c__pyext
[1.214s] running egg_info
[1.216s] writing controller.egg-info/PKG-INFO
[1.217s] writing dependency_links to controller.egg-info/dependency_links.txt
[1.224s] writing top-level names to controller.egg-info/top_level.txt
[1.232s] reading manifest file 'controller.egg-info/SOURCES.txt'
[1.238s] writing manifest file 'controller.egg-info/SOURCES.txt'
[1.286s] [ 96%] Built target ament_cmake_python_build_controller_egg
[15.328s] [100%] [32m[1mLinking CXX executable ctrl[0m
[16.394s] [100%] Built target ctrl
[16.407s] Invoked command in '/home/donjoe/MagangBanyubramanta_DanielAdhitthana/build/controller' returned '0': CMAKE_PREFIX_PATH=/opt/ros/humble /usr/bin/cmake --build /home/donjoe/MagangBanyubramanta_DanielAdhitthana/build/controller -- -j4 -l4
[16.479s] Invoking command in '/home/donjoe/MagangBanyubramanta_DanielAdhitthana/build/controller': CMAKE_PREFIX_PATH=/opt/ros/humble /usr/bin/cmake --install /home/donjoe/MagangBanyubramanta_DanielAdhitthana/build/controller
[16.498s] -- Install configuration: ""
[16.500s] -- Up-to-date: /home/donjoe/MagangBanyubramanta_DanielAdhitthana/install/controller/share/ament_index/resource_index/rosidl_interfaces/controller
[16.500s] -- Up-to-date: /home/donjoe/MagangBanyubramanta_DanielAdhitthana/install/controller/include/controller/controller
[16.500s] -- Up-to-date: /home/donjoe/MagangBanyubramanta_DanielAdhitthana/install/controller/include/controller/controller/msg
[16.500s] -- Up-to-date: /home/donjoe/MagangBanyubramanta_DanielAdhitthana/install/controller/include/controller/controller/msg/motion.h
[16.500s] -- Up-to-date: /home/donjoe/MagangBanyubramanta_DanielAdhitthana/install/controller/include/controller/controller/msg/detail
[16.501s] -- Up-to-date: /home/donjoe/MagangBanyubramanta_DanielAdhitthana/install/controller/include/controller/controller/msg/detail/motion__struct.h
[16.501s] -- Up-to-date: /home/donjoe/MagangBanyubramanta_DanielAdhitthana/install/controller/include/controller/controller/msg/detail/motion__type_support.h
[16.501s] -- Up-to-date: /home/donjoe/MagangBanyubramanta_DanielAdhitthana/install/controller/include/controller/controller/msg/detail/motion__functions.h
[16.502s] -- Up-to-date: /home/donjoe/MagangBanyubramanta_DanielAdhitthana/install/controller/include/controller/controller/msg/detail/motion__functions.c
[16.502s] -- Up-to-date: /home/donjoe/MagangBanyubramanta_DanielAdhitthana/install/controller/include/controller/controller/msg/rosidl_generator_c__visibility_control.h
[16.502s] -- Up-to-date: /home/donjoe/MagangBanyubramanta_DanielAdhitthana/install/controller/share/controller/environment/library_path.sh
[16.502s] -- Up-to-date: /home/donjoe/MagangBanyubramanta_DanielAdhitthana/install/controller/share/controller/environment/library_path.dsv
[16.506s] -- Up-to-date: /home/donjoe/MagangBanyubramanta_DanielAdhitthana/install/controller/lib/libcontroller__rosidl_generator_c.so
[16.507s] -- Up-to-date: /home/donjoe/MagangBanyubramanta_DanielAdhitthana/install/controller/include/controller/controller
[16.507s] -- Up-to-date: /home/donjoe/MagangBanyubramanta_DanielAdhitthana/install/controller/include/controller/controller/msg
[16.507s] -- Up-to-date: /home/donjoe/MagangBanyubramanta_DanielAdhitthana/install/controller/include/controller/controller/msg/rosidl_typesupport_fastrtps_c__visibility_control.h
[16.508s] -- Up-to-date: /home/donjoe/MagangBanyubramanta_DanielAdhitthana/install/controller/include/controller/controller/msg/detail
[16.508s] -- Up-to-date: /home/donjoe/MagangBanyubramanta_DanielAdhitthana/install/controller/include/controller/controller/msg/detail/motion__rosidl_typesupport_fastrtps_c.h
[16.509s] -- Up-to-date: /home/donjoe/MagangBanyubramanta_DanielAdhitthana/install/controller/lib/libcontroller__rosidl_typesupport_fastrtps_c.so
[16.509s] -- Up-to-date: /home/donjoe/MagangBanyubramanta_DanielAdhitthana/install/controller/include/controller/controller
[16.509s] -- Up-to-date: /home/donjoe/MagangBanyubramanta_DanielAdhitthana/install/controller/include/controller/controller/msg
[16.510s] -- Up-to-date: /home/donjoe/MagangBanyubramanta_DanielAdhitthana/install/controller/include/controller/controller/msg/rosidl_typesupport_introspection_c__visibility_control.h
[16.510s] -- Up-to-date: /home/donjoe/MagangBanyubramanta_DanielAdhitthana/install/controller/include/controller/controller/msg/detail
[16.510s] -- Up-to-date: /home/donjoe/MagangBanyubramanta_DanielAdhitthana/install/controller/include/controller/controller/msg/detail/motion__type_support.c
[16.510s] -- Up-to-date: /home/donjoe/MagangBanyubramanta_DanielAdhitthana/install/controller/include/controller/controller/msg/detail/motion__rosidl_typesupport_introspection_c.h
[16.512s] -- Up-to-date: /home/donjoe/MagangBanyubramanta_DanielAdhitthana/install/controller/lib/libcontroller__rosidl_typesupport_introspection_c.so
[16.513s] -- Up-to-date: /home/donjoe/MagangBanyubramanta_DanielAdhitthana/install/controller/lib/libcontroller__rosidl_typesupport_c.so
[16.514s] -- Up-to-date: /home/donjoe/MagangBanyubramanta_DanielAdhitthana/install/controller/include/controller/controller
[16.514s] -- Up-to-date: /home/donjoe/MagangBanyubramanta_DanielAdhitthana/install/controller/include/controller/controller/msg
[16.514s] -- Up-to-date: /home/donjoe/MagangBanyubramanta_DanielAdhitthana/install/controller/include/controller/controller/msg/motion.hpp
[16.514s] -- Up-to-date: /home/donjoe/MagangBanyubramanta_DanielAdhitthana/install/controller/include/controller/controller/msg/detail
[16.515s] -- Up-to-date: /home/donjoe/MagangBanyubramanta_DanielAdhitthana/install/controller/include/controller/controller/msg/detail/motion__builder.hpp
[16.515s] -- Up-to-date: /home/donjoe/MagangBanyubramanta_DanielAdhitthana/install/controller/include/controller/controller/msg/detail/motion__struct.hpp
[16.515s] -- Up-to-date: /home/donjoe/MagangBanyubramanta_DanielAdhitthana/install/controller/include/controller/controller/msg/detail/motion__traits.hpp
[16.515s] -- Up-to-date: /home/donjoe/MagangBanyubramanta_DanielAdhitthana/install/controller/include/controller/controller
[16.515s] -- Up-to-date: /home/donjoe/MagangBanyubramanta_DanielAdhitthana/install/controller/include/controller/controller/msg
[16.516s] -- Up-to-date: /home/donjoe/MagangBanyubramanta_DanielAdhitthana/install/controller/include/controller/controller/msg/rosidl_typesupport_fastrtps_cpp__visibility_control.h
[16.516s] -- Up-to-date: /home/donjoe/MagangBanyubramanta_DanielAdhitthana/install/controller/include/controller/controller/msg/detail
[16.516s] -- Up-to-date: /home/donjoe/MagangBanyubramanta_DanielAdhitthana/install/controller/include/controller/controller/msg/detail/motion__rosidl_typesupport_fastrtps_cpp.hpp
[16.516s] -- Up-to-date: /home/donjoe/MagangBanyubramanta_DanielAdhitthana/install/controller/include/controller/controller/msg/detail/dds_fastrtps
[16.516s] -- Up-to-date: /home/donjoe/MagangBanyubramanta_DanielAdhitthana/install/controller/lib/libcontroller__rosidl_typesupport_fastrtps_cpp.so
[16.516s] -- Up-to-date: /home/donjoe/MagangBanyubramanta_DanielAdhitthana/install/controller/include/controller/controller
[16.517s] -- Up-to-date: /home/donjoe/MagangBanyubramanta_DanielAdhitthana/install/controller/include/controller/controller/msg
[16.517s] -- Up-to-date: /home/donjoe/MagangBanyubramanta_DanielAdhitthana/install/controller/include/controller/controller/msg/detail
[16.517s] -- Up-to-date: /home/donjoe/MagangBanyubramanta_DanielAdhitthana/install/controller/include/controller/controller/msg/detail/motion__type_support.cpp
[16.517s] -- Up-to-date: /home/donjoe/MagangBanyubramanta_DanielAdhitthana/install/controller/include/controller/controller/msg/detail/motion__rosidl_typesupport_introspection_cpp.hpp
[16.518s] -- Up-to-date: /home/donjoe/MagangBanyubramanta_DanielAdhitthana/install/controller/lib/libcontroller__rosidl_typesupport_introspection_cpp.so
[16.519s] -- Up-to-date: /home/donjoe/MagangBanyubramanta_DanielAdhitthana/install/controller/lib/libcontroller__rosidl_typesupport_cpp.so
[16.519s] -- Up-to-date: /home/donjoe/MagangBanyubramanta_DanielAdhitthana/install/controller/share/controller/environment/pythonpath.sh
[16.519s] -- Up-to-date: /home/donjoe/MagangBanyubramanta_DanielAdhitthana/install/controller/share/controller/environment/pythonpath.dsv
[16.519s] -- Up-to-date: /home/donjoe/MagangBanyubramanta_DanielAdhitthana/install/controller/local/lib/python3.10/dist-packages/controller-0.0.0-py3.10.egg-info
[16.519s] -- Installing: /home/donjoe/MagangBanyubramanta_DanielAdhitthana/install/controller/local/lib/python3.10/dist-packages/controller-0.0.0-py3.10.egg-info/top_level.txt
[16.525s] -- Installing: /home/donjoe/MagangBanyubramanta_DanielAdhitthana/install/controller/local/lib/python3.10/dist-packages/controller-0.0.0-py3.10.egg-info/PKG-INFO
[16.526s] -- Installing: /home/donjoe/MagangBanyubramanta_DanielAdhitthana/install/controller/local/lib/python3.10/dist-packages/controller-0.0.0-py3.10.egg-info/SOURCES.txt
[16.526s] -- Installing: /home/donjoe/MagangBanyubramanta_DanielAdhitthana/install/controller/local/lib/python3.10/dist-packages/controller-0.0.0-py3.10.egg-info/dependency_links.txt
[16.526s] -- Up-to-date: /home/donjoe/MagangBanyubramanta_DanielAdhitthana/install/controller/local/lib/python3.10/dist-packages/controller
[16.526s] -- Up-to-date: /home/donjoe/MagangBanyubramanta_DanielAdhitthana/install/controller/local/lib/python3.10/dist-packages/controller/msg
[16.526s] -- Up-to-date: /home/donjoe/MagangBanyubramanta_DanielAdhitthana/install/controller/local/lib/python3.10/dist-packages/controller/msg/_motion.py
[16.526s] -- Up-to-date: /home/donjoe/MagangBanyubramanta_DanielAdhitthana/install/controller/local/lib/python3.10/dist-packages/controller/msg/_motion_s.c
[16.527s] -- Up-to-date: /home/donjoe/MagangBanyubramanta_DanielAdhitthana/install/controller/local/lib/python3.10/dist-packages/controller/msg/__init__.py
[16.527s] -- Up-to-date: /home/donjoe/MagangBanyubramanta_DanielAdhitthana/install/controller/local/lib/python3.10/dist-packages/controller/_controller_s.ep.rosidl_typesupport_introspection_c.c
[16.527s] -- Up-to-date: /home/donjoe/MagangBanyubramanta_DanielAdhitthana/install/controller/local/lib/python3.10/dist-packages/controller/libcontroller__rosidl_generator_py.so
[16.527s] -- Up-to-date: /home/donjoe/MagangBanyubramanta_DanielAdhitthana/install/controller/local/lib/python3.10/dist-packages/controller/controller_s__rosidl_typesupport_fastrtps_c.cpython-310-x86_64-linux-gnu.so
[16.528s] -- Up-to-date: /home/donjoe/MagangBanyubramanta_DanielAdhitthana/install/controller/local/lib/python3.10/dist-packages/controller/_controller_s.ep.rosidl_typesupport_fastrtps_c.c
[16.528s] -- Up-to-date: /home/donjoe/MagangBanyubramanta_DanielAdhitthana/install/controller/local/lib/python3.10/dist-packages/controller/controller_s__rosidl_typesupport_introspection_c.cpython-310-x86_64-linux-gnu.so
[16.528s] -- Up-to-date: /home/donjoe/MagangBanyubramanta_DanielAdhitthana/install/controller/local/lib/python3.10/dist-packages/controller/_controller_s.ep.rosidl_typesupport_c.c
[16.528s] -- Up-to-date: /home/donjoe/MagangBanyubramanta_DanielAdhitthana/install/controller/local/lib/python3.10/dist-packages/controller/controller_s__rosidl_typesupport_c.cpython-310-x86_64-linux-gnu.so
[16.529s] -- Up-to-date: /home/donjoe/MagangBanyubramanta_DanielAdhitthana/install/controller/local/lib/python3.10/dist-packages/controller/__init__.py
[16.604s] Listing '/home/donjoe/MagangBanyubramanta_DanielAdhitthana/install/controller/local/lib/python3.10/dist-packages/controller'...
[16.605s] Listing '/home/donjoe/MagangBanyubramanta_DanielAdhitthana/install/controller/local/lib/python3.10/dist-packages/controller/msg'...
[16.612s] -- Up-to-date: /home/donjoe/MagangBanyubramanta_DanielAdhitthana/install/controller/local/lib/python3.10/dist-packages/controller/controller_s__rosidl_typesupport_fastrtps_c.cpython-310-x86_64-linux-gnu.so
[16.614s] -- Up-to-date: /home/donjoe/MagangBanyubramanta_DanielAdhitthana/install/controller/local/lib/python3.10/dist-packages/controller/controller_s__rosidl_typesupport_introspection_c.cpython-310-x86_64-linux-gnu.so
[16.617s] -- Up-to-date: /home/donjoe/MagangBanyubramanta_DanielAdhitthana/install/controller/local/lib/python3.10/dist-packages/controller/controller_s__rosidl_typesupport_c.cpython-310-x86_64-linux-gnu.so
[16.618s] -- Up-to-date: /home/donjoe/MagangBanyubramanta_DanielAdhitthana/install/controller/lib/libcontroller__rosidl_generator_py.so
[16.619s] -- Up-to-date: /home/donjoe/MagangBanyubramanta_DanielAdhitthana/install/controller/share/controller/msg/Motion.idl
[16.619s] -- Up-to-date: /home/donjoe/MagangBanyubramanta_DanielAdhitthana/install/controller/share/controller/msg/Motion.msg
[16.627s] -- Installing: /home/donjoe/MagangBanyubramanta_DanielAdhitthana/install/controller/lib/controller/ctrl
[16.630s] -- Set runtime path of "/home/donjoe/MagangBanyubramanta_DanielAdhitthana/install/controller/lib/controller/ctrl" to ""
[16.630s] -- Up-to-date: /home/donjoe/MagangBanyubramanta_DanielAdhitthana/install/controller/share/ament_index/resource_index/package_run_dependencies/controller
[16.630s] -- Up-to-date: /home/donjoe/MagangBanyubramanta_DanielAdhitthana/install/controller/share/ament_index/resource_index/parent_prefix_path/controller
[16.630s] -- Up-to-date: /home/donjoe/MagangBanyubramanta_DanielAdhitthana/install/controller/share/controller/environment/ament_prefix_path.sh
[16.631s] -- Up-to-date: /home/donjoe/MagangBanyubramanta_DanielAdhitthana/install/controller/share/controller/environment/ament_prefix_path.dsv
[16.641s] -- Up-to-date: /home/donjoe/MagangBanyubramanta_DanielAdhitthana/install/controller/share/controller/environment/path.sh
[16.641s] -- Up-to-date: /home/donjoe/MagangBanyubramanta_DanielAdhitthana/install/controller/share/controller/environment/path.dsv
[16.641s] -- Up-to-date: /home/donjoe/MagangBanyubramanta_DanielAdhitthana/install/controller/share/controller/local_setup.bash
[16.641s] -- Up-to-date: /home/donjoe/MagangBanyubramanta_DanielAdhitthana/install/controller/share/controller/local_setup.sh
[16.641s] -- Up-to-date: /home/donjoe/MagangBanyubramanta_DanielAdhitthana/install/controller/share/controller/local_setup.zsh
[16.641s] -- Up-to-date: /home/donjoe/MagangBanyubramanta_DanielAdhitthana/install/controller/share/controller/local_setup.dsv
[16.642s] -- Installing: /home/donjoe/MagangBanyubramanta_DanielAdhitthana/install/controller/share/controller/package.dsv
[16.642s] -- Up-to-date: /home/donjoe/MagangBanyubramanta_DanielAdhitthana/install/controller/share/ament_index/resource_index/packages/controller
[16.642s] -- Up-to-date: /home/donjoe/MagangBanyubramanta_DanielAdhitthana/install/controller/share/controller/cmake/export_controller__rosidl_generator_cExport.cmake
[16.642s] -- Up-to-date: /home/donjoe/MagangBanyubramanta_DanielAdhitthana/install/controller/share/controller/cmake/export_controller__rosidl_generator_cExport-noconfig.cmake
[16.642s] -- Up-to-date: /home/donjoe/MagangBanyubramanta_DanielAdhitthana/install/controller/share/controller/cmake/export_controller__rosidl_typesupport_fastrtps_cExport.cmake
[16.642s] -- Up-to-date: /home/donjoe/MagangBanyubramanta_DanielAdhitthana/install/controller/share/controller/cmake/export_controller__rosidl_typesupport_fastrtps_cExport-noconfig.cmake
[16.643s] -- Up-to-date: /home/donjoe/MagangBanyubramanta_DanielAdhitthana/install/controller/share/controller/cmake/controller__rosidl_typesupport_introspection_cExport.cmake
[16.643s] -- Up-to-date: /home/donjoe/MagangBanyubramanta_DanielAdhitthana/install/controller/share/controller/cmake/controller__rosidl_typesupport_introspection_cExport-noconfig.cmake
[16.698s] -- Up-to-date: /home/donjoe/MagangBanyubramanta_DanielAdhitthana/install/controller/share/controller/cmake/controller__rosidl_typesupport_cExport.cmake
[16.699s] -- Up-to-date: /home/donjoe/MagangBanyubramanta_DanielAdhitthana/install/controller/share/controller/cmake/controller__rosidl_typesupport_cExport-noconfig.cmake
[16.699s] -- Up-to-date: /home/donjoe/MagangBanyubramanta_DanielAdhitthana/install/controller/share/controller/cmake/export_controller__rosidl_generator_cppExport.cmake
[16.699s] -- Up-to-date: /home/donjoe/MagangBanyubramanta_DanielAdhitthana/install/controller/share/controller/cmake/export_controller__rosidl_typesupport_fastrtps_cppExport.cmake
[16.699s] -- Up-to-date: /home/donjoe/MagangBanyubramanta_DanielAdhitthana/install/controller/share/controller/cmake/export_controller__rosidl_typesupport_fastrtps_cppExport-noconfig.cmake
[16.699s] -- Up-to-date: /home/donjoe/MagangBanyubramanta_DanielAdhitthana/install/controller/share/controller/cmake/controller__rosidl_typesupport_introspection_cppExport.cmake
[16.699s] -- Up-to-date: /home/donjoe/MagangBanyubramanta_DanielAdhitthana/install/controller/share/controller/cmake/controller__rosidl_typesupport_introspection_cppExport-noconfig.cmake
[16.699s] -- Up-to-date: /home/donjoe/MagangBanyubramanta_DanielAdhitthana/install/controller/share/controller/cmake/controller__rosidl_typesupport_cppExport.cmake
[16.699s] -- Up-to-date: /home/donjoe/MagangBanyubramanta_DanielAdhitthana/install/controller/share/controller/cmake/controller__rosidl_typesupport_cppExport-noconfig.cmake
[16.699s] -- Up-to-date: /home/donjoe/MagangBanyubramanta_DanielAdhitthana/install/controller/share/controller/cmake/export_controller__rosidl_generator_pyExport.cmake
[16.700s] -- Up-to-date: /home/donjoe/MagangBanyubramanta_DanielAdhitthana/install/controller/share/controller/cmake/export_controller__rosidl_generator_pyExport-noconfig.cmake
[16.700s] -- Up-to-date: /home/donjoe/MagangBanyubramanta_DanielAdhitthana/install/controller/share/controller/cmake/rosidl_cmake-extras.cmake
[16.700s] -- Up-to-date: /home/donjoe/MagangBanyubramanta_DanielAdhitthana/install/controller/share/controller/cmake/ament_cmake_export_include_directories-extras.cmake
[16.700s] -- Up-to-date: /home/donjoe/MagangBanyubramanta_DanielAdhitthana/install/controller/share/controller/cmake/ament_cmake_export_libraries-extras.cmake
[16.700s] -- Up-to-date: /home/donjoe/MagangBanyubramanta_DanielAdhitthana/install/controller/share/controller/cmake/ament_cmake_export_targets-extras.cmake
[16.700s] -- Up-to-date: /home/donjoe/MagangBanyubramanta_DanielAdhitthana/install/controller/share/controller/cmake/rosidl_cmake_export_typesupport_targets-extras.cmake
[16.700s] -- Up-to-date: /home/donjoe/MagangBanyubramanta_DanielAdhitthana/install/controller/share/controller/cmake/ament_cmake_export_dependencies-extras.cmake
[16.700s] -- Up-to-date: /home/donjoe/MagangBanyubramanta_DanielAdhitthana/install/controller/share/controller/cmake/rosidl_cmake_export_typesupport_libraries-extras.cmake
[16.701s] -- Up-to-date: /home/donjoe/MagangBanyubramanta_DanielAdhitthana/install/controller/share/controller/cmake/controllerConfig.cmake
[16.701s] -- Up-to-date: /home/donjoe/MagangBanyubramanta_DanielAdhitthana/install/controller/share/controller/cmake/controllerConfig-version.cmake
[16.701s] -- Up-to-date: /home/donjoe/MagangBanyubramanta_DanielAdhitthana/install/controller/share/controller/package.xml
[16.730s] Invoked command in '/home/donjoe/MagangBanyubramanta_DanielAdhitthana/build/controller' returned '0': CMAKE_PREFIX_PATH=/opt/ros/humble /usr/bin/cmake --install /home/donjoe/MagangBanyubramanta_DanielAdhitthana/build/controller
