[0/1] Re-running CMake...
-- Found ament_cmake: 1.3.3 (/usr/local/MATLAB/R2023b/sys/ros2/glnxa64/ros2/share/ament_cmake/cmake)
-- Found ament_cmake_ros: 0.10.0 (/usr/local/MATLAB/R2023b/sys/ros2/glnxa64/ros2/share/ament_cmake_ros/cmake)
-- Found rosidl_typesupport_c: 2.0.0 (/usr/local/MATLAB/R2023b/sys/ros2/glnxa64/ros2/share/rosidl_typesupport_c/cmake)
-- Using all available rosidl_typesupport_c: rosidl_typesupport_fastrtps_c;rosidl_typesupport_introspection_c
-- Found rosidl_adapter: 3.1.4 (/usr/local/MATLAB/R2023b/sys/ros2/glnxa64/ros2/share/rosidl_adapter/cmake)
-- Found rosidl_typesupport_cpp: 2.0.0 (/usr/local/MATLAB/R2023b/sys/ros2/glnxa64/ros2/share/rosidl_typesupport_cpp/cmake)
-- Using all available rosidl_typesupport_cpp: rosidl_typesupport_fastrtps_cpp;rosidl_typesupport_introspection_cpp
-- Found rosidl_default_generators: 1.2.0 (/usr/local/MATLAB/R2023b/sys/ros2/glnxa64/ros2/share/rosidl_default_generators/cmake)
-- Found class_loader: 2.2.0 (/usr/local/MATLAB/R2023b/sys/ros2/glnxa64/ros2/share/class_loader/cmake)
-- Found rclcpp: 16.0.3 (/usr/local/MATLAB/R2023b/sys/ros2/glnxa64/ros2/share/rclcpp/cmake)
-- Found rmw_implementation_cmake: 6.1.1 (/usr/local/MATLAB/R2023b/sys/ros2/glnxa64/ros2/share/rmw_implementation_cmake/cmake)
-- Found rmw_fastrtps_cpp: 6.2.2 (/usr/local/MATLAB/R2023b/sys/ros2/glnxa64/ros2/share/rmw_fastrtps_cpp/cmake)
-- Using RMW implementation 'rmw_fastrtps_cpp' as default
-- Using all available rosidl_typesupport_c: rosidl_typesupport_fastrtps_c;rosidl_typesupport_introspection_c
-- Using all available rosidl_typesupport_cpp: rosidl_typesupport_fastrtps_cpp;rosidl_typesupport_introspection_cpp
-- Configuring done
-- Generating done
-- Build files have been written to: /home/donjoe/Documents/MagangBanyubramanta_DanielAdhitthana/matlab/custom/matlab_msg_gen/glnxa64/build/interfaces
ninja: no work to do.
-- Install configuration: "Release"
-- Up-to-date: /home/donjoe/Documents/MagangBanyubramanta_DanielAdhitthana/matlab/custom/matlab_msg_gen/glnxa64/install/share/ament_index/resource_index/rosidl_interfaces/interfaces
-- Up-to-date: /home/donjoe/Documents/MagangBanyubramanta_DanielAdhitthana/matlab/custom/matlab_msg_gen/glnxa64/install/include/interfaces/interfaces
-- Up-to-date: /home/donjoe/Documents/MagangBanyubramanta_DanielAdhitthana/matlab/custom/matlab_msg_gen/glnxa64/install/include/interfaces/interfaces/msg
-- Up-to-date: /home/donjoe/Documents/MagangBanyubramanta_DanielAdhitthana/matlab/custom/matlab_msg_gen/glnxa64/install/include/interfaces/interfaces/msg/detail
-- Up-to-date: /home/donjoe/Documents/MagangBanyubramanta_DanielAdhitthana/matlab/custom/matlab_msg_gen/glnxa64/install/include/interfaces/interfaces/msg/detail/object__struct.h
-- Up-to-date: /home/donjoe/Documents/MagangBanyubramanta_DanielAdhitthana/matlab/custom/matlab_msg_gen/glnxa64/install/include/interfaces/interfaces/msg/detail/object__functions.h
-- Up-to-date: /home/donjoe/Documents/MagangBanyubramanta_DanielAdhitthana/matlab/custom/matlab_msg_gen/glnxa64/install/include/interfaces/interfaces/msg/detail/object__type_support.h
-- Up-to-date: /home/donjoe/Documents/MagangBanyubramanta_DanielAdhitthana/matlab/custom/matlab_msg_gen/glnxa64/install/include/interfaces/interfaces/msg/detail/object__functions.c
-- Up-to-date: /home/donjoe/Documents/MagangBanyubramanta_DanielAdhitthana/matlab/custom/matlab_msg_gen/glnxa64/install/include/interfaces/interfaces/msg/object.h
-- Up-to-date: /home/donjoe/Documents/MagangBanyubramanta_DanielAdhitthana/matlab/custom/matlab_msg_gen/glnxa64/install/include/interfaces/interfaces/msg/rosidl_generator_c__visibility_control.h
-- Up-to-date: /home/donjoe/Documents/MagangBanyubramanta_DanielAdhitthana/matlab/custom/matlab_msg_gen/glnxa64/install/share/interfaces/environment/library_path.sh
-- Installing: /home/donjoe/Documents/MagangBanyubramanta_DanielAdhitthana/matlab/custom/matlab_msg_gen/glnxa64/install/share/interfaces/environment/library_path.dsv
-- Up-to-date: /home/donjoe/Documents/MagangBanyubramanta_DanielAdhitthana/matlab/custom/matlab_msg_gen/glnxa64/install/lib/libinterfaces__rosidl_generator_c.so
-- Up-to-date: /home/donjoe/Documents/MagangBanyubramanta_DanielAdhitthana/matlab/custom/matlab_msg_gen/glnxa64/install/include/interfaces/interfaces
-- Up-to-date: /home/donjoe/Documents/MagangBanyubramanta_DanielAdhitthana/matlab/custom/matlab_msg_gen/glnxa64/install/include/interfaces/interfaces/msg
-- Up-to-date: /home/donjoe/Documents/MagangBanyubramanta_DanielAdhitthana/matlab/custom/matlab_msg_gen/glnxa64/install/include/interfaces/interfaces/msg/detail
-- Up-to-date: /home/donjoe/Documents/MagangBanyubramanta_DanielAdhitthana/matlab/custom/matlab_msg_gen/glnxa64/install/include/interfaces/interfaces/msg/detail/object__rosidl_typesupport_fastrtps_c.h
-- Up-to-date: /home/donjoe/Documents/MagangBanyubramanta_DanielAdhitthana/matlab/custom/matlab_msg_gen/glnxa64/install/include/interfaces/interfaces/msg/rosidl_typesupport_fastrtps_c__visibility_control.h
-- Up-to-date: /home/donjoe/Documents/MagangBanyubramanta_DanielAdhitthana/matlab/custom/matlab_msg_gen/glnxa64/install/lib/libinterfaces__rosidl_typesupport_fastrtps_c.so
-- Up-to-date: /home/donjoe/Documents/MagangBanyubramanta_DanielAdhitthana/matlab/custom/matlab_msg_gen/glnxa64/install/include/interfaces/interfaces
-- Up-to-date: /home/donjoe/Documents/MagangBanyubramanta_DanielAdhitthana/matlab/custom/matlab_msg_gen/glnxa64/install/include/interfaces/interfaces/msg
-- Up-to-date: /home/donjoe/Documents/MagangBanyubramanta_DanielAdhitthana/matlab/custom/matlab_msg_gen/glnxa64/install/include/interfaces/interfaces/msg/detail
-- Up-to-date: /home/donjoe/Documents/MagangBanyubramanta_DanielAdhitthana/matlab/custom/matlab_msg_gen/glnxa64/install/include/interfaces/interfaces/msg/detail/object__type_support.c
-- Up-to-date: /home/donjoe/Documents/MagangBanyubramanta_DanielAdhitthana/matlab/custom/matlab_msg_gen/glnxa64/install/include/interfaces/interfaces/msg/detail/object__rosidl_typesupport_introspection_c.h
-- Up-to-date: /home/donjoe/Documents/MagangBanyubramanta_DanielAdhitthana/matlab/custom/matlab_msg_gen/glnxa64/install/include/interfaces/interfaces/msg/rosidl_typesupport_introspection_c__visibility_control.h
-- Up-to-date: /home/donjoe/Documents/MagangBanyubramanta_DanielAdhitthana/matlab/custom/matlab_msg_gen/glnxa64/install/lib/libinterfaces__rosidl_typesupport_introspection_c.so
-- Up-to-date: /home/donjoe/Documents/MagangBanyubramanta_DanielAdhitthana/matlab/custom/matlab_msg_gen/glnxa64/install/lib/libinterfaces__rosidl_typesupport_c.so
-- Up-to-date: /home/donjoe/Documents/MagangBanyubramanta_DanielAdhitthana/matlab/custom/matlab_msg_gen/glnxa64/install/include/interfaces/interfaces
-- Up-to-date: /home/donjoe/Documents/MagangBanyubramanta_DanielAdhitthana/matlab/custom/matlab_msg_gen/glnxa64/install/include/interfaces/interfaces/msg
-- Up-to-date: /home/donjoe/Documents/MagangBanyubramanta_DanielAdhitthana/matlab/custom/matlab_msg_gen/glnxa64/install/include/interfaces/interfaces/msg/object.hpp
-- Up-to-date: /home/donjoe/Documents/MagangBanyubramanta_DanielAdhitthana/matlab/custom/matlab_msg_gen/glnxa64/install/include/interfaces/interfaces/msg/detail
-- Up-to-date: /home/donjoe/Documents/MagangBanyubramanta_DanielAdhitthana/matlab/custom/matlab_msg_gen/glnxa64/install/include/interfaces/interfaces/msg/detail/object__struct.hpp
-- Up-to-date: /home/donjoe/Documents/MagangBanyubramanta_DanielAdhitthana/matlab/custom/matlab_msg_gen/glnxa64/install/include/interfaces/interfaces/msg/detail/object__builder.hpp
-- Up-to-date: /home/donjoe/Documents/MagangBanyubramanta_DanielAdhitthana/matlab/custom/matlab_msg_gen/glnxa64/install/include/interfaces/interfaces/msg/detail/object__traits.hpp
-- Up-to-date: /home/donjoe/Documents/MagangBanyubramanta_DanielAdhitthana/matlab/custom/matlab_msg_gen/glnxa64/install/include/interfaces/interfaces
-- Up-to-date: /home/donjoe/Documents/MagangBanyubramanta_DanielAdhitthana/matlab/custom/matlab_msg_gen/glnxa64/install/include/interfaces/interfaces/msg
-- Up-to-date: /home/donjoe/Documents/MagangBanyubramanta_DanielAdhitthana/matlab/custom/matlab_msg_gen/glnxa64/install/include/interfaces/interfaces/msg/detail
-- Up-to-date: /home/donjoe/Documents/MagangBanyubramanta_DanielAdhitthana/matlab/custom/matlab_msg_gen/glnxa64/install/include/interfaces/interfaces/msg/detail/object__rosidl_typesupport_fastrtps_cpp.hpp
-- Up-to-date: /home/donjoe/Documents/MagangBanyubramanta_DanielAdhitthana/matlab/custom/matlab_msg_gen/glnxa64/install/include/interfaces/interfaces/msg/detail/dds_fastrtps
-- Up-to-date: /home/donjoe/Documents/MagangBanyubramanta_DanielAdhitthana/matlab/custom/matlab_msg_gen/glnxa64/install/include/interfaces/interfaces/msg/rosidl_typesupport_fastrtps_cpp__visibility_control.h
-- Up-to-date: /home/donjoe/Documents/MagangBanyubramanta_DanielAdhitthana/matlab/custom/matlab_msg_gen/glnxa64/install/lib/libinterfaces__rosidl_typesupport_fastrtps_cpp.so
-- Up-to-date: /home/donjoe/Documents/MagangBanyubramanta_DanielAdhitthana/matlab/custom/matlab_msg_gen/glnxa64/install/include/interfaces/interfaces
-- Up-to-date: /home/donjoe/Documents/MagangBanyubramanta_DanielAdhitthana/matlab/custom/matlab_msg_gen/glnxa64/install/include/interfaces/interfaces/msg
-- Up-to-date: /home/donjoe/Documents/MagangBanyubramanta_DanielAdhitthana/matlab/custom/matlab_msg_gen/glnxa64/install/include/interfaces/interfaces/msg/detail
-- Up-to-date: /home/donjoe/Documents/MagangBanyubramanta_DanielAdhitthana/matlab/custom/matlab_msg_gen/glnxa64/install/include/interfaces/interfaces/msg/detail/object__rosidl_typesupport_introspection_cpp.hpp
-- Up-to-date: /home/donjoe/Documents/MagangBanyubramanta_DanielAdhitthana/matlab/custom/matlab_msg_gen/glnxa64/install/include/interfaces/interfaces/msg/detail/object__type_support.cpp
-- Up-to-date: /home/donjoe/Documents/MagangBanyubramanta_DanielAdhitthana/matlab/custom/matlab_msg_gen/glnxa64/install/lib/libinterfaces__rosidl_typesupport_introspection_cpp.so
-- Up-to-date: /home/donjoe/Documents/MagangBanyubramanta_DanielAdhitthana/matlab/custom/matlab_msg_gen/glnxa64/install/lib/libinterfaces__rosidl_typesupport_cpp.so
-- Up-to-date: /home/donjoe/Documents/MagangBanyubramanta_DanielAdhitthana/matlab/custom/matlab_msg_gen/glnxa64/install/share/interfaces/msg/Object.idl
-- Up-to-date: /home/donjoe/Documents/MagangBanyubramanta_DanielAdhitthana/matlab/custom/matlab_msg_gen/glnxa64/install/share/interfaces/msg/Object.msg
-- Up-to-date: /home/donjoe/Documents/MagangBanyubramanta_DanielAdhitthana/matlab/custom/matlab_msg_gen/glnxa64/install/include
-- Up-to-date: /home/donjoe/Documents/MagangBanyubramanta_DanielAdhitthana/matlab/custom/matlab_msg_gen/glnxa64/install/include/interfaces
-- Up-to-date: /home/donjoe/Documents/MagangBanyubramanta_DanielAdhitthana/matlab/custom/matlab_msg_gen/glnxa64/install/include/interfaces/visibility_control.h
-- Up-to-date: /home/donjoe/Documents/MagangBanyubramanta_DanielAdhitthana/matlab/custom/matlab_msg_gen/glnxa64/install/lib/libinterfaces_matlab.so
-- Up-to-date: /home/donjoe/Documents/MagangBanyubramanta_DanielAdhitthana/matlab/custom/matlab_msg_gen/glnxa64/install/m/
-- Up-to-date: /home/donjoe/Documents/MagangBanyubramanta_DanielAdhitthana/matlab/custom/matlab_msg_gen/glnxa64/install/m//+ros
-- Up-to-date: /home/donjoe/Documents/MagangBanyubramanta_DanielAdhitthana/matlab/custom/matlab_msg_gen/glnxa64/install/m//+ros/+internal
-- Up-to-date: /home/donjoe/Documents/MagangBanyubramanta_DanielAdhitthana/matlab/custom/matlab_msg_gen/glnxa64/install/m//+ros/+internal/+ros2
-- Up-to-date: /home/donjoe/Documents/MagangBanyubramanta_DanielAdhitthana/matlab/custom/matlab_msg_gen/glnxa64/install/m//+ros/+internal/+ros2/+custommessages
-- Up-to-date: /home/donjoe/Documents/MagangBanyubramanta_DanielAdhitthana/matlab/custom/matlab_msg_gen/glnxa64/install/m//+ros/+internal/+ros2/+custommessages/+interfaces
-- Up-to-date: /home/donjoe/Documents/MagangBanyubramanta_DanielAdhitthana/matlab/custom/matlab_msg_gen/glnxa64/install/m//+ros/+internal/+ros2/+custommessages/+interfaces/interfaces_msg_Object_1To2_Converter.m
-- Up-to-date: /home/donjoe/Documents/MagangBanyubramanta_DanielAdhitthana/matlab/custom/matlab_msg_gen/glnxa64/install/m//+ros/+internal/+ros2/+custommessages/+interfaces/interfaces_msg_Object_2To1_Converter.m
-- Up-to-date: /home/donjoe/Documents/MagangBanyubramanta_DanielAdhitthana/matlab/custom/matlab_msg_gen/glnxa64/install/m//+ros/+internal/+ros2/+custommessages/+interfaces/object.m
-- Up-to-date: /home/donjoe/Documents/MagangBanyubramanta_DanielAdhitthana/matlab/custom/matlab_msg_gen/glnxa64/install/share/ament_index/resource_index/package_run_dependencies/interfaces
-- Installing: /home/donjoe/Documents/MagangBanyubramanta_DanielAdhitthana/matlab/custom/matlab_msg_gen/glnxa64/install/share/ament_index/resource_index/parent_prefix_path/interfaces
-- Up-to-date: /home/donjoe/Documents/MagangBanyubramanta_DanielAdhitthana/matlab/custom/matlab_msg_gen/glnxa64/install/share/interfaces/environment/ament_prefix_path.sh
-- Installing: /home/donjoe/Documents/MagangBanyubramanta_DanielAdhitthana/matlab/custom/matlab_msg_gen/glnxa64/install/share/interfaces/environment/ament_prefix_path.dsv
-- Up-to-date: /home/donjoe/Documents/MagangBanyubramanta_DanielAdhitthana/matlab/custom/matlab_msg_gen/glnxa64/install/share/interfaces/environment/path.sh
-- Installing: /home/donjoe/Documents/MagangBanyubramanta_DanielAdhitthana/matlab/custom/matlab_msg_gen/glnxa64/install/share/interfaces/environment/path.dsv
-- Up-to-date: /home/donjoe/Documents/MagangBanyubramanta_DanielAdhitthana/matlab/custom/matlab_msg_gen/glnxa64/install/share/interfaces/local_setup.bash
-- Up-to-date: /home/donjoe/Documents/MagangBanyubramanta_DanielAdhitthana/matlab/custom/matlab_msg_gen/glnxa64/install/share/interfaces/local_setup.sh
-- Up-to-date: /home/donjoe/Documents/MagangBanyubramanta_DanielAdhitthana/matlab/custom/matlab_msg_gen/glnxa64/install/share/interfaces/local_setup.zsh
-- Installing: /home/donjoe/Documents/MagangBanyubramanta_DanielAdhitthana/matlab/custom/matlab_msg_gen/glnxa64/install/share/interfaces/local_setup.dsv
-- Installing: /home/donjoe/Documents/MagangBanyubramanta_DanielAdhitthana/matlab/custom/matlab_msg_gen/glnxa64/install/share/interfaces/package.dsv
-- Up-to-date: /home/donjoe/Documents/MagangBanyubramanta_DanielAdhitthana/matlab/custom/matlab_msg_gen/glnxa64/install/share/ament_index/resource_index/packages/interfaces
-- Up-to-date: /home/donjoe/Documents/MagangBanyubramanta_DanielAdhitthana/matlab/custom/matlab_msg_gen/glnxa64/install/share/interfaces/cmake/export_interfaces__rosidl_generator_cExport.cmake
-- Up-to-date: /home/donjoe/Documents/MagangBanyubramanta_DanielAdhitthana/matlab/custom/matlab_msg_gen/glnxa64/install/share/interfaces/cmake/export_interfaces__rosidl_generator_cExport-release.cmake
-- Up-to-date: /home/donjoe/Documents/MagangBanyubramanta_DanielAdhitthana/matlab/custom/matlab_msg_gen/glnxa64/install/share/interfaces/cmake/export_interfaces__rosidl_typesupport_fastrtps_cExport.cmake
-- Up-to-date: /home/donjoe/Documents/MagangBanyubramanta_DanielAdhitthana/matlab/custom/matlab_msg_gen/glnxa64/install/share/interfaces/cmake/export_interfaces__rosidl_typesupport_fastrtps_cExport-release.cmake
-- Up-to-date: /home/donjoe/Documents/MagangBanyubramanta_DanielAdhitthana/matlab/custom/matlab_msg_gen/glnxa64/install/share/interfaces/cmake/interfaces__rosidl_typesupport_introspection_cExport.cmake
-- Up-to-date: /home/donjoe/Documents/MagangBanyubramanta_DanielAdhitthana/matlab/custom/matlab_msg_gen/glnxa64/install/share/interfaces/cmake/interfaces__rosidl_typesupport_introspection_cExport-release.cmake
-- Up-to-date: /home/donjoe/Documents/MagangBanyubramanta_DanielAdhitthana/matlab/custom/matlab_msg_gen/glnxa64/install/share/interfaces/cmake/interfaces__rosidl_typesupport_cExport.cmake
-- Up-to-date: /home/donjoe/Documents/MagangBanyubramanta_DanielAdhitthana/matlab/custom/matlab_msg_gen/glnxa64/install/share/interfaces/cmake/interfaces__rosidl_typesupport_cExport-release.cmake
-- Up-to-date: /home/donjoe/Documents/MagangBanyubramanta_DanielAdhitthana/matlab/custom/matlab_msg_gen/glnxa64/install/share/interfaces/cmake/export_interfaces__rosidl_generator_cppExport.cmake
-- Up-to-date: /home/donjoe/Documents/MagangBanyubramanta_DanielAdhitthana/matlab/custom/matlab_msg_gen/glnxa64/install/share/interfaces/cmake/export_interfaces__rosidl_typesupport_fastrtps_cppExport.cmake
-- Up-to-date: /home/donjoe/Documents/MagangBanyubramanta_DanielAdhitthana/matlab/custom/matlab_msg_gen/glnxa64/install/share/interfaces/cmake/export_interfaces__rosidl_typesupport_fastrtps_cppExport-release.cmake
-- Up-to-date: /home/donjoe/Documents/MagangBanyubramanta_DanielAdhitthana/matlab/custom/matlab_msg_gen/glnxa64/install/share/interfaces/cmake/interfaces__rosidl_typesupport_introspection_cppExport.cmake
-- Up-to-date: /home/donjoe/Documents/MagangBanyubramanta_DanielAdhitthana/matlab/custom/matlab_msg_gen/glnxa64/install/share/interfaces/cmake/interfaces__rosidl_typesupport_introspection_cppExport-release.cmake
-- Up-to-date: /home/donjoe/Documents/MagangBanyubramanta_DanielAdhitthana/matlab/custom/matlab_msg_gen/glnxa64/install/share/interfaces/cmake/interfaces__rosidl_typesupport_cppExport.cmake
-- Up-to-date: /home/donjoe/Documents/MagangBanyubramanta_DanielAdhitthana/matlab/custom/matlab_msg_gen/glnxa64/install/share/interfaces/cmake/interfaces__rosidl_typesupport_cppExport-release.cmake
-- Up-to-date: /home/donjoe/Documents/MagangBanyubramanta_DanielAdhitthana/matlab/custom/matlab_msg_gen/glnxa64/install/share/interfaces/cmake/rosidl_cmake-extras.cmake
-- Up-to-date: /home/donjoe/Documents/MagangBanyubramanta_DanielAdhitthana/matlab/custom/matlab_msg_gen/glnxa64/install/share/interfaces/cmake/ament_cmake_export_include_directories-extras.cmake
-- Up-to-date: /home/donjoe/Documents/MagangBanyubramanta_DanielAdhitthana/matlab/custom/matlab_msg_gen/glnxa64/install/share/interfaces/cmake/ament_cmake_export_libraries-extras.cmake
-- Up-to-date: /home/donjoe/Documents/MagangBanyubramanta_DanielAdhitthana/matlab/custom/matlab_msg_gen/glnxa64/install/share/interfaces/cmake/ament_cmake_export_targets-extras.cmake
-- Up-to-date: /home/donjoe/Documents/MagangBanyubramanta_DanielAdhitthana/matlab/custom/matlab_msg_gen/glnxa64/install/share/interfaces/cmake/rosidl_cmake_export_typesupport_targets-extras.cmake
-- Up-to-date: /home/donjoe/Documents/MagangBanyubramanta_DanielAdhitthana/matlab/custom/matlab_msg_gen/glnxa64/install/share/interfaces/cmake/ament_cmake_export_dependencies-extras.cmake
-- Up-to-date: /home/donjoe/Documents/MagangBanyubramanta_DanielAdhitthana/matlab/custom/matlab_msg_gen/glnxa64/install/share/interfaces/cmake/rosidl_cmake_export_typesupport_libraries-extras.cmake
-- Up-to-date: /home/donjoe/Documents/MagangBanyubramanta_DanielAdhitthana/matlab/custom/matlab_msg_gen/glnxa64/install/share/interfaces/cmake/interfacesConfig.cmake
-- Up-to-date: /home/donjoe/Documents/MagangBanyubramanta_DanielAdhitthana/matlab/custom/matlab_msg_gen/glnxa64/install/share/interfaces/cmake/interfacesConfig-version.cmake
-- Installing: /home/donjoe/Documents/MagangBanyubramanta_DanielAdhitthana/matlab/custom/matlab_msg_gen/glnxa64/install/share/interfaces/package.xml
