[0.936s] DEBUG:colcon:Command line arguments: ['/usr/bin/colcon', 'build']
[0.936s] DEBUG:colcon:Parsed command line arguments: Namespace(log_base=None, log_level=None, verb_name='build', build_base='build', install_base='install', merge_install=False, symlink_install=False, test_result_base=None, continue_on_error=False, executor='parallel', parallel_workers=4, event_handlers=None, ignore_user_meta=False, metas=['./colcon.meta'], base_paths=['.'], packages_ignore=None, packages_ignore_regex=None, paths=None, packages_up_to=None, packages_up_to_regex=None, packages_above=None, packages_above_and_dependencies=None, packages_above_depth=None, packages_select_by_dep=None, packages_skip_by_dep=None, packages_skip_up_to=None, packages_select_build_failed=False, packages_skip_build_finished=False, packages_select_test_failures=False, packages_skip_test_passed=False, packages_select=None, packages_skip=None, packages_select_regex=None, packages_skip_regex=None, packages_start=None, packages_end=None, allow_overriding=[], cmake_args=None, cmake_target=None, cmake_target_skip_unavailable=False, cmake_clean_cache=False, cmake_clean_first=False, cmake_force_configure=False, ament_cmake_args=None, catkin_cmake_args=None, catkin_skip_building_tests=False, verb_parser=<colcon_defaults.argument_parser.defaults.DefaultArgumentsDecorator object at 0x7fc556d73220>, verb_extension=<colcon_core.verb.build.BuildVerb object at 0x7fc556daff40>, main=<bound method BuildVerb.main of <colcon_core.verb.build.BuildVerb object at 0x7fc556daff40>>)
[0.975s] Level 1:colcon.colcon_core.package_discovery:discover_packages(colcon_meta) check parameters
[0.975s] Level 1:colcon.colcon_core.package_discovery:discover_packages(recursive) check parameters
[0.975s] Level 1:colcon.colcon_core.package_discovery:discover_packages(ignore) check parameters
[0.975s] Level 1:colcon.colcon_core.package_discovery:discover_packages(path) check parameters
[0.975s] Level 1:colcon.colcon_core.package_discovery:discover_packages(colcon_meta) discover
[0.975s] Level 1:colcon.colcon_core.package_discovery:discover_packages(recursive) discover
[0.975s] INFO:colcon.colcon_core.package_discovery:Crawling recursively for packages in '/home/donjoe/MagangBanyubramanta_DanielAdhitthana'
[0.975s] Level 1:colcon.colcon_core.package_identification:_identify(.) by extensions ['ignore', 'ignore_ament_install']
[0.975s] Level 1:colcon.colcon_core.package_identification:_identify(.) by extension 'ignore'
[0.975s] Level 1:colcon.colcon_core.package_identification:_identify(.) by extension 'ignore_ament_install'
[0.976s] Level 1:colcon.colcon_core.package_identification:_identify(.) by extensions ['colcon_pkg']
[0.976s] Level 1:colcon.colcon_core.package_identification:_identify(.) by extension 'colcon_pkg'
[0.976s] Level 1:colcon.colcon_core.package_identification:_identify(.) by extensions ['colcon_meta']
[0.976s] Level 1:colcon.colcon_core.package_identification:_identify(.) by extension 'colcon_meta'
[0.976s] Level 1:colcon.colcon_core.package_identification:_identify(.) by extensions ['ros']
[0.976s] Level 1:colcon.colcon_core.package_identification:_identify(.) by extension 'ros'
[0.984s] Level 1:colcon.colcon_core.package_identification:_identify(.) by extensions ['cmake', 'python']
[0.984s] Level 1:colcon.colcon_core.package_identification:_identify(.) by extension 'cmake'
[0.984s] Level 1:colcon.colcon_core.package_identification:_identify(.) by extension 'python'
[0.984s] Level 1:colcon.colcon_core.package_identification:_identify(.) by extensions ['python_setup_py']
[0.984s] Level 1:colcon.colcon_core.package_identification:_identify(.) by extension 'python_setup_py'
[0.984s] Level 1:colcon.colcon_core.package_identification:_identify(build) by extensions ['ignore', 'ignore_ament_install']
[0.984s] Level 1:colcon.colcon_core.package_identification:_identify(build) by extension 'ignore'
[0.984s] Level 1:colcon.colcon_core.package_identification:_identify(build) ignored
[0.984s] Level 1:colcon.colcon_core.package_identification:_identify(install) by extensions ['ignore', 'ignore_ament_install']
[0.984s] Level 1:colcon.colcon_core.package_identification:_identify(install) by extension 'ignore'
[0.984s] Level 1:colcon.colcon_core.package_identification:_identify(install) ignored
[0.985s] Level 1:colcon.colcon_core.package_identification:_identify(log) by extensions ['ignore', 'ignore_ament_install']
[0.985s] Level 1:colcon.colcon_core.package_identification:_identify(log) by extension 'ignore'
[0.985s] Level 1:colcon.colcon_core.package_identification:_identify(log) ignored
[0.985s] Level 1:colcon.colcon_core.package_identification:_identify(src) by extensions ['ignore', 'ignore_ament_install']
[0.985s] Level 1:colcon.colcon_core.package_identification:_identify(src) by extension 'ignore'
[0.985s] Level 1:colcon.colcon_core.package_identification:_identify(src) by extension 'ignore_ament_install'
[0.985s] Level 1:colcon.colcon_core.package_identification:_identify(src) by extensions ['colcon_pkg']
[0.985s] Level 1:colcon.colcon_core.package_identification:_identify(src) by extension 'colcon_pkg'
[0.985s] Level 1:colcon.colcon_core.package_identification:_identify(src) by extensions ['colcon_meta']
[0.985s] Level 1:colcon.colcon_core.package_identification:_identify(src) by extension 'colcon_meta'
[0.985s] Level 1:colcon.colcon_core.package_identification:_identify(src) by extensions ['ros']
[0.985s] Level 1:colcon.colcon_core.package_identification:_identify(src) by extension 'ros'
[0.985s] Level 1:colcon.colcon_core.package_identification:_identify(src) by extensions ['cmake', 'python']
[0.985s] Level 1:colcon.colcon_core.package_identification:_identify(src) by extension 'cmake'
[0.986s] Level 1:colcon.colcon_core.package_identification:_identify(src) by extension 'python'
[0.986s] Level 1:colcon.colcon_core.package_identification:_identify(src) by extensions ['python_setup_py']
[0.986s] Level 1:colcon.colcon_core.package_identification:_identify(src) by extension 'python_setup_py'
[0.986s] Level 1:colcon.colcon_core.package_identification:_identify(src/controller) by extensions ['ignore', 'ignore_ament_install']
[0.986s] Level 1:colcon.colcon_core.package_identification:_identify(src/controller) by extension 'ignore'
[0.986s] Level 1:colcon.colcon_core.package_identification:_identify(src/controller) by extension 'ignore_ament_install'
[0.986s] Level 1:colcon.colcon_core.package_identification:_identify(src/controller) by extensions ['colcon_pkg']
[0.986s] Level 1:colcon.colcon_core.package_identification:_identify(src/controller) by extension 'colcon_pkg'
[0.987s] Level 1:colcon.colcon_core.package_identification:_identify(src/controller) by extensions ['colcon_meta']
[0.987s] Level 1:colcon.colcon_core.package_identification:_identify(src/controller) by extension 'colcon_meta'
[0.987s] Level 1:colcon.colcon_core.package_identification:_identify(src/controller) by extensions ['ros']
[0.987s] Level 1:colcon.colcon_core.package_identification:_identify(src/controller) by extension 'ros'
[0.990s] DEBUG:colcon.colcon_core.package_identification:Package 'src/controller' with type 'ros.ament_cmake' and name 'controller'
[0.990s] Level 1:colcon.colcon_core.package_discovery:discover_packages(recursive) using defaults
[0.990s] Level 1:colcon.colcon_core.package_discovery:discover_packages(ignore) discover
[0.990s] Level 1:colcon.colcon_core.package_discovery:discover_packages(ignore) using defaults
[0.990s] Level 1:colcon.colcon_core.package_discovery:discover_packages(path) discover
[0.990s] Level 1:colcon.colcon_core.package_discovery:discover_packages(path) using defaults
[1.061s] Level 1:colcon.colcon_core.package_discovery:discover_packages(prefix_path) check parameters
[1.061s] Level 1:colcon.colcon_core.package_discovery:discover_packages(prefix_path) discover
[1.072s] WARNING:colcon.colcon_ros.prefix_path.ament:The path '/home/donjoe/MagangBanyubramanta_DanielAdhitthana/install/controller' in the environment variable AMENT_PREFIX_PATH doesn't exist
[1.072s] WARNING:colcon.colcon_ros.prefix_path.catkin:The path '/home/donjoe/MagangBanyubramanta_DanielAdhitthana/install/controller' in the environment variable CMAKE_PREFIX_PATH doesn't exist
[1.082s] DEBUG:colcon.colcon_installed_package_information.package_discovery:Found 0 installed packages in /home/donjoe/MagangBanyubramanta_DanielAdhitthana/install
[1.095s] DEBUG:colcon.colcon_installed_package_information.package_discovery:Found 270 installed packages in /opt/ros/humble
[1.096s] Level 1:colcon.colcon_core.package_discovery:discover_packages(prefix_path) using defaults
[1.192s] Level 5:colcon.colcon_core.verb:set package 'controller' build argument 'cmake_args' from command line to 'None'
[1.192s] Level 5:colcon.colcon_core.verb:set package 'controller' build argument 'cmake_target' from command line to 'None'
[1.193s] Level 5:colcon.colcon_core.verb:set package 'controller' build argument 'cmake_target_skip_unavailable' from command line to 'False'
[1.193s] Level 5:colcon.colcon_core.verb:set package 'controller' build argument 'cmake_clean_cache' from command line to 'False'
[1.193s] Level 5:colcon.colcon_core.verb:set package 'controller' build argument 'cmake_clean_first' from command line to 'False'
[1.193s] Level 5:colcon.colcon_core.verb:set package 'controller' build argument 'cmake_force_configure' from command line to 'False'
[1.193s] Level 5:colcon.colcon_core.verb:set package 'controller' build argument 'ament_cmake_args' from command line to 'None'
[1.193s] Level 5:colcon.colcon_core.verb:set package 'controller' build argument 'catkin_cmake_args' from command line to 'None'
[1.193s] Level 5:colcon.colcon_core.verb:set package 'controller' build argument 'catkin_skip_building_tests' from command line to 'False'
[1.193s] DEBUG:colcon.colcon_core.verb:Building package 'controller' with the following arguments: {'ament_cmake_args': None, 'build_base': '/home/donjoe/MagangBanyubramanta_DanielAdhitthana/build/controller', 'catkin_cmake_args': None, 'catkin_skip_building_tests': False, 'cmake_args': None, 'cmake_clean_cache': False, 'cmake_clean_first': False, 'cmake_force_configure': False, 'cmake_target': None, 'cmake_target_skip_unavailable': False, 'install_base': '/home/donjoe/MagangBanyubramanta_DanielAdhitthana/install/controller', 'merge_install': False, 'path': '/home/donjoe/MagangBanyubramanta_DanielAdhitthana/src/controller', 'symlink_install': False, 'test_result_base': None}
[1.205s] INFO:colcon.colcon_core.executor:Executing jobs using 'parallel' executor
[1.216s] DEBUG:colcon.colcon_parallel_executor.executor.parallel:run_until_complete
[1.217s] INFO:colcon.colcon_ros.task.ament_cmake.build:Building ROS package in '/home/donjoe/MagangBanyubramanta_DanielAdhitthana/src/controller' with build type 'ament_cmake'
[1.217s] INFO:colcon.colcon_cmake.task.cmake.build:Building CMake package in '/home/donjoe/MagangBanyubramanta_DanielAdhitthana/src/controller'
[1.232s] INFO:colcon.colcon_core.plugin_system:Skipping extension 'colcon_core.shell.bat': Not used on non-Windows systems
[1.232s] INFO:colcon.colcon_core.shell:Skip shell extension 'powershell' for command environment: Not usable outside of PowerShell
[1.232s] DEBUG:colcon.colcon_core.shell:Skip shell extension 'dsv' for command environment
[1.274s] DEBUG:colcon.colcon_core.event_handler.log_command:Invoking command in '/home/donjoe/MagangBanyubramanta_DanielAdhitthana/build/controller': CMAKE_PREFIX_PATH=${CMAKE_PREFIX_PATH}:/opt/ros/humble /usr/bin/cmake /home/donjoe/MagangBanyubramanta_DanielAdhitthana/src/controller -DCMAKE_INSTALL_PREFIX=/home/donjoe/MagangBanyubramanta_DanielAdhitthana/install/controller
[10.428s] DEBUG:colcon.colcon_core.event_handler.log_command:Invoked command in '/home/donjoe/MagangBanyubramanta_DanielAdhitthana/build/controller' returned '0': CMAKE_PREFIX_PATH=${CMAKE_PREFIX_PATH}:/opt/ros/humble /usr/bin/cmake /home/donjoe/MagangBanyubramanta_DanielAdhitthana/src/controller -DCMAKE_INSTALL_PREFIX=/home/donjoe/MagangBanyubramanta_DanielAdhitthana/install/controller
[10.429s] DEBUG:colcon.colcon_core.event_handler.log_command:Invoking command in '/home/donjoe/MagangBanyubramanta_DanielAdhitthana/build/controller': CMAKE_PREFIX_PATH=${CMAKE_PREFIX_PATH}:/opt/ros/humble /usr/bin/cmake --build /home/donjoe/MagangBanyubramanta_DanielAdhitthana/build/controller -- -j4 -l4
[27.202s] DEBUG:colcon.colcon_core.event_handler.log_command:Invoked command in '/home/donjoe/MagangBanyubramanta_DanielAdhitthana/build/controller' returned '0': CMAKE_PREFIX_PATH=${CMAKE_PREFIX_PATH}:/opt/ros/humble /usr/bin/cmake --build /home/donjoe/MagangBanyubramanta_DanielAdhitthana/build/controller -- -j4 -l4
[27.263s] DEBUG:colcon.colcon_core.event_handler.log_command:Invoking command in '/home/donjoe/MagangBanyubramanta_DanielAdhitthana/build/controller': CMAKE_PREFIX_PATH=${CMAKE_PREFIX_PATH}:/opt/ros/humble /usr/bin/cmake --install /home/donjoe/MagangBanyubramanta_DanielAdhitthana/build/controller
[27.345s] Level 1:colcon.colcon_core.environment:create_environment_scripts_only(controller)
[27.346s] DEBUG:colcon.colcon_core.event_handler.log_command:Invoked command in '/home/donjoe/MagangBanyubramanta_DanielAdhitthana/build/controller' returned '0': CMAKE_PREFIX_PATH=${CMAKE_PREFIX_PATH}:/opt/ros/humble /usr/bin/cmake --install /home/donjoe/MagangBanyubramanta_DanielAdhitthana/build/controller
[27.361s] Level 1:colcon.colcon_core.environment:checking '/home/donjoe/MagangBanyubramanta_DanielAdhitthana/install/controller' for CMake module files
[27.362s] Level 1:colcon.colcon_core.environment:checking '/home/donjoe/MagangBanyubramanta_DanielAdhitthana/install/controller' for CMake config files
[27.362s] Level 1:colcon.colcon_core.shell:create_environment_hook('controller', 'cmake_prefix_path')
[27.375s] INFO:colcon.colcon_core.shell:Creating environment hook '/home/donjoe/MagangBanyubramanta_DanielAdhitthana/install/controller/share/controller/hook/cmake_prefix_path.ps1'
[27.376s] INFO:colcon.colcon_core.shell:Creating environment descriptor '/home/donjoe/MagangBanyubramanta_DanielAdhitthana/install/controller/share/controller/hook/cmake_prefix_path.dsv'
[27.377s] INFO:colcon.colcon_core.shell:Creating environment hook '/home/donjoe/MagangBanyubramanta_DanielAdhitthana/install/controller/share/controller/hook/cmake_prefix_path.sh'
[27.378s] Level 1:colcon.colcon_core.environment:checking '/home/donjoe/MagangBanyubramanta_DanielAdhitthana/install/controller/lib'
[27.378s] Level 1:colcon.colcon_core.shell:create_environment_hook('controller', 'ld_library_path_lib')
[27.390s] INFO:colcon.colcon_core.shell:Creating environment hook '/home/donjoe/MagangBanyubramanta_DanielAdhitthana/install/controller/share/controller/hook/ld_library_path_lib.ps1'
[27.391s] INFO:colcon.colcon_core.shell:Creating environment descriptor '/home/donjoe/MagangBanyubramanta_DanielAdhitthana/install/controller/share/controller/hook/ld_library_path_lib.dsv'
[27.391s] INFO:colcon.colcon_core.shell:Creating environment hook '/home/donjoe/MagangBanyubramanta_DanielAdhitthana/install/controller/share/controller/hook/ld_library_path_lib.sh'
[27.391s] Level 1:colcon.colcon_core.environment:checking '/home/donjoe/MagangBanyubramanta_DanielAdhitthana/install/controller/bin'
[27.391s] Level 1:colcon.colcon_core.environment:checking '/home/donjoe/MagangBanyubramanta_DanielAdhitthana/install/controller/lib/pkgconfig/controller.pc'
[27.392s] Level 1:colcon.colcon_core.environment:checking '/home/donjoe/MagangBanyubramanta_DanielAdhitthana/install/controller/lib/python3.10/site-packages'
[27.392s] Level 1:colcon.colcon_core.environment:checking '/home/donjoe/MagangBanyubramanta_DanielAdhitthana/install/controller/bin'
[27.404s] INFO:colcon.colcon_core.shell:Creating package script '/home/donjoe/MagangBanyubramanta_DanielAdhitthana/install/controller/share/controller/package.ps1'
[27.406s] INFO:colcon.colcon_core.shell:Creating package descriptor '/home/donjoe/MagangBanyubramanta_DanielAdhitthana/install/controller/share/controller/package.dsv'
[27.407s] INFO:colcon.colcon_core.shell:Creating package script '/home/donjoe/MagangBanyubramanta_DanielAdhitthana/install/controller/share/controller/package.sh'
[27.408s] INFO:colcon.colcon_core.shell:Creating package script '/home/donjoe/MagangBanyubramanta_DanielAdhitthana/install/controller/share/controller/package.bash'
[27.409s] INFO:colcon.colcon_core.shell:Creating package script '/home/donjoe/MagangBanyubramanta_DanielAdhitthana/install/controller/share/controller/package.zsh'
[27.409s] Level 1:colcon.colcon_core.environment:create_file_with_runtime_dependencies(/home/donjoe/MagangBanyubramanta_DanielAdhitthana/install/controller/share/colcon-core/packages/controller)
[27.458s] Level 1:colcon.colcon_core.environment:create_environment_scripts_only(controller)
[27.466s] Level 1:colcon.colcon_core.environment:checking '/home/donjoe/MagangBanyubramanta_DanielAdhitthana/install/controller' for CMake module files
[27.467s] Level 1:colcon.colcon_core.environment:checking '/home/donjoe/MagangBanyubramanta_DanielAdhitthana/install/controller' for CMake config files
[27.468s] Level 1:colcon.colcon_core.shell:create_environment_hook('controller', 'cmake_prefix_path')
[27.483s] INFO:colcon.colcon_core.shell:Creating environment hook '/home/donjoe/MagangBanyubramanta_DanielAdhitthana/install/controller/share/controller/hook/cmake_prefix_path.ps1'
[27.485s] INFO:colcon.colcon_core.shell:Creating environment descriptor '/home/donjoe/MagangBanyubramanta_DanielAdhitthana/install/controller/share/controller/hook/cmake_prefix_path.dsv'
[27.485s] INFO:colcon.colcon_core.shell:Creating environment hook '/home/donjoe/MagangBanyubramanta_DanielAdhitthana/install/controller/share/controller/hook/cmake_prefix_path.sh'
[27.486s] Level 1:colcon.colcon_core.environment:checking '/home/donjoe/MagangBanyubramanta_DanielAdhitthana/install/controller/lib'
[27.486s] Level 1:colcon.colcon_core.shell:create_environment_hook('controller', 'ld_library_path_lib')
[27.501s] INFO:colcon.colcon_core.shell:Creating environment hook '/home/donjoe/MagangBanyubramanta_DanielAdhitthana/install/controller/share/controller/hook/ld_library_path_lib.ps1'
[27.502s] INFO:colcon.colcon_core.shell:Creating environment descriptor '/home/donjoe/MagangBanyubramanta_DanielAdhitthana/install/controller/share/controller/hook/ld_library_path_lib.dsv'
[27.502s] INFO:colcon.colcon_core.shell:Creating environment hook '/home/donjoe/MagangBanyubramanta_DanielAdhitthana/install/controller/share/controller/hook/ld_library_path_lib.sh'
[27.502s] Level 1:colcon.colcon_core.environment:checking '/home/donjoe/MagangBanyubramanta_DanielAdhitthana/install/controller/bin'
[27.503s] Level 1:colcon.colcon_core.environment:checking '/home/donjoe/MagangBanyubramanta_DanielAdhitthana/install/controller/lib/pkgconfig/controller.pc'
[27.503s] Level 1:colcon.colcon_core.environment:checking '/home/donjoe/MagangBanyubramanta_DanielAdhitthana/install/controller/lib/python3.10/site-packages'
[27.503s] Level 1:colcon.colcon_core.environment:checking '/home/donjoe/MagangBanyubramanta_DanielAdhitthana/install/controller/bin'
[27.522s] INFO:colcon.colcon_core.shell:Creating package script '/home/donjoe/MagangBanyubramanta_DanielAdhitthana/install/controller/share/controller/package.ps1'
[27.524s] INFO:colcon.colcon_core.shell:Creating package descriptor '/home/donjoe/MagangBanyubramanta_DanielAdhitthana/install/controller/share/controller/package.dsv'
[27.524s] INFO:colcon.colcon_core.shell:Creating package script '/home/donjoe/MagangBanyubramanta_DanielAdhitthana/install/controller/share/controller/package.sh'
[27.525s] INFO:colcon.colcon_core.shell:Creating package script '/home/donjoe/MagangBanyubramanta_DanielAdhitthana/install/controller/share/controller/package.bash'
[27.525s] INFO:colcon.colcon_core.shell:Creating package script '/home/donjoe/MagangBanyubramanta_DanielAdhitthana/install/controller/share/controller/package.zsh'
[27.526s] Level 1:colcon.colcon_core.environment:create_file_with_runtime_dependencies(/home/donjoe/MagangBanyubramanta_DanielAdhitthana/install/controller/share/colcon-core/packages/controller)
[27.526s] DEBUG:colcon.colcon_parallel_executor.executor.parallel:closing loop
[27.526s] DEBUG:colcon.colcon_parallel_executor.executor.parallel:loop closed
[27.530s] DEBUG:colcon.colcon_parallel_executor.executor.parallel:run_until_complete finished with '0'
[27.530s] DEBUG:colcon.colcon_core.event_reactor:joining thread
[27.631s] INFO:colcon.colcon_core.plugin_system:Skipping extension 'colcon_notification.desktop_notification.notify_send': Could not find 'notify-send'
[27.631s] INFO:colcon.colcon_core.plugin_system:Skipping extension 'colcon_notification.desktop_notification.terminal_notifier': Not used on non-Darwin systems
[27.631s] INFO:colcon.colcon_core.plugin_system:Skipping extension 'colcon_notification.desktop_notification.win32': Not used on non-Windows systems
[27.631s] INFO:colcon.colcon_notification.desktop_notification:Sending desktop notification using 'notify2'
[27.631s] DEBUG:colcon.colcon_notification.desktop_notification.notify2:Failed to initialize notify2: org.freedesktop.DBus.Error.FileNotFound: Failed to connect to socket /run/user/1000/bus: No such file or directory
[27.632s] DEBUG:colcon.colcon_core.event_reactor:joined thread
[27.647s] INFO:colcon.colcon_core.shell:Creating prefix script '/home/donjoe/MagangBanyubramanta_DanielAdhitthana/install/local_setup.ps1'
[27.649s] INFO:colcon.colcon_core.shell:Creating prefix util module '/home/donjoe/MagangBanyubramanta_DanielAdhitthana/install/_local_setup_util_ps1.py'
[27.652s] INFO:colcon.colcon_core.shell:Creating prefix chain script '/home/donjoe/MagangBanyubramanta_DanielAdhitthana/install/setup.ps1'
[27.676s] INFO:colcon.colcon_core.shell:Creating prefix script '/home/donjoe/MagangBanyubramanta_DanielAdhitthana/install/local_setup.sh'
[27.677s] INFO:colcon.colcon_core.shell:Creating prefix util module '/home/donjoe/MagangBanyubramanta_DanielAdhitthana/install/_local_setup_util_sh.py'
[27.677s] INFO:colcon.colcon_core.shell:Creating prefix chain script '/home/donjoe/MagangBanyubramanta_DanielAdhitthana/install/setup.sh'
[27.704s] INFO:colcon.colcon_core.shell:Creating prefix script '/home/donjoe/MagangBanyubramanta_DanielAdhitthana/install/local_setup.bash'
[27.705s] INFO:colcon.colcon_core.shell:Creating prefix chain script '/home/donjoe/MagangBanyubramanta_DanielAdhitthana/install/setup.bash'
[27.752s] INFO:colcon.colcon_core.shell:Creating prefix script '/home/donjoe/MagangBanyubramanta_DanielAdhitthana/install/local_setup.zsh'
[27.755s] INFO:colcon.colcon_core.shell:Creating prefix chain script '/home/donjoe/MagangBanyubramanta_DanielAdhitthana/install/setup.zsh'
