[1.629s] DEBUG:colcon:Command line arguments: ['/usr/bin/colcon', 'build', '--packages-select', 'yolo']
[1.629s] DEBUG:colcon:Parsed command line arguments: Namespace(log_base=None, log_level=None, verb_name='build', build_base='build', install_base='install', merge_install=False, symlink_install=False, test_result_base=None, continue_on_error=False, executor='parallel', parallel_workers=4, event_handlers=None, ignore_user_meta=False, metas=['./colcon.meta'], base_paths=['.'], packages_ignore=None, packages_ignore_regex=None, paths=None, packages_up_to=None, packages_up_to_regex=None, packages_above=None, packages_above_and_dependencies=None, packages_above_depth=None, packages_select_by_dep=None, packages_skip_by_dep=None, packages_skip_up_to=None, packages_select_build_failed=False, packages_skip_build_finished=False, packages_select_test_failures=False, packages_skip_test_passed=False, packages_select=['yolo'], packages_skip=None, packages_select_regex=None, packages_skip_regex=None, packages_start=None, packages_end=None, allow_overriding=[], cmake_args=None, cmake_target=None, cmake_target_skip_unavailable=False, cmake_clean_cache=False, cmake_clean_first=False, cmake_force_configure=False, ament_cmake_args=None, catkin_cmake_args=None, catkin_skip_building_tests=False, verb_parser=<colcon_defaults.argument_parser.defaults.DefaultArgumentsDecorator object at 0x7fd2e8bd9810>, verb_extension=<colcon_core.verb.build.BuildVerb object at 0x7fd2e8bd9390>, main=<bound method BuildVerb.main of <colcon_core.verb.build.BuildVerb object at 0x7fd2e8bd9390>>)
[1.734s] Level 1:colcon.colcon_core.package_discovery:discover_packages(colcon_meta) check parameters
[1.735s] Level 1:colcon.colcon_core.package_discovery:discover_packages(recursive) check parameters
[1.735s] Level 1:colcon.colcon_core.package_discovery:discover_packages(ignore) check parameters
[1.735s] Level 1:colcon.colcon_core.package_discovery:discover_packages(path) check parameters
[1.735s] Level 1:colcon.colcon_core.package_discovery:discover_packages(colcon_meta) discover
[1.735s] Level 1:colcon.colcon_core.package_discovery:discover_packages(recursive) discover
[1.735s] INFO:colcon.colcon_core.package_discovery:Crawling recursively for packages in '/home/donjoe/Documents/MagangBanyubramanta_DanielAdhitthana'
[1.735s] Level 1:colcon.colcon_core.package_identification:_identify(.) by extensions ['ignore', 'ignore_ament_install']
[1.735s] Level 1:colcon.colcon_core.package_identification:_identify(.) by extension 'ignore'
[1.735s] Level 1:colcon.colcon_core.package_identification:_identify(.) by extension 'ignore_ament_install'
[1.735s] Level 1:colcon.colcon_core.package_identification:_identify(.) by extensions ['colcon_pkg']
[1.735s] Level 1:colcon.colcon_core.package_identification:_identify(.) by extension 'colcon_pkg'
[1.736s] Level 1:colcon.colcon_core.package_identification:_identify(.) by extensions ['colcon_meta']
[1.736s] Level 1:colcon.colcon_core.package_identification:_identify(.) by extension 'colcon_meta'
[1.736s] Level 1:colcon.colcon_core.package_identification:_identify(.) by extensions ['ros']
[1.736s] Level 1:colcon.colcon_core.package_identification:_identify(.) by extension 'ros'
[1.762s] Level 1:colcon.colcon_core.package_identification:_identify(.) by extensions ['cmake', 'python']
[1.762s] Level 1:colcon.colcon_core.package_identification:_identify(.) by extension 'cmake'
[1.762s] Level 1:colcon.colcon_core.package_identification:_identify(.) by extension 'python'
[1.762s] Level 1:colcon.colcon_core.package_identification:_identify(.) by extensions ['python_setup_py']
[1.762s] Level 1:colcon.colcon_core.package_identification:_identify(.) by extension 'python_setup_py'
[1.762s] Level 1:colcon.colcon_core.package_identification:_identify(build) by extensions ['ignore', 'ignore_ament_install']
[1.762s] Level 1:colcon.colcon_core.package_identification:_identify(build) by extension 'ignore'
[1.762s] Level 1:colcon.colcon_core.package_identification:_identify(build) ignored
[1.763s] Level 1:colcon.colcon_core.package_identification:_identify(install) by extensions ['ignore', 'ignore_ament_install']
[1.763s] Level 1:colcon.colcon_core.package_identification:_identify(install) by extension 'ignore'
[1.763s] Level 1:colcon.colcon_core.package_identification:_identify(install) ignored
[1.763s] Level 1:colcon.colcon_core.package_identification:_identify(log) by extensions ['ignore', 'ignore_ament_install']
[1.763s] Level 1:colcon.colcon_core.package_identification:_identify(log) by extension 'ignore'
[1.763s] Level 1:colcon.colcon_core.package_identification:_identify(log) ignored
[1.764s] Level 1:colcon.colcon_core.package_identification:_identify(matlab) by extensions ['ignore', 'ignore_ament_install']
[1.764s] Level 1:colcon.colcon_core.package_identification:_identify(matlab) by extension 'ignore'
[1.764s] Level 1:colcon.colcon_core.package_identification:_identify(matlab) by extension 'ignore_ament_install'
[1.764s] Level 1:colcon.colcon_core.package_identification:_identify(matlab) by extensions ['colcon_pkg']
[1.764s] Level 1:colcon.colcon_core.package_identification:_identify(matlab) by extension 'colcon_pkg'
[1.764s] Level 1:colcon.colcon_core.package_identification:_identify(matlab) by extensions ['colcon_meta']
[1.764s] Level 1:colcon.colcon_core.package_identification:_identify(matlab) by extension 'colcon_meta'
[1.764s] Level 1:colcon.colcon_core.package_identification:_identify(matlab) by extensions ['ros']
[1.764s] Level 1:colcon.colcon_core.package_identification:_identify(matlab) by extension 'ros'
[1.764s] Level 1:colcon.colcon_core.package_identification:_identify(matlab) by extensions ['cmake', 'python']
[1.764s] Level 1:colcon.colcon_core.package_identification:_identify(matlab) by extension 'cmake'
[1.764s] Level 1:colcon.colcon_core.package_identification:_identify(matlab) by extension 'python'
[1.765s] Level 1:colcon.colcon_core.package_identification:_identify(matlab) by extensions ['python_setup_py']
[1.765s] Level 1:colcon.colcon_core.package_identification:_identify(matlab) by extension 'python_setup_py'
[1.765s] Level 1:colcon.colcon_core.package_identification:_identify(matlab/+bus_conv_fcns) by extensions ['ignore', 'ignore_ament_install']
[1.765s] Level 1:colcon.colcon_core.package_identification:_identify(matlab/+bus_conv_fcns) by extension 'ignore'
[1.765s] Level 1:colcon.colcon_core.package_identification:_identify(matlab/+bus_conv_fcns) by extension 'ignore_ament_install'
[1.765s] Level 1:colcon.colcon_core.package_identification:_identify(matlab/+bus_conv_fcns) by extensions ['colcon_pkg']
[1.765s] Level 1:colcon.colcon_core.package_identification:_identify(matlab/+bus_conv_fcns) by extension 'colcon_pkg'
[1.765s] Level 1:colcon.colcon_core.package_identification:_identify(matlab/+bus_conv_fcns) by extensions ['colcon_meta']
[1.765s] Level 1:colcon.colcon_core.package_identification:_identify(matlab/+bus_conv_fcns) by extension 'colcon_meta'
[1.765s] Level 1:colcon.colcon_core.package_identification:_identify(matlab/+bus_conv_fcns) by extensions ['ros']
[1.765s] Level 1:colcon.colcon_core.package_identification:_identify(matlab/+bus_conv_fcns) by extension 'ros'
[1.766s] Level 1:colcon.colcon_core.package_identification:_identify(matlab/+bus_conv_fcns) by extensions ['cmake', 'python']
[1.766s] Level 1:colcon.colcon_core.package_identification:_identify(matlab/+bus_conv_fcns) by extension 'cmake'
[1.766s] Level 1:colcon.colcon_core.package_identification:_identify(matlab/+bus_conv_fcns) by extension 'python'
[1.766s] Level 1:colcon.colcon_core.package_identification:_identify(matlab/+bus_conv_fcns) by extensions ['python_setup_py']
[1.766s] Level 1:colcon.colcon_core.package_identification:_identify(matlab/+bus_conv_fcns) by extension 'python_setup_py'
[1.766s] Level 1:colcon.colcon_core.package_identification:_identify(matlab/+bus_conv_fcns/+ros2) by extensions ['ignore', 'ignore_ament_install']
[1.766s] Level 1:colcon.colcon_core.package_identification:_identify(matlab/+bus_conv_fcns/+ros2) by extension 'ignore'
[1.766s] Level 1:colcon.colcon_core.package_identification:_identify(matlab/+bus_conv_fcns/+ros2) by extension 'ignore_ament_install'
[1.766s] Level 1:colcon.colcon_core.package_identification:_identify(matlab/+bus_conv_fcns/+ros2) by extensions ['colcon_pkg']
[1.766s] Level 1:colcon.colcon_core.package_identification:_identify(matlab/+bus_conv_fcns/+ros2) by extension 'colcon_pkg'
[1.766s] Level 1:colcon.colcon_core.package_identification:_identify(matlab/+bus_conv_fcns/+ros2) by extensions ['colcon_meta']
[1.766s] Level 1:colcon.colcon_core.package_identification:_identify(matlab/+bus_conv_fcns/+ros2) by extension 'colcon_meta'
[1.766s] Level 1:colcon.colcon_core.package_identification:_identify(matlab/+bus_conv_fcns/+ros2) by extensions ['ros']
[1.767s] Level 1:colcon.colcon_core.package_identification:_identify(matlab/+bus_conv_fcns/+ros2) by extension 'ros'
[1.767s] Level 1:colcon.colcon_core.package_identification:_identify(matlab/+bus_conv_fcns/+ros2) by extensions ['cmake', 'python']
[1.767s] Level 1:colcon.colcon_core.package_identification:_identify(matlab/+bus_conv_fcns/+ros2) by extension 'cmake'
[1.767s] Level 1:colcon.colcon_core.package_identification:_identify(matlab/+bus_conv_fcns/+ros2) by extension 'python'
[1.767s] Level 1:colcon.colcon_core.package_identification:_identify(matlab/+bus_conv_fcns/+ros2) by extensions ['python_setup_py']
[1.767s] Level 1:colcon.colcon_core.package_identification:_identify(matlab/+bus_conv_fcns/+ros2) by extension 'python_setup_py'
[1.767s] Level 1:colcon.colcon_core.package_identification:_identify(matlab/+bus_conv_fcns/+ros2/+busToMsg) by extensions ['ignore', 'ignore_ament_install']
[1.767s] Level 1:colcon.colcon_core.package_identification:_identify(matlab/+bus_conv_fcns/+ros2/+busToMsg) by extension 'ignore'
[1.767s] Level 1:colcon.colcon_core.package_identification:_identify(matlab/+bus_conv_fcns/+ros2/+busToMsg) by extension 'ignore_ament_install'
[1.767s] Level 1:colcon.colcon_core.package_identification:_identify(matlab/+bus_conv_fcns/+ros2/+busToMsg) by extensions ['colcon_pkg']
[1.767s] Level 1:colcon.colcon_core.package_identification:_identify(matlab/+bus_conv_fcns/+ros2/+busToMsg) by extension 'colcon_pkg'
[1.767s] Level 1:colcon.colcon_core.package_identification:_identify(matlab/+bus_conv_fcns/+ros2/+busToMsg) by extensions ['colcon_meta']
[1.768s] Level 1:colcon.colcon_core.package_identification:_identify(matlab/+bus_conv_fcns/+ros2/+busToMsg) by extension 'colcon_meta'
[1.768s] Level 1:colcon.colcon_core.package_identification:_identify(matlab/+bus_conv_fcns/+ros2/+busToMsg) by extensions ['ros']
[1.768s] Level 1:colcon.colcon_core.package_identification:_identify(matlab/+bus_conv_fcns/+ros2/+busToMsg) by extension 'ros'
[1.768s] Level 1:colcon.colcon_core.package_identification:_identify(matlab/+bus_conv_fcns/+ros2/+busToMsg) by extensions ['cmake', 'python']
[1.768s] Level 1:colcon.colcon_core.package_identification:_identify(matlab/+bus_conv_fcns/+ros2/+busToMsg) by extension 'cmake'
[1.768s] Level 1:colcon.colcon_core.package_identification:_identify(matlab/+bus_conv_fcns/+ros2/+busToMsg) by extension 'python'
[1.768s] Level 1:colcon.colcon_core.package_identification:_identify(matlab/+bus_conv_fcns/+ros2/+busToMsg) by extensions ['python_setup_py']
[1.768s] Level 1:colcon.colcon_core.package_identification:_identify(matlab/+bus_conv_fcns/+ros2/+busToMsg) by extension 'python_setup_py'
[1.768s] Level 1:colcon.colcon_core.package_identification:_identify(matlab/+bus_conv_fcns/+ros2/+busToMsg/+interfaces) by extensions ['ignore', 'ignore_ament_install']
[1.768s] Level 1:colcon.colcon_core.package_identification:_identify(matlab/+bus_conv_fcns/+ros2/+busToMsg/+interfaces) by extension 'ignore'
[1.768s] Level 1:colcon.colcon_core.package_identification:_identify(matlab/+bus_conv_fcns/+ros2/+busToMsg/+interfaces) by extension 'ignore_ament_install'
[1.769s] Level 1:colcon.colcon_core.package_identification:_identify(matlab/+bus_conv_fcns/+ros2/+busToMsg/+interfaces) by extensions ['colcon_pkg']
[1.769s] Level 1:colcon.colcon_core.package_identification:_identify(matlab/+bus_conv_fcns/+ros2/+busToMsg/+interfaces) by extension 'colcon_pkg'
[1.769s] Level 1:colcon.colcon_core.package_identification:_identify(matlab/+bus_conv_fcns/+ros2/+busToMsg/+interfaces) by extensions ['colcon_meta']
[1.769s] Level 1:colcon.colcon_core.package_identification:_identify(matlab/+bus_conv_fcns/+ros2/+busToMsg/+interfaces) by extension 'colcon_meta'
[1.769s] Level 1:colcon.colcon_core.package_identification:_identify(matlab/+bus_conv_fcns/+ros2/+busToMsg/+interfaces) by extensions ['ros']
[1.769s] Level 1:colcon.colcon_core.package_identification:_identify(matlab/+bus_conv_fcns/+ros2/+busToMsg/+interfaces) by extension 'ros'
[1.769s] Level 1:colcon.colcon_core.package_identification:_identify(matlab/+bus_conv_fcns/+ros2/+busToMsg/+interfaces) by extensions ['cmake', 'python']
[1.769s] Level 1:colcon.colcon_core.package_identification:_identify(matlab/+bus_conv_fcns/+ros2/+busToMsg/+interfaces) by extension 'cmake'
[1.769s] Level 1:colcon.colcon_core.package_identification:_identify(matlab/+bus_conv_fcns/+ros2/+busToMsg/+interfaces) by extension 'python'
[1.769s] Level 1:colcon.colcon_core.package_identification:_identify(matlab/+bus_conv_fcns/+ros2/+busToMsg/+interfaces) by extensions ['python_setup_py']
[1.769s] Level 1:colcon.colcon_core.package_identification:_identify(matlab/+bus_conv_fcns/+ros2/+busToMsg/+interfaces) by extension 'python_setup_py'
[1.769s] Level 1:colcon.colcon_core.package_identification:_identify(matlab/+bus_conv_fcns/+ros2/+msgToBus) by extensions ['ignore', 'ignore_ament_install']
[1.770s] Level 1:colcon.colcon_core.package_identification:_identify(matlab/+bus_conv_fcns/+ros2/+msgToBus) by extension 'ignore'
[1.770s] Level 1:colcon.colcon_core.package_identification:_identify(matlab/+bus_conv_fcns/+ros2/+msgToBus) by extension 'ignore_ament_install'
[1.770s] Level 1:colcon.colcon_core.package_identification:_identify(matlab/+bus_conv_fcns/+ros2/+msgToBus) by extensions ['colcon_pkg']
[1.770s] Level 1:colcon.colcon_core.package_identification:_identify(matlab/+bus_conv_fcns/+ros2/+msgToBus) by extension 'colcon_pkg'
[1.770s] Level 1:colcon.colcon_core.package_identification:_identify(matlab/+bus_conv_fcns/+ros2/+msgToBus) by extensions ['colcon_meta']
[1.770s] Level 1:colcon.colcon_core.package_identification:_identify(matlab/+bus_conv_fcns/+ros2/+msgToBus) by extension 'colcon_meta'
[1.770s] Level 1:colcon.colcon_core.package_identification:_identify(matlab/+bus_conv_fcns/+ros2/+msgToBus) by extensions ['ros']
[1.770s] Level 1:colcon.colcon_core.package_identification:_identify(matlab/+bus_conv_fcns/+ros2/+msgToBus) by extension 'ros'
[1.770s] Level 1:colcon.colcon_core.package_identification:_identify(matlab/+bus_conv_fcns/+ros2/+msgToBus) by extensions ['cmake', 'python']
[1.770s] Level 1:colcon.colcon_core.package_identification:_identify(matlab/+bus_conv_fcns/+ros2/+msgToBus) by extension 'cmake'
[1.770s] Level 1:colcon.colcon_core.package_identification:_identify(matlab/+bus_conv_fcns/+ros2/+msgToBus) by extension 'python'
[1.770s] Level 1:colcon.colcon_core.package_identification:_identify(matlab/+bus_conv_fcns/+ros2/+msgToBus) by extensions ['python_setup_py']
[1.770s] Level 1:colcon.colcon_core.package_identification:_identify(matlab/+bus_conv_fcns/+ros2/+msgToBus) by extension 'python_setup_py'
[1.771s] Level 1:colcon.colcon_core.package_identification:_identify(matlab/+bus_conv_fcns/+ros2/+msgToBus/+interfaces) by extensions ['ignore', 'ignore_ament_install']
[1.771s] Level 1:colcon.colcon_core.package_identification:_identify(matlab/+bus_conv_fcns/+ros2/+msgToBus/+interfaces) by extension 'ignore'
[1.771s] Level 1:colcon.colcon_core.package_identification:_identify(matlab/+bus_conv_fcns/+ros2/+msgToBus/+interfaces) by extension 'ignore_ament_install'
[1.771s] Level 1:colcon.colcon_core.package_identification:_identify(matlab/+bus_conv_fcns/+ros2/+msgToBus/+interfaces) by extensions ['colcon_pkg']
[1.771s] Level 1:colcon.colcon_core.package_identification:_identify(matlab/+bus_conv_fcns/+ros2/+msgToBus/+interfaces) by extension 'colcon_pkg'
[1.771s] Level 1:colcon.colcon_core.package_identification:_identify(matlab/+bus_conv_fcns/+ros2/+msgToBus/+interfaces) by extensions ['colcon_meta']
[1.771s] Level 1:colcon.colcon_core.package_identification:_identify(matlab/+bus_conv_fcns/+ros2/+msgToBus/+interfaces) by extension 'colcon_meta'
[1.771s] Level 1:colcon.colcon_core.package_identification:_identify(matlab/+bus_conv_fcns/+ros2/+msgToBus/+interfaces) by extensions ['ros']
[1.771s] Level 1:colcon.colcon_core.package_identification:_identify(matlab/+bus_conv_fcns/+ros2/+msgToBus/+interfaces) by extension 'ros'
[1.771s] Level 1:colcon.colcon_core.package_identification:_identify(matlab/+bus_conv_fcns/+ros2/+msgToBus/+interfaces) by extensions ['cmake', 'python']
[1.771s] Level 1:colcon.colcon_core.package_identification:_identify(matlab/+bus_conv_fcns/+ros2/+msgToBus/+interfaces) by extension 'cmake'
[1.771s] Level 1:colcon.colcon_core.package_identification:_identify(matlab/+bus_conv_fcns/+ros2/+msgToBus/+interfaces) by extension 'python'
[1.772s] Level 1:colcon.colcon_core.package_identification:_identify(matlab/+bus_conv_fcns/+ros2/+msgToBus/+interfaces) by extensions ['python_setup_py']
[1.772s] Level 1:colcon.colcon_core.package_identification:_identify(matlab/+bus_conv_fcns/+ros2/+msgToBus/+interfaces) by extension 'python_setup_py'
[1.772s] Level 1:colcon.colcon_core.package_identification:_identify(matlab/custom) by extensions ['ignore', 'ignore_ament_install']
[1.772s] Level 1:colcon.colcon_core.package_identification:_identify(matlab/custom) by extension 'ignore'
[1.772s] Level 1:colcon.colcon_core.package_identification:_identify(matlab/custom) by extension 'ignore_ament_install'
[1.772s] Level 1:colcon.colcon_core.package_identification:_identify(matlab/custom) by extensions ['colcon_pkg']
[1.772s] Level 1:colcon.colcon_core.package_identification:_identify(matlab/custom) by extension 'colcon_pkg'
[1.772s] Level 1:colcon.colcon_core.package_identification:_identify(matlab/custom) by extensions ['colcon_meta']
[1.772s] Level 1:colcon.colcon_core.package_identification:_identify(matlab/custom) by extension 'colcon_meta'
[1.772s] Level 1:colcon.colcon_core.package_identification:_identify(matlab/custom) by extensions ['ros']
[1.772s] Level 1:colcon.colcon_core.package_identification:_identify(matlab/custom) by extension 'ros'
[1.772s] Level 1:colcon.colcon_core.package_identification:_identify(matlab/custom) by extensions ['cmake', 'python']
[1.773s] Level 1:colcon.colcon_core.package_identification:_identify(matlab/custom) by extension 'cmake'
[1.773s] Level 1:colcon.colcon_core.package_identification:_identify(matlab/custom) by extension 'python'
[1.773s] Level 1:colcon.colcon_core.package_identification:_identify(matlab/custom) by extensions ['python_setup_py']
[1.773s] Level 1:colcon.colcon_core.package_identification:_identify(matlab/custom) by extension 'python_setup_py'
[1.773s] Level 1:colcon.colcon_core.package_identification:_identify(matlab/custom/interfaces) by extensions ['ignore', 'ignore_ament_install']
[1.773s] Level 1:colcon.colcon_core.package_identification:_identify(matlab/custom/interfaces) by extension 'ignore'
[1.773s] Level 1:colcon.colcon_core.package_identification:_identify(matlab/custom/interfaces) by extension 'ignore_ament_install'
[1.773s] Level 1:colcon.colcon_core.package_identification:_identify(matlab/custom/interfaces) by extensions ['colcon_pkg']
[1.773s] Level 1:colcon.colcon_core.package_identification:_identify(matlab/custom/interfaces) by extension 'colcon_pkg'
[1.773s] Level 1:colcon.colcon_core.package_identification:_identify(matlab/custom/interfaces) by extensions ['colcon_meta']
[1.773s] Level 1:colcon.colcon_core.package_identification:_identify(matlab/custom/interfaces) by extension 'colcon_meta'
[1.773s] Level 1:colcon.colcon_core.package_identification:_identify(matlab/custom/interfaces) by extensions ['ros']
[1.773s] Level 1:colcon.colcon_core.package_identification:_identify(matlab/custom/interfaces) by extension 'ros'
[1.774s] Level 1:colcon.colcon_core.package_identification:_identify(matlab/custom/interfaces) by extensions ['cmake', 'python']
[1.774s] Level 1:colcon.colcon_core.package_identification:_identify(matlab/custom/interfaces) by extension 'cmake'
[1.774s] Level 1:colcon.colcon_core.package_identification:_identify(matlab/custom/interfaces) by extension 'python'
[1.774s] Level 1:colcon.colcon_core.package_identification:_identify(matlab/custom/interfaces) by extensions ['python_setup_py']
[1.774s] Level 1:colcon.colcon_core.package_identification:_identify(matlab/custom/interfaces) by extension 'python_setup_py'
[1.774s] Level 1:colcon.colcon_core.package_identification:_identify(matlab/custom/interfaces/msg) by extensions ['ignore', 'ignore_ament_install']
[1.774s] Level 1:colcon.colcon_core.package_identification:_identify(matlab/custom/interfaces/msg) by extension 'ignore'
[1.774s] Level 1:colcon.colcon_core.package_identification:_identify(matlab/custom/interfaces/msg) by extension 'ignore_ament_install'
[1.774s] Level 1:colcon.colcon_core.package_identification:_identify(matlab/custom/interfaces/msg) by extensions ['colcon_pkg']
[1.774s] Level 1:colcon.colcon_core.package_identification:_identify(matlab/custom/interfaces/msg) by extension 'colcon_pkg'
[1.774s] Level 1:colcon.colcon_core.package_identification:_identify(matlab/custom/interfaces/msg) by extensions ['colcon_meta']
[1.774s] Level 1:colcon.colcon_core.package_identification:_identify(matlab/custom/interfaces/msg) by extension 'colcon_meta'
[1.775s] Level 1:colcon.colcon_core.package_identification:_identify(matlab/custom/interfaces/msg) by extensions ['ros']
[1.775s] Level 1:colcon.colcon_core.package_identification:_identify(matlab/custom/interfaces/msg) by extension 'ros'
[1.775s] Level 1:colcon.colcon_core.package_identification:_identify(matlab/custom/interfaces/msg) by extensions ['cmake', 'python']
[1.775s] Level 1:colcon.colcon_core.package_identification:_identify(matlab/custom/interfaces/msg) by extension 'cmake'
[1.775s] Level 1:colcon.colcon_core.package_identification:_identify(matlab/custom/interfaces/msg) by extension 'python'
[1.775s] Level 1:colcon.colcon_core.package_identification:_identify(matlab/custom/interfaces/msg) by extensions ['python_setup_py']
[1.775s] Level 1:colcon.colcon_core.package_identification:_identify(matlab/custom/interfaces/msg) by extension 'python_setup_py'
[1.775s] Level 1:colcon.colcon_core.package_identification:_identify(matlab/custom/matlab_msg_gen) by extensions ['ignore', 'ignore_ament_install']
[1.775s] Level 1:colcon.colcon_core.package_identification:_identify(matlab/custom/matlab_msg_gen) by extension 'ignore'
[1.775s] Level 1:colcon.colcon_core.package_identification:_identify(matlab/custom/matlab_msg_gen) ignored
[1.775s] Level 1:colcon.colcon_core.package_identification:_identify(matlab/slprj) by extensions ['ignore', 'ignore_ament_install']
[1.776s] Level 1:colcon.colcon_core.package_identification:_identify(matlab/slprj) by extension 'ignore'
[1.776s] Level 1:colcon.colcon_core.package_identification:_identify(matlab/slprj) by extension 'ignore_ament_install'
[1.776s] Level 1:colcon.colcon_core.package_identification:_identify(matlab/slprj) by extensions ['colcon_pkg']
[1.776s] Level 1:colcon.colcon_core.package_identification:_identify(matlab/slprj) by extension 'colcon_pkg'
[1.776s] Level 1:colcon.colcon_core.package_identification:_identify(matlab/slprj) by extensions ['colcon_meta']
[1.776s] Level 1:colcon.colcon_core.package_identification:_identify(matlab/slprj) by extension 'colcon_meta'
[1.776s] Level 1:colcon.colcon_core.package_identification:_identify(matlab/slprj) by extensions ['ros']
[1.776s] Level 1:colcon.colcon_core.package_identification:_identify(matlab/slprj) by extension 'ros'
[1.776s] Level 1:colcon.colcon_core.package_identification:_identify(matlab/slprj) by extensions ['cmake', 'python']
[1.776s] Level 1:colcon.colcon_core.package_identification:_identify(matlab/slprj) by extension 'cmake'
[1.776s] Level 1:colcon.colcon_core.package_identification:_identify(matlab/slprj) by extension 'python'
[1.776s] Level 1:colcon.colcon_core.package_identification:_identify(matlab/slprj) by extensions ['python_setup_py']
[1.776s] Level 1:colcon.colcon_core.package_identification:_identify(matlab/slprj) by extension 'python_setup_py'
[1.777s] Level 1:colcon.colcon_core.package_identification:_identify(matlab/slprj/_jitprj) by extensions ['ignore', 'ignore_ament_install']
[1.777s] Level 1:colcon.colcon_core.package_identification:_identify(matlab/slprj/_jitprj) by extension 'ignore'
[1.777s] Level 1:colcon.colcon_core.package_identification:_identify(matlab/slprj/_jitprj) by extension 'ignore_ament_install'
[1.777s] Level 1:colcon.colcon_core.package_identification:_identify(matlab/slprj/_jitprj) by extensions ['colcon_pkg']
[1.777s] Level 1:colcon.colcon_core.package_identification:_identify(matlab/slprj/_jitprj) by extension 'colcon_pkg'
[1.777s] Level 1:colcon.colcon_core.package_identification:_identify(matlab/slprj/_jitprj) by extensions ['colcon_meta']
[1.777s] Level 1:colcon.colcon_core.package_identification:_identify(matlab/slprj/_jitprj) by extension 'colcon_meta'
[1.777s] Level 1:colcon.colcon_core.package_identification:_identify(matlab/slprj/_jitprj) by extensions ['ros']
[1.777s] Level 1:colcon.colcon_core.package_identification:_identify(matlab/slprj/_jitprj) by extension 'ros'
[1.777s] Level 1:colcon.colcon_core.package_identification:_identify(matlab/slprj/_jitprj) by extensions ['cmake', 'python']
[1.777s] Level 1:colcon.colcon_core.package_identification:_identify(matlab/slprj/_jitprj) by extension 'cmake'
[1.777s] Level 1:colcon.colcon_core.package_identification:_identify(matlab/slprj/_jitprj) by extension 'python'
[1.778s] Level 1:colcon.colcon_core.package_identification:_identify(matlab/slprj/_jitprj) by extensions ['python_setup_py']
[1.778s] Level 1:colcon.colcon_core.package_identification:_identify(matlab/slprj/_jitprj) by extension 'python_setup_py'
[1.778s] Level 1:colcon.colcon_core.package_identification:_identify(matlab/slprj/_sfprj) by extensions ['ignore', 'ignore_ament_install']
[1.778s] Level 1:colcon.colcon_core.package_identification:_identify(matlab/slprj/_sfprj) by extension 'ignore'
[1.778s] Level 1:colcon.colcon_core.package_identification:_identify(matlab/slprj/_sfprj) by extension 'ignore_ament_install'
[1.778s] Level 1:colcon.colcon_core.package_identification:_identify(matlab/slprj/_sfprj) by extensions ['colcon_pkg']
[1.778s] Level 1:colcon.colcon_core.package_identification:_identify(matlab/slprj/_sfprj) by extension 'colcon_pkg'
[1.778s] Level 1:colcon.colcon_core.package_identification:_identify(matlab/slprj/_sfprj) by extensions ['colcon_meta']
[1.778s] Level 1:colcon.colcon_core.package_identification:_identify(matlab/slprj/_sfprj) by extension 'colcon_meta'
[1.778s] Level 1:colcon.colcon_core.package_identification:_identify(matlab/slprj/_sfprj) by extensions ['ros']
[1.778s] Level 1:colcon.colcon_core.package_identification:_identify(matlab/slprj/_sfprj) by extension 'ros'
[1.778s] Level 1:colcon.colcon_core.package_identification:_identify(matlab/slprj/_sfprj) by extensions ['cmake', 'python']
[1.779s] Level 1:colcon.colcon_core.package_identification:_identify(matlab/slprj/_sfprj) by extension 'cmake'
[1.779s] Level 1:colcon.colcon_core.package_identification:_identify(matlab/slprj/_sfprj) by extension 'python'
[1.779s] Level 1:colcon.colcon_core.package_identification:_identify(matlab/slprj/_sfprj) by extensions ['python_setup_py']
[1.779s] Level 1:colcon.colcon_core.package_identification:_identify(matlab/slprj/_sfprj) by extension 'python_setup_py'
[1.779s] Level 1:colcon.colcon_core.package_identification:_identify(matlab/slprj/_sfprj/EMLReport) by extensions ['ignore', 'ignore_ament_install']
[1.779s] Level 1:colcon.colcon_core.package_identification:_identify(matlab/slprj/_sfprj/EMLReport) by extension 'ignore'
[1.779s] Level 1:colcon.colcon_core.package_identification:_identify(matlab/slprj/_sfprj/EMLReport) by extension 'ignore_ament_install'
[1.779s] Level 1:colcon.colcon_core.package_identification:_identify(matlab/slprj/_sfprj/EMLReport) by extensions ['colcon_pkg']
[1.779s] Level 1:colcon.colcon_core.package_identification:_identify(matlab/slprj/_sfprj/EMLReport) by extension 'colcon_pkg'
[1.779s] Level 1:colcon.colcon_core.package_identification:_identify(matlab/slprj/_sfprj/EMLReport) by extensions ['colcon_meta']
[1.779s] Level 1:colcon.colcon_core.package_identification:_identify(matlab/slprj/_sfprj/EMLReport) by extension 'colcon_meta'
[1.779s] Level 1:colcon.colcon_core.package_identification:_identify(matlab/slprj/_sfprj/EMLReport) by extensions ['ros']
[1.779s] Level 1:colcon.colcon_core.package_identification:_identify(matlab/slprj/_sfprj/EMLReport) by extension 'ros'
[1.780s] Level 1:colcon.colcon_core.package_identification:_identify(matlab/slprj/_sfprj/EMLReport) by extensions ['cmake', 'python']
[1.780s] Level 1:colcon.colcon_core.package_identification:_identify(matlab/slprj/_sfprj/EMLReport) by extension 'cmake'
[1.780s] Level 1:colcon.colcon_core.package_identification:_identify(matlab/slprj/_sfprj/EMLReport) by extension 'python'
[1.780s] Level 1:colcon.colcon_core.package_identification:_identify(matlab/slprj/_sfprj/EMLReport) by extensions ['python_setup_py']
[1.780s] Level 1:colcon.colcon_core.package_identification:_identify(matlab/slprj/_sfprj/EMLReport) by extension 'python_setup_py'
[1.780s] Level 1:colcon.colcon_core.package_identification:_identify(matlab/slprj/_sfprj/EMLReport/s881rqxAgeOp6s2tFfG9OoD) by extensions ['ignore', 'ignore_ament_install']
[1.780s] Level 1:colcon.colcon_core.package_identification:_identify(matlab/slprj/_sfprj/EMLReport/s881rqxAgeOp6s2tFfG9OoD) by extension 'ignore'
[1.780s] Level 1:colcon.colcon_core.package_identification:_identify(matlab/slprj/_sfprj/EMLReport/s881rqxAgeOp6s2tFfG9OoD) by extension 'ignore_ament_install'
[1.780s] Level 1:colcon.colcon_core.package_identification:_identify(matlab/slprj/_sfprj/EMLReport/s881rqxAgeOp6s2tFfG9OoD) by extensions ['colcon_pkg']
[1.780s] Level 1:colcon.colcon_core.package_identification:_identify(matlab/slprj/_sfprj/EMLReport/s881rqxAgeOp6s2tFfG9OoD) by extension 'colcon_pkg'
[1.780s] Level 1:colcon.colcon_core.package_identification:_identify(matlab/slprj/_sfprj/EMLReport/s881rqxAgeOp6s2tFfG9OoD) by extensions ['colcon_meta']
[1.780s] Level 1:colcon.colcon_core.package_identification:_identify(matlab/slprj/_sfprj/EMLReport/s881rqxAgeOp6s2tFfG9OoD) by extension 'colcon_meta'
[1.781s] Level 1:colcon.colcon_core.package_identification:_identify(matlab/slprj/_sfprj/EMLReport/s881rqxAgeOp6s2tFfG9OoD) by extensions ['ros']
[1.781s] Level 1:colcon.colcon_core.package_identification:_identify(matlab/slprj/_sfprj/EMLReport/s881rqxAgeOp6s2tFfG9OoD) by extension 'ros'
[1.781s] Level 1:colcon.colcon_core.package_identification:_identify(matlab/slprj/_sfprj/EMLReport/s881rqxAgeOp6s2tFfG9OoD) by extensions ['cmake', 'python']
[1.781s] Level 1:colcon.colcon_core.package_identification:_identify(matlab/slprj/_sfprj/EMLReport/s881rqxAgeOp6s2tFfG9OoD) by extension 'cmake'
[1.781s] Level 1:colcon.colcon_core.package_identification:_identify(matlab/slprj/_sfprj/EMLReport/s881rqxAgeOp6s2tFfG9OoD) by extension 'python'
[1.781s] Level 1:colcon.colcon_core.package_identification:_identify(matlab/slprj/_sfprj/EMLReport/s881rqxAgeOp6s2tFfG9OoD) by extensions ['python_setup_py']
[1.781s] Level 1:colcon.colcon_core.package_identification:_identify(matlab/slprj/_sfprj/EMLReport/s881rqxAgeOp6s2tFfG9OoD) by extension 'python_setup_py'
[1.781s] Level 1:colcon.colcon_core.package_identification:_identify(matlab/slprj/_sfprj/EMLReport/sFapP3YcaBS6dtB7MJGzGpE) by extensions ['ignore', 'ignore_ament_install']
[1.781s] Level 1:colcon.colcon_core.package_identification:_identify(matlab/slprj/_sfprj/EMLReport/sFapP3YcaBS6dtB7MJGzGpE) by extension 'ignore'
[1.781s] Level 1:colcon.colcon_core.package_identification:_identify(matlab/slprj/_sfprj/EMLReport/sFapP3YcaBS6dtB7MJGzGpE) by extension 'ignore_ament_install'
[1.782s] Level 1:colcon.colcon_core.package_identification:_identify(matlab/slprj/_sfprj/EMLReport/sFapP3YcaBS6dtB7MJGzGpE) by extensions ['colcon_pkg']
[1.782s] Level 1:colcon.colcon_core.package_identification:_identify(matlab/slprj/_sfprj/EMLReport/sFapP3YcaBS6dtB7MJGzGpE) by extension 'colcon_pkg'
[1.782s] Level 1:colcon.colcon_core.package_identification:_identify(matlab/slprj/_sfprj/EMLReport/sFapP3YcaBS6dtB7MJGzGpE) by extensions ['colcon_meta']
[1.782s] Level 1:colcon.colcon_core.package_identification:_identify(matlab/slprj/_sfprj/EMLReport/sFapP3YcaBS6dtB7MJGzGpE) by extension 'colcon_meta'
[1.782s] Level 1:colcon.colcon_core.package_identification:_identify(matlab/slprj/_sfprj/EMLReport/sFapP3YcaBS6dtB7MJGzGpE) by extensions ['ros']
[1.782s] Level 1:colcon.colcon_core.package_identification:_identify(matlab/slprj/_sfprj/EMLReport/sFapP3YcaBS6dtB7MJGzGpE) by extension 'ros'
[1.782s] Level 1:colcon.colcon_core.package_identification:_identify(matlab/slprj/_sfprj/EMLReport/sFapP3YcaBS6dtB7MJGzGpE) by extensions ['cmake', 'python']
[1.782s] Level 1:colcon.colcon_core.package_identification:_identify(matlab/slprj/_sfprj/EMLReport/sFapP3YcaBS6dtB7MJGzGpE) by extension 'cmake'
[1.782s] Level 1:colcon.colcon_core.package_identification:_identify(matlab/slprj/_sfprj/EMLReport/sFapP3YcaBS6dtB7MJGzGpE) by extension 'python'
[1.782s] Level 1:colcon.colcon_core.package_identification:_identify(matlab/slprj/_sfprj/EMLReport/sFapP3YcaBS6dtB7MJGzGpE) by extensions ['python_setup_py']
[1.782s] Level 1:colcon.colcon_core.package_identification:_identify(matlab/slprj/_sfprj/EMLReport/sFapP3YcaBS6dtB7MJGzGpE) by extension 'python_setup_py'
[1.783s] Level 1:colcon.colcon_core.package_identification:_identify(matlab/slprj/_sfprj/EMLReport/sTfkDIGt9NcJQoyuP99hI4B) by extensions ['ignore', 'ignore_ament_install']
[1.783s] Level 1:colcon.colcon_core.package_identification:_identify(matlab/slprj/_sfprj/EMLReport/sTfkDIGt9NcJQoyuP99hI4B) by extension 'ignore'
[1.783s] Level 1:colcon.colcon_core.package_identification:_identify(matlab/slprj/_sfprj/EMLReport/sTfkDIGt9NcJQoyuP99hI4B) by extension 'ignore_ament_install'
[1.783s] Level 1:colcon.colcon_core.package_identification:_identify(matlab/slprj/_sfprj/EMLReport/sTfkDIGt9NcJQoyuP99hI4B) by extensions ['colcon_pkg']
[1.783s] Level 1:colcon.colcon_core.package_identification:_identify(matlab/slprj/_sfprj/EMLReport/sTfkDIGt9NcJQoyuP99hI4B) by extension 'colcon_pkg'
[1.783s] Level 1:colcon.colcon_core.package_identification:_identify(matlab/slprj/_sfprj/EMLReport/sTfkDIGt9NcJQoyuP99hI4B) by extensions ['colcon_meta']
[1.783s] Level 1:colcon.colcon_core.package_identification:_identify(matlab/slprj/_sfprj/EMLReport/sTfkDIGt9NcJQoyuP99hI4B) by extension 'colcon_meta'
[1.783s] Level 1:colcon.colcon_core.package_identification:_identify(matlab/slprj/_sfprj/EMLReport/sTfkDIGt9NcJQoyuP99hI4B) by extensions ['ros']
[1.783s] Level 1:colcon.colcon_core.package_identification:_identify(matlab/slprj/_sfprj/EMLReport/sTfkDIGt9NcJQoyuP99hI4B) by extension 'ros'
[1.783s] Level 1:colcon.colcon_core.package_identification:_identify(matlab/slprj/_sfprj/EMLReport/sTfkDIGt9NcJQoyuP99hI4B) by extensions ['cmake', 'python']
[1.783s] Level 1:colcon.colcon_core.package_identification:_identify(matlab/slprj/_sfprj/EMLReport/sTfkDIGt9NcJQoyuP99hI4B) by extension 'cmake'
[1.784s] Level 1:colcon.colcon_core.package_identification:_identify(matlab/slprj/_sfprj/EMLReport/sTfkDIGt9NcJQoyuP99hI4B) by extension 'python'
[1.784s] Level 1:colcon.colcon_core.package_identification:_identify(matlab/slprj/_sfprj/EMLReport/sTfkDIGt9NcJQoyuP99hI4B) by extensions ['python_setup_py']
[1.784s] Level 1:colcon.colcon_core.package_identification:_identify(matlab/slprj/_sfprj/EMLReport/sTfkDIGt9NcJQoyuP99hI4B) by extension 'python_setup_py'
[1.784s] Level 1:colcon.colcon_core.package_identification:_identify(matlab/slprj/_sfprj/EMLReport/slyDQOC2mqxD6eAmbTuCZUH) by extensions ['ignore', 'ignore_ament_install']
[1.784s] Level 1:colcon.colcon_core.package_identification:_identify(matlab/slprj/_sfprj/EMLReport/slyDQOC2mqxD6eAmbTuCZUH) by extension 'ignore'
[1.784s] Level 1:colcon.colcon_core.package_identification:_identify(matlab/slprj/_sfprj/EMLReport/slyDQOC2mqxD6eAmbTuCZUH) by extension 'ignore_ament_install'
[1.784s] Level 1:colcon.colcon_core.package_identification:_identify(matlab/slprj/_sfprj/EMLReport/slyDQOC2mqxD6eAmbTuCZUH) by extensions ['colcon_pkg']
[1.784s] Level 1:colcon.colcon_core.package_identification:_identify(matlab/slprj/_sfprj/EMLReport/slyDQOC2mqxD6eAmbTuCZUH) by extension 'colcon_pkg'
[1.784s] Level 1:colcon.colcon_core.package_identification:_identify(matlab/slprj/_sfprj/EMLReport/slyDQOC2mqxD6eAmbTuCZUH) by extensions ['colcon_meta']
[1.784s] Level 1:colcon.colcon_core.package_identification:_identify(matlab/slprj/_sfprj/EMLReport/slyDQOC2mqxD6eAmbTuCZUH) by extension 'colcon_meta'
[1.784s] Level 1:colcon.colcon_core.package_identification:_identify(matlab/slprj/_sfprj/EMLReport/slyDQOC2mqxD6eAmbTuCZUH) by extensions ['ros']
[1.784s] Level 1:colcon.colcon_core.package_identification:_identify(matlab/slprj/_sfprj/EMLReport/slyDQOC2mqxD6eAmbTuCZUH) by extension 'ros'
[1.785s] Level 1:colcon.colcon_core.package_identification:_identify(matlab/slprj/_sfprj/EMLReport/slyDQOC2mqxD6eAmbTuCZUH) by extensions ['cmake', 'python']
[1.785s] Level 1:colcon.colcon_core.package_identification:_identify(matlab/slprj/_sfprj/EMLReport/slyDQOC2mqxD6eAmbTuCZUH) by extension 'cmake'
[1.785s] Level 1:colcon.colcon_core.package_identification:_identify(matlab/slprj/_sfprj/EMLReport/slyDQOC2mqxD6eAmbTuCZUH) by extension 'python'
[1.785s] Level 1:colcon.colcon_core.package_identification:_identify(matlab/slprj/_sfprj/EMLReport/slyDQOC2mqxD6eAmbTuCZUH) by extensions ['python_setup_py']
[1.785s] Level 1:colcon.colcon_core.package_identification:_identify(matlab/slprj/_sfprj/EMLReport/slyDQOC2mqxD6eAmbTuCZUH) by extension 'python_setup_py'
[1.785s] Level 1:colcon.colcon_core.package_identification:_identify(matlab/slprj/_sfprj/mission_manager) by extensions ['ignore', 'ignore_ament_install']
[1.785s] Level 1:colcon.colcon_core.package_identification:_identify(matlab/slprj/_sfprj/mission_manager) by extension 'ignore'
[1.785s] Level 1:colcon.colcon_core.package_identification:_identify(matlab/slprj/_sfprj/mission_manager) by extension 'ignore_ament_install'
[1.785s] Level 1:colcon.colcon_core.package_identification:_identify(matlab/slprj/_sfprj/mission_manager) by extensions ['colcon_pkg']
[1.785s] Level 1:colcon.colcon_core.package_identification:_identify(matlab/slprj/_sfprj/mission_manager) by extension 'colcon_pkg'
[1.785s] Level 1:colcon.colcon_core.package_identification:_identify(matlab/slprj/_sfprj/mission_manager) by extensions ['colcon_meta']
[1.785s] Level 1:colcon.colcon_core.package_identification:_identify(matlab/slprj/_sfprj/mission_manager) by extension 'colcon_meta'
[1.786s] Level 1:colcon.colcon_core.package_identification:_identify(matlab/slprj/_sfprj/mission_manager) by extensions ['ros']
[1.786s] Level 1:colcon.colcon_core.package_identification:_identify(matlab/slprj/_sfprj/mission_manager) by extension 'ros'
[1.786s] Level 1:colcon.colcon_core.package_identification:_identify(matlab/slprj/_sfprj/mission_manager) by extensions ['cmake', 'python']
[1.786s] Level 1:colcon.colcon_core.package_identification:_identify(matlab/slprj/_sfprj/mission_manager) by extension 'cmake'
[1.786s] Level 1:colcon.colcon_core.package_identification:_identify(matlab/slprj/_sfprj/mission_manager) by extension 'python'
[1.786s] Level 1:colcon.colcon_core.package_identification:_identify(matlab/slprj/_sfprj/mission_manager) by extensions ['python_setup_py']
[1.786s] Level 1:colcon.colcon_core.package_identification:_identify(matlab/slprj/_sfprj/mission_manager) by extension 'python_setup_py'
[1.786s] Level 1:colcon.colcon_core.package_identification:_identify(matlab/slprj/_sfprj/mission_manager/_self) by extensions ['ignore', 'ignore_ament_install']
[1.786s] Level 1:colcon.colcon_core.package_identification:_identify(matlab/slprj/_sfprj/mission_manager/_self) by extension 'ignore'
[1.786s] Level 1:colcon.colcon_core.package_identification:_identify(matlab/slprj/_sfprj/mission_manager/_self) by extension 'ignore_ament_install'
[1.786s] Level 1:colcon.colcon_core.package_identification:_identify(matlab/slprj/_sfprj/mission_manager/_self) by extensions ['colcon_pkg']
[1.787s] Level 1:colcon.colcon_core.package_identification:_identify(matlab/slprj/_sfprj/mission_manager/_self) by extension 'colcon_pkg'
[1.787s] Level 1:colcon.colcon_core.package_identification:_identify(matlab/slprj/_sfprj/mission_manager/_self) by extensions ['colcon_meta']
[1.787s] Level 1:colcon.colcon_core.package_identification:_identify(matlab/slprj/_sfprj/mission_manager/_self) by extension 'colcon_meta'
[1.787s] Level 1:colcon.colcon_core.package_identification:_identify(matlab/slprj/_sfprj/mission_manager/_self) by extensions ['ros']
[1.787s] Level 1:colcon.colcon_core.package_identification:_identify(matlab/slprj/_sfprj/mission_manager/_self) by extension 'ros'
[1.787s] Level 1:colcon.colcon_core.package_identification:_identify(matlab/slprj/_sfprj/mission_manager/_self) by extensions ['cmake', 'python']
[1.787s] Level 1:colcon.colcon_core.package_identification:_identify(matlab/slprj/_sfprj/mission_manager/_self) by extension 'cmake'
[1.787s] Level 1:colcon.colcon_core.package_identification:_identify(matlab/slprj/_sfprj/mission_manager/_self) by extension 'python'
[1.787s] Level 1:colcon.colcon_core.package_identification:_identify(matlab/slprj/_sfprj/mission_manager/_self) by extensions ['python_setup_py']
[1.787s] Level 1:colcon.colcon_core.package_identification:_identify(matlab/slprj/_sfprj/mission_manager/_self) by extension 'python_setup_py'
[1.787s] Level 1:colcon.colcon_core.package_identification:_identify(matlab/slprj/_sfprj/mission_manager/_self/sfun) by extensions ['ignore', 'ignore_ament_install']
[1.787s] Level 1:colcon.colcon_core.package_identification:_identify(matlab/slprj/_sfprj/mission_manager/_self/sfun) by extension 'ignore'
[1.788s] Level 1:colcon.colcon_core.package_identification:_identify(matlab/slprj/_sfprj/mission_manager/_self/sfun) by extension 'ignore_ament_install'
[1.788s] Level 1:colcon.colcon_core.package_identification:_identify(matlab/slprj/_sfprj/mission_manager/_self/sfun) by extensions ['colcon_pkg']
[1.788s] Level 1:colcon.colcon_core.package_identification:_identify(matlab/slprj/_sfprj/mission_manager/_self/sfun) by extension 'colcon_pkg'
[1.788s] Level 1:colcon.colcon_core.package_identification:_identify(matlab/slprj/_sfprj/mission_manager/_self/sfun) by extensions ['colcon_meta']
[1.788s] Level 1:colcon.colcon_core.package_identification:_identify(matlab/slprj/_sfprj/mission_manager/_self/sfun) by extension 'colcon_meta'
[1.788s] Level 1:colcon.colcon_core.package_identification:_identify(matlab/slprj/_sfprj/mission_manager/_self/sfun) by extensions ['ros']
[1.788s] Level 1:colcon.colcon_core.package_identification:_identify(matlab/slprj/_sfprj/mission_manager/_self/sfun) by extension 'ros'
[1.788s] Level 1:colcon.colcon_core.package_identification:_identify(matlab/slprj/_sfprj/mission_manager/_self/sfun) by extensions ['cmake', 'python']
[1.788s] Level 1:colcon.colcon_core.package_identification:_identify(matlab/slprj/_sfprj/mission_manager/_self/sfun) by extension 'cmake'
[1.788s] Level 1:colcon.colcon_core.package_identification:_identify(matlab/slprj/_sfprj/mission_manager/_self/sfun) by extension 'python'
[1.788s] Level 1:colcon.colcon_core.package_identification:_identify(matlab/slprj/_sfprj/mission_manager/_self/sfun) by extensions ['python_setup_py']
[1.788s] Level 1:colcon.colcon_core.package_identification:_identify(matlab/slprj/_sfprj/mission_manager/_self/sfun) by extension 'python_setup_py'
[1.788s] Level 1:colcon.colcon_core.package_identification:_identify(matlab/slprj/_sfprj/mission_manager/_self/sfun/info) by extensions ['ignore', 'ignore_ament_install']
[1.789s] Level 1:colcon.colcon_core.package_identification:_identify(matlab/slprj/_sfprj/mission_manager/_self/sfun/info) by extension 'ignore'
[1.789s] Level 1:colcon.colcon_core.package_identification:_identify(matlab/slprj/_sfprj/mission_manager/_self/sfun/info) by extension 'ignore_ament_install'
[1.789s] Level 1:colcon.colcon_core.package_identification:_identify(matlab/slprj/_sfprj/mission_manager/_self/sfun/info) by extensions ['colcon_pkg']
[1.789s] Level 1:colcon.colcon_core.package_identification:_identify(matlab/slprj/_sfprj/mission_manager/_self/sfun/info) by extension 'colcon_pkg'
[1.789s] Level 1:colcon.colcon_core.package_identification:_identify(matlab/slprj/_sfprj/mission_manager/_self/sfun/info) by extensions ['colcon_meta']
[1.789s] Level 1:colcon.colcon_core.package_identification:_identify(matlab/slprj/_sfprj/mission_manager/_self/sfun/info) by extension 'colcon_meta'
[1.789s] Level 1:colcon.colcon_core.package_identification:_identify(matlab/slprj/_sfprj/mission_manager/_self/sfun/info) by extensions ['ros']
[1.789s] Level 1:colcon.colcon_core.package_identification:_identify(matlab/slprj/_sfprj/mission_manager/_self/sfun/info) by extension 'ros'
[1.789s] Level 1:colcon.colcon_core.package_identification:_identify(matlab/slprj/_sfprj/mission_manager/_self/sfun/info) by extensions ['cmake', 'python']
[1.789s] Level 1:colcon.colcon_core.package_identification:_identify(matlab/slprj/_sfprj/mission_manager/_self/sfun/info) by extension 'cmake'
[1.789s] Level 1:colcon.colcon_core.package_identification:_identify(matlab/slprj/_sfprj/mission_manager/_self/sfun/info) by extension 'python'
[1.789s] Level 1:colcon.colcon_core.package_identification:_identify(matlab/slprj/_sfprj/mission_manager/_self/sfun/info) by extensions ['python_setup_py']
[1.789s] Level 1:colcon.colcon_core.package_identification:_identify(matlab/slprj/_sfprj/mission_manager/_self/sfun/info) by extension 'python_setup_py'
[1.790s] Level 1:colcon.colcon_core.package_identification:_identify(matlab/slprj/_sfprj/precompile) by extensions ['ignore', 'ignore_ament_install']
[1.790s] Level 1:colcon.colcon_core.package_identification:_identify(matlab/slprj/_sfprj/precompile) by extension 'ignore'
[1.790s] Level 1:colcon.colcon_core.package_identification:_identify(matlab/slprj/_sfprj/precompile) by extension 'ignore_ament_install'
[1.790s] Level 1:colcon.colcon_core.package_identification:_identify(matlab/slprj/_sfprj/precompile) by extensions ['colcon_pkg']
[1.790s] Level 1:colcon.colcon_core.package_identification:_identify(matlab/slprj/_sfprj/precompile) by extension 'colcon_pkg'
[1.790s] Level 1:colcon.colcon_core.package_identification:_identify(matlab/slprj/_sfprj/precompile) by extensions ['colcon_meta']
[1.790s] Level 1:colcon.colcon_core.package_identification:_identify(matlab/slprj/_sfprj/precompile) by extension 'colcon_meta'
[1.790s] Level 1:colcon.colcon_core.package_identification:_identify(matlab/slprj/_sfprj/precompile) by extensions ['ros']
[1.790s] Level 1:colcon.colcon_core.package_identification:_identify(matlab/slprj/_sfprj/precompile) by extension 'ros'
[1.790s] Level 1:colcon.colcon_core.package_identification:_identify(matlab/slprj/_sfprj/precompile) by extensions ['cmake', 'python']
[1.790s] Level 1:colcon.colcon_core.package_identification:_identify(matlab/slprj/_sfprj/precompile) by extension 'cmake'
[1.791s] Level 1:colcon.colcon_core.package_identification:_identify(matlab/slprj/_sfprj/precompile) by extension 'python'
[1.791s] Level 1:colcon.colcon_core.package_identification:_identify(matlab/slprj/_sfprj/precompile) by extensions ['python_setup_py']
[1.791s] Level 1:colcon.colcon_core.package_identification:_identify(matlab/slprj/_sfprj/precompile) by extension 'python_setup_py'
[1.791s] Level 1:colcon.colcon_core.package_identification:_identify(matlab/slprj/sim) by extensions ['ignore', 'ignore_ament_install']
[1.791s] Level 1:colcon.colcon_core.package_identification:_identify(matlab/slprj/sim) by extension 'ignore'
[1.791s] Level 1:colcon.colcon_core.package_identification:_identify(matlab/slprj/sim) by extension 'ignore_ament_install'
[1.791s] Level 1:colcon.colcon_core.package_identification:_identify(matlab/slprj/sim) by extensions ['colcon_pkg']
[1.791s] Level 1:colcon.colcon_core.package_identification:_identify(matlab/slprj/sim) by extension 'colcon_pkg'
[1.791s] Level 1:colcon.colcon_core.package_identification:_identify(matlab/slprj/sim) by extensions ['colcon_meta']
[1.791s] Level 1:colcon.colcon_core.package_identification:_identify(matlab/slprj/sim) by extension 'colcon_meta'
[1.791s] Level 1:colcon.colcon_core.package_identification:_identify(matlab/slprj/sim) by extensions ['ros']
[1.791s] Level 1:colcon.colcon_core.package_identification:_identify(matlab/slprj/sim) by extension 'ros'
[1.792s] Level 1:colcon.colcon_core.package_identification:_identify(matlab/slprj/sim) by extensions ['cmake', 'python']
[1.792s] Level 1:colcon.colcon_core.package_identification:_identify(matlab/slprj/sim) by extension 'cmake'
[1.792s] Level 1:colcon.colcon_core.package_identification:_identify(matlab/slprj/sim) by extension 'python'
[1.792s] Level 1:colcon.colcon_core.package_identification:_identify(matlab/slprj/sim) by extensions ['python_setup_py']
[1.792s] Level 1:colcon.colcon_core.package_identification:_identify(matlab/slprj/sim) by extension 'python_setup_py'
[1.792s] Level 1:colcon.colcon_core.package_identification:_identify(matlab/slprj/sim/varcache) by extensions ['ignore', 'ignore_ament_install']
[1.792s] Level 1:colcon.colcon_core.package_identification:_identify(matlab/slprj/sim/varcache) by extension 'ignore'
[1.792s] Level 1:colcon.colcon_core.package_identification:_identify(matlab/slprj/sim/varcache) by extension 'ignore_ament_install'
[1.792s] Level 1:colcon.colcon_core.package_identification:_identify(matlab/slprj/sim/varcache) by extensions ['colcon_pkg']
[1.792s] Level 1:colcon.colcon_core.package_identification:_identify(matlab/slprj/sim/varcache) by extension 'colcon_pkg'
[1.792s] Level 1:colcon.colcon_core.package_identification:_identify(matlab/slprj/sim/varcache) by extensions ['colcon_meta']
[1.792s] Level 1:colcon.colcon_core.package_identification:_identify(matlab/slprj/sim/varcache) by extension 'colcon_meta'
[1.792s] Level 1:colcon.colcon_core.package_identification:_identify(matlab/slprj/sim/varcache) by extensions ['ros']
[1.793s] Level 1:colcon.colcon_core.package_identification:_identify(matlab/slprj/sim/varcache) by extension 'ros'
[1.793s] Level 1:colcon.colcon_core.package_identification:_identify(matlab/slprj/sim/varcache) by extensions ['cmake', 'python']
[1.793s] Level 1:colcon.colcon_core.package_identification:_identify(matlab/slprj/sim/varcache) by extension 'cmake'
[1.793s] Level 1:colcon.colcon_core.package_identification:_identify(matlab/slprj/sim/varcache) by extension 'python'
[1.793s] Level 1:colcon.colcon_core.package_identification:_identify(matlab/slprj/sim/varcache) by extensions ['python_setup_py']
[1.793s] Level 1:colcon.colcon_core.package_identification:_identify(matlab/slprj/sim/varcache) by extension 'python_setup_py'
[1.793s] Level 1:colcon.colcon_core.package_identification:_identify(matlab/slprj/sim/varcache/mission_manager) by extensions ['ignore', 'ignore_ament_install']
[1.793s] Level 1:colcon.colcon_core.package_identification:_identify(matlab/slprj/sim/varcache/mission_manager) by extension 'ignore'
[1.793s] Level 1:colcon.colcon_core.package_identification:_identify(matlab/slprj/sim/varcache/mission_manager) by extension 'ignore_ament_install'
[1.793s] Level 1:colcon.colcon_core.package_identification:_identify(matlab/slprj/sim/varcache/mission_manager) by extensions ['colcon_pkg']
[1.793s] Level 1:colcon.colcon_core.package_identification:_identify(matlab/slprj/sim/varcache/mission_manager) by extension 'colcon_pkg'
[1.793s] Level 1:colcon.colcon_core.package_identification:_identify(matlab/slprj/sim/varcache/mission_manager) by extensions ['colcon_meta']
[1.794s] Level 1:colcon.colcon_core.package_identification:_identify(matlab/slprj/sim/varcache/mission_manager) by extension 'colcon_meta'
[1.794s] Level 1:colcon.colcon_core.package_identification:_identify(matlab/slprj/sim/varcache/mission_manager) by extensions ['ros']
[1.794s] Level 1:colcon.colcon_core.package_identification:_identify(matlab/slprj/sim/varcache/mission_manager) by extension 'ros'
[1.794s] Level 1:colcon.colcon_core.package_identification:_identify(matlab/slprj/sim/varcache/mission_manager) by extensions ['cmake', 'python']
[1.794s] Level 1:colcon.colcon_core.package_identification:_identify(matlab/slprj/sim/varcache/mission_manager) by extension 'cmake'
[1.794s] Level 1:colcon.colcon_core.package_identification:_identify(matlab/slprj/sim/varcache/mission_manager) by extension 'python'
[1.794s] Level 1:colcon.colcon_core.package_identification:_identify(matlab/slprj/sim/varcache/mission_manager) by extensions ['python_setup_py']
[1.794s] Level 1:colcon.colcon_core.package_identification:_identify(matlab/slprj/sim/varcache/mission_manager) by extension 'python_setup_py'
[1.794s] Level 1:colcon.colcon_core.package_identification:_identify(matlab/slprj/sim/varcache/mission_manager/tmwinternal) by extensions ['ignore', 'ignore_ament_install']
[1.794s] Level 1:colcon.colcon_core.package_identification:_identify(matlab/slprj/sim/varcache/mission_manager/tmwinternal) by extension 'ignore'
[1.794s] Level 1:colcon.colcon_core.package_identification:_identify(matlab/slprj/sim/varcache/mission_manager/tmwinternal) by extension 'ignore_ament_install'
[1.795s] Level 1:colcon.colcon_core.package_identification:_identify(matlab/slprj/sim/varcache/mission_manager/tmwinternal) by extensions ['colcon_pkg']
[1.795s] Level 1:colcon.colcon_core.package_identification:_identify(matlab/slprj/sim/varcache/mission_manager/tmwinternal) by extension 'colcon_pkg'
[1.795s] Level 1:colcon.colcon_core.package_identification:_identify(matlab/slprj/sim/varcache/mission_manager/tmwinternal) by extensions ['colcon_meta']
[1.795s] Level 1:colcon.colcon_core.package_identification:_identify(matlab/slprj/sim/varcache/mission_manager/tmwinternal) by extension 'colcon_meta'
[1.795s] Level 1:colcon.colcon_core.package_identification:_identify(matlab/slprj/sim/varcache/mission_manager/tmwinternal) by extensions ['ros']
[1.795s] Level 1:colcon.colcon_core.package_identification:_identify(matlab/slprj/sim/varcache/mission_manager/tmwinternal) by extension 'ros'
[1.795s] Level 1:colcon.colcon_core.package_identification:_identify(matlab/slprj/sim/varcache/mission_manager/tmwinternal) by extensions ['cmake', 'python']
[1.795s] Level 1:colcon.colcon_core.package_identification:_identify(matlab/slprj/sim/varcache/mission_manager/tmwinternal) by extension 'cmake'
[1.795s] Level 1:colcon.colcon_core.package_identification:_identify(matlab/slprj/sim/varcache/mission_manager/tmwinternal) by extension 'python'
[1.795s] Level 1:colcon.colcon_core.package_identification:_identify(matlab/slprj/sim/varcache/mission_manager/tmwinternal) by extensions ['python_setup_py']
[1.795s] Level 1:colcon.colcon_core.package_identification:_identify(matlab/slprj/sim/varcache/mission_manager/tmwinternal) by extension 'python_setup_py'
[1.795s] Level 1:colcon.colcon_core.package_identification:_identify(src) by extensions ['ignore', 'ignore_ament_install']
[1.795s] Level 1:colcon.colcon_core.package_identification:_identify(src) by extension 'ignore'
[1.796s] Level 1:colcon.colcon_core.package_identification:_identify(src) by extension 'ignore_ament_install'
[1.796s] Level 1:colcon.colcon_core.package_identification:_identify(src) by extensions ['colcon_pkg']
[1.796s] Level 1:colcon.colcon_core.package_identification:_identify(src) by extension 'colcon_pkg'
[1.796s] Level 1:colcon.colcon_core.package_identification:_identify(src) by extensions ['colcon_meta']
[1.796s] Level 1:colcon.colcon_core.package_identification:_identify(src) by extension 'colcon_meta'
[1.796s] Level 1:colcon.colcon_core.package_identification:_identify(src) by extensions ['ros']
[1.796s] Level 1:colcon.colcon_core.package_identification:_identify(src) by extension 'ros'
[1.796s] Level 1:colcon.colcon_core.package_identification:_identify(src) by extensions ['cmake', 'python']
[1.796s] Level 1:colcon.colcon_core.package_identification:_identify(src) by extension 'cmake'
[1.796s] Level 1:colcon.colcon_core.package_identification:_identify(src) by extension 'python'
[1.796s] Level 1:colcon.colcon_core.package_identification:_identify(src) by extensions ['python_setup_py']
[1.796s] Level 1:colcon.colcon_core.package_identification:_identify(src) by extension 'python_setup_py'
[1.796s] Level 1:colcon.colcon_core.package_identification:_identify(src/camera) by extensions ['ignore', 'ignore_ament_install']
[1.797s] Level 1:colcon.colcon_core.package_identification:_identify(src/camera) by extension 'ignore'
[1.797s] Level 1:colcon.colcon_core.package_identification:_identify(src/camera) by extension 'ignore_ament_install'
[1.797s] Level 1:colcon.colcon_core.package_identification:_identify(src/camera) by extensions ['colcon_pkg']
[1.797s] Level 1:colcon.colcon_core.package_identification:_identify(src/camera) by extension 'colcon_pkg'
[1.797s] Level 1:colcon.colcon_core.package_identification:_identify(src/camera) by extensions ['colcon_meta']
[1.797s] Level 1:colcon.colcon_core.package_identification:_identify(src/camera) by extension 'colcon_meta'
[1.797s] Level 1:colcon.colcon_core.package_identification:_identify(src/camera) by extensions ['ros']
[1.797s] Level 1:colcon.colcon_core.package_identification:_identify(src/camera) by extension 'ros'
[1.801s] DEBUG:colcon.colcon_core.package_identification:Package 'src/camera' with type 'ros.ament_cmake' and name 'camera'
[1.802s] Level 1:colcon.colcon_core.package_identification:_identify(src/communicator) by extensions ['ignore', 'ignore_ament_install']
[1.802s] Level 1:colcon.colcon_core.package_identification:_identify(src/communicator) by extension 'ignore'
[1.802s] Level 1:colcon.colcon_core.package_identification:_identify(src/communicator) by extension 'ignore_ament_install'
[1.802s] Level 1:colcon.colcon_core.package_identification:_identify(src/communicator) by extensions ['colcon_pkg']
[1.802s] Level 1:colcon.colcon_core.package_identification:_identify(src/communicator) by extension 'colcon_pkg'
[1.802s] Level 1:colcon.colcon_core.package_identification:_identify(src/communicator) by extensions ['colcon_meta']
[1.802s] Level 1:colcon.colcon_core.package_identification:_identify(src/communicator) by extension 'colcon_meta'
[1.802s] Level 1:colcon.colcon_core.package_identification:_identify(src/communicator) by extensions ['ros']
[1.802s] Level 1:colcon.colcon_core.package_identification:_identify(src/communicator) by extension 'ros'
[1.804s] DEBUG:colcon.colcon_core.package_identification:Package 'src/communicator' with type 'ros.ament_cmake' and name 'communicator'
[1.805s] Level 1:colcon.colcon_core.package_identification:_identify(src/controller) by extensions ['ignore', 'ignore_ament_install']
[1.805s] Level 1:colcon.colcon_core.package_identification:_identify(src/controller) by extension 'ignore'
[1.805s] Level 1:colcon.colcon_core.package_identification:_identify(src/controller) by extension 'ignore_ament_install'
[1.805s] Level 1:colcon.colcon_core.package_identification:_identify(src/controller) by extensions ['colcon_pkg']
[1.805s] Level 1:colcon.colcon_core.package_identification:_identify(src/controller) by extension 'colcon_pkg'
[1.805s] Level 1:colcon.colcon_core.package_identification:_identify(src/controller) by extensions ['colcon_meta']
[1.805s] Level 1:colcon.colcon_core.package_identification:_identify(src/controller) by extension 'colcon_meta'
[1.805s] Level 1:colcon.colcon_core.package_identification:_identify(src/controller) by extensions ['ros']
[1.805s] Level 1:colcon.colcon_core.package_identification:_identify(src/controller) by extension 'ros'
[1.806s] DEBUG:colcon.colcon_core.package_identification:Package 'src/controller' with type 'ros.ament_cmake' and name 'controller'
[1.806s] Level 1:colcon.colcon_core.package_identification:_identify(src/interfaces) by extensions ['ignore', 'ignore_ament_install']
[1.807s] Level 1:colcon.colcon_core.package_identification:_identify(src/interfaces) by extension 'ignore'
[1.807s] Level 1:colcon.colcon_core.package_identification:_identify(src/interfaces) by extension 'ignore_ament_install'
[1.807s] Level 1:colcon.colcon_core.package_identification:_identify(src/interfaces) by extensions ['colcon_pkg']
[1.807s] Level 1:colcon.colcon_core.package_identification:_identify(src/interfaces) by extension 'colcon_pkg'
[1.807s] Level 1:colcon.colcon_core.package_identification:_identify(src/interfaces) by extensions ['colcon_meta']
[1.807s] Level 1:colcon.colcon_core.package_identification:_identify(src/interfaces) by extension 'colcon_meta'
[1.807s] Level 1:colcon.colcon_core.package_identification:_identify(src/interfaces) by extensions ['ros']
[1.807s] Level 1:colcon.colcon_core.package_identification:_identify(src/interfaces) by extension 'ros'
[1.808s] DEBUG:colcon.colcon_core.package_identification:Package 'src/interfaces' with type 'ros.ament_cmake' and name 'interfaces'
[1.808s] Level 1:colcon.colcon_core.package_identification:_identify(src/yolo) by extensions ['ignore', 'ignore_ament_install']
[1.808s] Level 1:colcon.colcon_core.package_identification:_identify(src/yolo) by extension 'ignore'
[1.808s] Level 1:colcon.colcon_core.package_identification:_identify(src/yolo) by extension 'ignore_ament_install'
[1.808s] Level 1:colcon.colcon_core.package_identification:_identify(src/yolo) by extensions ['colcon_pkg']
[1.808s] Level 1:colcon.colcon_core.package_identification:_identify(src/yolo) by extension 'colcon_pkg'
[1.808s] Level 1:colcon.colcon_core.package_identification:_identify(src/yolo) by extensions ['colcon_meta']
[1.808s] Level 1:colcon.colcon_core.package_identification:_identify(src/yolo) by extension 'colcon_meta'
[1.809s] Level 1:colcon.colcon_core.package_identification:_identify(src/yolo) by extensions ['ros']
[1.809s] Level 1:colcon.colcon_core.package_identification:_identify(src/yolo) by extension 'ros'
[1.810s] DEBUG:colcon.colcon_core.package_identification:Package 'src/yolo' with type 'ros.ament_cmake' and name 'yolo'
[1.810s] Level 1:colcon.colcon_core.package_discovery:discover_packages(recursive) using defaults
[1.810s] Level 1:colcon.colcon_core.package_discovery:discover_packages(ignore) discover
[1.810s] Level 1:colcon.colcon_core.package_discovery:discover_packages(ignore) using defaults
[1.810s] Level 1:colcon.colcon_core.package_discovery:discover_packages(path) discover
[1.810s] Level 1:colcon.colcon_core.package_discovery:discover_packages(path) using defaults
[1.937s] INFO:colcon.colcon_core.package_selection:Skipping not selected package 'controller' in 'src/controller'
[1.937s] INFO:colcon.colcon_core.package_selection:Skipping not selected package 'interfaces' in 'src/interfaces'
[1.938s] INFO:colcon.colcon_core.package_selection:Skipping not selected package 'camera' in 'src/camera'
[1.938s] INFO:colcon.colcon_core.package_selection:Skipping not selected package 'communicator' in 'src/communicator'
[2.018s] Level 1:colcon.colcon_core.package_discovery:discover_packages(prefix_path) check parameters
[2.018s] Level 1:colcon.colcon_core.package_discovery:discover_packages(prefix_path) discover
[2.085s] DEBUG:colcon.colcon_installed_package_information.package_discovery:Found 5 installed packages in /home/donjoe/Documents/MagangBanyubramanta_DanielAdhitthana/install
[2.115s] DEBUG:colcon.colcon_installed_package_information.package_discovery:Found 302 installed packages in /opt/ros/humble
[2.118s] Level 1:colcon.colcon_core.package_discovery:discover_packages(prefix_path) using defaults
[2.268s] Level 5:colcon.colcon_core.verb:set package 'yolo' build argument 'cmake_args' from command line to 'None'
[2.268s] Level 5:colcon.colcon_core.verb:set package 'yolo' build argument 'cmake_target' from command line to 'None'
[2.268s] Level 5:colcon.colcon_core.verb:set package 'yolo' build argument 'cmake_target_skip_unavailable' from command line to 'False'
[2.268s] Level 5:colcon.colcon_core.verb:set package 'yolo' build argument 'cmake_clean_cache' from command line to 'False'
[2.268s] Level 5:colcon.colcon_core.verb:set package 'yolo' build argument 'cmake_clean_first' from command line to 'False'
[2.268s] Level 5:colcon.colcon_core.verb:set package 'yolo' build argument 'cmake_force_configure' from command line to 'False'
[2.268s] Level 5:colcon.colcon_core.verb:set package 'yolo' build argument 'ament_cmake_args' from command line to 'None'
[2.268s] Level 5:colcon.colcon_core.verb:set package 'yolo' build argument 'catkin_cmake_args' from command line to 'None'
[2.268s] Level 5:colcon.colcon_core.verb:set package 'yolo' build argument 'catkin_skip_building_tests' from command line to 'False'
[2.268s] DEBUG:colcon.colcon_core.verb:Building package 'yolo' with the following arguments: {'ament_cmake_args': None, 'build_base': '/home/donjoe/Documents/MagangBanyubramanta_DanielAdhitthana/build/yolo', 'catkin_cmake_args': None, 'catkin_skip_building_tests': False, 'cmake_args': None, 'cmake_clean_cache': False, 'cmake_clean_first': False, 'cmake_force_configure': False, 'cmake_target': None, 'cmake_target_skip_unavailable': False, 'install_base': '/home/donjoe/Documents/MagangBanyubramanta_DanielAdhitthana/install/yolo', 'merge_install': False, 'path': '/home/donjoe/Documents/MagangBanyubramanta_DanielAdhitthana/src/yolo', 'symlink_install': False, 'test_result_base': None}
[2.299s] INFO:colcon.colcon_core.executor:Executing jobs using 'parallel' executor
[2.332s] DEBUG:colcon.colcon_parallel_executor.executor.parallel:run_until_complete
[2.333s] INFO:colcon.colcon_ros.task.ament_cmake.build:Building ROS package in '/home/donjoe/Documents/MagangBanyubramanta_DanielAdhitthana/src/yolo' with build type 'ament_cmake'
[2.333s] INFO:colcon.colcon_cmake.task.cmake.build:Building CMake package in '/home/donjoe/Documents/MagangBanyubramanta_DanielAdhitthana/src/yolo'
[2.373s] INFO:colcon.colcon_core.plugin_system:Skipping extension 'colcon_core.shell.bat': Not used on non-Windows systems
[2.373s] INFO:colcon.colcon_core.shell:Skip shell extension 'powershell' for command environment: Not usable outside of PowerShell
[2.373s] DEBUG:colcon.colcon_core.shell:Skip shell extension 'dsv' for command environment
[2.476s] DEBUG:colcon.colcon_core.event_handler.log_command:Invoking command in '/home/donjoe/Documents/MagangBanyubramanta_DanielAdhitthana/build/yolo': CMAKE_PREFIX_PATH=/home/donjoe/Documents/MagangBanyubramanta_DanielAdhitthana/install/interfaces:/home/donjoe/Documents/MagangBanyubramanta_DanielAdhitthana/install/yolo:/home/donjoe/Documents/MagangBanyubramanta_DanielAdhitthana/install/communicator:/home/donjoe/Documents/MagangBanyubramanta_DanielAdhitthana/install/camera:/home/donjoe/Documents/MagangBanyubramanta_DanielAdhitthana/install/controller:/opt/ros/humble LD_LIBRARY_PATH=/home/donjoe/Documents/MagangBanyubramanta_DanielAdhitthana/install/interfaces/lib:/home/donjoe/Documents/MagangBanyubramanta_DanielAdhitthana/install/camera/lib:/home/donjoe/Documents/MagangBanyubramanta_DanielAdhitthana/install/controller/lib:/opt/intel/openvino_2023.3.0/runtime/lib/intel64:/opt/ros/humble/opt/rviz_ogre_vendor/lib:/opt/ros/humble/lib/x86_64-linux-gnu:/opt/ros/humble/lib /usr/bin/cmake --build /home/donjoe/Documents/MagangBanyubramanta_DanielAdhitthana/build/yolo -- -j4 -l4
[26.008s] DEBUG:colcon.colcon_core.event_handler.log_command:Invoked command in '/home/donjoe/Documents/MagangBanyubramanta_DanielAdhitthana/build/yolo' returned '0': CMAKE_PREFIX_PATH=/home/donjoe/Documents/MagangBanyubramanta_DanielAdhitthana/install/interfaces:/home/donjoe/Documents/MagangBanyubramanta_DanielAdhitthana/install/yolo:/home/donjoe/Documents/MagangBanyubramanta_DanielAdhitthana/install/communicator:/home/donjoe/Documents/MagangBanyubramanta_DanielAdhitthana/install/camera:/home/donjoe/Documents/MagangBanyubramanta_DanielAdhitthana/install/controller:/opt/ros/humble LD_LIBRARY_PATH=/home/donjoe/Documents/MagangBanyubramanta_DanielAdhitthana/install/interfaces/lib:/home/donjoe/Documents/MagangBanyubramanta_DanielAdhitthana/install/camera/lib:/home/donjoe/Documents/MagangBanyubramanta_DanielAdhitthana/install/controller/lib:/opt/intel/openvino_2023.3.0/runtime/lib/intel64:/opt/ros/humble/opt/rviz_ogre_vendor/lib:/opt/ros/humble/lib/x86_64-linux-gnu:/opt/ros/humble/lib /usr/bin/cmake --build /home/donjoe/Documents/MagangBanyubramanta_DanielAdhitthana/build/yolo -- -j4 -l4
[26.073s] DEBUG:colcon.colcon_core.event_handler.log_command:Invoking command in '/home/donjoe/Documents/MagangBanyubramanta_DanielAdhitthana/build/yolo': CMAKE_PREFIX_PATH=/home/donjoe/Documents/MagangBanyubramanta_DanielAdhitthana/install/interfaces:/home/donjoe/Documents/MagangBanyubramanta_DanielAdhitthana/install/yolo:/home/donjoe/Documents/MagangBanyubramanta_DanielAdhitthana/install/communicator:/home/donjoe/Documents/MagangBanyubramanta_DanielAdhitthana/install/camera:/home/donjoe/Documents/MagangBanyubramanta_DanielAdhitthana/install/controller:/opt/ros/humble LD_LIBRARY_PATH=/home/donjoe/Documents/MagangBanyubramanta_DanielAdhitthana/install/interfaces/lib:/home/donjoe/Documents/MagangBanyubramanta_DanielAdhitthana/install/camera/lib:/home/donjoe/Documents/MagangBanyubramanta_DanielAdhitthana/install/controller/lib:/opt/intel/openvino_2023.3.0/runtime/lib/intel64:/opt/ros/humble/opt/rviz_ogre_vendor/lib:/opt/ros/humble/lib/x86_64-linux-gnu:/opt/ros/humble/lib /usr/bin/cmake --install /home/donjoe/Documents/MagangBanyubramanta_DanielAdhitthana/build/yolo
[26.103s] Level 1:colcon.colcon_core.environment:create_environment_scripts_only(yolo)
[26.107s] DEBUG:colcon.colcon_core.event_handler.log_command:Invoked command in '/home/donjoe/Documents/MagangBanyubramanta_DanielAdhitthana/build/yolo' returned '0': CMAKE_PREFIX_PATH=/home/donjoe/Documents/MagangBanyubramanta_DanielAdhitthana/install/interfaces:/home/donjoe/Documents/MagangBanyubramanta_DanielAdhitthana/install/yolo:/home/donjoe/Documents/MagangBanyubramanta_DanielAdhitthana/install/communicator:/home/donjoe/Documents/MagangBanyubramanta_DanielAdhitthana/install/camera:/home/donjoe/Documents/MagangBanyubramanta_DanielAdhitthana/install/controller:/opt/ros/humble LD_LIBRARY_PATH=/home/donjoe/Documents/MagangBanyubramanta_DanielAdhitthana/install/interfaces/lib:/home/donjoe/Documents/MagangBanyubramanta_DanielAdhitthana/install/camera/lib:/home/donjoe/Documents/MagangBanyubramanta_DanielAdhitthana/install/controller/lib:/opt/intel/openvino_2023.3.0/runtime/lib/intel64:/opt/ros/humble/opt/rviz_ogre_vendor/lib:/opt/ros/humble/lib/x86_64-linux-gnu:/opt/ros/humble/lib /usr/bin/cmake --install /home/donjoe/Documents/MagangBanyubramanta_DanielAdhitthana/build/yolo
[26.154s] Level 1:colcon.colcon_core.environment:checking '/home/donjoe/Documents/MagangBanyubramanta_DanielAdhitthana/install/yolo' for CMake module files
[26.155s] Level 1:colcon.colcon_core.environment:checking '/home/donjoe/Documents/MagangBanyubramanta_DanielAdhitthana/install/yolo' for CMake config files
[26.156s] Level 1:colcon.colcon_core.shell:create_environment_hook('yolo', 'cmake_prefix_path')
[26.199s] INFO:colcon.colcon_core.shell:Creating environment hook '/home/donjoe/Documents/MagangBanyubramanta_DanielAdhitthana/install/yolo/share/yolo/hook/cmake_prefix_path.ps1'
[26.201s] INFO:colcon.colcon_core.shell:Creating environment descriptor '/home/donjoe/Documents/MagangBanyubramanta_DanielAdhitthana/install/yolo/share/yolo/hook/cmake_prefix_path.dsv'
[26.202s] INFO:colcon.colcon_core.shell:Creating environment hook '/home/donjoe/Documents/MagangBanyubramanta_DanielAdhitthana/install/yolo/share/yolo/hook/cmake_prefix_path.sh'
[26.204s] Level 1:colcon.colcon_core.environment:checking '/home/donjoe/Documents/MagangBanyubramanta_DanielAdhitthana/install/yolo/lib'
[26.205s] Level 1:colcon.colcon_core.environment:checking '/home/donjoe/Documents/MagangBanyubramanta_DanielAdhitthana/install/yolo/bin'
[26.205s] Level 1:colcon.colcon_core.environment:checking '/home/donjoe/Documents/MagangBanyubramanta_DanielAdhitthana/install/yolo/lib/pkgconfig/yolo.pc'
[26.206s] Level 1:colcon.colcon_core.environment:checking '/home/donjoe/Documents/MagangBanyubramanta_DanielAdhitthana/install/yolo/lib/python3.10/site-packages'
[26.206s] Level 1:colcon.colcon_core.environment:checking '/home/donjoe/Documents/MagangBanyubramanta_DanielAdhitthana/install/yolo/bin'
[26.244s] INFO:colcon.colcon_core.shell:Creating package script '/home/donjoe/Documents/MagangBanyubramanta_DanielAdhitthana/install/yolo/share/yolo/package.ps1'
[26.246s] INFO:colcon.colcon_core.shell:Creating package descriptor '/home/donjoe/Documents/MagangBanyubramanta_DanielAdhitthana/install/yolo/share/yolo/package.dsv'
[26.247s] INFO:colcon.colcon_core.shell:Creating package script '/home/donjoe/Documents/MagangBanyubramanta_DanielAdhitthana/install/yolo/share/yolo/package.sh'
[26.248s] INFO:colcon.colcon_core.shell:Creating package script '/home/donjoe/Documents/MagangBanyubramanta_DanielAdhitthana/install/yolo/share/yolo/package.bash'
[26.251s] INFO:colcon.colcon_core.shell:Creating package script '/home/donjoe/Documents/MagangBanyubramanta_DanielAdhitthana/install/yolo/share/yolo/package.zsh'
[26.255s] Level 1:colcon.colcon_core.environment:create_file_with_runtime_dependencies(/home/donjoe/Documents/MagangBanyubramanta_DanielAdhitthana/install/yolo/share/colcon-core/packages/yolo)
[26.329s] Level 1:colcon.colcon_core.environment:create_environment_scripts_only(yolo)
[26.355s] Level 1:colcon.colcon_core.environment:checking '/home/donjoe/Documents/MagangBanyubramanta_DanielAdhitthana/install/yolo' for CMake module files
[26.356s] Level 1:colcon.colcon_core.environment:checking '/home/donjoe/Documents/MagangBanyubramanta_DanielAdhitthana/install/yolo' for CMake config files
[26.357s] Level 1:colcon.colcon_core.shell:create_environment_hook('yolo', 'cmake_prefix_path')
[26.386s] INFO:colcon.colcon_core.shell:Creating environment hook '/home/donjoe/Documents/MagangBanyubramanta_DanielAdhitthana/install/yolo/share/yolo/hook/cmake_prefix_path.ps1'
[26.388s] INFO:colcon.colcon_core.shell:Creating environment descriptor '/home/donjoe/Documents/MagangBanyubramanta_DanielAdhitthana/install/yolo/share/yolo/hook/cmake_prefix_path.dsv'
[26.389s] INFO:colcon.colcon_core.shell:Creating environment hook '/home/donjoe/Documents/MagangBanyubramanta_DanielAdhitthana/install/yolo/share/yolo/hook/cmake_prefix_path.sh'
[26.390s] Level 1:colcon.colcon_core.environment:checking '/home/donjoe/Documents/MagangBanyubramanta_DanielAdhitthana/install/yolo/lib'
[26.390s] Level 1:colcon.colcon_core.environment:checking '/home/donjoe/Documents/MagangBanyubramanta_DanielAdhitthana/install/yolo/bin'
[26.391s] Level 1:colcon.colcon_core.environment:checking '/home/donjoe/Documents/MagangBanyubramanta_DanielAdhitthana/install/yolo/lib/pkgconfig/yolo.pc'
[26.391s] Level 1:colcon.colcon_core.environment:checking '/home/donjoe/Documents/MagangBanyubramanta_DanielAdhitthana/install/yolo/lib/python3.10/site-packages'
[26.392s] Level 1:colcon.colcon_core.environment:checking '/home/donjoe/Documents/MagangBanyubramanta_DanielAdhitthana/install/yolo/bin'
[26.431s] INFO:colcon.colcon_core.shell:Creating package script '/home/donjoe/Documents/MagangBanyubramanta_DanielAdhitthana/install/yolo/share/yolo/package.ps1'
[26.432s] INFO:colcon.colcon_core.shell:Creating package descriptor '/home/donjoe/Documents/MagangBanyubramanta_DanielAdhitthana/install/yolo/share/yolo/package.dsv'
[26.433s] INFO:colcon.colcon_core.shell:Creating package script '/home/donjoe/Documents/MagangBanyubramanta_DanielAdhitthana/install/yolo/share/yolo/package.sh'
[26.434s] INFO:colcon.colcon_core.shell:Creating package script '/home/donjoe/Documents/MagangBanyubramanta_DanielAdhitthana/install/yolo/share/yolo/package.bash'
[26.435s] INFO:colcon.colcon_core.shell:Creating package script '/home/donjoe/Documents/MagangBanyubramanta_DanielAdhitthana/install/yolo/share/yolo/package.zsh'
[26.436s] Level 1:colcon.colcon_core.environment:create_file_with_runtime_dependencies(/home/donjoe/Documents/MagangBanyubramanta_DanielAdhitthana/install/yolo/share/colcon-core/packages/yolo)
[26.436s] DEBUG:colcon.colcon_parallel_executor.executor.parallel:closing loop
[26.437s] DEBUG:colcon.colcon_parallel_executor.executor.parallel:loop closed
[26.438s] DEBUG:colcon.colcon_parallel_executor.executor.parallel:run_until_complete finished with '0'
[26.438s] DEBUG:colcon.colcon_core.event_reactor:joining thread
[26.479s] INFO:colcon.colcon_core.plugin_system:Skipping extension 'colcon_notification.desktop_notification.terminal_notifier': Not used on non-Darwin systems
[26.480s] INFO:colcon.colcon_core.plugin_system:Skipping extension 'colcon_notification.desktop_notification.win32': Not used on non-Windows systems
[26.480s] INFO:colcon.colcon_notification.desktop_notification:Sending desktop notification using 'notify2'
[26.502s] DEBUG:colcon.colcon_core.event_reactor:joined thread
[26.538s] INFO:colcon.colcon_core.shell:Creating prefix script '/home/donjoe/Documents/MagangBanyubramanta_DanielAdhitthana/install/local_setup.ps1'
[26.541s] INFO:colcon.colcon_core.shell:Creating prefix util module '/home/donjoe/Documents/MagangBanyubramanta_DanielAdhitthana/install/_local_setup_util_ps1.py'
[26.544s] INFO:colcon.colcon_core.shell:Creating prefix chain script '/home/donjoe/Documents/MagangBanyubramanta_DanielAdhitthana/install/setup.ps1'
[26.582s] INFO:colcon.colcon_core.shell:Creating prefix script '/home/donjoe/Documents/MagangBanyubramanta_DanielAdhitthana/install/local_setup.sh'
[26.583s] INFO:colcon.colcon_core.shell:Creating prefix util module '/home/donjoe/Documents/MagangBanyubramanta_DanielAdhitthana/install/_local_setup_util_sh.py'
[26.584s] INFO:colcon.colcon_core.shell:Creating prefix chain script '/home/donjoe/Documents/MagangBanyubramanta_DanielAdhitthana/install/setup.sh'
[26.625s] INFO:colcon.colcon_core.shell:Creating prefix script '/home/donjoe/Documents/MagangBanyubramanta_DanielAdhitthana/install/local_setup.bash'
[26.626s] INFO:colcon.colcon_core.shell:Creating prefix chain script '/home/donjoe/Documents/MagangBanyubramanta_DanielAdhitthana/install/setup.bash'
[26.670s] INFO:colcon.colcon_core.shell:Creating prefix script '/home/donjoe/Documents/MagangBanyubramanta_DanielAdhitthana/install/local_setup.zsh'
[26.671s] INFO:colcon.colcon_core.shell:Creating prefix chain script '/home/donjoe/Documents/MagangBanyubramanta_DanielAdhitthana/install/setup.zsh'
