[0.158s] Invoking command in '/home/donjoe/Documents/MagangBanyubramanta_DanielAdhitthana/build/camera': CMAKE_PREFIX_PATH=/opt/ros/humble /usr/bin/cmake --build /home/donjoe/Documents/MagangBanyubramanta_DanielAdhitthana/build/camera -- -j4 -l4
[0.347s] -- Found ament_cmake: 1.3.7 (/opt/ros/humble/share/ament_cmake/cmake)
[0.670s] -- Found rclcpp: 16.0.8 (/opt/ros/humble/share/rclcpp/cmake)
[0.780s] -- Found rosidl_generator_c: 3.1.5 (/opt/ros/humble/share/rosidl_generator_c/cmake)
[0.787s] -- Found rosidl_adapter: 3.1.5 (/opt/ros/humble/share/rosidl_adapter/cmake)
[0.804s] -- Found rosidl_generator_cpp: 3.1.5 (/opt/ros/humble/share/rosidl_generator_cpp/cmake)
[0.838s] -- Using all available rosidl_typesupport_c: rosidl_typesupport_fastrtps_c;rosidl_typesupport_introspection_c
[0.876s] -- Using all available rosidl_typesupport_cpp: rosidl_typesupport_fastrtps_cpp;rosidl_typesupport_introspection_cpp
[1.013s] -- Found rmw_implementation_cmake: 6.1.1 (/opt/ros/humble/share/rmw_implementation_cmake/cmake)
[1.018s] -- Found rmw_fastrtps_cpp: 6.2.6 (/opt/ros/humble/share/rmw_fastrtps_cpp/cmake)
[1.280s] -- Using RMW implementation 'rmw_fastrtps_cpp' as default
[1.629s] -- Found interfaces: 0.0.0 (/home/donjoe/Documents/MagangBanyubramanta_DanielAdhitthana/install/interfaces/share/interfaces/cmake)
[1.670s] -- Found ament_lint_auto: 0.12.10 (/opt/ros/humble/share/ament_lint_auto/cmake)
[1.813s] -- Added test 'cppcheck' to perform static code analysis on C / C++ code
[1.814s] -- Configured cppcheck include dirs: 
[1.814s] -- Configured cppcheck exclude dirs and/or files: 
[1.815s] -- Added test 'lint_cmake' to check CMake code style
[1.817s] -- Added test 'uncrustify' to check C / C++ code style
[1.817s] -- Configured uncrustify additional arguments: 
[1.818s] -- Added test 'xmllint' to check XML markup files
[1.822s] -- Configuring done
[1.855s] -- Generating done
[1.858s] -- Build files have been written to: /home/donjoe/Documents/MagangBanyubramanta_DanielAdhitthana/build/camera
[1.906s] [35m[1mConsolidate compiler generated dependencies of target node[0m
[1.962s] [ 50%] [32mBuilding CXX object CMakeFiles/node.dir/src/node.cpp.o[0m
[14.026s] gmake[2]: *** [CMakeFiles/node.dir/build.make:76: CMakeFiles/node.dir/src/node.cpp.o] Interrupt
[14.026s] gmake[1]: *** [CMakeFiles/Makefile2:137: CMakeFiles/node.dir/all] Interrupt
[14.026s] gmake: *** [Makefile:146: all] Interrupt
[14.087s] Invoked command in '/home/donjoe/Documents/MagangBanyubramanta_DanielAdhitthana/build/camera' returned '-2': CMAKE_PREFIX_PATH=/opt/ros/humble /usr/bin/cmake --build /home/donjoe/Documents/MagangBanyubramanta_DanielAdhitthana/build/camera -- -j4 -l4
