[01m[K/home/donjoe/MagangBanyubramanta_DanielAdhitthana/src/camera/src/node.cpp:11:12:[m[K [01;31m[Kerror: [m[Kusing-declaration may not name namespace ‘[01m[Kstd::literals::chrono_literals[m[K’
   11 | using std::[01;31m[Kchrono_literals[m[K;
      |            [01;31m[K^~~~~~~~~~~~~~~[m[K
[01m[K/home/donjoe/MagangBanyubramanta_DanielAdhitthana/src/camera/src/node.cpp:29:36:[m[K [01;31m[Kerror: [m[K‘[01m[Kobject[m[K’ is not a member of ‘[01m[Kcamera::msg[m[K’; did you mean ‘[01m[KObject[m[K’?
   29 |     rclcpp::Publisher<camera::msg::[01;31m[Kobject[m[K>::SharedPtr publisher_;
      |                                    [01;31m[K^~~~~~[m[K
      |                                    [32m[KObject[m[K
[01m[K/home/donjoe/MagangBanyubramanta_DanielAdhitthana/src/camera/src/node.cpp:29:42:[m[K [01;31m[Kerror: [m[Ktemplate argument 1 is invalid
   29 |     rclcpp::Publisher<camera::msg::object[01;31m[K>[m[K::SharedPtr publisher_;
      |                                          [01;31m[K^[m[K
[01m[K/home/donjoe/MagangBanyubramanta_DanielAdhitthana/src/camera/src/node.cpp:29:45:[m[K [01;31m[Kerror: [m[Kexpected ‘[01m[K;[m[K’ at end of member declaration
   29 |     rclcpp::Publisher<camera::msg::object>::[01;31m[KSharedPtr[m[K publisher_;
      |                                             [01;31m[K^~~~~~~~~[m[K
      |                                                      [32m[K;[m[K
[01m[K/home/donjoe/MagangBanyubramanta_DanielAdhitthana/src/camera/src/node.cpp:29:55:[m[K [01;31m[Kerror: [m[K‘[01m[Kpublisher_[m[K’ does not name a type; did you mean ‘[01m[Krmw_publisher_t[m[K’?
   29 |     rclcpp::Publisher<camera::msg::object>::SharedPtr [01;31m[Kpublisher_[m[K;
      |                                                       [01;31m[K^~~~~~~~~~[m[K
      |                                                       [32m[Krmw_publisher_t[m[K
[01m[K/home/donjoe/MagangBanyubramanta_DanielAdhitthana/src/camera/src/node.cpp:[m[K In constructor ‘[01m[KCamera::Camera()[m[K’:
[01m[K/home/donjoe/MagangBanyubramanta_DanielAdhitthana/src/camera/src/node.cpp:20:13:[m[K [01;31m[Kerror: [m[Kunable to find numeric literal operator ‘[01m[Koperator""ms[m[K’
   20 |             [01;31m[K1000ms[m[K,
      |             [01;31m[K^~~~~~[m[K
gmake[2]: *** [CMakeFiles/node.dir/build.make:76: CMakeFiles/node.dir/src/node.cpp.o] Error 1
gmake[1]: *** [CMakeFiles/Makefile2:593: CMakeFiles/node.dir/all] Error 2
gmake: *** [Makefile:146: all] Error 2
