-- Found ament_cmake: 1.3.7 (/opt/ros/humble/share/ament_cmake/cmake)
-- Found rclcpp: 16.0.8 (/opt/ros/humble/share/rclcpp/cmake)
-- Found rosidl_generator_c: 3.1.5 (/opt/ros/humble/share/rosidl_generator_c/cmake)
-- Found rosidl_adapter: 3.1.5 (/opt/ros/humble/share/rosidl_adapter/cmake)
-- Found rosidl_generator_cpp: 3.1.5 (/opt/ros/humble/share/rosidl_generator_cpp/cmake)
-- Using all available rosidl_typesupport_c: rosidl_typesupport_fastrtps_c;rosidl_typesupport_introspection_c
-- Using all available rosidl_typesupport_cpp: rosidl_typesupport_fastrtps_cpp;rosidl_typesupport_introspection_cpp
-- Found rmw_implementation_cmake: 6.1.1 (/opt/ros/humble/share/rmw_implementation_cmake/cmake)
-- Found rmw_fastrtps_cpp: 6.2.6 (/opt/ros/humble/share/rmw_fastrtps_cpp/cmake)
-- Using RMW implementation 'rmw_fastrtps_cpp' as default
-- Found rosidl_default_generators: 1.2.0 (/opt/ros/humble/share/rosidl_default_generators/cmake)
-- Found ament_cmake_ros: 0.10.0 (/opt/ros/humble/share/ament_cmake_ros/cmake)
-- Using all available rosidl_typesupport_c: rosidl_typesupport_fastrtps_c;rosidl_typesupport_introspection_c
-- Using all available rosidl_typesupport_cpp: rosidl_typesupport_fastrtps_cpp;rosidl_typesupport_introspection_cpp
-- Found python_cmake_module: 0.10.0 (/opt/ros/humble/share/python_cmake_module/cmake)
-- Using PYTHON_EXECUTABLE: /usr/bin/python3
-- Using PYTHON_INCLUDE_DIRS: /usr/include/python3.10
-- Using PYTHON_LIBRARIES: /usr/lib/x86_64-linux-gnu/libpython3.10.so
-- Found ament_lint_auto: 0.12.10 (/opt/ros/humble/share/ament_lint_auto/cmake)
-- Added test 'cppcheck' to perform static code analysis on C / C++ code
-- Configured cppcheck include dirs: 
-- Configured cppcheck exclude dirs and/or files: 
-- Added test 'lint_cmake' to check CMake code style
-- Added test 'uncrustify' to check C / C++ code style
-- Configured uncrustify additional arguments: 
-- Added test 'xmllint' to check XML markup files
-- Configuring done
-- Generating done
-- Build files have been written to: /home/donjoe/MagangBanyubramanta_DanielAdhitthana/build/camera
[35m[1mConsolidate compiler generated dependencies of target camera__rosidl_generator_c[0m
[  3%] Built target camera__cpp
[  6%] [32mBuilding C object CMakeFiles/camera__rosidl_generator_c.dir/rosidl_generator_c/camera/msg/detail/object__functions.c.o[0m
[  6%] Built target ament_cmake_python_copy_camera
[35m[1mConsolidate compiler generated dependencies of target camera__rosidl_typesupport_cpp[0m
[35m[1mConsolidate compiler generated dependencies of target camera__rosidl_typesupport_fastrtps_cpp[0m
[35m[1mConsolidate compiler generated dependencies of target camera__rosidl_typesupport_introspection_cpp[0m
[  9%] [32mBuilding CXX object CMakeFiles/camera__rosidl_typesupport_cpp.dir/rosidl_typesupport_cpp/camera/msg/object__type_support.cpp.o[0m
[ 12%] [32mBuilding CXX object CMakeFiles/camera__rosidl_typesupport_fastrtps_cpp.dir/rosidl_typesupport_fastrtps_cpp/camera/msg/detail/dds_fastrtps/object__type_support.cpp.o[0m
[ 15%] [32mBuilding CXX object CMakeFiles/camera__rosidl_typesupport_introspection_cpp.dir/rosidl_typesupport_introspection_cpp/camera/msg/detail/object__type_support.cpp.o[0m
[ 18%] [32m[1mLinking C shared library libcamera__rosidl_generator_c.so[0m
[ 21%] Built target camera__rosidl_generator_c
[ 24%] [32m[1mLinking CXX shared library libcamera__rosidl_typesupport_cpp.so[0m
[ 27%] [32m[1mLinking CXX shared library libcamera__rosidl_typesupport_introspection_cpp.so[0m
[ 30%] [32m[1mLinking CXX shared library libcamera__rosidl_typesupport_fastrtps_cpp.so[0m
running egg_info
writing camera.egg-info/PKG-INFO
writing dependency_links to camera.egg-info/dependency_links.txt
writing top-level names to camera.egg-info/top_level.txt
[ 33%] Built target camera__rosidl_typesupport_cpp
reading manifest file 'camera.egg-info/SOURCES.txt'
writing manifest file 'camera.egg-info/SOURCES.txt'
[35m[1mConsolidate compiler generated dependencies of target camera__rosidl_typesupport_fastrtps_c[0m
[ 36%] [32mBuilding CXX object CMakeFiles/camera__rosidl_typesupport_fastrtps_c.dir/rosidl_typesupport_fastrtps_c/camera/msg/detail/object__type_support_c.cpp.o[0m
[ 36%] Built target ament_cmake_python_build_camera_egg
[35m[1mConsolidate compiler generated dependencies of target camera__rosidl_typesupport_introspection_c[0m
[ 39%] [32mBuilding C object CMakeFiles/camera__rosidl_typesupport_introspection_c.dir/rosidl_typesupport_introspection_c/camera/msg/detail/object__type_support.c.o[0m
[ 42%] Built target camera__rosidl_typesupport_introspection_cpp
[35m[1mConsolidate compiler generated dependencies of target camera__rosidl_typesupport_c[0m
[ 45%] [32mBuilding CXX object CMakeFiles/camera__rosidl_typesupport_c.dir/rosidl_typesupport_c/camera/msg/object__type_support.cpp.o[0m
[ 48%] [32m[1mLinking C shared library libcamera__rosidl_typesupport_introspection_c.so[0m
[ 51%] [32m[1mLinking CXX shared library libcamera__rosidl_typesupport_c.so[0m
[ 54%] Built target camera__rosidl_typesupport_fastrtps_cpp
[ 57%] [32mBuilding CXX object CMakeFiles/node.dir/src/node.cpp.o[0m
[ 60%] Built target camera__rosidl_typesupport_introspection_c
[ 63%] Built target camera__rosidl_typesupport_c
[ 66%] [32m[1mLinking CXX shared library libcamera__rosidl_typesupport_fastrtps_c.so[0m
[ 69%] Built target camera__rosidl_typesupport_fastrtps_c
[ 69%] Built target camera
[ 72%] Built target camera__py
[ 75%] [32mBuilding C object CMakeFiles/camera__rosidl_generator_py.dir/rosidl_generator_py/camera/msg/_object_s.c.o[0m
[ 78%] [32m[1mLinking C shared library rosidl_generator_py/camera/libcamera__rosidl_generator_py.so[0m
[ 78%] Built target camera__rosidl_generator_py
[ 81%] [32mBuilding C object CMakeFiles/camera__rosidl_typesupport_c__pyext.dir/rosidl_generator_py/camera/_camera_s.ep.rosidl_typesupport_c.c.o[0m
[ 84%] [32mBuilding C object CMakeFiles/camera__rosidl_typesupport_fastrtps_c__pyext.dir/rosidl_generator_py/camera/_camera_s.ep.rosidl_typesupport_fastrtps_c.c.o[0m
[ 87%] [32mBuilding C object CMakeFiles/camera__rosidl_typesupport_introspection_c__pyext.dir/rosidl_generator_py/camera/_camera_s.ep.rosidl_typesupport_introspection_c.c.o[0m
[ 90%] [32m[1mLinking C shared library rosidl_generator_py/camera/camera_s__rosidl_typesupport_introspection_c.cpython-310-x86_64-linux-gnu.so[0m
[ 93%] [32m[1mLinking C shared library rosidl_generator_py/camera/camera_s__rosidl_typesupport_c.cpython-310-x86_64-linux-gnu.so[0m
[ 96%] [32m[1mLinking C shared library rosidl_generator_py/camera/camera_s__rosidl_typesupport_fastrtps_c.cpython-310-x86_64-linux-gnu.so[0m
[ 96%] Built target camera__rosidl_typesupport_c__pyext
[ 96%] Built target camera__rosidl_typesupport_fastrtps_c__pyext
[ 96%] Built target camera__rosidl_typesupport_introspection_c__pyext
[01m[K/home/donjoe/MagangBanyubramanta_DanielAdhitthana/src/camera/src/node.cpp:11:12:[m[K [01;31m[Kerror: [m[Kusing-declaration may not name namespace ‘[01m[Kstd::literals::chrono_literals[m[K’
   11 | using std::[01;31m[Kchrono_literals[m[K;
      |            [01;31m[K^~~~~~~~~~~~~~~[m[K
[01m[K/home/donjoe/MagangBanyubramanta_DanielAdhitthana/src/camera/src/node.cpp:29:36:[m[K [01;31m[Kerror: [m[K‘[01m[Kobject[m[K’ is not a member of ‘[01m[Kcamera::msg[m[K’; did you mean ‘[01m[KObject[m[K’?
   29 |     rclcpp::Publisher<camera::msg::[01;31m[Kobject[m[K>::SharedPtr publisher_;
      |                                    [01;31m[K^~~~~~[m[K
      |                                    [32m[KObject[m[K
[01m[K/home/donjoe/MagangBanyubramanta_DanielAdhitthana/src/camera/src/node.cpp:29:42:[m[K [01;31m[Kerror: [m[Ktemplate argument 1 is invalid
   29 |     rclcpp::Publisher<camera::msg::object[01;31m[K>[m[K::SharedPtr publisher_;
      |                                          [01;31m[K^[m[K
[01m[K/home/donjoe/MagangBanyubramanta_DanielAdhitthana/src/camera/src/node.cpp:29:45:[m[K [01;31m[Kerror: [m[Kexpected ‘[01m[K;[m[K’ at end of member declaration
   29 |     rclcpp::Publisher<camera::msg::object>::[01;31m[KSharedPtr[m[K publisher_;
      |                                             [01;31m[K^~~~~~~~~[m[K
      |                                                      [32m[K;[m[K
[01m[K/home/donjoe/MagangBanyubramanta_DanielAdhitthana/src/camera/src/node.cpp:29:55:[m[K [01;31m[Kerror: [m[K‘[01m[Kpublisher_[m[K’ does not name a type; did you mean ‘[01m[Krmw_publisher_t[m[K’?
   29 |     rclcpp::Publisher<camera::msg::object>::SharedPtr [01;31m[Kpublisher_[m[K;
      |                                                       [01;31m[K^~~~~~~~~~[m[K
      |                                                       [32m[Krmw_publisher_t[m[K
[01m[K/home/donjoe/MagangBanyubramanta_DanielAdhitthana/src/camera/src/node.cpp:[m[K In constructor ‘[01m[KCamera::Camera()[m[K’:
[01m[K/home/donjoe/MagangBanyubramanta_DanielAdhitthana/src/camera/src/node.cpp:20:13:[m[K [01;31m[Kerror: [m[Kunable to find numeric literal operator ‘[01m[Koperator""ms[m[K’
   20 |             [01;31m[K1000ms[m[K,
      |             [01;31m[K^~~~~~[m[K
gmake[2]: *** [CMakeFiles/node.dir/build.make:76: CMakeFiles/node.dir/src/node.cpp.o] Error 1
gmake[1]: *** [CMakeFiles/Makefile2:593: CMakeFiles/node.dir/all] Error 2
gmake: *** [Makefile:146: all] Error 2
