[0.041s] Invoking command in '/home/donjoe/MagangBanyubramanta_DanielAdhitthana/build/camera': CMAKE_PREFIX_PATH=/opt/ros/humble /usr/bin/cmake --build /home/donjoe/MagangBanyubramanta_DanielAdhitthana/build/camera -- -j4 -l4
[0.056s] -- Found ament_cmake: 1.3.7 (/opt/ros/humble/share/ament_cmake/cmake)
[0.163s] -- Found rclcpp: 16.0.8 (/opt/ros/humble/share/rclcpp/cmake)
[0.302s] -- Found rosidl_generator_c: 3.1.5 (/opt/ros/humble/share/rosidl_generator_c/cmake)
[0.304s] -- Found rosidl_adapter: 3.1.5 (/opt/ros/humble/share/rosidl_adapter/cmake)
[0.308s] -- Found rosidl_generator_cpp: 3.1.5 (/opt/ros/humble/share/rosidl_generator_cpp/cmake)
[0.316s] -- Using all available rosidl_typesupport_c: rosidl_typesupport_fastrtps_c;rosidl_typesupport_introspection_c
[0.327s] -- Using all available rosidl_typesupport_cpp: rosidl_typesupport_fastrtps_cpp;rosidl_typesupport_introspection_cpp
[0.370s] -- Found rmw_implementation_cmake: 6.1.1 (/opt/ros/humble/share/rmw_implementation_cmake/cmake)
[0.371s] -- Found rmw_fastrtps_cpp: 6.2.6 (/opt/ros/humble/share/rmw_fastrtps_cpp/cmake)
[5.360s] -- Using RMW implementation 'rmw_fastrtps_cpp' as default
[5.475s] -- Found rosidl_default_generators: 1.2.0 (/opt/ros/humble/share/rosidl_default_generators/cmake)
[5.657s] -- Found ament_cmake_ros: 0.10.0 (/opt/ros/humble/share/ament_cmake_ros/cmake)
[5.871s] -- Using all available rosidl_typesupport_c: rosidl_typesupport_fastrtps_c;rosidl_typesupport_introspection_c
[5.954s] -- Using all available rosidl_typesupport_cpp: rosidl_typesupport_fastrtps_cpp;rosidl_typesupport_introspection_cpp
[5.971s] -- Found python_cmake_module: 0.10.0 (/opt/ros/humble/share/python_cmake_module/cmake)
[5.986s] -- Using PYTHON_EXECUTABLE: /usr/bin/python3
[5.986s] -- Using PYTHON_INCLUDE_DIRS: /usr/include/python3.10
[5.987s] -- Using PYTHON_LIBRARIES: /usr/lib/x86_64-linux-gnu/libpython3.10.so
[5.994s] -- Found ament_lint_auto: 0.12.10 (/opt/ros/humble/share/ament_lint_auto/cmake)
[5.999s] -- Added test 'cppcheck' to perform static code analysis on C / C++ code
[6.000s] -- Configured cppcheck include dirs: 
[6.000s] -- Configured cppcheck exclude dirs and/or files: 
[6.000s] -- Added test 'lint_cmake' to check CMake code style
[6.001s] -- Added test 'uncrustify' to check C / C++ code style
[6.001s] -- Configured uncrustify additional arguments: 
[6.001s] -- Added test 'xmllint' to check XML markup files
[6.002s] -- Configuring done
[6.026s] -- Generating done
[6.029s] -- Build files have been written to: /home/donjoe/MagangBanyubramanta_DanielAdhitthana/build/camera
[6.053s] [35m[1mConsolidate compiler generated dependencies of target camera__rosidl_generator_c[0m
[6.058s] [  3%] Built target camera__cpp
[6.063s] [  6%] [32mBuilding C object CMakeFiles/camera__rosidl_generator_c.dir/rosidl_generator_c/camera/msg/detail/object__functions.c.o[0m
[6.065s] [  6%] Built target ament_cmake_python_copy_camera
[6.066s] [35m[1mConsolidate compiler generated dependencies of target camera__rosidl_typesupport_cpp[0m
[6.066s] [35m[1mConsolidate compiler generated dependencies of target camera__rosidl_typesupport_fastrtps_cpp[0m
[6.074s] [35m[1mConsolidate compiler generated dependencies of target camera__rosidl_typesupport_introspection_cpp[0m
[6.078s] [  9%] [32mBuilding CXX object CMakeFiles/camera__rosidl_typesupport_cpp.dir/rosidl_typesupport_cpp/camera/msg/object__type_support.cpp.o[0m
[6.080s] [ 12%] [32mBuilding CXX object CMakeFiles/camera__rosidl_typesupport_fastrtps_cpp.dir/rosidl_typesupport_fastrtps_cpp/camera/msg/detail/dds_fastrtps/object__type_support.cpp.o[0m
[6.085s] [ 15%] [32mBuilding CXX object CMakeFiles/camera__rosidl_typesupport_introspection_cpp.dir/rosidl_typesupport_introspection_cpp/camera/msg/detail/object__type_support.cpp.o[0m
[6.113s] [ 18%] [32m[1mLinking C shared library libcamera__rosidl_generator_c.so[0m
[6.266s] [ 21%] Built target camera__rosidl_generator_c
[6.504s] [ 24%] [32m[1mLinking CXX shared library libcamera__rosidl_typesupport_cpp.so[0m
[6.596s] [ 27%] [32m[1mLinking CXX shared library libcamera__rosidl_typesupport_introspection_cpp.so[0m
[6.601s] [ 30%] [32m[1mLinking CXX shared library libcamera__rosidl_typesupport_fastrtps_cpp.so[0m
[6.673s] running egg_info
[6.675s] writing camera.egg-info/PKG-INFO
[6.676s] writing dependency_links to camera.egg-info/dependency_links.txt
[6.677s] writing top-level names to camera.egg-info/top_level.txt
[6.678s] [ 33%] Built target camera__rosidl_typesupport_cpp
[6.688s] reading manifest file 'camera.egg-info/SOURCES.txt'
[6.690s] writing manifest file 'camera.egg-info/SOURCES.txt'
[6.691s] [35m[1mConsolidate compiler generated dependencies of target camera__rosidl_typesupport_fastrtps_c[0m
[6.705s] [ 36%] [32mBuilding CXX object CMakeFiles/camera__rosidl_typesupport_fastrtps_c.dir/rosidl_typesupport_fastrtps_c/camera/msg/detail/object__type_support_c.cpp.o[0m
[6.759s] [ 36%] Built target ament_cmake_python_build_camera_egg
[6.773s] [35m[1mConsolidate compiler generated dependencies of target camera__rosidl_typesupport_introspection_c[0m
[6.790s] [ 39%] [32mBuilding C object CMakeFiles/camera__rosidl_typesupport_introspection_c.dir/rosidl_typesupport_introspection_c/camera/msg/detail/object__type_support.c.o[0m
[6.792s] [ 42%] Built target camera__rosidl_typesupport_introspection_cpp
[6.806s] [35m[1mConsolidate compiler generated dependencies of target camera__rosidl_typesupport_c[0m
[6.817s] [ 45%] [32mBuilding CXX object CMakeFiles/camera__rosidl_typesupport_c.dir/rosidl_typesupport_c/camera/msg/object__type_support.cpp.o[0m
[6.840s] [ 48%] [32m[1mLinking C shared library libcamera__rosidl_typesupport_introspection_c.so[0m
[6.847s] [ 51%] [32m[1mLinking CXX shared library libcamera__rosidl_typesupport_c.so[0m
[6.880s] [ 54%] Built target camera__rosidl_typesupport_fastrtps_cpp
[6.924s] [ 57%] [32mBuilding CXX object CMakeFiles/node.dir/src/node.cpp.o[0m
[7.005s] [ 60%] Built target camera__rosidl_typesupport_introspection_c
[7.024s] [ 63%] Built target camera__rosidl_typesupport_c
[7.098s] [ 66%] [32m[1mLinking CXX shared library libcamera__rosidl_typesupport_fastrtps_c.so[0m
[7.236s] [ 69%] Built target camera__rosidl_typesupport_fastrtps_c
[7.248s] [ 69%] Built target camera
[7.263s] [ 72%] Built target camera__py
[7.277s] [ 75%] [32mBuilding C object CMakeFiles/camera__rosidl_generator_py.dir/rosidl_generator_py/camera/msg/_object_s.c.o[0m
[7.409s] [ 78%] [32m[1mLinking C shared library rosidl_generator_py/camera/libcamera__rosidl_generator_py.so[0m
[7.529s] [ 78%] Built target camera__rosidl_generator_py
[7.550s] [ 81%] [32mBuilding C object CMakeFiles/camera__rosidl_typesupport_c__pyext.dir/rosidl_generator_py/camera/_camera_s.ep.rosidl_typesupport_c.c.o[0m
[7.550s] [ 84%] [32mBuilding C object CMakeFiles/camera__rosidl_typesupport_fastrtps_c__pyext.dir/rosidl_generator_py/camera/_camera_s.ep.rosidl_typesupport_fastrtps_c.c.o[0m
[7.553s] [ 87%] [32mBuilding C object CMakeFiles/camera__rosidl_typesupport_introspection_c__pyext.dir/rosidl_generator_py/camera/_camera_s.ep.rosidl_typesupport_introspection_c.c.o[0m
[7.682s] [ 90%] [32m[1mLinking C shared library rosidl_generator_py/camera/camera_s__rosidl_typesupport_introspection_c.cpython-310-x86_64-linux-gnu.so[0m
[7.685s] [ 93%] [32m[1mLinking C shared library rosidl_generator_py/camera/camera_s__rosidl_typesupport_c.cpython-310-x86_64-linux-gnu.so[0m
[7.690s] [ 96%] [32m[1mLinking C shared library rosidl_generator_py/camera/camera_s__rosidl_typesupport_fastrtps_c.cpython-310-x86_64-linux-gnu.so[0m
[7.840s] [ 96%] Built target camera__rosidl_typesupport_c__pyext
[7.849s] [ 96%] Built target camera__rosidl_typesupport_fastrtps_c__pyext
[7.867s] [ 96%] Built target camera__rosidl_typesupport_introspection_c__pyext
[10.146s] [01m[K/home/donjoe/MagangBanyubramanta_DanielAdhitthana/src/camera/src/node.cpp:11:12:[m[K [01;31m[Kerror: [m[Kusing-declaration may not name namespace ‘[01m[Kstd::literals::chrono_literals[m[K’
[10.146s]    11 | using std::[01;31m[Kchrono_literals[m[K;
[10.146s]       |            [01;31m[K^~~~~~~~~~~~~~~[m[K
[10.146s] [01m[K/home/donjoe/MagangBanyubramanta_DanielAdhitthana/src/camera/src/node.cpp:29:36:[m[K [01;31m[Kerror: [m[K‘[01m[Kobject[m[K’ is not a member of ‘[01m[Kcamera::msg[m[K’; did you mean ‘[01m[KObject[m[K’?
[10.146s]    29 |     rclcpp::Publisher<camera::msg::[01;31m[Kobject[m[K>::SharedPtr publisher_;
[10.146s]       |                                    [01;31m[K^~~~~~[m[K
[10.146s]       |                                    [32m[KObject[m[K
[10.147s] [01m[K/home/donjoe/MagangBanyubramanta_DanielAdhitthana/src/camera/src/node.cpp:29:42:[m[K [01;31m[Kerror: [m[Ktemplate argument 1 is invalid
[10.147s]    29 |     rclcpp::Publisher<camera::msg::object[01;31m[K>[m[K::SharedPtr publisher_;
[10.147s]       |                                          [01;31m[K^[m[K
[10.147s] [01m[K/home/donjoe/MagangBanyubramanta_DanielAdhitthana/src/camera/src/node.cpp:29:45:[m[K [01;31m[Kerror: [m[Kexpected ‘[01m[K;[m[K’ at end of member declaration
[10.147s]    29 |     rclcpp::Publisher<camera::msg::object>::[01;31m[KSharedPtr[m[K publisher_;
[10.147s]       |                                             [01;31m[K^~~~~~~~~[m[K
[10.147s]       |                                                      [32m[K;[m[K
[10.149s] [01m[K/home/donjoe/MagangBanyubramanta_DanielAdhitthana/src/camera/src/node.cpp:29:55:[m[K [01;31m[Kerror: [m[K‘[01m[Kpublisher_[m[K’ does not name a type; did you mean ‘[01m[Krmw_publisher_t[m[K’?
[10.149s]    29 |     rclcpp::Publisher<camera::msg::object>::SharedPtr [01;31m[Kpublisher_[m[K;
[10.149s]       |                                                       [01;31m[K^~~~~~~~~~[m[K
[10.150s]       |                                                       [32m[Krmw_publisher_t[m[K
[10.151s] [01m[K/home/donjoe/MagangBanyubramanta_DanielAdhitthana/src/camera/src/node.cpp:[m[K In constructor ‘[01m[KCamera::Camera()[m[K’:
[10.151s] [01m[K/home/donjoe/MagangBanyubramanta_DanielAdhitthana/src/camera/src/node.cpp:20:13:[m[K [01;31m[Kerror: [m[Kunable to find numeric literal operator ‘[01m[Koperator""ms[m[K’
[10.151s]    20 |             [01;31m[K1000ms[m[K,
[10.151s]       |             [01;31m[K^~~~~~[m[K
[10.973s] gmake[2]: *** [CMakeFiles/node.dir/build.make:76: CMakeFiles/node.dir/src/node.cpp.o] Error 1
[10.974s] gmake[1]: *** [CMakeFiles/Makefile2:593: CMakeFiles/node.dir/all] Error 2
[10.974s] gmake: *** [Makefile:146: all] Error 2
[10.976s] Invoked command in '/home/donjoe/MagangBanyubramanta_DanielAdhitthana/build/camera' returned '2': CMAKE_PREFIX_PATH=/opt/ros/humble /usr/bin/cmake --build /home/donjoe/MagangBanyubramanta_DanielAdhitthana/build/camera -- -j4 -l4
