[0.134s] Invoking command in '/home/donjoe/Documents/MagangBanyubramanta_DanielAdhitthana/build/interfaces': CMAKE_PREFIX_PATH=${CMAKE_PREFIX_PATH}:/opt/ros/humble /usr/bin/cmake --build /home/donjoe/Documents/MagangBanyubramanta_DanielAdhitthana/build/interfaces -- -j4 -l4
[0.223s] [  2%] [34m[1mGenerating C code for ROS interfaces[0m
[0.253s] [  5%] [34m[1mGenerating C++ code for ROS interfaces[0m
[0.283s] [  5%] Built target ament_cmake_python_copy_interfaces
[0.992s] running egg_info
[0.996s] creating interfaces.egg-info
[0.996s] writing interfaces.egg-info/PKG-INFO
[0.996s] writing dependency_links to interfaces.egg-info/dependency_links.txt
[0.996s] writing top-level names to interfaces.egg-info/top_level.txt
[1.001s] writing manifest file 'interfaces.egg-info/SOURCES.txt'
[1.012s] reading manifest file 'interfaces.egg-info/SOURCES.txt'
[1.015s] writing manifest file 'interfaces.egg-info/SOURCES.txt'
[1.076s] [  5%] Built target ament_cmake_python_build_interfaces_egg
[1.317s] [  5%] Built target interfaces__cpp
[1.347s] [  7%] [34m[1mGenerating C++ type support dispatch for ROS interfaces[0m
[1.371s] [ 10%] [34m[1mGenerating C++ type support for eProsima Fast-RTPS[0m
[1.387s] [ 12%] [34m[1mGenerating C++ introspection for ROS interfaces[0m
[1.413s] [ 15%] [32mBuilding C object CMakeFiles/interfaces__rosidl_generator_c.dir/rosidl_generator_c/interfaces/msg/detail/motion__functions.c.o[0m
[1.559s] [ 17%] [32mBuilding C object CMakeFiles/interfaces__rosidl_generator_c.dir/rosidl_generator_c/interfaces/msg/detail/object__functions.c.o[0m
[1.714s] [ 20%] [32m[1mLinking C shared library libinterfaces__rosidl_generator_c.so[0m
[1.811s] [ 20%] Built target interfaces__rosidl_generator_c
[1.857s] [ 23%] [34m[1mGenerating C type support for eProsima Fast-RTPS[0m
[2.573s] [ 25%] [32mBuilding CXX object CMakeFiles/interfaces__rosidl_typesupport_fastrtps_cpp.dir/rosidl_typesupport_fastrtps_cpp/interfaces/msg/detail/dds_fastrtps/motion__type_support.cpp.o[0m
[2.618s] [ 28%] [32mBuilding CXX object CMakeFiles/interfaces__rosidl_typesupport_introspection_cpp.dir/rosidl_typesupport_introspection_cpp/interfaces/msg/detail/motion__type_support.cpp.o[0m
[2.641s] [ 30%] [32mBuilding CXX object CMakeFiles/interfaces__rosidl_typesupport_cpp.dir/rosidl_typesupport_cpp/interfaces/msg/motion__type_support.cpp.o[0m
[3.281s] [ 33%] [32mBuilding CXX object CMakeFiles/interfaces__rosidl_typesupport_fastrtps_c.dir/rosidl_typesupport_fastrtps_c/interfaces/msg/detail/motion__type_support_c.cpp.o[0m
[3.742s] [ 35%] [32mBuilding CXX object CMakeFiles/interfaces__rosidl_typesupport_cpp.dir/rosidl_typesupport_cpp/interfaces/msg/object__type_support.cpp.o[0m
[3.765s] [ 38%] [32mBuilding CXX object CMakeFiles/interfaces__rosidl_typesupport_introspection_cpp.dir/rosidl_typesupport_introspection_cpp/interfaces/msg/detail/object__type_support.cpp.o[0m
[3.972s] [ 41%] [32mBuilding CXX object CMakeFiles/interfaces__rosidl_typesupport_fastrtps_cpp.dir/rosidl_typesupport_fastrtps_cpp/interfaces/msg/detail/dds_fastrtps/object__type_support.cpp.o[0m
[4.852s] [ 43%] [32mBuilding CXX object CMakeFiles/interfaces__rosidl_typesupport_fastrtps_c.dir/rosidl_typesupport_fastrtps_c/interfaces/msg/detail/object__type_support_c.cpp.o[0m
[4.977s] [ 46%] [32m[1mLinking CXX shared library libinterfaces__rosidl_typesupport_introspection_cpp.so[0m
[5.044s] [ 48%] [32m[1mLinking CXX shared library libinterfaces__rosidl_typesupport_cpp.so[0m
[5.225s] [ 48%] Built target interfaces__rosidl_typesupport_cpp
[5.241s] [ 48%] Built target interfaces__rosidl_typesupport_introspection_cpp
[5.269s] [ 51%] [34m[1mGenerating C type support dispatch for ROS interfaces[0m
[5.320s] [ 53%] [34m[1mGenerating C introspection for ROS interfaces[0m
[5.924s] [ 56%] [32m[1mLinking CXX shared library libinterfaces__rosidl_typesupport_fastrtps_cpp.so[0m
[5.994s] [ 58%] [32m[1mLinking CXX shared library libinterfaces__rosidl_typesupport_fastrtps_c.so[0m
[6.195s] [ 58%] Built target interfaces__rosidl_typesupport_fastrtps_cpp
[6.279s] [ 58%] Built target interfaces__rosidl_typesupport_fastrtps_c
[6.421s] [ 64%] [32mBuilding CXX object CMakeFiles/interfaces__rosidl_typesupport_c.dir/rosidl_typesupport_c/interfaces/msg/object__type_support.cpp.o[0m
[6.421s] [ 64%] [32mBuilding CXX object CMakeFiles/interfaces__rosidl_typesupport_c.dir/rosidl_typesupport_c/interfaces/msg/motion__type_support.cpp.o[0m
[6.491s] [ 66%] [32m[1mLinking CXX shared library libinterfaces__rosidl_typesupport_c.so[0m
[6.588s] [ 66%] Built target interfaces__rosidl_typesupport_c
[6.607s] [ 69%] [32mBuilding C object CMakeFiles/interfaces__rosidl_typesupport_introspection_c.dir/rosidl_typesupport_introspection_c/interfaces/msg/detail/motion__type_support.c.o[0m
[6.610s] [ 71%] [32mBuilding C object CMakeFiles/interfaces__rosidl_typesupport_introspection_c.dir/rosidl_typesupport_introspection_c/interfaces/msg/detail/object__type_support.c.o[0m
[6.679s] [ 74%] [32m[1mLinking C shared library libinterfaces__rosidl_typesupport_introspection_c.so[0m
[6.732s] [ 74%] Built target interfaces__rosidl_typesupport_introspection_c
[6.774s] [ 74%] Built target interfaces
[6.812s] [ 76%] [34m[1mGenerating Python code for ROS interfaces[0m
[7.766s] [ 76%] Built target interfaces__py
[7.801s] [ 79%] [32mBuilding C object CMakeFiles/interfaces__rosidl_generator_py.dir/rosidl_generator_py/interfaces/msg/_motion_s.c.o[0m
[7.803s] [ 82%] [32mBuilding C object CMakeFiles/interfaces__rosidl_generator_py.dir/rosidl_generator_py/interfaces/msg/_object_s.c.o[0m
[8.083s] [ 84%] [32m[1mLinking C shared library rosidl_generator_py/interfaces/libinterfaces__rosidl_generator_py.so[0m
[8.154s] [ 84%] Built target interfaces__rosidl_generator_py
[8.198s] [ 87%] [32mBuilding C object CMakeFiles/interfaces__rosidl_typesupport_c__pyext.dir/rosidl_generator_py/interfaces/_interfaces_s.ep.rosidl_typesupport_c.c.o[0m
[8.205s] [ 89%] [32mBuilding C object CMakeFiles/interfaces__rosidl_typesupport_fastrtps_c__pyext.dir/rosidl_generator_py/interfaces/_interfaces_s.ep.rosidl_typesupport_fastrtps_c.c.o[0m
[8.205s] [ 92%] [32mBuilding C object CMakeFiles/interfaces__rosidl_typesupport_introspection_c__pyext.dir/rosidl_generator_py/interfaces/_interfaces_s.ep.rosidl_typesupport_introspection_c.c.o[0m
[8.478s] [ 94%] [32m[1mLinking C shared library rosidl_generator_py/interfaces/interfaces_s__rosidl_typesupport_introspection_c.cpython-310-x86_64-linux-gnu.so[0m
[8.491s] [ 97%] [32m[1mLinking C shared library rosidl_generator_py/interfaces/interfaces_s__rosidl_typesupport_c.cpython-310-x86_64-linux-gnu.so[0m
[8.500s] [100%] [32m[1mLinking C shared library rosidl_generator_py/interfaces/interfaces_s__rosidl_typesupport_fastrtps_c.cpython-310-x86_64-linux-gnu.so[0m
[8.566s] [100%] Built target interfaces__rosidl_typesupport_introspection_c__pyext
[8.584s] [100%] Built target interfaces__rosidl_typesupport_c__pyext
[8.584s] [100%] Built target interfaces__rosidl_typesupport_fastrtps_c__pyext
[8.603s] Invoked command in '/home/donjoe/Documents/MagangBanyubramanta_DanielAdhitthana/build/interfaces' returned '0': CMAKE_PREFIX_PATH=${CMAKE_PREFIX_PATH}:/opt/ros/humble /usr/bin/cmake --build /home/donjoe/Documents/MagangBanyubramanta_DanielAdhitthana/build/interfaces -- -j4 -l4
[8.766s] Invoking command in '/home/donjoe/Documents/MagangBanyubramanta_DanielAdhitthana/build/interfaces': CMAKE_PREFIX_PATH=${CMAKE_PREFIX_PATH}:/opt/ros/humble /usr/bin/cmake --install /home/donjoe/Documents/MagangBanyubramanta_DanielAdhitthana/build/interfaces
[8.784s] -- Install configuration: ""
[8.784s] -- Installing: /home/donjoe/Documents/MagangBanyubramanta_DanielAdhitthana/install/interfaces/share/ament_index/resource_index/rosidl_interfaces/interfaces
[8.785s] -- Installing: /home/donjoe/Documents/MagangBanyubramanta_DanielAdhitthana/install/interfaces/include/interfaces/interfaces
[8.785s] -- Installing: /home/donjoe/Documents/MagangBanyubramanta_DanielAdhitthana/install/interfaces/include/interfaces/interfaces/msg
[8.785s] -- Installing: /home/donjoe/Documents/MagangBanyubramanta_DanielAdhitthana/install/interfaces/include/interfaces/interfaces/msg/motion.h
[8.786s] -- Installing: /home/donjoe/Documents/MagangBanyubramanta_DanielAdhitthana/install/interfaces/include/interfaces/interfaces/msg/detail
[8.786s] -- Installing: /home/donjoe/Documents/MagangBanyubramanta_DanielAdhitthana/install/interfaces/include/interfaces/interfaces/msg/detail/object__struct.h
[8.786s] -- Installing: /home/donjoe/Documents/MagangBanyubramanta_DanielAdhitthana/install/interfaces/include/interfaces/interfaces/msg/detail/motion__type_support.h
[8.786s] -- Installing: /home/donjoe/Documents/MagangBanyubramanta_DanielAdhitthana/install/interfaces/include/interfaces/interfaces/msg/detail/motion__functions.c
[8.786s] -- Installing: /home/donjoe/Documents/MagangBanyubramanta_DanielAdhitthana/install/interfaces/include/interfaces/interfaces/msg/detail/object__functions.h
[8.787s] -- Installing: /home/donjoe/Documents/MagangBanyubramanta_DanielAdhitthana/install/interfaces/include/interfaces/interfaces/msg/detail/motion__struct.h
[8.787s] -- Installing: /home/donjoe/Documents/MagangBanyubramanta_DanielAdhitthana/install/interfaces/include/interfaces/interfaces/msg/detail/object__type_support.h
[8.788s] -- Installing: /home/donjoe/Documents/MagangBanyubramanta_DanielAdhitthana/install/interfaces/include/interfaces/interfaces/msg/detail/object__functions.c
[8.789s] -- Installing: /home/donjoe/Documents/MagangBanyubramanta_DanielAdhitthana/install/interfaces/include/interfaces/interfaces/msg/detail/motion__functions.h
[8.790s] -- Installing: /home/donjoe/Documents/MagangBanyubramanta_DanielAdhitthana/install/interfaces/include/interfaces/interfaces/msg/object.h
[8.790s] -- Installing: /home/donjoe/Documents/MagangBanyubramanta_DanielAdhitthana/install/interfaces/include/interfaces/interfaces/msg/rosidl_generator_c__visibility_control.h
[8.790s] -- Installing: /home/donjoe/Documents/MagangBanyubramanta_DanielAdhitthana/install/interfaces/share/interfaces/environment/library_path.sh
[8.790s] -- Installing: /home/donjoe/Documents/MagangBanyubramanta_DanielAdhitthana/install/interfaces/share/interfaces/environment/library_path.dsv
[8.790s] -- Installing: /home/donjoe/Documents/MagangBanyubramanta_DanielAdhitthana/install/interfaces/lib/libinterfaces__rosidl_generator_c.so
[8.791s] -- Set runtime path of "/home/donjoe/Documents/MagangBanyubramanta_DanielAdhitthana/install/interfaces/lib/libinterfaces__rosidl_generator_c.so" to ""
[8.791s] -- Up-to-date: /home/donjoe/Documents/MagangBanyubramanta_DanielAdhitthana/install/interfaces/include/interfaces/interfaces
[8.791s] -- Up-to-date: /home/donjoe/Documents/MagangBanyubramanta_DanielAdhitthana/install/interfaces/include/interfaces/interfaces/msg
[8.791s] -- Up-to-date: /home/donjoe/Documents/MagangBanyubramanta_DanielAdhitthana/install/interfaces/include/interfaces/interfaces/msg/detail
[8.792s] -- Installing: /home/donjoe/Documents/MagangBanyubramanta_DanielAdhitthana/install/interfaces/include/interfaces/interfaces/msg/detail/object__rosidl_typesupport_fastrtps_c.h
[8.792s] -- Installing: /home/donjoe/Documents/MagangBanyubramanta_DanielAdhitthana/install/interfaces/include/interfaces/interfaces/msg/detail/motion__rosidl_typesupport_fastrtps_c.h
[8.792s] -- Installing: /home/donjoe/Documents/MagangBanyubramanta_DanielAdhitthana/install/interfaces/include/interfaces/interfaces/msg/rosidl_typesupport_fastrtps_c__visibility_control.h
[8.792s] -- Installing: /home/donjoe/Documents/MagangBanyubramanta_DanielAdhitthana/install/interfaces/lib/libinterfaces__rosidl_typesupport_fastrtps_c.so
[8.793s] -- Set runtime path of "/home/donjoe/Documents/MagangBanyubramanta_DanielAdhitthana/install/interfaces/lib/libinterfaces__rosidl_typesupport_fastrtps_c.so" to ""
[8.794s] -- Up-to-date: /home/donjoe/Documents/MagangBanyubramanta_DanielAdhitthana/install/interfaces/include/interfaces/interfaces
[8.794s] -- Up-to-date: /home/donjoe/Documents/MagangBanyubramanta_DanielAdhitthana/install/interfaces/include/interfaces/interfaces/msg
[8.794s] -- Up-to-date: /home/donjoe/Documents/MagangBanyubramanta_DanielAdhitthana/install/interfaces/include/interfaces/interfaces/msg/detail
[8.794s] -- Installing: /home/donjoe/Documents/MagangBanyubramanta_DanielAdhitthana/install/interfaces/include/interfaces/interfaces/msg/detail/motion__rosidl_typesupport_introspection_c.h
[8.794s] -- Installing: /home/donjoe/Documents/MagangBanyubramanta_DanielAdhitthana/install/interfaces/include/interfaces/interfaces/msg/detail/object__type_support.c
[8.795s] -- Installing: /home/donjoe/Documents/MagangBanyubramanta_DanielAdhitthana/install/interfaces/include/interfaces/interfaces/msg/detail/object__rosidl_typesupport_introspection_c.h
[8.795s] -- Installing: /home/donjoe/Documents/MagangBanyubramanta_DanielAdhitthana/install/interfaces/include/interfaces/interfaces/msg/detail/motion__type_support.c
[8.795s] -- Installing: /home/donjoe/Documents/MagangBanyubramanta_DanielAdhitthana/install/interfaces/include/interfaces/interfaces/msg/rosidl_typesupport_introspection_c__visibility_control.h
[8.796s] -- Installing: /home/donjoe/Documents/MagangBanyubramanta_DanielAdhitthana/install/interfaces/lib/libinterfaces__rosidl_typesupport_introspection_c.so
[8.796s] -- Set runtime path of "/home/donjoe/Documents/MagangBanyubramanta_DanielAdhitthana/install/interfaces/lib/libinterfaces__rosidl_typesupport_introspection_c.so" to ""
[8.797s] -- Installing: /home/donjoe/Documents/MagangBanyubramanta_DanielAdhitthana/install/interfaces/lib/libinterfaces__rosidl_typesupport_c.so
[8.797s] -- Set runtime path of "/home/donjoe/Documents/MagangBanyubramanta_DanielAdhitthana/install/interfaces/lib/libinterfaces__rosidl_typesupport_c.so" to ""
[8.798s] -- Up-to-date: /home/donjoe/Documents/MagangBanyubramanta_DanielAdhitthana/install/interfaces/include/interfaces/interfaces
[8.798s] -- Up-to-date: /home/donjoe/Documents/MagangBanyubramanta_DanielAdhitthana/install/interfaces/include/interfaces/interfaces/msg
[8.798s] -- Installing: /home/donjoe/Documents/MagangBanyubramanta_DanielAdhitthana/install/interfaces/include/interfaces/interfaces/msg/object.hpp
[8.798s] -- Up-to-date: /home/donjoe/Documents/MagangBanyubramanta_DanielAdhitthana/install/interfaces/include/interfaces/interfaces/msg/detail
[8.798s] -- Installing: /home/donjoe/Documents/MagangBanyubramanta_DanielAdhitthana/install/interfaces/include/interfaces/interfaces/msg/detail/object__struct.hpp
[8.799s] -- Installing: /home/donjoe/Documents/MagangBanyubramanta_DanielAdhitthana/install/interfaces/include/interfaces/interfaces/msg/detail/motion__struct.hpp
[8.799s] -- Installing: /home/donjoe/Documents/MagangBanyubramanta_DanielAdhitthana/install/interfaces/include/interfaces/interfaces/msg/detail/motion__traits.hpp
[8.799s] -- Installing: /home/donjoe/Documents/MagangBanyubramanta_DanielAdhitthana/install/interfaces/include/interfaces/interfaces/msg/detail/object__builder.hpp
[8.800s] -- Installing: /home/donjoe/Documents/MagangBanyubramanta_DanielAdhitthana/install/interfaces/include/interfaces/interfaces/msg/detail/object__traits.hpp
[8.800s] -- Installing: /home/donjoe/Documents/MagangBanyubramanta_DanielAdhitthana/install/interfaces/include/interfaces/interfaces/msg/detail/motion__builder.hpp
[8.800s] -- Installing: /home/donjoe/Documents/MagangBanyubramanta_DanielAdhitthana/install/interfaces/include/interfaces/interfaces/msg/motion.hpp
[8.801s] -- Up-to-date: /home/donjoe/Documents/MagangBanyubramanta_DanielAdhitthana/install/interfaces/include/interfaces/interfaces
[8.801s] -- Up-to-date: /home/donjoe/Documents/MagangBanyubramanta_DanielAdhitthana/install/interfaces/include/interfaces/interfaces/msg
[8.801s] -- Up-to-date: /home/donjoe/Documents/MagangBanyubramanta_DanielAdhitthana/install/interfaces/include/interfaces/interfaces/msg/detail
[8.801s] -- Installing: /home/donjoe/Documents/MagangBanyubramanta_DanielAdhitthana/install/interfaces/include/interfaces/interfaces/msg/detail/object__rosidl_typesupport_fastrtps_cpp.hpp
[8.801s] -- Installing: /home/donjoe/Documents/MagangBanyubramanta_DanielAdhitthana/install/interfaces/include/interfaces/interfaces/msg/detail/dds_fastrtps
[8.802s] -- Installing: /home/donjoe/Documents/MagangBanyubramanta_DanielAdhitthana/install/interfaces/include/interfaces/interfaces/msg/detail/motion__rosidl_typesupport_fastrtps_cpp.hpp
[8.802s] -- Installing: /home/donjoe/Documents/MagangBanyubramanta_DanielAdhitthana/install/interfaces/include/interfaces/interfaces/msg/rosidl_typesupport_fastrtps_cpp__visibility_control.h
[8.802s] -- Installing: /home/donjoe/Documents/MagangBanyubramanta_DanielAdhitthana/install/interfaces/lib/libinterfaces__rosidl_typesupport_fastrtps_cpp.so
[8.803s] -- Set runtime path of "/home/donjoe/Documents/MagangBanyubramanta_DanielAdhitthana/install/interfaces/lib/libinterfaces__rosidl_typesupport_fastrtps_cpp.so" to ""
[8.804s] -- Up-to-date: /home/donjoe/Documents/MagangBanyubramanta_DanielAdhitthana/install/interfaces/include/interfaces/interfaces
[8.804s] -- Up-to-date: /home/donjoe/Documents/MagangBanyubramanta_DanielAdhitthana/install/interfaces/include/interfaces/interfaces/msg
[8.804s] -- Up-to-date: /home/donjoe/Documents/MagangBanyubramanta_DanielAdhitthana/install/interfaces/include/interfaces/interfaces/msg/detail
[8.804s] -- Installing: /home/donjoe/Documents/MagangBanyubramanta_DanielAdhitthana/install/interfaces/include/interfaces/interfaces/msg/detail/motion__type_support.cpp
[8.804s] -- Installing: /home/donjoe/Documents/MagangBanyubramanta_DanielAdhitthana/install/interfaces/include/interfaces/interfaces/msg/detail/object__rosidl_typesupport_introspection_cpp.hpp
[8.805s] -- Installing: /home/donjoe/Documents/MagangBanyubramanta_DanielAdhitthana/install/interfaces/include/interfaces/interfaces/msg/detail/motion__rosidl_typesupport_introspection_cpp.hpp
[8.805s] -- Installing: /home/donjoe/Documents/MagangBanyubramanta_DanielAdhitthana/install/interfaces/include/interfaces/interfaces/msg/detail/object__type_support.cpp
[8.805s] -- Installing: /home/donjoe/Documents/MagangBanyubramanta_DanielAdhitthana/install/interfaces/lib/libinterfaces__rosidl_typesupport_introspection_cpp.so
[8.806s] -- Set runtime path of "/home/donjoe/Documents/MagangBanyubramanta_DanielAdhitthana/install/interfaces/lib/libinterfaces__rosidl_typesupport_introspection_cpp.so" to ""
[8.806s] -- Installing: /home/donjoe/Documents/MagangBanyubramanta_DanielAdhitthana/install/interfaces/lib/libinterfaces__rosidl_typesupport_cpp.so
[8.807s] -- Set runtime path of "/home/donjoe/Documents/MagangBanyubramanta_DanielAdhitthana/install/interfaces/lib/libinterfaces__rosidl_typesupport_cpp.so" to ""
[8.807s] -- Installing: /home/donjoe/Documents/MagangBanyubramanta_DanielAdhitthana/install/interfaces/share/interfaces/environment/pythonpath.sh
[8.808s] -- Installing: /home/donjoe/Documents/MagangBanyubramanta_DanielAdhitthana/install/interfaces/share/interfaces/environment/pythonpath.dsv
[8.809s] -- Installing: /home/donjoe/Documents/MagangBanyubramanta_DanielAdhitthana/install/interfaces/local/lib/python3.10/dist-packages/interfaces-0.0.0-py3.10.egg-info
[8.809s] -- Installing: /home/donjoe/Documents/MagangBanyubramanta_DanielAdhitthana/install/interfaces/local/lib/python3.10/dist-packages/interfaces-0.0.0-py3.10.egg-info/PKG-INFO
[8.809s] -- Installing: /home/donjoe/Documents/MagangBanyubramanta_DanielAdhitthana/install/interfaces/local/lib/python3.10/dist-packages/interfaces-0.0.0-py3.10.egg-info/SOURCES.txt
[8.809s] -- Installing: /home/donjoe/Documents/MagangBanyubramanta_DanielAdhitthana/install/interfaces/local/lib/python3.10/dist-packages/interfaces-0.0.0-py3.10.egg-info/dependency_links.txt
[8.810s] -- Installing: /home/donjoe/Documents/MagangBanyubramanta_DanielAdhitthana/install/interfaces/local/lib/python3.10/dist-packages/interfaces-0.0.0-py3.10.egg-info/top_level.txt
[8.810s] -- Installing: /home/donjoe/Documents/MagangBanyubramanta_DanielAdhitthana/install/interfaces/local/lib/python3.10/dist-packages/interfaces
[8.810s] -- Installing: /home/donjoe/Documents/MagangBanyubramanta_DanielAdhitthana/install/interfaces/local/lib/python3.10/dist-packages/interfaces/interfaces_s__rosidl_typesupport_fastrtps_c.cpython-310-x86_64-linux-gnu.so
[8.811s] -- Installing: /home/donjoe/Documents/MagangBanyubramanta_DanielAdhitthana/install/interfaces/local/lib/python3.10/dist-packages/interfaces/_interfaces_s.ep.rosidl_typesupport_c.c
[8.811s] -- Installing: /home/donjoe/Documents/MagangBanyubramanta_DanielAdhitthana/install/interfaces/local/lib/python3.10/dist-packages/interfaces/libinterfaces__rosidl_generator_py.so
[8.811s] -- Installing: /home/donjoe/Documents/MagangBanyubramanta_DanielAdhitthana/install/interfaces/local/lib/python3.10/dist-packages/interfaces/_interfaces_s.ep.rosidl_typesupport_introspection_c.c
[8.812s] -- Installing: /home/donjoe/Documents/MagangBanyubramanta_DanielAdhitthana/install/interfaces/local/lib/python3.10/dist-packages/interfaces/interfaces_s__rosidl_typesupport_introspection_c.cpython-310-x86_64-linux-gnu.so
[8.812s] -- Installing: /home/donjoe/Documents/MagangBanyubramanta_DanielAdhitthana/install/interfaces/local/lib/python3.10/dist-packages/interfaces/msg
[8.812s] -- Installing: /home/donjoe/Documents/MagangBanyubramanta_DanielAdhitthana/install/interfaces/local/lib/python3.10/dist-packages/interfaces/msg/_object_s.c
[8.813s] -- Installing: /home/donjoe/Documents/MagangBanyubramanta_DanielAdhitthana/install/interfaces/local/lib/python3.10/dist-packages/interfaces/msg/_motion_s.c
[8.813s] -- Installing: /home/donjoe/Documents/MagangBanyubramanta_DanielAdhitthana/install/interfaces/local/lib/python3.10/dist-packages/interfaces/msg/_object.py
[8.813s] -- Installing: /home/donjoe/Documents/MagangBanyubramanta_DanielAdhitthana/install/interfaces/local/lib/python3.10/dist-packages/interfaces/msg/_motion.py
[8.813s] -- Installing: /home/donjoe/Documents/MagangBanyubramanta_DanielAdhitthana/install/interfaces/local/lib/python3.10/dist-packages/interfaces/msg/__init__.py
[8.814s] -- Installing: /home/donjoe/Documents/MagangBanyubramanta_DanielAdhitthana/install/interfaces/local/lib/python3.10/dist-packages/interfaces/interfaces_s__rosidl_typesupport_c.cpython-310-x86_64-linux-gnu.so
[8.814s] -- Installing: /home/donjoe/Documents/MagangBanyubramanta_DanielAdhitthana/install/interfaces/local/lib/python3.10/dist-packages/interfaces/__init__.py
[8.814s] -- Installing: /home/donjoe/Documents/MagangBanyubramanta_DanielAdhitthana/install/interfaces/local/lib/python3.10/dist-packages/interfaces/_interfaces_s.ep.rosidl_typesupport_fastrtps_c.c
[8.881s] Listing '/home/donjoe/Documents/MagangBanyubramanta_DanielAdhitthana/install/interfaces/local/lib/python3.10/dist-packages/interfaces'...
[8.881s] Compiling '/home/donjoe/Documents/MagangBanyubramanta_DanielAdhitthana/install/interfaces/local/lib/python3.10/dist-packages/interfaces/__init__.py'...
[8.882s] Listing '/home/donjoe/Documents/MagangBanyubramanta_DanielAdhitthana/install/interfaces/local/lib/python3.10/dist-packages/interfaces/msg'...
[8.882s] Compiling '/home/donjoe/Documents/MagangBanyubramanta_DanielAdhitthana/install/interfaces/local/lib/python3.10/dist-packages/interfaces/msg/__init__.py'...
[8.882s] Compiling '/home/donjoe/Documents/MagangBanyubramanta_DanielAdhitthana/install/interfaces/local/lib/python3.10/dist-packages/interfaces/msg/_motion.py'...
[8.882s] Compiling '/home/donjoe/Documents/MagangBanyubramanta_DanielAdhitthana/install/interfaces/local/lib/python3.10/dist-packages/interfaces/msg/_object.py'...
[8.889s] -- Installing: /home/donjoe/Documents/MagangBanyubramanta_DanielAdhitthana/install/interfaces/local/lib/python3.10/dist-packages/interfaces/interfaces_s__rosidl_typesupport_fastrtps_c.cpython-310-x86_64-linux-gnu.so
[8.890s] -- Set runtime path of "/home/donjoe/Documents/MagangBanyubramanta_DanielAdhitthana/install/interfaces/local/lib/python3.10/dist-packages/interfaces/interfaces_s__rosidl_typesupport_fastrtps_c.cpython-310-x86_64-linux-gnu.so" to ""
[8.890s] -- Installing: /home/donjoe/Documents/MagangBanyubramanta_DanielAdhitthana/install/interfaces/local/lib/python3.10/dist-packages/interfaces/interfaces_s__rosidl_typesupport_introspection_c.cpython-310-x86_64-linux-gnu.so
[8.891s] -- Set runtime path of "/home/donjoe/Documents/MagangBanyubramanta_DanielAdhitthana/install/interfaces/local/lib/python3.10/dist-packages/interfaces/interfaces_s__rosidl_typesupport_introspection_c.cpython-310-x86_64-linux-gnu.so" to ""
[8.891s] -- Installing: /home/donjoe/Documents/MagangBanyubramanta_DanielAdhitthana/install/interfaces/local/lib/python3.10/dist-packages/interfaces/interfaces_s__rosidl_typesupport_c.cpython-310-x86_64-linux-gnu.so
[8.892s] -- Set runtime path of "/home/donjoe/Documents/MagangBanyubramanta_DanielAdhitthana/install/interfaces/local/lib/python3.10/dist-packages/interfaces/interfaces_s__rosidl_typesupport_c.cpython-310-x86_64-linux-gnu.so" to ""
[8.892s] -- Installing: /home/donjoe/Documents/MagangBanyubramanta_DanielAdhitthana/install/interfaces/lib/libinterfaces__rosidl_generator_py.so
[8.893s] -- Set runtime path of "/home/donjoe/Documents/MagangBanyubramanta_DanielAdhitthana/install/interfaces/lib/libinterfaces__rosidl_generator_py.so" to ""
[8.893s] -- Installing: /home/donjoe/Documents/MagangBanyubramanta_DanielAdhitthana/install/interfaces/share/interfaces/msg/Motion.idl
[8.893s] -- Installing: /home/donjoe/Documents/MagangBanyubramanta_DanielAdhitthana/install/interfaces/share/interfaces/msg/Object.idl
[8.894s] -- Installing: /home/donjoe/Documents/MagangBanyubramanta_DanielAdhitthana/install/interfaces/share/interfaces/msg/Motion.msg
[8.894s] -- Installing: /home/donjoe/Documents/MagangBanyubramanta_DanielAdhitthana/install/interfaces/share/interfaces/msg/Object.msg
[8.895s] -- Installing: /home/donjoe/Documents/MagangBanyubramanta_DanielAdhitthana/install/interfaces/share/ament_index/resource_index/package_run_dependencies/interfaces
[8.895s] -- Installing: /home/donjoe/Documents/MagangBanyubramanta_DanielAdhitthana/install/interfaces/share/ament_index/resource_index/parent_prefix_path/interfaces
[8.896s] -- Installing: /home/donjoe/Documents/MagangBanyubramanta_DanielAdhitthana/install/interfaces/share/interfaces/environment/ament_prefix_path.sh
[8.896s] -- Installing: /home/donjoe/Documents/MagangBanyubramanta_DanielAdhitthana/install/interfaces/share/interfaces/environment/ament_prefix_path.dsv
[8.896s] -- Installing: /home/donjoe/Documents/MagangBanyubramanta_DanielAdhitthana/install/interfaces/share/interfaces/environment/path.sh
[8.897s] -- Installing: /home/donjoe/Documents/MagangBanyubramanta_DanielAdhitthana/install/interfaces/share/interfaces/environment/path.dsv
[8.897s] -- Installing: /home/donjoe/Documents/MagangBanyubramanta_DanielAdhitthana/install/interfaces/share/interfaces/local_setup.bash
[8.898s] -- Installing: /home/donjoe/Documents/MagangBanyubramanta_DanielAdhitthana/install/interfaces/share/interfaces/local_setup.sh
[8.898s] -- Installing: /home/donjoe/Documents/MagangBanyubramanta_DanielAdhitthana/install/interfaces/share/interfaces/local_setup.zsh
[8.898s] -- Installing: /home/donjoe/Documents/MagangBanyubramanta_DanielAdhitthana/install/interfaces/share/interfaces/local_setup.dsv
[8.899s] -- Installing: /home/donjoe/Documents/MagangBanyubramanta_DanielAdhitthana/install/interfaces/share/interfaces/package.dsv
[8.899s] -- Installing: /home/donjoe/Documents/MagangBanyubramanta_DanielAdhitthana/install/interfaces/share/ament_index/resource_index/packages/interfaces
[8.899s] -- Installing: /home/donjoe/Documents/MagangBanyubramanta_DanielAdhitthana/install/interfaces/share/interfaces/cmake/export_interfaces__rosidl_generator_cExport.cmake
[8.899s] -- Installing: /home/donjoe/Documents/MagangBanyubramanta_DanielAdhitthana/install/interfaces/share/interfaces/cmake/export_interfaces__rosidl_generator_cExport-noconfig.cmake
[8.900s] -- Installing: /home/donjoe/Documents/MagangBanyubramanta_DanielAdhitthana/install/interfaces/share/interfaces/cmake/export_interfaces__rosidl_typesupport_fastrtps_cExport.cmake
[8.900s] -- Installing: /home/donjoe/Documents/MagangBanyubramanta_DanielAdhitthana/install/interfaces/share/interfaces/cmake/export_interfaces__rosidl_typesupport_fastrtps_cExport-noconfig.cmake
[8.901s] -- Installing: /home/donjoe/Documents/MagangBanyubramanta_DanielAdhitthana/install/interfaces/share/interfaces/cmake/interfaces__rosidl_typesupport_introspection_cExport.cmake
[8.901s] -- Installing: /home/donjoe/Documents/MagangBanyubramanta_DanielAdhitthana/install/interfaces/share/interfaces/cmake/interfaces__rosidl_typesupport_introspection_cExport-noconfig.cmake
[8.901s] -- Installing: /home/donjoe/Documents/MagangBanyubramanta_DanielAdhitthana/install/interfaces/share/interfaces/cmake/interfaces__rosidl_typesupport_cExport.cmake
[8.902s] -- Installing: /home/donjoe/Documents/MagangBanyubramanta_DanielAdhitthana/install/interfaces/share/interfaces/cmake/interfaces__rosidl_typesupport_cExport-noconfig.cmake
[8.902s] -- Installing: /home/donjoe/Documents/MagangBanyubramanta_DanielAdhitthana/install/interfaces/share/interfaces/cmake/export_interfaces__rosidl_generator_cppExport.cmake
[8.903s] -- Installing: /home/donjoe/Documents/MagangBanyubramanta_DanielAdhitthana/install/interfaces/share/interfaces/cmake/export_interfaces__rosidl_typesupport_fastrtps_cppExport.cmake
[8.903s] -- Installing: /home/donjoe/Documents/MagangBanyubramanta_DanielAdhitthana/install/interfaces/share/interfaces/cmake/export_interfaces__rosidl_typesupport_fastrtps_cppExport-noconfig.cmake
[8.903s] -- Installing: /home/donjoe/Documents/MagangBanyubramanta_DanielAdhitthana/install/interfaces/share/interfaces/cmake/interfaces__rosidl_typesupport_introspection_cppExport.cmake
[8.904s] -- Installing: /home/donjoe/Documents/MagangBanyubramanta_DanielAdhitthana/install/interfaces/share/interfaces/cmake/interfaces__rosidl_typesupport_introspection_cppExport-noconfig.cmake
[8.904s] -- Installing: /home/donjoe/Documents/MagangBanyubramanta_DanielAdhitthana/install/interfaces/share/interfaces/cmake/interfaces__rosidl_typesupport_cppExport.cmake
[8.904s] -- Installing: /home/donjoe/Documents/MagangBanyubramanta_DanielAdhitthana/install/interfaces/share/interfaces/cmake/interfaces__rosidl_typesupport_cppExport-noconfig.cmake
[8.905s] -- Installing: /home/donjoe/Documents/MagangBanyubramanta_DanielAdhitthana/install/interfaces/share/interfaces/cmake/export_interfaces__rosidl_generator_pyExport.cmake
[8.905s] -- Installing: /home/donjoe/Documents/MagangBanyubramanta_DanielAdhitthana/install/interfaces/share/interfaces/cmake/export_interfaces__rosidl_generator_pyExport-noconfig.cmake
[8.905s] -- Installing: /home/donjoe/Documents/MagangBanyubramanta_DanielAdhitthana/install/interfaces/share/interfaces/cmake/rosidl_cmake-extras.cmake
[8.906s] -- Installing: /home/donjoe/Documents/MagangBanyubramanta_DanielAdhitthana/install/interfaces/share/interfaces/cmake/ament_cmake_export_include_directories-extras.cmake
[8.906s] -- Installing: /home/donjoe/Documents/MagangBanyubramanta_DanielAdhitthana/install/interfaces/share/interfaces/cmake/ament_cmake_export_libraries-extras.cmake
[8.906s] -- Installing: /home/donjoe/Documents/MagangBanyubramanta_DanielAdhitthana/install/interfaces/share/interfaces/cmake/ament_cmake_export_targets-extras.cmake
[8.907s] -- Installing: /home/donjoe/Documents/MagangBanyubramanta_DanielAdhitthana/install/interfaces/share/interfaces/cmake/rosidl_cmake_export_typesupport_targets-extras.cmake
[8.907s] -- Installing: /home/donjoe/Documents/MagangBanyubramanta_DanielAdhitthana/install/interfaces/share/interfaces/cmake/ament_cmake_export_dependencies-extras.cmake
[8.907s] -- Installing: /home/donjoe/Documents/MagangBanyubramanta_DanielAdhitthana/install/interfaces/share/interfaces/cmake/rosidl_cmake_export_typesupport_libraries-extras.cmake
[8.908s] -- Installing: /home/donjoe/Documents/MagangBanyubramanta_DanielAdhitthana/install/interfaces/share/interfaces/cmake/interfacesConfig.cmake
[8.908s] -- Installing: /home/donjoe/Documents/MagangBanyubramanta_DanielAdhitthana/install/interfaces/share/interfaces/cmake/interfacesConfig-version.cmake
[8.908s] -- Installing: /home/donjoe/Documents/MagangBanyubramanta_DanielAdhitthana/install/interfaces/share/interfaces/package.xml
[8.912s] Invoked command in '/home/donjoe/Documents/MagangBanyubramanta_DanielAdhitthana/build/interfaces' returned '0': CMAKE_PREFIX_PATH=${CMAKE_PREFIX_PATH}:/opt/ros/humble /usr/bin/cmake --install /home/donjoe/Documents/MagangBanyubramanta_DanielAdhitthana/build/interfaces
