[0.039s] Invoking command in '/home/donjoe/MagangBanyubramanta_DanielAdhitthana/build/camera': CMAKE_PREFIX_PATH=/opt/ros/humble /usr/bin/cmake --build /home/donjoe/MagangBanyubramanta_DanielAdhitthana/build/camera -- -j4 -l4
[0.064s] -- Found ament_cmake: 1.3.7 (/opt/ros/humble/share/ament_cmake/cmake)
[0.174s] -- Found rclcpp: 16.0.8 (/opt/ros/humble/share/rclcpp/cmake)
[0.318s] -- Found rosidl_generator_c: 3.1.5 (/opt/ros/humble/share/rosidl_generator_c/cmake)
[0.319s] -- Found rosidl_adapter: 3.1.5 (/opt/ros/humble/share/rosidl_adapter/cmake)
[0.324s] -- Found rosidl_generator_cpp: 3.1.5 (/opt/ros/humble/share/rosidl_generator_cpp/cmake)
[0.331s] -- Using all available rosidl_typesupport_c: rosidl_typesupport_fastrtps_c;rosidl_typesupport_introspection_c
[0.341s] -- Using all available rosidl_typesupport_cpp: rosidl_typesupport_fastrtps_cpp;rosidl_typesupport_introspection_cpp
[0.382s] -- Found rmw_implementation_cmake: 6.1.1 (/opt/ros/humble/share/rmw_implementation_cmake/cmake)
[0.383s] -- Found rmw_fastrtps_cpp: 6.2.6 (/opt/ros/humble/share/rmw_fastrtps_cpp/cmake)
[6.021s] -- Using RMW implementation 'rmw_fastrtps_cpp' as default
[6.144s] -- Found rosidl_default_generators: 1.2.0 (/opt/ros/humble/share/rosidl_default_generators/cmake)
[6.330s] -- Found ament_cmake_ros: 0.10.0 (/opt/ros/humble/share/ament_cmake_ros/cmake)
[6.547s] -- Using all available rosidl_typesupport_c: rosidl_typesupport_fastrtps_c;rosidl_typesupport_introspection_c
[6.637s] -- Using all available rosidl_typesupport_cpp: rosidl_typesupport_fastrtps_cpp;rosidl_typesupport_introspection_cpp
[6.654s] -- Found python_cmake_module: 0.10.0 (/opt/ros/humble/share/python_cmake_module/cmake)
[6.671s] -- Using PYTHON_EXECUTABLE: /usr/bin/python3
[6.671s] -- Using PYTHON_INCLUDE_DIRS: /usr/include/python3.10
[6.671s] -- Using PYTHON_LIBRARIES: /usr/lib/x86_64-linux-gnu/libpython3.10.so
[6.680s] [31mCMake Error at CMakeLists.txt:27 (target_link_libraries):
[6.680s]   Cannot specify link libraries for target "DisplayImage" which is not built
[6.680s]   by this project.
[6.680s] 
[6.680s] [0m
[6.680s] -- Configuring incomplete, errors occurred!
[6.680s] See also "/home/donjoe/MagangBanyubramanta_DanielAdhitthana/build/camera/CMakeFiles/CMakeOutput.log".
[6.687s] gmake: *** [Makefile:788: cmake_check_build_system] Error 1
[6.689s] Invoked command in '/home/donjoe/MagangBanyubramanta_DanielAdhitthana/build/camera' returned '2': CMAKE_PREFIX_PATH=/opt/ros/humble /usr/bin/cmake --build /home/donjoe/MagangBanyubramanta_DanielAdhitthana/build/camera -- -j4 -l4
