[35m[1mConsolidate compiler generated dependencies of target node[0m
[ 50%] [32mBuilding CXX object CMakeFiles/node.dir/src/node.cpp.o[0m
[100%] [32m[1mLinking CXX executable node[0m
[100%] Built target node
-- Install configuration: ""
-- Installing: /home/donjoe/Documents/MagangBanyubramanta_DanielAdhitthana/install/communicator/lib/communicator/node
-- Set runtime path of "/home/donjoe/Documents/MagangBanyubramanta_DanielAdhitthana/install/communicator/lib/communicator/node" to ""
-- Up-to-date: /home/donjoe/Documents/MagangBanyubramanta_DanielAdhitthana/install/communicator/share/ament_index/resource_index/package_run_dependencies/communicator
-- Up-to-date: /home/donjoe/Documents/MagangBanyubramanta_DanielAdhitthana/install/communicator/share/ament_index/resource_index/parent_prefix_path/communicator
-- Up-to-date: /home/donjoe/Documents/MagangBanyubramanta_DanielAdhitthana/install/communicator/share/communicator/environment/ament_prefix_path.sh
-- Up-to-date: /home/donjoe/Documents/MagangBanyubramanta_DanielAdhitthana/install/communicator/share/communicator/environment/ament_prefix_path.dsv
-- Up-to-date: /home/donjoe/Documents/MagangBanyubramanta_DanielAdhitthana/install/communicator/share/communicator/environment/path.sh
-- Up-to-date: /home/donjoe/Documents/MagangBanyubramanta_DanielAdhitthana/install/communicator/share/communicator/environment/path.dsv
-- Up-to-date: /home/donjoe/Documents/MagangBanyubramanta_DanielAdhitthana/install/communicator/share/communicator/local_setup.bash
-- Up-to-date: /home/donjoe/Documents/MagangBanyubramanta_DanielAdhitthana/install/communicator/share/communicator/local_setup.sh
-- Up-to-date: /home/donjoe/Documents/MagangBanyubramanta_DanielAdhitthana/install/communicator/share/communicator/local_setup.zsh
-- Up-to-date: /home/donjoe/Documents/MagangBanyubramanta_DanielAdhitthana/install/communicator/share/communicator/local_setup.dsv
-- Installing: /home/donjoe/Documents/MagangBanyubramanta_DanielAdhitthana/install/communicator/share/communicator/package.dsv
-- Up-to-date: /home/donjoe/Documents/MagangBanyubramanta_DanielAdhitthana/install/communicator/share/ament_index/resource_index/packages/communicator
-- Up-to-date: /home/donjoe/Documents/MagangBanyubramanta_DanielAdhitthana/install/communicator/share/communicator/cmake/communicatorConfig.cmake
-- Up-to-date: /home/donjoe/Documents/MagangBanyubramanta_DanielAdhitthana/install/communicator/share/communicator/cmake/communicatorConfig-version.cmake
-- Up-to-date: /home/donjoe/Documents/MagangBanyubramanta_DanielAdhitthana/install/communicator/share/communicator/package.xml
