[0.019s] Invoking command in '/home/donjoe/MagangBanyubramanta_DanielAdhitthana/build/camera': /usr/bin/cmake /home/donjoe/MagangBanyubramanta_DanielAdhitthana/src/camera -DCMAKE_INSTALL_PREFIX=/home/donjoe/MagangBanyubramanta_DanielAdhitthana/install/camera
[1.239s] [31mCMake Error at CMakeLists.txt:9 (find_package):
[1.239s]   By not providing "Findament_cmake.cmake" in CMAKE_MODULE_PATH this project
[1.239s]   has asked CMake to find a package configuration file provided by
[1.239s]   "ament_cmake", but CMake did not find one.
[1.239s] 
[1.239s]   Could not find a package configuration file provided by "ament_cmake" with
[1.239s]   any of the following names:
[1.239s] 
[1.239s]     ament_cmakeConfig.cmake
[1.239s]     ament_cmake-config.cmake
[1.239s] 
[1.239s]   Add the installation prefix of "ament_cmake" to CMAKE_PREFIX_PATH or set
[1.239s]   "ament_cmake_DIR" to a directory containing one of the above files.  If
[1.239s]   "ament_cmake" provides a separate development package or SDK, be sure it
[1.239s]   has been installed.
[1.239s] 
[1.239s] [0m
[1.239s] -- Configuring incomplete, errors occurred!
[1.239s] See also "/home/donjoe/MagangBanyubramanta_DanielAdhitthana/build/camera/CMakeFiles/CMakeOutput.log".
[1.241s] Invoked command in '/home/donjoe/MagangBanyubramanta_DanielAdhitthana/build/camera' returned '1': /usr/bin/cmake /home/donjoe/MagangBanyubramanta_DanielAdhitthana/src/camera -DCMAKE_INSTALL_PREFIX=/home/donjoe/MagangBanyubramanta_DanielAdhitthana/install/camera
