[0.273s] Invoking command in '/home/donjoe/MagangBanyubramanta_DanielAdhitthana/build/camera': CMAKE_PREFIX_PATH=/opt/ros/humble /usr/bin/cmake --build /home/donjoe/MagangBanyubramanta_DanielAdhitthana/build/camera -- -j4 -l4
[1.145s] -- Found ament_cmake: 1.3.7 (/opt/ros/humble/share/ament_cmake/cmake)
[1.553s] -- Found rclcpp: 16.0.8 (/opt/ros/humble/share/rclcpp/cmake)
[2.138s] -- Found rosidl_generator_c: 3.1.5 (/opt/ros/humble/share/rosidl_generator_c/cmake)
[2.142s] -- Found rosidl_adapter: 3.1.5 (/opt/ros/humble/share/rosidl_adapter/cmake)
[2.158s] -- Found rosidl_generator_cpp: 3.1.5 (/opt/ros/humble/share/rosidl_generator_cpp/cmake)
[2.185s] -- Using all available rosidl_typesupport_c: rosidl_typesupport_fastrtps_c;rosidl_typesupport_introspection_c
[2.223s] -- Using all available rosidl_typesupport_cpp: rosidl_typesupport_fastrtps_cpp;rosidl_typesupport_introspection_cpp
[2.372s] -- Found rmw_implementation_cmake: 6.1.1 (/opt/ros/humble/share/rmw_implementation_cmake/cmake)
[2.380s] -- Found rmw_fastrtps_cpp: 6.2.6 (/opt/ros/humble/share/rmw_fastrtps_cpp/cmake)
[17.809s] -- Using RMW implementation 'rmw_fastrtps_cpp' as default
[18.236s] -- Found rosidl_default_generators: 1.2.0 (/opt/ros/humble/share/rosidl_default_generators/cmake)
[18.774s] -- Found ament_cmake_ros: 0.10.0 (/opt/ros/humble/share/ament_cmake_ros/cmake)
[19.452s] -- Using all available rosidl_typesupport_c: rosidl_typesupport_fastrtps_c;rosidl_typesupport_introspection_c
[19.790s] -- Using all available rosidl_typesupport_cpp: rosidl_typesupport_fastrtps_cpp;rosidl_typesupport_introspection_cpp
[19.886s] -- Found python_cmake_module: 0.10.0 (/opt/ros/humble/share/python_cmake_module/cmake)
[19.943s] -- Using PYTHON_EXECUTABLE: /usr/bin/python3
[19.943s] -- Using PYTHON_INCLUDE_DIRS: /usr/include/python3.10
[19.943s] -- Using PYTHON_LIBRARIES: /usr/lib/x86_64-linux-gnu/libpython3.10.so
[19.983s] -- Found ament_lint_auto: 0.12.10 (/opt/ros/humble/share/ament_lint_auto/cmake)
[20.037s] -- Added test 'cppcheck' to perform static code analysis on C / C++ code
[20.038s] -- Configured cppcheck include dirs: 
[20.038s] -- Configured cppcheck exclude dirs and/or files: 
[20.039s] -- Added test 'lint_cmake' to check CMake code style
[20.041s] -- Added test 'uncrustify' to check C / C++ code style
[20.041s] -- Configured uncrustify additional arguments: 
[20.041s] -- Added test 'xmllint' to check XML markup files
[20.049s] -- Configuring done
[20.246s] -- Generating done
[20.279s] -- Build files have been written to: /home/donjoe/MagangBanyubramanta_DanielAdhitthana/build/camera
[20.317s] [35m[1mConsolidate compiler generated dependencies of target camera__rosidl_generator_c[0m
[20.341s] [  3%] Built target camera__cpp
[20.343s] [ 12%] Built target camera__rosidl_generator_c
[20.356s] [35m[1mConsolidate compiler generated dependencies of target camera__rosidl_typesupport_introspection_cpp[0m
[20.358s] [35m[1mConsolidate compiler generated dependencies of target camera__rosidl_typesupport_fastrtps_cpp[0m
[20.362s] [35m[1mConsolidate compiler generated dependencies of target camera__rosidl_typesupport_cpp[0m
[20.384s] [ 21%] Built target camera__rosidl_typesupport_fastrtps_cpp
[20.387s] [ 30%] Built target camera__rosidl_typesupport_introspection_cpp
[20.398s] [ 39%] Built target camera__rosidl_typesupport_cpp
[20.408s] [ 39%] Built target ament_cmake_python_copy_camera
[20.411s] [35m[1mConsolidate compiler generated dependencies of target camera__rosidl_typesupport_fastrtps_c[0m
[20.417s] [35m[1mConsolidate compiler generated dependencies of target camera__rosidl_typesupport_introspection_c[0m
[20.438s] [ 57%] Built target camera__rosidl_typesupport_fastrtps_c
[20.439s] [35m[1mConsolidate compiler generated dependencies of target node[0m
[20.439s] [ 57%] Built target camera__rosidl_typesupport_introspection_c
[20.445s] [35m[1mConsolidate compiler generated dependencies of target camera__rosidl_typesupport_c[0m
[20.459s] [ 66%] Built target camera__rosidl_typesupport_c
[20.467s] [ 69%] [32mBuilding CXX object CMakeFiles/node.dir/src/node.cpp.o[0m
[20.492s] [ 69%] Built target camera
[20.536s] [ 72%] Built target camera__py
[20.549s] [35m[1mConsolidate compiler generated dependencies of target camera__rosidl_generator_py[0m
[20.573s] [ 78%] Built target camera__rosidl_generator_py
[20.599s] [35m[1mConsolidate compiler generated dependencies of target camera__rosidl_typesupport_introspection_c__pyext[0m
[20.623s] [35m[1mConsolidate compiler generated dependencies of target camera__rosidl_typesupport_fastrtps_c__pyext[0m
[20.657s] [ 84%] Built target camera__rosidl_typesupport_introspection_c__pyext
[20.665s] [ 90%] Built target camera__rosidl_typesupport_fastrtps_c__pyext
[20.684s] [35m[1mConsolidate compiler generated dependencies of target camera__rosidl_typesupport_c__pyext[0m
[20.716s] [ 96%] Built target camera__rosidl_typesupport_c__pyext
[20.975s] running egg_info
[20.984s] writing camera.egg-info/PKG-INFO
[20.984s] writing dependency_links to camera.egg-info/dependency_links.txt
[20.984s] writing top-level names to camera.egg-info/top_level.txt
[21.002s] reading manifest file 'camera.egg-info/SOURCES.txt'
[21.005s] writing manifest file 'camera.egg-info/SOURCES.txt'
[21.110s] [ 96%] Built target ament_cmake_python_build_camera_egg
[42.166s] [100%] [32m[1mLinking CXX executable node[0m
[43.511s] [100%] Built target node
[43.557s] Invoked command in '/home/donjoe/MagangBanyubramanta_DanielAdhitthana/build/camera' returned '0': CMAKE_PREFIX_PATH=/opt/ros/humble /usr/bin/cmake --build /home/donjoe/MagangBanyubramanta_DanielAdhitthana/build/camera -- -j4 -l4
[43.666s] Invoking command in '/home/donjoe/MagangBanyubramanta_DanielAdhitthana/build/camera': CMAKE_PREFIX_PATH=/opt/ros/humble /usr/bin/cmake --install /home/donjoe/MagangBanyubramanta_DanielAdhitthana/build/camera
[43.684s] -- Install configuration: ""
[43.691s] -- Up-to-date: /home/donjoe/MagangBanyubramanta_DanielAdhitthana/install/camera/share/ament_index/resource_index/rosidl_interfaces/camera
[43.693s] -- Up-to-date: /home/donjoe/MagangBanyubramanta_DanielAdhitthana/install/camera/include/camera/camera
[43.695s] -- Up-to-date: /home/donjoe/MagangBanyubramanta_DanielAdhitthana/install/camera/include/camera/camera/msg
[43.695s] -- Up-to-date: /home/donjoe/MagangBanyubramanta_DanielAdhitthana/install/camera/include/camera/camera/msg/detail
[43.698s] -- Up-to-date: /home/donjoe/MagangBanyubramanta_DanielAdhitthana/install/camera/include/camera/camera/msg/detail/object__struct.h
[43.698s] -- Up-to-date: /home/donjoe/MagangBanyubramanta_DanielAdhitthana/install/camera/include/camera/camera/msg/detail/object__type_support.h
[43.698s] -- Up-to-date: /home/donjoe/MagangBanyubramanta_DanielAdhitthana/install/camera/include/camera/camera/msg/detail/object__functions.c
[43.698s] -- Up-to-date: /home/donjoe/MagangBanyubramanta_DanielAdhitthana/install/camera/include/camera/camera/msg/detail/object__functions.h
[43.698s] -- Up-to-date: /home/donjoe/MagangBanyubramanta_DanielAdhitthana/install/camera/include/camera/camera/msg/object.h
[43.698s] -- Up-to-date: /home/donjoe/MagangBanyubramanta_DanielAdhitthana/install/camera/include/camera/camera/msg/rosidl_generator_c__visibility_control.h
[43.699s] -- Up-to-date: /home/donjoe/MagangBanyubramanta_DanielAdhitthana/install/camera/share/camera/environment/library_path.sh
[43.702s] -- Installing: /home/donjoe/MagangBanyubramanta_DanielAdhitthana/install/camera/share/camera/environment/library_path.dsv
[43.715s] -- Up-to-date: /home/donjoe/MagangBanyubramanta_DanielAdhitthana/install/camera/lib/libcamera__rosidl_generator_c.so
[43.716s] -- Up-to-date: /home/donjoe/MagangBanyubramanta_DanielAdhitthana/install/camera/include/camera/camera
[43.717s] -- Up-to-date: /home/donjoe/MagangBanyubramanta_DanielAdhitthana/install/camera/include/camera/camera/msg
[43.718s] -- Up-to-date: /home/donjoe/MagangBanyubramanta_DanielAdhitthana/install/camera/include/camera/camera/msg/rosidl_typesupport_fastrtps_c__visibility_control.h
[43.719s] -- Up-to-date: /home/donjoe/MagangBanyubramanta_DanielAdhitthana/install/camera/include/camera/camera/msg/detail
[43.719s] -- Up-to-date: /home/donjoe/MagangBanyubramanta_DanielAdhitthana/install/camera/include/camera/camera/msg/detail/object__rosidl_typesupport_fastrtps_c.h
[43.723s] -- Up-to-date: /home/donjoe/MagangBanyubramanta_DanielAdhitthana/install/camera/lib/libcamera__rosidl_typesupport_fastrtps_c.so
[43.724s] -- Up-to-date: /home/donjoe/MagangBanyubramanta_DanielAdhitthana/install/camera/include/camera/camera
[43.725s] -- Up-to-date: /home/donjoe/MagangBanyubramanta_DanielAdhitthana/install/camera/include/camera/camera/msg
[43.726s] -- Up-to-date: /home/donjoe/MagangBanyubramanta_DanielAdhitthana/install/camera/include/camera/camera/msg/object.hpp
[43.727s] -- Up-to-date: /home/donjoe/MagangBanyubramanta_DanielAdhitthana/install/camera/include/camera/camera/msg/detail
[43.727s] -- Up-to-date: /home/donjoe/MagangBanyubramanta_DanielAdhitthana/install/camera/include/camera/camera/msg/detail/object__struct.hpp
[43.729s] -- Up-to-date: /home/donjoe/MagangBanyubramanta_DanielAdhitthana/install/camera/include/camera/camera/msg/detail/object__traits.hpp
[43.734s] -- Up-to-date: /home/donjoe/MagangBanyubramanta_DanielAdhitthana/install/camera/include/camera/camera/msg/detail/object__builder.hpp
[43.735s] -- Up-to-date: /home/donjoe/MagangBanyubramanta_DanielAdhitthana/install/camera/include/camera/camera
[43.735s] -- Up-to-date: /home/donjoe/MagangBanyubramanta_DanielAdhitthana/install/camera/include/camera/camera/msg
[43.736s] -- Up-to-date: /home/donjoe/MagangBanyubramanta_DanielAdhitthana/install/camera/include/camera/camera/msg/rosidl_typesupport_fastrtps_cpp__visibility_control.h
[43.736s] -- Up-to-date: /home/donjoe/MagangBanyubramanta_DanielAdhitthana/install/camera/include/camera/camera/msg/detail
[43.736s] -- Up-to-date: /home/donjoe/MagangBanyubramanta_DanielAdhitthana/install/camera/include/camera/camera/msg/detail/object__rosidl_typesupport_fastrtps_cpp.hpp
[43.736s] -- Up-to-date: /home/donjoe/MagangBanyubramanta_DanielAdhitthana/install/camera/include/camera/camera/msg/detail/dds_fastrtps
[43.737s] -- Up-to-date: /home/donjoe/MagangBanyubramanta_DanielAdhitthana/install/camera/lib/libcamera__rosidl_typesupport_fastrtps_cpp.so
[43.737s] -- Up-to-date: /home/donjoe/MagangBanyubramanta_DanielAdhitthana/install/camera/include/camera/camera
[43.739s] -- Up-to-date: /home/donjoe/MagangBanyubramanta_DanielAdhitthana/install/camera/include/camera/camera/msg
[43.739s] -- Up-to-date: /home/donjoe/MagangBanyubramanta_DanielAdhitthana/install/camera/include/camera/camera/msg/rosidl_typesupport_introspection_c__visibility_control.h
[43.739s] -- Up-to-date: /home/donjoe/MagangBanyubramanta_DanielAdhitthana/install/camera/include/camera/camera/msg/detail
[43.739s] -- Up-to-date: /home/donjoe/MagangBanyubramanta_DanielAdhitthana/install/camera/include/camera/camera/msg/detail/object__rosidl_typesupport_introspection_c.h
[43.740s] -- Up-to-date: /home/donjoe/MagangBanyubramanta_DanielAdhitthana/install/camera/include/camera/camera/msg/detail/object__type_support.c
[43.742s] -- Up-to-date: /home/donjoe/MagangBanyubramanta_DanielAdhitthana/install/camera/lib/libcamera__rosidl_typesupport_introspection_c.so
[43.748s] -- Up-to-date: /home/donjoe/MagangBanyubramanta_DanielAdhitthana/install/camera/lib/libcamera__rosidl_typesupport_c.so
[43.748s] -- Up-to-date: /home/donjoe/MagangBanyubramanta_DanielAdhitthana/install/camera/include/camera/camera
[43.748s] -- Up-to-date: /home/donjoe/MagangBanyubramanta_DanielAdhitthana/install/camera/include/camera/camera/msg
[43.748s] -- Up-to-date: /home/donjoe/MagangBanyubramanta_DanielAdhitthana/install/camera/include/camera/camera/msg/detail
[43.748s] -- Up-to-date: /home/donjoe/MagangBanyubramanta_DanielAdhitthana/install/camera/include/camera/camera/msg/detail/object__type_support.cpp
[43.749s] -- Up-to-date: /home/donjoe/MagangBanyubramanta_DanielAdhitthana/install/camera/include/camera/camera/msg/detail/object__rosidl_typesupport_introspection_cpp.hpp
[43.749s] -- Up-to-date: /home/donjoe/MagangBanyubramanta_DanielAdhitthana/install/camera/lib/libcamera__rosidl_typesupport_introspection_cpp.so
[43.751s] -- Up-to-date: /home/donjoe/MagangBanyubramanta_DanielAdhitthana/install/camera/lib/libcamera__rosidl_typesupport_cpp.so
[43.751s] -- Up-to-date: /home/donjoe/MagangBanyubramanta_DanielAdhitthana/install/camera/share/camera/environment/pythonpath.sh
[43.751s] -- Installing: /home/donjoe/MagangBanyubramanta_DanielAdhitthana/install/camera/share/camera/environment/pythonpath.dsv
[43.751s] -- Up-to-date: /home/donjoe/MagangBanyubramanta_DanielAdhitthana/install/camera/local/lib/python3.10/dist-packages/camera-0.0.0-py3.10.egg-info
[43.752s] -- Installing: /home/donjoe/MagangBanyubramanta_DanielAdhitthana/install/camera/local/lib/python3.10/dist-packages/camera-0.0.0-py3.10.egg-info/top_level.txt
[43.752s] -- Installing: /home/donjoe/MagangBanyubramanta_DanielAdhitthana/install/camera/local/lib/python3.10/dist-packages/camera-0.0.0-py3.10.egg-info/PKG-INFO
[43.752s] -- Installing: /home/donjoe/MagangBanyubramanta_DanielAdhitthana/install/camera/local/lib/python3.10/dist-packages/camera-0.0.0-py3.10.egg-info/SOURCES.txt
[43.752s] -- Installing: /home/donjoe/MagangBanyubramanta_DanielAdhitthana/install/camera/local/lib/python3.10/dist-packages/camera-0.0.0-py3.10.egg-info/dependency_links.txt
[43.752s] -- Up-to-date: /home/donjoe/MagangBanyubramanta_DanielAdhitthana/install/camera/local/lib/python3.10/dist-packages/camera
[43.753s] -- Up-to-date: /home/donjoe/MagangBanyubramanta_DanielAdhitthana/install/camera/local/lib/python3.10/dist-packages/camera/camera_s__rosidl_typesupport_fastrtps_c.cpython-310-x86_64-linux-gnu.so
[43.753s] -- Up-to-date: /home/donjoe/MagangBanyubramanta_DanielAdhitthana/install/camera/local/lib/python3.10/dist-packages/camera/msg
[43.753s] -- Up-to-date: /home/donjoe/MagangBanyubramanta_DanielAdhitthana/install/camera/local/lib/python3.10/dist-packages/camera/msg/_object.py
[43.753s] -- Up-to-date: /home/donjoe/MagangBanyubramanta_DanielAdhitthana/install/camera/local/lib/python3.10/dist-packages/camera/msg/_object_s.c
[43.753s] -- Up-to-date: /home/donjoe/MagangBanyubramanta_DanielAdhitthana/install/camera/local/lib/python3.10/dist-packages/camera/msg/__init__.py
[43.753s] -- Up-to-date: /home/donjoe/MagangBanyubramanta_DanielAdhitthana/install/camera/local/lib/python3.10/dist-packages/camera/_camera_s.ep.rosidl_typesupport_c.c
[43.753s] -- Up-to-date: /home/donjoe/MagangBanyubramanta_DanielAdhitthana/install/camera/local/lib/python3.10/dist-packages/camera/_camera_s.ep.rosidl_typesupport_fastrtps_c.c
[43.754s] -- Up-to-date: /home/donjoe/MagangBanyubramanta_DanielAdhitthana/install/camera/local/lib/python3.10/dist-packages/camera/camera_s__rosidl_typesupport_c.cpython-310-x86_64-linux-gnu.so
[43.754s] -- Up-to-date: /home/donjoe/MagangBanyubramanta_DanielAdhitthana/install/camera/local/lib/python3.10/dist-packages/camera/_camera_s.ep.rosidl_typesupport_introspection_c.c
[43.754s] -- Up-to-date: /home/donjoe/MagangBanyubramanta_DanielAdhitthana/install/camera/local/lib/python3.10/dist-packages/camera/camera_s__rosidl_typesupport_introspection_c.cpython-310-x86_64-linux-gnu.so
[43.754s] -- Up-to-date: /home/donjoe/MagangBanyubramanta_DanielAdhitthana/install/camera/local/lib/python3.10/dist-packages/camera/libcamera__rosidl_generator_py.so
[43.754s] -- Installing: /home/donjoe/MagangBanyubramanta_DanielAdhitthana/install/camera/local/lib/python3.10/dist-packages/camera/__init__.py
[43.805s] Listing '/home/donjoe/MagangBanyubramanta_DanielAdhitthana/install/camera/local/lib/python3.10/dist-packages/camera'...
[43.805s] Compiling '/home/donjoe/MagangBanyubramanta_DanielAdhitthana/install/camera/local/lib/python3.10/dist-packages/camera/__init__.py'...
[43.805s] Listing '/home/donjoe/MagangBanyubramanta_DanielAdhitthana/install/camera/local/lib/python3.10/dist-packages/camera/msg'...
[43.816s] -- Up-to-date: /home/donjoe/MagangBanyubramanta_DanielAdhitthana/install/camera/local/lib/python3.10/dist-packages/camera/camera_s__rosidl_typesupport_fastrtps_c.cpython-310-x86_64-linux-gnu.so
[43.816s] -- Up-to-date: /home/donjoe/MagangBanyubramanta_DanielAdhitthana/install/camera/local/lib/python3.10/dist-packages/camera/camera_s__rosidl_typesupport_introspection_c.cpython-310-x86_64-linux-gnu.so
[43.818s] -- Up-to-date: /home/donjoe/MagangBanyubramanta_DanielAdhitthana/install/camera/local/lib/python3.10/dist-packages/camera/camera_s__rosidl_typesupport_c.cpython-310-x86_64-linux-gnu.so
[43.819s] -- Up-to-date: /home/donjoe/MagangBanyubramanta_DanielAdhitthana/install/camera/lib/libcamera__rosidl_generator_py.so
[43.820s] -- Up-to-date: /home/donjoe/MagangBanyubramanta_DanielAdhitthana/install/camera/share/camera/msg/Object.idl
[43.820s] -- Up-to-date: /home/donjoe/MagangBanyubramanta_DanielAdhitthana/install/camera/share/camera/msg/Object.msg
[43.822s] -- Installing: /home/donjoe/MagangBanyubramanta_DanielAdhitthana/install/camera/lib/camera/node
[43.828s] -- Set runtime path of "/home/donjoe/MagangBanyubramanta_DanielAdhitthana/install/camera/lib/camera/node" to ""
[43.828s] -- Up-to-date: /home/donjoe/MagangBanyubramanta_DanielAdhitthana/install/camera/share/ament_index/resource_index/package_run_dependencies/camera
[43.828s] -- Up-to-date: /home/donjoe/MagangBanyubramanta_DanielAdhitthana/install/camera/share/ament_index/resource_index/parent_prefix_path/camera
[43.828s] -- Up-to-date: /home/donjoe/MagangBanyubramanta_DanielAdhitthana/install/camera/share/camera/environment/ament_prefix_path.sh
[43.828s] -- Installing: /home/donjoe/MagangBanyubramanta_DanielAdhitthana/install/camera/share/camera/environment/ament_prefix_path.dsv
[43.829s] -- Up-to-date: /home/donjoe/MagangBanyubramanta_DanielAdhitthana/install/camera/share/camera/environment/path.sh
[43.829s] -- Installing: /home/donjoe/MagangBanyubramanta_DanielAdhitthana/install/camera/share/camera/environment/path.dsv
[43.829s] -- Up-to-date: /home/donjoe/MagangBanyubramanta_DanielAdhitthana/install/camera/share/camera/local_setup.bash
[43.829s] -- Up-to-date: /home/donjoe/MagangBanyubramanta_DanielAdhitthana/install/camera/share/camera/local_setup.sh
[43.829s] -- Up-to-date: /home/donjoe/MagangBanyubramanta_DanielAdhitthana/install/camera/share/camera/local_setup.zsh
[43.829s] -- Installing: /home/donjoe/MagangBanyubramanta_DanielAdhitthana/install/camera/share/camera/local_setup.dsv
[43.830s] -- Installing: /home/donjoe/MagangBanyubramanta_DanielAdhitthana/install/camera/share/camera/package.dsv
[43.830s] -- Up-to-date: /home/donjoe/MagangBanyubramanta_DanielAdhitthana/install/camera/share/ament_index/resource_index/packages/camera
[43.831s] -- Up-to-date: /home/donjoe/MagangBanyubramanta_DanielAdhitthana/install/camera/share/camera/cmake/export_camera__rosidl_generator_cExport.cmake
[43.832s] -- Up-to-date: /home/donjoe/MagangBanyubramanta_DanielAdhitthana/install/camera/share/camera/cmake/export_camera__rosidl_generator_cExport-noconfig.cmake
[43.832s] -- Up-to-date: /home/donjoe/MagangBanyubramanta_DanielAdhitthana/install/camera/share/camera/cmake/export_camera__rosidl_typesupport_fastrtps_cExport.cmake
[43.833s] -- Up-to-date: /home/donjoe/MagangBanyubramanta_DanielAdhitthana/install/camera/share/camera/cmake/export_camera__rosidl_typesupport_fastrtps_cExport-noconfig.cmake
[43.833s] -- Up-to-date: /home/donjoe/MagangBanyubramanta_DanielAdhitthana/install/camera/share/camera/cmake/export_camera__rosidl_generator_cppExport.cmake
[43.833s] -- Up-to-date: /home/donjoe/MagangBanyubramanta_DanielAdhitthana/install/camera/share/camera/cmake/export_camera__rosidl_typesupport_fastrtps_cppExport.cmake
[43.834s] -- Up-to-date: /home/donjoe/MagangBanyubramanta_DanielAdhitthana/install/camera/share/camera/cmake/export_camera__rosidl_typesupport_fastrtps_cppExport-noconfig.cmake
[43.834s] -- Up-to-date: /home/donjoe/MagangBanyubramanta_DanielAdhitthana/install/camera/share/camera/cmake/camera__rosidl_typesupport_introspection_cExport.cmake
[43.834s] -- Up-to-date: /home/donjoe/MagangBanyubramanta_DanielAdhitthana/install/camera/share/camera/cmake/camera__rosidl_typesupport_introspection_cExport-noconfig.cmake
[43.835s] -- Up-to-date: /home/donjoe/MagangBanyubramanta_DanielAdhitthana/install/camera/share/camera/cmake/camera__rosidl_typesupport_cExport.cmake
[43.835s] -- Up-to-date: /home/donjoe/MagangBanyubramanta_DanielAdhitthana/install/camera/share/camera/cmake/camera__rosidl_typesupport_cExport-noconfig.cmake
[43.836s] -- Up-to-date: /home/donjoe/MagangBanyubramanta_DanielAdhitthana/install/camera/share/camera/cmake/camera__rosidl_typesupport_introspection_cppExport.cmake
[43.836s] -- Up-to-date: /home/donjoe/MagangBanyubramanta_DanielAdhitthana/install/camera/share/camera/cmake/camera__rosidl_typesupport_introspection_cppExport-noconfig.cmake
[43.836s] -- Up-to-date: /home/donjoe/MagangBanyubramanta_DanielAdhitthana/install/camera/share/camera/cmake/camera__rosidl_typesupport_cppExport.cmake
[43.836s] -- Up-to-date: /home/donjoe/MagangBanyubramanta_DanielAdhitthana/install/camera/share/camera/cmake/camera__rosidl_typesupport_cppExport-noconfig.cmake
[43.837s] -- Up-to-date: /home/donjoe/MagangBanyubramanta_DanielAdhitthana/install/camera/share/camera/cmake/export_camera__rosidl_generator_pyExport.cmake
[43.837s] -- Up-to-date: /home/donjoe/MagangBanyubramanta_DanielAdhitthana/install/camera/share/camera/cmake/export_camera__rosidl_generator_pyExport-noconfig.cmake
[43.837s] -- Up-to-date: /home/donjoe/MagangBanyubramanta_DanielAdhitthana/install/camera/share/camera/cmake/rosidl_cmake-extras.cmake
[43.837s] -- Up-to-date: /home/donjoe/MagangBanyubramanta_DanielAdhitthana/install/camera/share/camera/cmake/ament_cmake_export_include_directories-extras.cmake
[43.837s] -- Up-to-date: /home/donjoe/MagangBanyubramanta_DanielAdhitthana/install/camera/share/camera/cmake/ament_cmake_export_libraries-extras.cmake
[43.838s] -- Up-to-date: /home/donjoe/MagangBanyubramanta_DanielAdhitthana/install/camera/share/camera/cmake/ament_cmake_export_targets-extras.cmake
[43.838s] -- Up-to-date: /home/donjoe/MagangBanyubramanta_DanielAdhitthana/install/camera/share/camera/cmake/rosidl_cmake_export_typesupport_targets-extras.cmake
[43.838s] -- Up-to-date: /home/donjoe/MagangBanyubramanta_DanielAdhitthana/install/camera/share/camera/cmake/ament_cmake_export_dependencies-extras.cmake
[43.838s] -- Up-to-date: /home/donjoe/MagangBanyubramanta_DanielAdhitthana/install/camera/share/camera/cmake/rosidl_cmake_export_typesupport_libraries-extras.cmake
[43.838s] -- Up-to-date: /home/donjoe/MagangBanyubramanta_DanielAdhitthana/install/camera/share/camera/cmake/cameraConfig.cmake
[43.838s] -- Up-to-date: /home/donjoe/MagangBanyubramanta_DanielAdhitthana/install/camera/share/camera/cmake/cameraConfig-version.cmake
[43.838s] -- Up-to-date: /home/donjoe/MagangBanyubramanta_DanielAdhitthana/install/camera/share/camera/package.xml
[43.856s] Invoked command in '/home/donjoe/MagangBanyubramanta_DanielAdhitthana/build/camera' returned '0': CMAKE_PREFIX_PATH=/opt/ros/humble /usr/bin/cmake --install /home/donjoe/MagangBanyubramanta_DanielAdhitthana/build/camera
