[ 50%] [32mBuilding CXX object CMakeFiles/node.dir/src/node.cpp.o[0m
[100%] [32m[1mLinking CXX executable node[0m
[100%] Built target node
-- Install configuration: ""
-- Installing: /home/donjoe/Documents/MagangBanyubramanta_DanielAdhitthana/install/camera/lib/camera/node
-- Set runtime path of "/home/donjoe/Documents/MagangBanyubramanta_DanielAdhitthana/install/camera/lib/camera/node" to ""
-- Up-to-date: /home/donjoe/Documents/MagangBanyubramanta_DanielAdhitthana/install/camera/share/ament_index/resource_index/package_run_dependencies/camera
-- Installing: /home/donjoe/Documents/MagangBanyubramanta_DanielAdhitthana/install/camera/share/ament_index/resource_index/parent_prefix_path/camera
-- Up-to-date: /home/donjoe/Documents/MagangBanyubramanta_DanielAdhitthana/install/camera/share/camera/environment/ament_prefix_path.sh
-- Installing: /home/donjoe/Documents/MagangBanyubramanta_DanielAdhitthana/install/camera/share/camera/environment/ament_prefix_path.dsv
-- Up-to-date: /home/donjoe/Documents/MagangBanyubramanta_DanielAdhitthana/install/camera/share/camera/environment/path.sh
-- Installing: /home/donjoe/Documents/MagangBanyubramanta_DanielAdhitthana/install/camera/share/camera/environment/path.dsv
-- Up-to-date: /home/donjoe/Documents/MagangBanyubramanta_DanielAdhitthana/install/camera/share/camera/local_setup.bash
-- Up-to-date: /home/donjoe/Documents/MagangBanyubramanta_DanielAdhitthana/install/camera/share/camera/local_setup.sh
-- Up-to-date: /home/donjoe/Documents/MagangBanyubramanta_DanielAdhitthana/install/camera/share/camera/local_setup.zsh
-- Installing: /home/donjoe/Documents/MagangBanyubramanta_DanielAdhitthana/install/camera/share/camera/local_setup.dsv
-- Installing: /home/donjoe/Documents/MagangBanyubramanta_DanielAdhitthana/install/camera/share/camera/package.dsv
-- Up-to-date: /home/donjoe/Documents/MagangBanyubramanta_DanielAdhitthana/install/camera/share/ament_index/resource_index/packages/camera
-- Up-to-date: /home/donjoe/Documents/MagangBanyubramanta_DanielAdhitthana/install/camera/share/camera/cmake/cameraConfig.cmake
-- Up-to-date: /home/donjoe/Documents/MagangBanyubramanta_DanielAdhitthana/install/camera/share/camera/cmake/cameraConfig-version.cmake
-- Installing: /home/donjoe/Documents/MagangBanyubramanta_DanielAdhitthana/install/camera/share/camera/package.xml
