[0.834s] DEBUG:colcon:Command line arguments: ['/usr/bin/colcon', 'build']
[0.834s] DEBUG:colcon:Parsed command line arguments: Namespace(log_base=None, log_level=None, verb_name='build', build_base='build', install_base='install', merge_install=False, symlink_install=False, test_result_base=None, continue_on_error=False, executor='parallel', parallel_workers=4, event_handlers=None, ignore_user_meta=False, metas=['./colcon.meta'], base_paths=['.'], packages_ignore=None, packages_ignore_regex=None, paths=None, packages_up_to=None, packages_up_to_regex=None, packages_above=None, packages_above_and_dependencies=None, packages_above_depth=None, packages_select_by_dep=None, packages_skip_by_dep=None, packages_skip_up_to=None, packages_select_build_failed=False, packages_skip_build_finished=False, packages_select_test_failures=False, packages_skip_test_passed=False, packages_select=None, packages_skip=None, packages_select_regex=None, packages_skip_regex=None, packages_start=None, packages_end=None, allow_overriding=[], cmake_args=None, cmake_target=None, cmake_target_skip_unavailable=False, cmake_clean_cache=False, cmake_clean_first=False, cmake_force_configure=False, ament_cmake_args=None, catkin_cmake_args=None, catkin_skip_building_tests=False, verb_parser=<colcon_defaults.argument_parser.defaults.DefaultArgumentsDecorator object at 0x7fdd85e1f970>, verb_extension=<colcon_core.verb.build.BuildVerb object at 0x7fdd85e6b880>, main=<bound method BuildVerb.main of <colcon_core.verb.build.BuildVerb object at 0x7fdd85e6b880>>)
[0.869s] Level 1:colcon.colcon_core.package_discovery:discover_packages(colcon_meta) check parameters
[0.869s] Level 1:colcon.colcon_core.package_discovery:discover_packages(recursive) check parameters
[0.869s] Level 1:colcon.colcon_core.package_discovery:discover_packages(ignore) check parameters
[0.869s] Level 1:colcon.colcon_core.package_discovery:discover_packages(path) check parameters
[0.869s] Level 1:colcon.colcon_core.package_discovery:discover_packages(colcon_meta) discover
[0.869s] Level 1:colcon.colcon_core.package_discovery:discover_packages(recursive) discover
[0.869s] INFO:colcon.colcon_core.package_discovery:Crawling recursively for packages in '/home/donjoe/MagangBanyubramanta_DanielAdhitthana'
[0.869s] Level 1:colcon.colcon_core.package_identification:_identify(.) by extensions ['ignore', 'ignore_ament_install']
[0.869s] Level 1:colcon.colcon_core.package_identification:_identify(.) by extension 'ignore'
[0.869s] Level 1:colcon.colcon_core.package_identification:_identify(.) by extension 'ignore_ament_install'
[0.869s] Level 1:colcon.colcon_core.package_identification:_identify(.) by extensions ['colcon_pkg']
[0.869s] Level 1:colcon.colcon_core.package_identification:_identify(.) by extension 'colcon_pkg'
[0.869s] Level 1:colcon.colcon_core.package_identification:_identify(.) by extensions ['colcon_meta']
[0.869s] Level 1:colcon.colcon_core.package_identification:_identify(.) by extension 'colcon_meta'
[0.869s] Level 1:colcon.colcon_core.package_identification:_identify(.) by extensions ['ros']
[0.869s] Level 1:colcon.colcon_core.package_identification:_identify(.) by extension 'ros'
[0.879s] Level 1:colcon.colcon_core.package_identification:_identify(.) by extensions ['cmake', 'python']
[0.879s] Level 1:colcon.colcon_core.package_identification:_identify(.) by extension 'cmake'
[0.879s] Level 1:colcon.colcon_core.package_identification:_identify(.) by extension 'python'
[0.879s] Level 1:colcon.colcon_core.package_identification:_identify(.) by extensions ['python_setup_py']
[0.879s] Level 1:colcon.colcon_core.package_identification:_identify(.) by extension 'python_setup_py'
[0.879s] Level 1:colcon.colcon_core.package_identification:_identify(build) by extensions ['ignore', 'ignore_ament_install']
[0.879s] Level 1:colcon.colcon_core.package_identification:_identify(build) by extension 'ignore'
[0.879s] Level 1:colcon.colcon_core.package_identification:_identify(build) ignored
[0.879s] Level 1:colcon.colcon_core.package_identification:_identify(install) by extensions ['ignore', 'ignore_ament_install']
[0.879s] Level 1:colcon.colcon_core.package_identification:_identify(install) by extension 'ignore'
[0.879s] Level 1:colcon.colcon_core.package_identification:_identify(install) ignored
[0.879s] Level 1:colcon.colcon_core.package_identification:_identify(log) by extensions ['ignore', 'ignore_ament_install']
[0.879s] Level 1:colcon.colcon_core.package_identification:_identify(log) by extension 'ignore'
[0.879s] Level 1:colcon.colcon_core.package_identification:_identify(log) ignored
[0.879s] Level 1:colcon.colcon_core.package_identification:_identify(src) by extensions ['ignore', 'ignore_ament_install']
[0.879s] Level 1:colcon.colcon_core.package_identification:_identify(src) by extension 'ignore'
[0.879s] Level 1:colcon.colcon_core.package_identification:_identify(src) by extension 'ignore_ament_install'
[0.879s] Level 1:colcon.colcon_core.package_identification:_identify(src) by extensions ['colcon_pkg']
[0.880s] Level 1:colcon.colcon_core.package_identification:_identify(src) by extension 'colcon_pkg'
[0.880s] Level 1:colcon.colcon_core.package_identification:_identify(src) by extensions ['colcon_meta']
[0.880s] Level 1:colcon.colcon_core.package_identification:_identify(src) by extension 'colcon_meta'
[0.880s] Level 1:colcon.colcon_core.package_identification:_identify(src) by extensions ['ros']
[0.880s] Level 1:colcon.colcon_core.package_identification:_identify(src) by extension 'ros'
[0.880s] Level 1:colcon.colcon_core.package_identification:_identify(src) by extensions ['cmake', 'python']
[0.880s] Level 1:colcon.colcon_core.package_identification:_identify(src) by extension 'cmake'
[0.880s] Level 1:colcon.colcon_core.package_identification:_identify(src) by extension 'python'
[0.880s] Level 1:colcon.colcon_core.package_identification:_identify(src) by extensions ['python_setup_py']
[0.880s] Level 1:colcon.colcon_core.package_identification:_identify(src) by extension 'python_setup_py'
[0.880s] Level 1:colcon.colcon_core.package_identification:_identify(src/controller) by extensions ['ignore', 'ignore_ament_install']
[0.880s] Level 1:colcon.colcon_core.package_identification:_identify(src/controller) by extension 'ignore'
[0.880s] Level 1:colcon.colcon_core.package_identification:_identify(src/controller) by extension 'ignore_ament_install'
[0.880s] Level 1:colcon.colcon_core.package_identification:_identify(src/controller) by extensions ['colcon_pkg']
[0.880s] Level 1:colcon.colcon_core.package_identification:_identify(src/controller) by extension 'colcon_pkg'
[0.880s] Level 1:colcon.colcon_core.package_identification:_identify(src/controller) by extensions ['colcon_meta']
[0.880s] Level 1:colcon.colcon_core.package_identification:_identify(src/controller) by extension 'colcon_meta'
[0.880s] Level 1:colcon.colcon_core.package_identification:_identify(src/controller) by extensions ['ros']
[0.880s] Level 1:colcon.colcon_core.package_identification:_identify(src/controller) by extension 'ros'
[0.882s] DEBUG:colcon.colcon_core.package_identification:Package 'src/controller' with type 'ros.ament_cmake' and name 'controller'
[0.882s] Level 1:colcon.colcon_core.package_identification:_identify(src/msg) by extensions ['ignore', 'ignore_ament_install']
[0.882s] Level 1:colcon.colcon_core.package_identification:_identify(src/msg) by extension 'ignore'
[0.882s] Level 1:colcon.colcon_core.package_identification:_identify(src/msg) by extension 'ignore_ament_install'
[0.883s] Level 1:colcon.colcon_core.package_identification:_identify(src/msg) by extensions ['colcon_pkg']
[0.883s] Level 1:colcon.colcon_core.package_identification:_identify(src/msg) by extension 'colcon_pkg'
[0.883s] Level 1:colcon.colcon_core.package_identification:_identify(src/msg) by extensions ['colcon_meta']
[0.883s] Level 1:colcon.colcon_core.package_identification:_identify(src/msg) by extension 'colcon_meta'
[0.883s] Level 1:colcon.colcon_core.package_identification:_identify(src/msg) by extensions ['ros']
[0.883s] Level 1:colcon.colcon_core.package_identification:_identify(src/msg) by extension 'ros'
[0.883s] Level 1:colcon.colcon_core.package_identification:_identify(src/msg) by extensions ['cmake', 'python']
[0.883s] Level 1:colcon.colcon_core.package_identification:_identify(src/msg) by extension 'cmake'
[0.883s] Level 1:colcon.colcon_core.package_identification:_identify(src/msg) by extension 'python'
[0.883s] Level 1:colcon.colcon_core.package_identification:_identify(src/msg) by extensions ['python_setup_py']
[0.883s] Level 1:colcon.colcon_core.package_identification:_identify(src/msg) by extension 'python_setup_py'
[0.883s] Level 1:colcon.colcon_core.package_discovery:discover_packages(recursive) using defaults
[0.883s] Level 1:colcon.colcon_core.package_discovery:discover_packages(ignore) discover
[0.883s] Level 1:colcon.colcon_core.package_discovery:discover_packages(ignore) using defaults
[0.883s] Level 1:colcon.colcon_core.package_discovery:discover_packages(path) discover
[0.883s] Level 1:colcon.colcon_core.package_discovery:discover_packages(path) using defaults
[0.950s] Level 1:colcon.colcon_core.package_discovery:discover_packages(prefix_path) check parameters
[0.950s] Level 1:colcon.colcon_core.package_discovery:discover_packages(prefix_path) discover
[0.972s] DEBUG:colcon.colcon_installed_package_information.package_discovery:Found 8 installed packages in /home/donjoe/ros2_ws/install
[0.983s] DEBUG:colcon.colcon_installed_package_information.package_discovery:Found 270 installed packages in /opt/ros/humble
[0.984s] Level 1:colcon.colcon_core.package_discovery:discover_packages(prefix_path) using defaults
[1.058s] Level 5:colcon.colcon_core.verb:set package 'controller' build argument 'cmake_args' from command line to 'None'
[1.058s] Level 5:colcon.colcon_core.verb:set package 'controller' build argument 'cmake_target' from command line to 'None'
[1.058s] Level 5:colcon.colcon_core.verb:set package 'controller' build argument 'cmake_target_skip_unavailable' from command line to 'False'
[1.058s] Level 5:colcon.colcon_core.verb:set package 'controller' build argument 'cmake_clean_cache' from command line to 'False'
[1.058s] Level 5:colcon.colcon_core.verb:set package 'controller' build argument 'cmake_clean_first' from command line to 'False'
[1.058s] Level 5:colcon.colcon_core.verb:set package 'controller' build argument 'cmake_force_configure' from command line to 'False'
[1.058s] Level 5:colcon.colcon_core.verb:set package 'controller' build argument 'ament_cmake_args' from command line to 'None'
[1.058s] Level 5:colcon.colcon_core.verb:set package 'controller' build argument 'catkin_cmake_args' from command line to 'None'
[1.058s] Level 5:colcon.colcon_core.verb:set package 'controller' build argument 'catkin_skip_building_tests' from command line to 'False'
[1.058s] DEBUG:colcon.colcon_core.verb:Building package 'controller' with the following arguments: {'ament_cmake_args': None, 'build_base': '/home/donjoe/MagangBanyubramanta_DanielAdhitthana/build/controller', 'catkin_cmake_args': None, 'catkin_skip_building_tests': False, 'cmake_args': None, 'cmake_clean_cache': False, 'cmake_clean_first': False, 'cmake_force_configure': False, 'cmake_target': None, 'cmake_target_skip_unavailable': False, 'install_base': '/home/donjoe/MagangBanyubramanta_DanielAdhitthana/install/controller', 'merge_install': False, 'path': '/home/donjoe/MagangBanyubramanta_DanielAdhitthana/src/controller', 'symlink_install': False, 'test_result_base': None}
[1.068s] INFO:colcon.colcon_core.executor:Executing jobs using 'parallel' executor
[1.080s] DEBUG:colcon.colcon_parallel_executor.executor.parallel:run_until_complete
[1.080s] INFO:colcon.colcon_ros.task.ament_cmake.build:Building ROS package in '/home/donjoe/MagangBanyubramanta_DanielAdhitthana/src/controller' with build type 'ament_cmake'
[1.080s] INFO:colcon.colcon_cmake.task.cmake.build:Building CMake package in '/home/donjoe/MagangBanyubramanta_DanielAdhitthana/src/controller'
[1.091s] INFO:colcon.colcon_core.plugin_system:Skipping extension 'colcon_core.shell.bat': Not used on non-Windows systems
[1.092s] INFO:colcon.colcon_core.shell:Skip shell extension 'powershell' for command environment: Not usable outside of PowerShell
[1.092s] DEBUG:colcon.colcon_core.shell:Skip shell extension 'dsv' for command environment
[1.137s] DEBUG:colcon.colcon_core.event_handler.log_command:Invoking command in '/home/donjoe/MagangBanyubramanta_DanielAdhitthana/build/controller': CMAKE_PREFIX_PATH=${CMAKE_PREFIX_PATH}:/opt/ros/humble /usr/bin/cmake /home/donjoe/MagangBanyubramanta_DanielAdhitthana/src/controller -DCMAKE_INSTALL_PREFIX=/home/donjoe/MagangBanyubramanta_DanielAdhitthana/install/controller
[6.729s] DEBUG:colcon.colcon_core.event_handler.log_command:Invoked command in '/home/donjoe/MagangBanyubramanta_DanielAdhitthana/build/controller' returned '0': CMAKE_PREFIX_PATH=${CMAKE_PREFIX_PATH}:/opt/ros/humble /usr/bin/cmake /home/donjoe/MagangBanyubramanta_DanielAdhitthana/src/controller -DCMAKE_INSTALL_PREFIX=/home/donjoe/MagangBanyubramanta_DanielAdhitthana/install/controller
[6.731s] DEBUG:colcon.colcon_core.event_handler.log_command:Invoking command in '/home/donjoe/MagangBanyubramanta_DanielAdhitthana/build/controller': CMAKE_PREFIX_PATH=${CMAKE_PREFIX_PATH}:/opt/ros/humble /usr/bin/cmake --build /home/donjoe/MagangBanyubramanta_DanielAdhitthana/build/controller -- -j4 -l4
[21.071s] DEBUG:colcon.colcon_core.event_handler.log_command:Invoked command in '/home/donjoe/MagangBanyubramanta_DanielAdhitthana/build/controller' returned '0': CMAKE_PREFIX_PATH=${CMAKE_PREFIX_PATH}:/opt/ros/humble /usr/bin/cmake --build /home/donjoe/MagangBanyubramanta_DanielAdhitthana/build/controller -- -j4 -l4
[21.106s] DEBUG:colcon.colcon_core.event_handler.log_command:Invoking command in '/home/donjoe/MagangBanyubramanta_DanielAdhitthana/build/controller': CMAKE_PREFIX_PATH=${CMAKE_PREFIX_PATH}:/opt/ros/humble /usr/bin/cmake --install /home/donjoe/MagangBanyubramanta_DanielAdhitthana/build/controller
[21.130s] Level 1:colcon.colcon_core.environment:create_environment_scripts_only(controller)
[21.134s] DEBUG:colcon.colcon_core.event_handler.log_command:Invoked command in '/home/donjoe/MagangBanyubramanta_DanielAdhitthana/build/controller' returned '0': CMAKE_PREFIX_PATH=${CMAKE_PREFIX_PATH}:/opt/ros/humble /usr/bin/cmake --install /home/donjoe/MagangBanyubramanta_DanielAdhitthana/build/controller
[21.163s] Level 1:colcon.colcon_core.environment:checking '/home/donjoe/MagangBanyubramanta_DanielAdhitthana/install/controller' for CMake module files
[21.164s] Level 1:colcon.colcon_core.environment:checking '/home/donjoe/MagangBanyubramanta_DanielAdhitthana/install/controller' for CMake config files
[21.164s] Level 1:colcon.colcon_core.shell:create_environment_hook('controller', 'cmake_prefix_path')
[21.177s] INFO:colcon.colcon_core.shell:Creating environment hook '/home/donjoe/MagangBanyubramanta_DanielAdhitthana/install/controller/share/controller/hook/cmake_prefix_path.ps1'
[21.184s] INFO:colcon.colcon_core.shell:Creating environment descriptor '/home/donjoe/MagangBanyubramanta_DanielAdhitthana/install/controller/share/controller/hook/cmake_prefix_path.dsv'
[21.185s] INFO:colcon.colcon_core.shell:Creating environment hook '/home/donjoe/MagangBanyubramanta_DanielAdhitthana/install/controller/share/controller/hook/cmake_prefix_path.sh'
[21.188s] Level 1:colcon.colcon_core.environment:checking '/home/donjoe/MagangBanyubramanta_DanielAdhitthana/install/controller/lib'
[21.188s] Level 1:colcon.colcon_core.environment:checking '/home/donjoe/MagangBanyubramanta_DanielAdhitthana/install/controller/bin'
[21.188s] Level 1:colcon.colcon_core.environment:checking '/home/donjoe/MagangBanyubramanta_DanielAdhitthana/install/controller/lib/pkgconfig/controller.pc'
[21.189s] Level 1:colcon.colcon_core.environment:checking '/home/donjoe/MagangBanyubramanta_DanielAdhitthana/install/controller/lib/python3.10/site-packages'
[21.189s] Level 1:colcon.colcon_core.environment:checking '/home/donjoe/MagangBanyubramanta_DanielAdhitthana/install/controller/bin'
[21.201s] INFO:colcon.colcon_core.shell:Creating package script '/home/donjoe/MagangBanyubramanta_DanielAdhitthana/install/controller/share/controller/package.ps1'
[21.203s] INFO:colcon.colcon_core.shell:Creating package descriptor '/home/donjoe/MagangBanyubramanta_DanielAdhitthana/install/controller/share/controller/package.dsv'
[21.204s] INFO:colcon.colcon_core.shell:Creating package script '/home/donjoe/MagangBanyubramanta_DanielAdhitthana/install/controller/share/controller/package.sh'
[21.207s] INFO:colcon.colcon_core.shell:Creating package script '/home/donjoe/MagangBanyubramanta_DanielAdhitthana/install/controller/share/controller/package.bash'
[21.208s] INFO:colcon.colcon_core.shell:Creating package script '/home/donjoe/MagangBanyubramanta_DanielAdhitthana/install/controller/share/controller/package.zsh'
[21.209s] Level 1:colcon.colcon_core.environment:create_file_with_runtime_dependencies(/home/donjoe/MagangBanyubramanta_DanielAdhitthana/install/controller/share/colcon-core/packages/controller)
[21.243s] Level 1:colcon.colcon_core.environment:create_environment_scripts_only(controller)
[21.255s] Level 1:colcon.colcon_core.environment:checking '/home/donjoe/MagangBanyubramanta_DanielAdhitthana/install/controller' for CMake module files
[21.255s] Level 1:colcon.colcon_core.environment:checking '/home/donjoe/MagangBanyubramanta_DanielAdhitthana/install/controller' for CMake config files
[21.255s] Level 1:colcon.colcon_core.shell:create_environment_hook('controller', 'cmake_prefix_path')
[21.266s] INFO:colcon.colcon_core.shell:Creating environment hook '/home/donjoe/MagangBanyubramanta_DanielAdhitthana/install/controller/share/controller/hook/cmake_prefix_path.ps1'
[21.267s] INFO:colcon.colcon_core.shell:Creating environment descriptor '/home/donjoe/MagangBanyubramanta_DanielAdhitthana/install/controller/share/controller/hook/cmake_prefix_path.dsv'
[21.267s] INFO:colcon.colcon_core.shell:Creating environment hook '/home/donjoe/MagangBanyubramanta_DanielAdhitthana/install/controller/share/controller/hook/cmake_prefix_path.sh'
[21.267s] Level 1:colcon.colcon_core.environment:checking '/home/donjoe/MagangBanyubramanta_DanielAdhitthana/install/controller/lib'
[21.267s] Level 1:colcon.colcon_core.environment:checking '/home/donjoe/MagangBanyubramanta_DanielAdhitthana/install/controller/bin'
[21.267s] Level 1:colcon.colcon_core.environment:checking '/home/donjoe/MagangBanyubramanta_DanielAdhitthana/install/controller/lib/pkgconfig/controller.pc'
[21.268s] Level 1:colcon.colcon_core.environment:checking '/home/donjoe/MagangBanyubramanta_DanielAdhitthana/install/controller/lib/python3.10/site-packages'
[21.268s] Level 1:colcon.colcon_core.environment:checking '/home/donjoe/MagangBanyubramanta_DanielAdhitthana/install/controller/bin'
[21.278s] INFO:colcon.colcon_core.shell:Creating package script '/home/donjoe/MagangBanyubramanta_DanielAdhitthana/install/controller/share/controller/package.ps1'
[21.279s] INFO:colcon.colcon_core.shell:Creating package descriptor '/home/donjoe/MagangBanyubramanta_DanielAdhitthana/install/controller/share/controller/package.dsv'
[21.279s] INFO:colcon.colcon_core.shell:Creating package script '/home/donjoe/MagangBanyubramanta_DanielAdhitthana/install/controller/share/controller/package.sh'
[21.280s] INFO:colcon.colcon_core.shell:Creating package script '/home/donjoe/MagangBanyubramanta_DanielAdhitthana/install/controller/share/controller/package.bash'
[21.280s] INFO:colcon.colcon_core.shell:Creating package script '/home/donjoe/MagangBanyubramanta_DanielAdhitthana/install/controller/share/controller/package.zsh'
[21.280s] Level 1:colcon.colcon_core.environment:create_file_with_runtime_dependencies(/home/donjoe/MagangBanyubramanta_DanielAdhitthana/install/controller/share/colcon-core/packages/controller)
[21.281s] DEBUG:colcon.colcon_parallel_executor.executor.parallel:closing loop
[21.282s] DEBUG:colcon.colcon_parallel_executor.executor.parallel:loop closed
[21.282s] DEBUG:colcon.colcon_parallel_executor.executor.parallel:run_until_complete finished with '0'
[21.282s] DEBUG:colcon.colcon_core.event_reactor:joining thread
[21.348s] INFO:colcon.colcon_core.plugin_system:Skipping extension 'colcon_notification.desktop_notification.notify_send': Could not find 'notify-send'
[21.348s] INFO:colcon.colcon_core.plugin_system:Skipping extension 'colcon_notification.desktop_notification.terminal_notifier': Not used on non-Darwin systems
[21.348s] INFO:colcon.colcon_core.plugin_system:Skipping extension 'colcon_notification.desktop_notification.win32': Not used on non-Windows systems
[21.348s] INFO:colcon.colcon_notification.desktop_notification:Sending desktop notification using 'notify2'
[21.349s] DEBUG:colcon.colcon_notification.desktop_notification.notify2:Failed to initialize notify2: org.freedesktop.DBus.Error.FileNotFound: Failed to connect to socket /run/user/1000/bus: No such file or directory
[21.350s] DEBUG:colcon.colcon_core.event_reactor:joined thread
[21.361s] INFO:colcon.colcon_core.shell:Creating prefix script '/home/donjoe/MagangBanyubramanta_DanielAdhitthana/install/local_setup.ps1'
[21.362s] INFO:colcon.colcon_core.shell:Creating prefix util module '/home/donjoe/MagangBanyubramanta_DanielAdhitthana/install/_local_setup_util_ps1.py'
[21.363s] INFO:colcon.colcon_core.shell:Creating prefix chain script '/home/donjoe/MagangBanyubramanta_DanielAdhitthana/install/setup.ps1'
[21.378s] INFO:colcon.colcon_core.shell:Creating prefix script '/home/donjoe/MagangBanyubramanta_DanielAdhitthana/install/local_setup.sh'
[21.379s] INFO:colcon.colcon_core.shell:Creating prefix util module '/home/donjoe/MagangBanyubramanta_DanielAdhitthana/install/_local_setup_util_sh.py'
[21.379s] INFO:colcon.colcon_core.shell:Creating prefix chain script '/home/donjoe/MagangBanyubramanta_DanielAdhitthana/install/setup.sh'
[21.390s] INFO:colcon.colcon_core.shell:Creating prefix script '/home/donjoe/MagangBanyubramanta_DanielAdhitthana/install/local_setup.bash'
[21.390s] INFO:colcon.colcon_core.shell:Creating prefix chain script '/home/donjoe/MagangBanyubramanta_DanielAdhitthana/install/setup.bash'
[21.399s] INFO:colcon.colcon_core.shell:Creating prefix script '/home/donjoe/MagangBanyubramanta_DanielAdhitthana/install/local_setup.zsh'
[21.399s] INFO:colcon.colcon_core.shell:Creating prefix chain script '/home/donjoe/MagangBanyubramanta_DanielAdhitthana/install/setup.zsh'
