[  3%] Built target camera__cpp
[ 12%] Built target camera__rosidl_generator_c
[ 12%] Built target ament_cmake_python_copy_camera
[ 21%] Built target camera__rosidl_typesupport_cpp
[ 30%] Built target camera__rosidl_typesupport_fastrtps_cpp
[ 39%] Built target camera__rosidl_typesupport_introspection_cpp
[ 48%] Built target camera__rosidl_typesupport_fastrtps_c
[ 57%] Built target camera__rosidl_typesupport_introspection_c
[ 66%] Built target camera__rosidl_typesupport_c
[35m[1mConsolidate compiler generated dependencies of target node[0m
[ 66%] Built target camera
[ 69%] [32mBuilding CXX object CMakeFiles/node.dir/src/node.cpp.o[0m
[ 72%] Built target camera__py
[ 78%] Built target camera__rosidl_generator_py
[ 84%] Built target camera__rosidl_typesupport_introspection_c__pyext
[ 90%] Built target camera__rosidl_typesupport_fastrtps_c__pyext
[ 96%] Built target camera__rosidl_typesupport_c__pyext
running egg_info
writing camera.egg-info/PKG-INFO
writing dependency_links to camera.egg-info/dependency_links.txt
writing top-level names to camera.egg-info/top_level.txt
reading manifest file 'camera.egg-info/SOURCES.txt'
writing manifest file 'camera.egg-info/SOURCES.txt'
[ 96%] Built target ament_cmake_python_build_camera_egg
