[1.740s] DEBUG:colcon:Command line arguments: ['/usr/bin/colcon', 'build', '--packages-select', 'interfaces']
[1.740s] DEBUG:colcon:Parsed command line arguments: Namespace(log_base=None, log_level=None, verb_name='build', build_base='build', install_base='install', merge_install=False, symlink_install=False, test_result_base=None, continue_on_error=False, executor='parallel', parallel_workers=4, event_handlers=None, ignore_user_meta=False, metas=['./colcon.meta'], base_paths=['.'], packages_ignore=None, packages_ignore_regex=None, paths=None, packages_up_to=None, packages_up_to_regex=None, packages_above=None, packages_above_and_dependencies=None, packages_above_depth=None, packages_select_by_dep=None, packages_skip_by_dep=None, packages_skip_up_to=None, packages_select_build_failed=False, packages_skip_build_finished=False, packages_select_test_failures=False, packages_skip_test_passed=False, packages_select=['interfaces'], packages_skip=None, packages_select_regex=None, packages_skip_regex=None, packages_start=None, packages_end=None, allow_overriding=[], cmake_args=None, cmake_target=None, cmake_target_skip_unavailable=False, cmake_clean_cache=False, cmake_clean_first=False, cmake_force_configure=False, ament_cmake_args=None, catkin_cmake_args=None, catkin_skip_building_tests=False, verb_parser=<colcon_defaults.argument_parser.defaults.DefaultArgumentsDecorator object at 0x7f157f428f40>, verb_extension=<colcon_core.verb.build.BuildVerb object at 0x7f157f428ac0>, main=<bound method BuildVerb.main of <colcon_core.verb.build.BuildVerb object at 0x7f157f428ac0>>)
[1.855s] Level 1:colcon.colcon_core.package_discovery:discover_packages(colcon_meta) check parameters
[1.855s] Level 1:colcon.colcon_core.package_discovery:discover_packages(recursive) check parameters
[1.855s] Level 1:colcon.colcon_core.package_discovery:discover_packages(ignore) check parameters
[1.855s] Level 1:colcon.colcon_core.package_discovery:discover_packages(path) check parameters
[1.855s] Level 1:colcon.colcon_core.package_discovery:discover_packages(colcon_meta) discover
[1.855s] Level 1:colcon.colcon_core.package_discovery:discover_packages(recursive) discover
[1.855s] INFO:colcon.colcon_core.package_discovery:Crawling recursively for packages in '/home/donjoe/Documents/MagangBanyubramanta_DanielAdhitthana'
[1.855s] Level 1:colcon.colcon_core.package_identification:_identify(.) by extensions ['ignore', 'ignore_ament_install']
[1.856s] Level 1:colcon.colcon_core.package_identification:_identify(.) by extension 'ignore'
[1.856s] Level 1:colcon.colcon_core.package_identification:_identify(.) by extension 'ignore_ament_install'
[1.856s] Level 1:colcon.colcon_core.package_identification:_identify(.) by extensions ['colcon_pkg']
[1.856s] Level 1:colcon.colcon_core.package_identification:_identify(.) by extension 'colcon_pkg'
[1.856s] Level 1:colcon.colcon_core.package_identification:_identify(.) by extensions ['colcon_meta']
[1.856s] Level 1:colcon.colcon_core.package_identification:_identify(.) by extension 'colcon_meta'
[1.856s] Level 1:colcon.colcon_core.package_identification:_identify(.) by extensions ['ros']
[1.856s] Level 1:colcon.colcon_core.package_identification:_identify(.) by extension 'ros'
[1.883s] Level 1:colcon.colcon_core.package_identification:_identify(.) by extensions ['cmake', 'python']
[1.883s] Level 1:colcon.colcon_core.package_identification:_identify(.) by extension 'cmake'
[1.884s] Level 1:colcon.colcon_core.package_identification:_identify(.) by extension 'python'
[1.884s] Level 1:colcon.colcon_core.package_identification:_identify(.) by extensions ['python_setup_py']
[1.884s] Level 1:colcon.colcon_core.package_identification:_identify(.) by extension 'python_setup_py'
[1.884s] Level 1:colcon.colcon_core.package_identification:_identify(build) by extensions ['ignore', 'ignore_ament_install']
[1.884s] Level 1:colcon.colcon_core.package_identification:_identify(build) by extension 'ignore'
[1.884s] Level 1:colcon.colcon_core.package_identification:_identify(build) ignored
[1.884s] Level 1:colcon.colcon_core.package_identification:_identify(install) by extensions ['ignore', 'ignore_ament_install']
[1.885s] Level 1:colcon.colcon_core.package_identification:_identify(install) by extension 'ignore'
[1.885s] Level 1:colcon.colcon_core.package_identification:_identify(install) ignored
[1.885s] Level 1:colcon.colcon_core.package_identification:_identify(log) by extensions ['ignore', 'ignore_ament_install']
[1.885s] Level 1:colcon.colcon_core.package_identification:_identify(log) by extension 'ignore'
[1.885s] Level 1:colcon.colcon_core.package_identification:_identify(log) ignored
[1.885s] Level 1:colcon.colcon_core.package_identification:_identify(matlab) by extensions ['ignore', 'ignore_ament_install']
[1.885s] Level 1:colcon.colcon_core.package_identification:_identify(matlab) by extension 'ignore'
[1.886s] Level 1:colcon.colcon_core.package_identification:_identify(matlab) by extension 'ignore_ament_install'
[1.886s] Level 1:colcon.colcon_core.package_identification:_identify(matlab) by extensions ['colcon_pkg']
[1.886s] Level 1:colcon.colcon_core.package_identification:_identify(matlab) by extension 'colcon_pkg'
[1.886s] Level 1:colcon.colcon_core.package_identification:_identify(matlab) by extensions ['colcon_meta']
[1.886s] Level 1:colcon.colcon_core.package_identification:_identify(matlab) by extension 'colcon_meta'
[1.886s] Level 1:colcon.colcon_core.package_identification:_identify(matlab) by extensions ['ros']
[1.886s] Level 1:colcon.colcon_core.package_identification:_identify(matlab) by extension 'ros'
[1.886s] Level 1:colcon.colcon_core.package_identification:_identify(matlab) by extensions ['cmake', 'python']
[1.886s] Level 1:colcon.colcon_core.package_identification:_identify(matlab) by extension 'cmake'
[1.886s] Level 1:colcon.colcon_core.package_identification:_identify(matlab) by extension 'python'
[1.886s] Level 1:colcon.colcon_core.package_identification:_identify(matlab) by extensions ['python_setup_py']
[1.886s] Level 1:colcon.colcon_core.package_identification:_identify(matlab) by extension 'python_setup_py'
[1.887s] Level 1:colcon.colcon_core.package_identification:_identify(matlab/+bus_conv_fcns) by extensions ['ignore', 'ignore_ament_install']
[1.887s] Level 1:colcon.colcon_core.package_identification:_identify(matlab/+bus_conv_fcns) by extension 'ignore'
[1.887s] Level 1:colcon.colcon_core.package_identification:_identify(matlab/+bus_conv_fcns) by extension 'ignore_ament_install'
[1.887s] Level 1:colcon.colcon_core.package_identification:_identify(matlab/+bus_conv_fcns) by extensions ['colcon_pkg']
[1.887s] Level 1:colcon.colcon_core.package_identification:_identify(matlab/+bus_conv_fcns) by extension 'colcon_pkg'
[1.887s] Level 1:colcon.colcon_core.package_identification:_identify(matlab/+bus_conv_fcns) by extensions ['colcon_meta']
[1.887s] Level 1:colcon.colcon_core.package_identification:_identify(matlab/+bus_conv_fcns) by extension 'colcon_meta'
[1.887s] Level 1:colcon.colcon_core.package_identification:_identify(matlab/+bus_conv_fcns) by extensions ['ros']
[1.887s] Level 1:colcon.colcon_core.package_identification:_identify(matlab/+bus_conv_fcns) by extension 'ros'
[1.887s] Level 1:colcon.colcon_core.package_identification:_identify(matlab/+bus_conv_fcns) by extensions ['cmake', 'python']
[1.887s] Level 1:colcon.colcon_core.package_identification:_identify(matlab/+bus_conv_fcns) by extension 'cmake'
[1.888s] Level 1:colcon.colcon_core.package_identification:_identify(matlab/+bus_conv_fcns) by extension 'python'
[1.888s] Level 1:colcon.colcon_core.package_identification:_identify(matlab/+bus_conv_fcns) by extensions ['python_setup_py']
[1.888s] Level 1:colcon.colcon_core.package_identification:_identify(matlab/+bus_conv_fcns) by extension 'python_setup_py'
[1.888s] Level 1:colcon.colcon_core.package_identification:_identify(matlab/+bus_conv_fcns/+ros2) by extensions ['ignore', 'ignore_ament_install']
[1.888s] Level 1:colcon.colcon_core.package_identification:_identify(matlab/+bus_conv_fcns/+ros2) by extension 'ignore'
[1.888s] Level 1:colcon.colcon_core.package_identification:_identify(matlab/+bus_conv_fcns/+ros2) by extension 'ignore_ament_install'
[1.888s] Level 1:colcon.colcon_core.package_identification:_identify(matlab/+bus_conv_fcns/+ros2) by extensions ['colcon_pkg']
[1.888s] Level 1:colcon.colcon_core.package_identification:_identify(matlab/+bus_conv_fcns/+ros2) by extension 'colcon_pkg'
[1.888s] Level 1:colcon.colcon_core.package_identification:_identify(matlab/+bus_conv_fcns/+ros2) by extensions ['colcon_meta']
[1.889s] Level 1:colcon.colcon_core.package_identification:_identify(matlab/+bus_conv_fcns/+ros2) by extension 'colcon_meta'
[1.889s] Level 1:colcon.colcon_core.package_identification:_identify(matlab/+bus_conv_fcns/+ros2) by extensions ['ros']
[1.889s] Level 1:colcon.colcon_core.package_identification:_identify(matlab/+bus_conv_fcns/+ros2) by extension 'ros'
[1.889s] Level 1:colcon.colcon_core.package_identification:_identify(matlab/+bus_conv_fcns/+ros2) by extensions ['cmake', 'python']
[1.889s] Level 1:colcon.colcon_core.package_identification:_identify(matlab/+bus_conv_fcns/+ros2) by extension 'cmake'
[1.889s] Level 1:colcon.colcon_core.package_identification:_identify(matlab/+bus_conv_fcns/+ros2) by extension 'python'
[1.889s] Level 1:colcon.colcon_core.package_identification:_identify(matlab/+bus_conv_fcns/+ros2) by extensions ['python_setup_py']
[1.889s] Level 1:colcon.colcon_core.package_identification:_identify(matlab/+bus_conv_fcns/+ros2) by extension 'python_setup_py'
[1.889s] Level 1:colcon.colcon_core.package_identification:_identify(matlab/+bus_conv_fcns/+ros2/+busToMsg) by extensions ['ignore', 'ignore_ament_install']
[1.889s] Level 1:colcon.colcon_core.package_identification:_identify(matlab/+bus_conv_fcns/+ros2/+busToMsg) by extension 'ignore'
[1.889s] Level 1:colcon.colcon_core.package_identification:_identify(matlab/+bus_conv_fcns/+ros2/+busToMsg) by extension 'ignore_ament_install'
[1.890s] Level 1:colcon.colcon_core.package_identification:_identify(matlab/+bus_conv_fcns/+ros2/+busToMsg) by extensions ['colcon_pkg']
[1.890s] Level 1:colcon.colcon_core.package_identification:_identify(matlab/+bus_conv_fcns/+ros2/+busToMsg) by extension 'colcon_pkg'
[1.890s] Level 1:colcon.colcon_core.package_identification:_identify(matlab/+bus_conv_fcns/+ros2/+busToMsg) by extensions ['colcon_meta']
[1.890s] Level 1:colcon.colcon_core.package_identification:_identify(matlab/+bus_conv_fcns/+ros2/+busToMsg) by extension 'colcon_meta'
[1.890s] Level 1:colcon.colcon_core.package_identification:_identify(matlab/+bus_conv_fcns/+ros2/+busToMsg) by extensions ['ros']
[1.890s] Level 1:colcon.colcon_core.package_identification:_identify(matlab/+bus_conv_fcns/+ros2/+busToMsg) by extension 'ros'
[1.890s] Level 1:colcon.colcon_core.package_identification:_identify(matlab/+bus_conv_fcns/+ros2/+busToMsg) by extensions ['cmake', 'python']
[1.890s] Level 1:colcon.colcon_core.package_identification:_identify(matlab/+bus_conv_fcns/+ros2/+busToMsg) by extension 'cmake'
[1.890s] Level 1:colcon.colcon_core.package_identification:_identify(matlab/+bus_conv_fcns/+ros2/+busToMsg) by extension 'python'
[1.890s] Level 1:colcon.colcon_core.package_identification:_identify(matlab/+bus_conv_fcns/+ros2/+busToMsg) by extensions ['python_setup_py']
[1.890s] Level 1:colcon.colcon_core.package_identification:_identify(matlab/+bus_conv_fcns/+ros2/+busToMsg) by extension 'python_setup_py'
[1.890s] Level 1:colcon.colcon_core.package_identification:_identify(matlab/+bus_conv_fcns/+ros2/+busToMsg/+interfaces) by extensions ['ignore', 'ignore_ament_install']
[1.891s] Level 1:colcon.colcon_core.package_identification:_identify(matlab/+bus_conv_fcns/+ros2/+busToMsg/+interfaces) by extension 'ignore'
[1.891s] Level 1:colcon.colcon_core.package_identification:_identify(matlab/+bus_conv_fcns/+ros2/+busToMsg/+interfaces) by extension 'ignore_ament_install'
[1.891s] Level 1:colcon.colcon_core.package_identification:_identify(matlab/+bus_conv_fcns/+ros2/+busToMsg/+interfaces) by extensions ['colcon_pkg']
[1.891s] Level 1:colcon.colcon_core.package_identification:_identify(matlab/+bus_conv_fcns/+ros2/+busToMsg/+interfaces) by extension 'colcon_pkg'
[1.891s] Level 1:colcon.colcon_core.package_identification:_identify(matlab/+bus_conv_fcns/+ros2/+busToMsg/+interfaces) by extensions ['colcon_meta']
[1.891s] Level 1:colcon.colcon_core.package_identification:_identify(matlab/+bus_conv_fcns/+ros2/+busToMsg/+interfaces) by extension 'colcon_meta'
[1.891s] Level 1:colcon.colcon_core.package_identification:_identify(matlab/+bus_conv_fcns/+ros2/+busToMsg/+interfaces) by extensions ['ros']
[1.891s] Level 1:colcon.colcon_core.package_identification:_identify(matlab/+bus_conv_fcns/+ros2/+busToMsg/+interfaces) by extension 'ros'
[1.891s] Level 1:colcon.colcon_core.package_identification:_identify(matlab/+bus_conv_fcns/+ros2/+busToMsg/+interfaces) by extensions ['cmake', 'python']
[1.891s] Level 1:colcon.colcon_core.package_identification:_identify(matlab/+bus_conv_fcns/+ros2/+busToMsg/+interfaces) by extension 'cmake'
[1.891s] Level 1:colcon.colcon_core.package_identification:_identify(matlab/+bus_conv_fcns/+ros2/+busToMsg/+interfaces) by extension 'python'
[1.891s] Level 1:colcon.colcon_core.package_identification:_identify(matlab/+bus_conv_fcns/+ros2/+busToMsg/+interfaces) by extensions ['python_setup_py']
[1.892s] Level 1:colcon.colcon_core.package_identification:_identify(matlab/+bus_conv_fcns/+ros2/+busToMsg/+interfaces) by extension 'python_setup_py'
[1.892s] Level 1:colcon.colcon_core.package_identification:_identify(matlab/+bus_conv_fcns/+ros2/+msgToBus) by extensions ['ignore', 'ignore_ament_install']
[1.892s] Level 1:colcon.colcon_core.package_identification:_identify(matlab/+bus_conv_fcns/+ros2/+msgToBus) by extension 'ignore'
[1.892s] Level 1:colcon.colcon_core.package_identification:_identify(matlab/+bus_conv_fcns/+ros2/+msgToBus) by extension 'ignore_ament_install'
[1.892s] Level 1:colcon.colcon_core.package_identification:_identify(matlab/+bus_conv_fcns/+ros2/+msgToBus) by extensions ['colcon_pkg']
[1.892s] Level 1:colcon.colcon_core.package_identification:_identify(matlab/+bus_conv_fcns/+ros2/+msgToBus) by extension 'colcon_pkg'
[1.892s] Level 1:colcon.colcon_core.package_identification:_identify(matlab/+bus_conv_fcns/+ros2/+msgToBus) by extensions ['colcon_meta']
[1.892s] Level 1:colcon.colcon_core.package_identification:_identify(matlab/+bus_conv_fcns/+ros2/+msgToBus) by extension 'colcon_meta'
[1.892s] Level 1:colcon.colcon_core.package_identification:_identify(matlab/+bus_conv_fcns/+ros2/+msgToBus) by extensions ['ros']
[1.892s] Level 1:colcon.colcon_core.package_identification:_identify(matlab/+bus_conv_fcns/+ros2/+msgToBus) by extension 'ros'
[1.893s] Level 1:colcon.colcon_core.package_identification:_identify(matlab/+bus_conv_fcns/+ros2/+msgToBus) by extensions ['cmake', 'python']
[1.893s] Level 1:colcon.colcon_core.package_identification:_identify(matlab/+bus_conv_fcns/+ros2/+msgToBus) by extension 'cmake'
[1.893s] Level 1:colcon.colcon_core.package_identification:_identify(matlab/+bus_conv_fcns/+ros2/+msgToBus) by extension 'python'
[1.893s] Level 1:colcon.colcon_core.package_identification:_identify(matlab/+bus_conv_fcns/+ros2/+msgToBus) by extensions ['python_setup_py']
[1.893s] Level 1:colcon.colcon_core.package_identification:_identify(matlab/+bus_conv_fcns/+ros2/+msgToBus) by extension 'python_setup_py'
[1.893s] Level 1:colcon.colcon_core.package_identification:_identify(matlab/+bus_conv_fcns/+ros2/+msgToBus/+interfaces) by extensions ['ignore', 'ignore_ament_install']
[1.893s] Level 1:colcon.colcon_core.package_identification:_identify(matlab/+bus_conv_fcns/+ros2/+msgToBus/+interfaces) by extension 'ignore'
[1.893s] Level 1:colcon.colcon_core.package_identification:_identify(matlab/+bus_conv_fcns/+ros2/+msgToBus/+interfaces) by extension 'ignore_ament_install'
[1.893s] Level 1:colcon.colcon_core.package_identification:_identify(matlab/+bus_conv_fcns/+ros2/+msgToBus/+interfaces) by extensions ['colcon_pkg']
[1.893s] Level 1:colcon.colcon_core.package_identification:_identify(matlab/+bus_conv_fcns/+ros2/+msgToBus/+interfaces) by extension 'colcon_pkg'
[1.893s] Level 1:colcon.colcon_core.package_identification:_identify(matlab/+bus_conv_fcns/+ros2/+msgToBus/+interfaces) by extensions ['colcon_meta']
[1.893s] Level 1:colcon.colcon_core.package_identification:_identify(matlab/+bus_conv_fcns/+ros2/+msgToBus/+interfaces) by extension 'colcon_meta'
[1.894s] Level 1:colcon.colcon_core.package_identification:_identify(matlab/+bus_conv_fcns/+ros2/+msgToBus/+interfaces) by extensions ['ros']
[1.894s] Level 1:colcon.colcon_core.package_identification:_identify(matlab/+bus_conv_fcns/+ros2/+msgToBus/+interfaces) by extension 'ros'
[1.894s] Level 1:colcon.colcon_core.package_identification:_identify(matlab/+bus_conv_fcns/+ros2/+msgToBus/+interfaces) by extensions ['cmake', 'python']
[1.894s] Level 1:colcon.colcon_core.package_identification:_identify(matlab/+bus_conv_fcns/+ros2/+msgToBus/+interfaces) by extension 'cmake'
[1.894s] Level 1:colcon.colcon_core.package_identification:_identify(matlab/+bus_conv_fcns/+ros2/+msgToBus/+interfaces) by extension 'python'
[1.894s] Level 1:colcon.colcon_core.package_identification:_identify(matlab/+bus_conv_fcns/+ros2/+msgToBus/+interfaces) by extensions ['python_setup_py']
[1.894s] Level 1:colcon.colcon_core.package_identification:_identify(matlab/+bus_conv_fcns/+ros2/+msgToBus/+interfaces) by extension 'python_setup_py'
[1.894s] Level 1:colcon.colcon_core.package_identification:_identify(matlab/custom) by extensions ['ignore', 'ignore_ament_install']
[1.894s] Level 1:colcon.colcon_core.package_identification:_identify(matlab/custom) by extension 'ignore'
[1.894s] Level 1:colcon.colcon_core.package_identification:_identify(matlab/custom) by extension 'ignore_ament_install'
[1.894s] Level 1:colcon.colcon_core.package_identification:_identify(matlab/custom) by extensions ['colcon_pkg']
[1.895s] Level 1:colcon.colcon_core.package_identification:_identify(matlab/custom) by extension 'colcon_pkg'
[1.895s] Level 1:colcon.colcon_core.package_identification:_identify(matlab/custom) by extensions ['colcon_meta']
[1.895s] Level 1:colcon.colcon_core.package_identification:_identify(matlab/custom) by extension 'colcon_meta'
[1.895s] Level 1:colcon.colcon_core.package_identification:_identify(matlab/custom) by extensions ['ros']
[1.895s] Level 1:colcon.colcon_core.package_identification:_identify(matlab/custom) by extension 'ros'
[1.895s] Level 1:colcon.colcon_core.package_identification:_identify(matlab/custom) by extensions ['cmake', 'python']
[1.895s] Level 1:colcon.colcon_core.package_identification:_identify(matlab/custom) by extension 'cmake'
[1.895s] Level 1:colcon.colcon_core.package_identification:_identify(matlab/custom) by extension 'python'
[1.895s] Level 1:colcon.colcon_core.package_identification:_identify(matlab/custom) by extensions ['python_setup_py']
[1.895s] Level 1:colcon.colcon_core.package_identification:_identify(matlab/custom) by extension 'python_setup_py'
[1.895s] Level 1:colcon.colcon_core.package_identification:_identify(matlab/custom/interfaces) by extensions ['ignore', 'ignore_ament_install']
[1.895s] Level 1:colcon.colcon_core.package_identification:_identify(matlab/custom/interfaces) by extension 'ignore'
[1.896s] Level 1:colcon.colcon_core.package_identification:_identify(matlab/custom/interfaces) by extension 'ignore_ament_install'
[1.896s] Level 1:colcon.colcon_core.package_identification:_identify(matlab/custom/interfaces) by extensions ['colcon_pkg']
[1.896s] Level 1:colcon.colcon_core.package_identification:_identify(matlab/custom/interfaces) by extension 'colcon_pkg'
[1.896s] Level 1:colcon.colcon_core.package_identification:_identify(matlab/custom/interfaces) by extensions ['colcon_meta']
[1.896s] Level 1:colcon.colcon_core.package_identification:_identify(matlab/custom/interfaces) by extension 'colcon_meta'
[1.896s] Level 1:colcon.colcon_core.package_identification:_identify(matlab/custom/interfaces) by extensions ['ros']
[1.896s] Level 1:colcon.colcon_core.package_identification:_identify(matlab/custom/interfaces) by extension 'ros'
[1.896s] Level 1:colcon.colcon_core.package_identification:_identify(matlab/custom/interfaces) by extensions ['cmake', 'python']
[1.896s] Level 1:colcon.colcon_core.package_identification:_identify(matlab/custom/interfaces) by extension 'cmake'
[1.896s] Level 1:colcon.colcon_core.package_identification:_identify(matlab/custom/interfaces) by extension 'python'
[1.896s] Level 1:colcon.colcon_core.package_identification:_identify(matlab/custom/interfaces) by extensions ['python_setup_py']
[1.896s] Level 1:colcon.colcon_core.package_identification:_identify(matlab/custom/interfaces) by extension 'python_setup_py'
[1.897s] Level 1:colcon.colcon_core.package_identification:_identify(matlab/custom/interfaces/msg) by extensions ['ignore', 'ignore_ament_install']
[1.897s] Level 1:colcon.colcon_core.package_identification:_identify(matlab/custom/interfaces/msg) by extension 'ignore'
[1.897s] Level 1:colcon.colcon_core.package_identification:_identify(matlab/custom/interfaces/msg) by extension 'ignore_ament_install'
[1.897s] Level 1:colcon.colcon_core.package_identification:_identify(matlab/custom/interfaces/msg) by extensions ['colcon_pkg']
[1.897s] Level 1:colcon.colcon_core.package_identification:_identify(matlab/custom/interfaces/msg) by extension 'colcon_pkg'
[1.897s] Level 1:colcon.colcon_core.package_identification:_identify(matlab/custom/interfaces/msg) by extensions ['colcon_meta']
[1.897s] Level 1:colcon.colcon_core.package_identification:_identify(matlab/custom/interfaces/msg) by extension 'colcon_meta'
[1.897s] Level 1:colcon.colcon_core.package_identification:_identify(matlab/custom/interfaces/msg) by extensions ['ros']
[1.897s] Level 1:colcon.colcon_core.package_identification:_identify(matlab/custom/interfaces/msg) by extension 'ros'
[1.897s] Level 1:colcon.colcon_core.package_identification:_identify(matlab/custom/interfaces/msg) by extensions ['cmake', 'python']
[1.897s] Level 1:colcon.colcon_core.package_identification:_identify(matlab/custom/interfaces/msg) by extension 'cmake'
[1.897s] Level 1:colcon.colcon_core.package_identification:_identify(matlab/custom/interfaces/msg) by extension 'python'
[1.898s] Level 1:colcon.colcon_core.package_identification:_identify(matlab/custom/interfaces/msg) by extensions ['python_setup_py']
[1.898s] Level 1:colcon.colcon_core.package_identification:_identify(matlab/custom/interfaces/msg) by extension 'python_setup_py'
[1.898s] Level 1:colcon.colcon_core.package_identification:_identify(matlab/custom/matlab_msg_gen) by extensions ['ignore', 'ignore_ament_install']
[1.898s] Level 1:colcon.colcon_core.package_identification:_identify(matlab/custom/matlab_msg_gen) by extension 'ignore'
[1.898s] Level 1:colcon.colcon_core.package_identification:_identify(matlab/custom/matlab_msg_gen) ignored
[1.898s] Level 1:colcon.colcon_core.package_identification:_identify(matlab/slprj) by extensions ['ignore', 'ignore_ament_install']
[1.898s] Level 1:colcon.colcon_core.package_identification:_identify(matlab/slprj) by extension 'ignore'
[1.898s] Level 1:colcon.colcon_core.package_identification:_identify(matlab/slprj) by extension 'ignore_ament_install'
[1.898s] Level 1:colcon.colcon_core.package_identification:_identify(matlab/slprj) by extensions ['colcon_pkg']
[1.898s] Level 1:colcon.colcon_core.package_identification:_identify(matlab/slprj) by extension 'colcon_pkg'
[1.899s] Level 1:colcon.colcon_core.package_identification:_identify(matlab/slprj) by extensions ['colcon_meta']
[1.899s] Level 1:colcon.colcon_core.package_identification:_identify(matlab/slprj) by extension 'colcon_meta'
[1.899s] Level 1:colcon.colcon_core.package_identification:_identify(matlab/slprj) by extensions ['ros']
[1.899s] Level 1:colcon.colcon_core.package_identification:_identify(matlab/slprj) by extension 'ros'
[1.899s] Level 1:colcon.colcon_core.package_identification:_identify(matlab/slprj) by extensions ['cmake', 'python']
[1.899s] Level 1:colcon.colcon_core.package_identification:_identify(matlab/slprj) by extension 'cmake'
[1.899s] Level 1:colcon.colcon_core.package_identification:_identify(matlab/slprj) by extension 'python'
[1.899s] Level 1:colcon.colcon_core.package_identification:_identify(matlab/slprj) by extensions ['python_setup_py']
[1.899s] Level 1:colcon.colcon_core.package_identification:_identify(matlab/slprj) by extension 'python_setup_py'
[1.899s] Level 1:colcon.colcon_core.package_identification:_identify(matlab/slprj/_jitprj) by extensions ['ignore', 'ignore_ament_install']
[1.899s] Level 1:colcon.colcon_core.package_identification:_identify(matlab/slprj/_jitprj) by extension 'ignore'
[1.899s] Level 1:colcon.colcon_core.package_identification:_identify(matlab/slprj/_jitprj) by extension 'ignore_ament_install'
[1.900s] Level 1:colcon.colcon_core.package_identification:_identify(matlab/slprj/_jitprj) by extensions ['colcon_pkg']
[1.900s] Level 1:colcon.colcon_core.package_identification:_identify(matlab/slprj/_jitprj) by extension 'colcon_pkg'
[1.900s] Level 1:colcon.colcon_core.package_identification:_identify(matlab/slprj/_jitprj) by extensions ['colcon_meta']
[1.900s] Level 1:colcon.colcon_core.package_identification:_identify(matlab/slprj/_jitprj) by extension 'colcon_meta'
[1.900s] Level 1:colcon.colcon_core.package_identification:_identify(matlab/slprj/_jitprj) by extensions ['ros']
[1.900s] Level 1:colcon.colcon_core.package_identification:_identify(matlab/slprj/_jitprj) by extension 'ros'
[1.900s] Level 1:colcon.colcon_core.package_identification:_identify(matlab/slprj/_jitprj) by extensions ['cmake', 'python']
[1.900s] Level 1:colcon.colcon_core.package_identification:_identify(matlab/slprj/_jitprj) by extension 'cmake'
[1.900s] Level 1:colcon.colcon_core.package_identification:_identify(matlab/slprj/_jitprj) by extension 'python'
[1.900s] Level 1:colcon.colcon_core.package_identification:_identify(matlab/slprj/_jitprj) by extensions ['python_setup_py']
[1.900s] Level 1:colcon.colcon_core.package_identification:_identify(matlab/slprj/_jitprj) by extension 'python_setup_py'
[1.900s] Level 1:colcon.colcon_core.package_identification:_identify(matlab/slprj/_sfprj) by extensions ['ignore', 'ignore_ament_install']
[1.901s] Level 1:colcon.colcon_core.package_identification:_identify(matlab/slprj/_sfprj) by extension 'ignore'
[1.901s] Level 1:colcon.colcon_core.package_identification:_identify(matlab/slprj/_sfprj) by extension 'ignore_ament_install'
[1.901s] Level 1:colcon.colcon_core.package_identification:_identify(matlab/slprj/_sfprj) by extensions ['colcon_pkg']
[1.901s] Level 1:colcon.colcon_core.package_identification:_identify(matlab/slprj/_sfprj) by extension 'colcon_pkg'
[1.901s] Level 1:colcon.colcon_core.package_identification:_identify(matlab/slprj/_sfprj) by extensions ['colcon_meta']
[1.901s] Level 1:colcon.colcon_core.package_identification:_identify(matlab/slprj/_sfprj) by extension 'colcon_meta'
[1.901s] Level 1:colcon.colcon_core.package_identification:_identify(matlab/slprj/_sfprj) by extensions ['ros']
[1.901s] Level 1:colcon.colcon_core.package_identification:_identify(matlab/slprj/_sfprj) by extension 'ros'
[1.901s] Level 1:colcon.colcon_core.package_identification:_identify(matlab/slprj/_sfprj) by extensions ['cmake', 'python']
[1.901s] Level 1:colcon.colcon_core.package_identification:_identify(matlab/slprj/_sfprj) by extension 'cmake'
[1.901s] Level 1:colcon.colcon_core.package_identification:_identify(matlab/slprj/_sfprj) by extension 'python'
[1.901s] Level 1:colcon.colcon_core.package_identification:_identify(matlab/slprj/_sfprj) by extensions ['python_setup_py']
[1.901s] Level 1:colcon.colcon_core.package_identification:_identify(matlab/slprj/_sfprj) by extension 'python_setup_py'
[1.902s] Level 1:colcon.colcon_core.package_identification:_identify(matlab/slprj/_sfprj/EMLReport) by extensions ['ignore', 'ignore_ament_install']
[1.902s] Level 1:colcon.colcon_core.package_identification:_identify(matlab/slprj/_sfprj/EMLReport) by extension 'ignore'
[1.902s] Level 1:colcon.colcon_core.package_identification:_identify(matlab/slprj/_sfprj/EMLReport) by extension 'ignore_ament_install'
[1.902s] Level 1:colcon.colcon_core.package_identification:_identify(matlab/slprj/_sfprj/EMLReport) by extensions ['colcon_pkg']
[1.902s] Level 1:colcon.colcon_core.package_identification:_identify(matlab/slprj/_sfprj/EMLReport) by extension 'colcon_pkg'
[1.902s] Level 1:colcon.colcon_core.package_identification:_identify(matlab/slprj/_sfprj/EMLReport) by extensions ['colcon_meta']
[1.902s] Level 1:colcon.colcon_core.package_identification:_identify(matlab/slprj/_sfprj/EMLReport) by extension 'colcon_meta'
[1.902s] Level 1:colcon.colcon_core.package_identification:_identify(matlab/slprj/_sfprj/EMLReport) by extensions ['ros']
[1.902s] Level 1:colcon.colcon_core.package_identification:_identify(matlab/slprj/_sfprj/EMLReport) by extension 'ros'
[1.902s] Level 1:colcon.colcon_core.package_identification:_identify(matlab/slprj/_sfprj/EMLReport) by extensions ['cmake', 'python']
[1.902s] Level 1:colcon.colcon_core.package_identification:_identify(matlab/slprj/_sfprj/EMLReport) by extension 'cmake'
[1.903s] Level 1:colcon.colcon_core.package_identification:_identify(matlab/slprj/_sfprj/EMLReport) by extension 'python'
[1.903s] Level 1:colcon.colcon_core.package_identification:_identify(matlab/slprj/_sfprj/EMLReport) by extensions ['python_setup_py']
[1.903s] Level 1:colcon.colcon_core.package_identification:_identify(matlab/slprj/_sfprj/EMLReport) by extension 'python_setup_py'
[1.903s] Level 1:colcon.colcon_core.package_identification:_identify(matlab/slprj/_sfprj/EMLReport/s881rqxAgeOp6s2tFfG9OoD) by extensions ['ignore', 'ignore_ament_install']
[1.903s] Level 1:colcon.colcon_core.package_identification:_identify(matlab/slprj/_sfprj/EMLReport/s881rqxAgeOp6s2tFfG9OoD) by extension 'ignore'
[1.903s] Level 1:colcon.colcon_core.package_identification:_identify(matlab/slprj/_sfprj/EMLReport/s881rqxAgeOp6s2tFfG9OoD) by extension 'ignore_ament_install'
[1.903s] Level 1:colcon.colcon_core.package_identification:_identify(matlab/slprj/_sfprj/EMLReport/s881rqxAgeOp6s2tFfG9OoD) by extensions ['colcon_pkg']
[1.903s] Level 1:colcon.colcon_core.package_identification:_identify(matlab/slprj/_sfprj/EMLReport/s881rqxAgeOp6s2tFfG9OoD) by extension 'colcon_pkg'
[1.903s] Level 1:colcon.colcon_core.package_identification:_identify(matlab/slprj/_sfprj/EMLReport/s881rqxAgeOp6s2tFfG9OoD) by extensions ['colcon_meta']
[1.903s] Level 1:colcon.colcon_core.package_identification:_identify(matlab/slprj/_sfprj/EMLReport/s881rqxAgeOp6s2tFfG9OoD) by extension 'colcon_meta'
[1.903s] Level 1:colcon.colcon_core.package_identification:_identify(matlab/slprj/_sfprj/EMLReport/s881rqxAgeOp6s2tFfG9OoD) by extensions ['ros']
[1.903s] Level 1:colcon.colcon_core.package_identification:_identify(matlab/slprj/_sfprj/EMLReport/s881rqxAgeOp6s2tFfG9OoD) by extension 'ros'
[1.904s] Level 1:colcon.colcon_core.package_identification:_identify(matlab/slprj/_sfprj/EMLReport/s881rqxAgeOp6s2tFfG9OoD) by extensions ['cmake', 'python']
[1.904s] Level 1:colcon.colcon_core.package_identification:_identify(matlab/slprj/_sfprj/EMLReport/s881rqxAgeOp6s2tFfG9OoD) by extension 'cmake'
[1.904s] Level 1:colcon.colcon_core.package_identification:_identify(matlab/slprj/_sfprj/EMLReport/s881rqxAgeOp6s2tFfG9OoD) by extension 'python'
[1.904s] Level 1:colcon.colcon_core.package_identification:_identify(matlab/slprj/_sfprj/EMLReport/s881rqxAgeOp6s2tFfG9OoD) by extensions ['python_setup_py']
[1.904s] Level 1:colcon.colcon_core.package_identification:_identify(matlab/slprj/_sfprj/EMLReport/s881rqxAgeOp6s2tFfG9OoD) by extension 'python_setup_py'
[1.904s] Level 1:colcon.colcon_core.package_identification:_identify(matlab/slprj/_sfprj/EMLReport/sFapP3YcaBS6dtB7MJGzGpE) by extensions ['ignore', 'ignore_ament_install']
[1.904s] Level 1:colcon.colcon_core.package_identification:_identify(matlab/slprj/_sfprj/EMLReport/sFapP3YcaBS6dtB7MJGzGpE) by extension 'ignore'
[1.905s] Level 1:colcon.colcon_core.package_identification:_identify(matlab/slprj/_sfprj/EMLReport/sFapP3YcaBS6dtB7MJGzGpE) by extension 'ignore_ament_install'
[1.905s] Level 1:colcon.colcon_core.package_identification:_identify(matlab/slprj/_sfprj/EMLReport/sFapP3YcaBS6dtB7MJGzGpE) by extensions ['colcon_pkg']
[1.905s] Level 1:colcon.colcon_core.package_identification:_identify(matlab/slprj/_sfprj/EMLReport/sFapP3YcaBS6dtB7MJGzGpE) by extension 'colcon_pkg'
[1.905s] Level 1:colcon.colcon_core.package_identification:_identify(matlab/slprj/_sfprj/EMLReport/sFapP3YcaBS6dtB7MJGzGpE) by extensions ['colcon_meta']
[1.905s] Level 1:colcon.colcon_core.package_identification:_identify(matlab/slprj/_sfprj/EMLReport/sFapP3YcaBS6dtB7MJGzGpE) by extension 'colcon_meta'
[1.905s] Level 1:colcon.colcon_core.package_identification:_identify(matlab/slprj/_sfprj/EMLReport/sFapP3YcaBS6dtB7MJGzGpE) by extensions ['ros']
[1.905s] Level 1:colcon.colcon_core.package_identification:_identify(matlab/slprj/_sfprj/EMLReport/sFapP3YcaBS6dtB7MJGzGpE) by extension 'ros'
[1.905s] Level 1:colcon.colcon_core.package_identification:_identify(matlab/slprj/_sfprj/EMLReport/sFapP3YcaBS6dtB7MJGzGpE) by extensions ['cmake', 'python']
[1.905s] Level 1:colcon.colcon_core.package_identification:_identify(matlab/slprj/_sfprj/EMLReport/sFapP3YcaBS6dtB7MJGzGpE) by extension 'cmake'
[1.905s] Level 1:colcon.colcon_core.package_identification:_identify(matlab/slprj/_sfprj/EMLReport/sFapP3YcaBS6dtB7MJGzGpE) by extension 'python'
[1.905s] Level 1:colcon.colcon_core.package_identification:_identify(matlab/slprj/_sfprj/EMLReport/sFapP3YcaBS6dtB7MJGzGpE) by extensions ['python_setup_py']
[1.905s] Level 1:colcon.colcon_core.package_identification:_identify(matlab/slprj/_sfprj/EMLReport/sFapP3YcaBS6dtB7MJGzGpE) by extension 'python_setup_py'
[1.906s] Level 1:colcon.colcon_core.package_identification:_identify(matlab/slprj/_sfprj/EMLReport/sTfkDIGt9NcJQoyuP99hI4B) by extensions ['ignore', 'ignore_ament_install']
[1.906s] Level 1:colcon.colcon_core.package_identification:_identify(matlab/slprj/_sfprj/EMLReport/sTfkDIGt9NcJQoyuP99hI4B) by extension 'ignore'
[1.906s] Level 1:colcon.colcon_core.package_identification:_identify(matlab/slprj/_sfprj/EMLReport/sTfkDIGt9NcJQoyuP99hI4B) by extension 'ignore_ament_install'
[1.906s] Level 1:colcon.colcon_core.package_identification:_identify(matlab/slprj/_sfprj/EMLReport/sTfkDIGt9NcJQoyuP99hI4B) by extensions ['colcon_pkg']
[1.906s] Level 1:colcon.colcon_core.package_identification:_identify(matlab/slprj/_sfprj/EMLReport/sTfkDIGt9NcJQoyuP99hI4B) by extension 'colcon_pkg'
[1.906s] Level 1:colcon.colcon_core.package_identification:_identify(matlab/slprj/_sfprj/EMLReport/sTfkDIGt9NcJQoyuP99hI4B) by extensions ['colcon_meta']
[1.906s] Level 1:colcon.colcon_core.package_identification:_identify(matlab/slprj/_sfprj/EMLReport/sTfkDIGt9NcJQoyuP99hI4B) by extension 'colcon_meta'
[1.906s] Level 1:colcon.colcon_core.package_identification:_identify(matlab/slprj/_sfprj/EMLReport/sTfkDIGt9NcJQoyuP99hI4B) by extensions ['ros']
[1.906s] Level 1:colcon.colcon_core.package_identification:_identify(matlab/slprj/_sfprj/EMLReport/sTfkDIGt9NcJQoyuP99hI4B) by extension 'ros'
[1.906s] Level 1:colcon.colcon_core.package_identification:_identify(matlab/slprj/_sfprj/EMLReport/sTfkDIGt9NcJQoyuP99hI4B) by extensions ['cmake', 'python']
[1.906s] Level 1:colcon.colcon_core.package_identification:_identify(matlab/slprj/_sfprj/EMLReport/sTfkDIGt9NcJQoyuP99hI4B) by extension 'cmake'
[1.906s] Level 1:colcon.colcon_core.package_identification:_identify(matlab/slprj/_sfprj/EMLReport/sTfkDIGt9NcJQoyuP99hI4B) by extension 'python'
[1.906s] Level 1:colcon.colcon_core.package_identification:_identify(matlab/slprj/_sfprj/EMLReport/sTfkDIGt9NcJQoyuP99hI4B) by extensions ['python_setup_py']
[1.907s] Level 1:colcon.colcon_core.package_identification:_identify(matlab/slprj/_sfprj/EMLReport/sTfkDIGt9NcJQoyuP99hI4B) by extension 'python_setup_py'
[1.907s] Level 1:colcon.colcon_core.package_identification:_identify(matlab/slprj/_sfprj/EMLReport/slyDQOC2mqxD6eAmbTuCZUH) by extensions ['ignore', 'ignore_ament_install']
[1.907s] Level 1:colcon.colcon_core.package_identification:_identify(matlab/slprj/_sfprj/EMLReport/slyDQOC2mqxD6eAmbTuCZUH) by extension 'ignore'
[1.907s] Level 1:colcon.colcon_core.package_identification:_identify(matlab/slprj/_sfprj/EMLReport/slyDQOC2mqxD6eAmbTuCZUH) by extension 'ignore_ament_install'
[1.907s] Level 1:colcon.colcon_core.package_identification:_identify(matlab/slprj/_sfprj/EMLReport/slyDQOC2mqxD6eAmbTuCZUH) by extensions ['colcon_pkg']
[1.907s] Level 1:colcon.colcon_core.package_identification:_identify(matlab/slprj/_sfprj/EMLReport/slyDQOC2mqxD6eAmbTuCZUH) by extension 'colcon_pkg'
[1.907s] Level 1:colcon.colcon_core.package_identification:_identify(matlab/slprj/_sfprj/EMLReport/slyDQOC2mqxD6eAmbTuCZUH) by extensions ['colcon_meta']
[1.907s] Level 1:colcon.colcon_core.package_identification:_identify(matlab/slprj/_sfprj/EMLReport/slyDQOC2mqxD6eAmbTuCZUH) by extension 'colcon_meta'
[1.907s] Level 1:colcon.colcon_core.package_identification:_identify(matlab/slprj/_sfprj/EMLReport/slyDQOC2mqxD6eAmbTuCZUH) by extensions ['ros']
[1.907s] Level 1:colcon.colcon_core.package_identification:_identify(matlab/slprj/_sfprj/EMLReport/slyDQOC2mqxD6eAmbTuCZUH) by extension 'ros'
[1.907s] Level 1:colcon.colcon_core.package_identification:_identify(matlab/slprj/_sfprj/EMLReport/slyDQOC2mqxD6eAmbTuCZUH) by extensions ['cmake', 'python']
[1.908s] Level 1:colcon.colcon_core.package_identification:_identify(matlab/slprj/_sfprj/EMLReport/slyDQOC2mqxD6eAmbTuCZUH) by extension 'cmake'
[1.908s] Level 1:colcon.colcon_core.package_identification:_identify(matlab/slprj/_sfprj/EMLReport/slyDQOC2mqxD6eAmbTuCZUH) by extension 'python'
[1.908s] Level 1:colcon.colcon_core.package_identification:_identify(matlab/slprj/_sfprj/EMLReport/slyDQOC2mqxD6eAmbTuCZUH) by extensions ['python_setup_py']
[1.908s] Level 1:colcon.colcon_core.package_identification:_identify(matlab/slprj/_sfprj/EMLReport/slyDQOC2mqxD6eAmbTuCZUH) by extension 'python_setup_py'
[1.908s] Level 1:colcon.colcon_core.package_identification:_identify(matlab/slprj/_sfprj/mission_manager) by extensions ['ignore', 'ignore_ament_install']
[1.908s] Level 1:colcon.colcon_core.package_identification:_identify(matlab/slprj/_sfprj/mission_manager) by extension 'ignore'
[1.908s] Level 1:colcon.colcon_core.package_identification:_identify(matlab/slprj/_sfprj/mission_manager) by extension 'ignore_ament_install'
[1.908s] Level 1:colcon.colcon_core.package_identification:_identify(matlab/slprj/_sfprj/mission_manager) by extensions ['colcon_pkg']
[1.908s] Level 1:colcon.colcon_core.package_identification:_identify(matlab/slprj/_sfprj/mission_manager) by extension 'colcon_pkg'
[1.908s] Level 1:colcon.colcon_core.package_identification:_identify(matlab/slprj/_sfprj/mission_manager) by extensions ['colcon_meta']
[1.908s] Level 1:colcon.colcon_core.package_identification:_identify(matlab/slprj/_sfprj/mission_manager) by extension 'colcon_meta'
[1.908s] Level 1:colcon.colcon_core.package_identification:_identify(matlab/slprj/_sfprj/mission_manager) by extensions ['ros']
[1.909s] Level 1:colcon.colcon_core.package_identification:_identify(matlab/slprj/_sfprj/mission_manager) by extension 'ros'
[1.909s] Level 1:colcon.colcon_core.package_identification:_identify(matlab/slprj/_sfprj/mission_manager) by extensions ['cmake', 'python']
[1.909s] Level 1:colcon.colcon_core.package_identification:_identify(matlab/slprj/_sfprj/mission_manager) by extension 'cmake'
[1.909s] Level 1:colcon.colcon_core.package_identification:_identify(matlab/slprj/_sfprj/mission_manager) by extension 'python'
[1.909s] Level 1:colcon.colcon_core.package_identification:_identify(matlab/slprj/_sfprj/mission_manager) by extensions ['python_setup_py']
[1.909s] Level 1:colcon.colcon_core.package_identification:_identify(matlab/slprj/_sfprj/mission_manager) by extension 'python_setup_py'
[1.909s] Level 1:colcon.colcon_core.package_identification:_identify(matlab/slprj/_sfprj/mission_manager/_self) by extensions ['ignore', 'ignore_ament_install']
[1.909s] Level 1:colcon.colcon_core.package_identification:_identify(matlab/slprj/_sfprj/mission_manager/_self) by extension 'ignore'
[1.909s] Level 1:colcon.colcon_core.package_identification:_identify(matlab/slprj/_sfprj/mission_manager/_self) by extension 'ignore_ament_install'
[1.909s] Level 1:colcon.colcon_core.package_identification:_identify(matlab/slprj/_sfprj/mission_manager/_self) by extensions ['colcon_pkg']
[1.909s] Level 1:colcon.colcon_core.package_identification:_identify(matlab/slprj/_sfprj/mission_manager/_self) by extension 'colcon_pkg'
[1.910s] Level 1:colcon.colcon_core.package_identification:_identify(matlab/slprj/_sfprj/mission_manager/_self) by extensions ['colcon_meta']
[1.910s] Level 1:colcon.colcon_core.package_identification:_identify(matlab/slprj/_sfprj/mission_manager/_self) by extension 'colcon_meta'
[1.910s] Level 1:colcon.colcon_core.package_identification:_identify(matlab/slprj/_sfprj/mission_manager/_self) by extensions ['ros']
[1.910s] Level 1:colcon.colcon_core.package_identification:_identify(matlab/slprj/_sfprj/mission_manager/_self) by extension 'ros'
[1.910s] Level 1:colcon.colcon_core.package_identification:_identify(matlab/slprj/_sfprj/mission_manager/_self) by extensions ['cmake', 'python']
[1.910s] Level 1:colcon.colcon_core.package_identification:_identify(matlab/slprj/_sfprj/mission_manager/_self) by extension 'cmake'
[1.910s] Level 1:colcon.colcon_core.package_identification:_identify(matlab/slprj/_sfprj/mission_manager/_self) by extension 'python'
[1.910s] Level 1:colcon.colcon_core.package_identification:_identify(matlab/slprj/_sfprj/mission_manager/_self) by extensions ['python_setup_py']
[1.910s] Level 1:colcon.colcon_core.package_identification:_identify(matlab/slprj/_sfprj/mission_manager/_self) by extension 'python_setup_py'
[1.910s] Level 1:colcon.colcon_core.package_identification:_identify(matlab/slprj/_sfprj/mission_manager/_self/sfun) by extensions ['ignore', 'ignore_ament_install']
[1.910s] Level 1:colcon.colcon_core.package_identification:_identify(matlab/slprj/_sfprj/mission_manager/_self/sfun) by extension 'ignore'
[1.911s] Level 1:colcon.colcon_core.package_identification:_identify(matlab/slprj/_sfprj/mission_manager/_self/sfun) by extension 'ignore_ament_install'
[1.911s] Level 1:colcon.colcon_core.package_identification:_identify(matlab/slprj/_sfprj/mission_manager/_self/sfun) by extensions ['colcon_pkg']
[1.911s] Level 1:colcon.colcon_core.package_identification:_identify(matlab/slprj/_sfprj/mission_manager/_self/sfun) by extension 'colcon_pkg'
[1.911s] Level 1:colcon.colcon_core.package_identification:_identify(matlab/slprj/_sfprj/mission_manager/_self/sfun) by extensions ['colcon_meta']
[1.911s] Level 1:colcon.colcon_core.package_identification:_identify(matlab/slprj/_sfprj/mission_manager/_self/sfun) by extension 'colcon_meta'
[1.911s] Level 1:colcon.colcon_core.package_identification:_identify(matlab/slprj/_sfprj/mission_manager/_self/sfun) by extensions ['ros']
[1.911s] Level 1:colcon.colcon_core.package_identification:_identify(matlab/slprj/_sfprj/mission_manager/_self/sfun) by extension 'ros'
[1.911s] Level 1:colcon.colcon_core.package_identification:_identify(matlab/slprj/_sfprj/mission_manager/_self/sfun) by extensions ['cmake', 'python']
[1.911s] Level 1:colcon.colcon_core.package_identification:_identify(matlab/slprj/_sfprj/mission_manager/_self/sfun) by extension 'cmake'
[1.911s] Level 1:colcon.colcon_core.package_identification:_identify(matlab/slprj/_sfprj/mission_manager/_self/sfun) by extension 'python'
[1.911s] Level 1:colcon.colcon_core.package_identification:_identify(matlab/slprj/_sfprj/mission_manager/_self/sfun) by extensions ['python_setup_py']
[1.911s] Level 1:colcon.colcon_core.package_identification:_identify(matlab/slprj/_sfprj/mission_manager/_self/sfun) by extension 'python_setup_py'
[1.912s] Level 1:colcon.colcon_core.package_identification:_identify(matlab/slprj/_sfprj/mission_manager/_self/sfun/info) by extensions ['ignore', 'ignore_ament_install']
[1.912s] Level 1:colcon.colcon_core.package_identification:_identify(matlab/slprj/_sfprj/mission_manager/_self/sfun/info) by extension 'ignore'
[1.912s] Level 1:colcon.colcon_core.package_identification:_identify(matlab/slprj/_sfprj/mission_manager/_self/sfun/info) by extension 'ignore_ament_install'
[1.912s] Level 1:colcon.colcon_core.package_identification:_identify(matlab/slprj/_sfprj/mission_manager/_self/sfun/info) by extensions ['colcon_pkg']
[1.912s] Level 1:colcon.colcon_core.package_identification:_identify(matlab/slprj/_sfprj/mission_manager/_self/sfun/info) by extension 'colcon_pkg'
[1.912s] Level 1:colcon.colcon_core.package_identification:_identify(matlab/slprj/_sfprj/mission_manager/_self/sfun/info) by extensions ['colcon_meta']
[1.912s] Level 1:colcon.colcon_core.package_identification:_identify(matlab/slprj/_sfprj/mission_manager/_self/sfun/info) by extension 'colcon_meta'
[1.912s] Level 1:colcon.colcon_core.package_identification:_identify(matlab/slprj/_sfprj/mission_manager/_self/sfun/info) by extensions ['ros']
[1.912s] Level 1:colcon.colcon_core.package_identification:_identify(matlab/slprj/_sfprj/mission_manager/_self/sfun/info) by extension 'ros'
[1.912s] Level 1:colcon.colcon_core.package_identification:_identify(matlab/slprj/_sfprj/mission_manager/_self/sfun/info) by extensions ['cmake', 'python']
[1.912s] Level 1:colcon.colcon_core.package_identification:_identify(matlab/slprj/_sfprj/mission_manager/_self/sfun/info) by extension 'cmake'
[1.913s] Level 1:colcon.colcon_core.package_identification:_identify(matlab/slprj/_sfprj/mission_manager/_self/sfun/info) by extension 'python'
[1.913s] Level 1:colcon.colcon_core.package_identification:_identify(matlab/slprj/_sfprj/mission_manager/_self/sfun/info) by extensions ['python_setup_py']
[1.913s] Level 1:colcon.colcon_core.package_identification:_identify(matlab/slprj/_sfprj/mission_manager/_self/sfun/info) by extension 'python_setup_py'
[1.913s] Level 1:colcon.colcon_core.package_identification:_identify(matlab/slprj/_sfprj/precompile) by extensions ['ignore', 'ignore_ament_install']
[1.913s] Level 1:colcon.colcon_core.package_identification:_identify(matlab/slprj/_sfprj/precompile) by extension 'ignore'
[1.913s] Level 1:colcon.colcon_core.package_identification:_identify(matlab/slprj/_sfprj/precompile) by extension 'ignore_ament_install'
[1.913s] Level 1:colcon.colcon_core.package_identification:_identify(matlab/slprj/_sfprj/precompile) by extensions ['colcon_pkg']
[1.913s] Level 1:colcon.colcon_core.package_identification:_identify(matlab/slprj/_sfprj/precompile) by extension 'colcon_pkg'
[1.913s] Level 1:colcon.colcon_core.package_identification:_identify(matlab/slprj/_sfprj/precompile) by extensions ['colcon_meta']
[1.913s] Level 1:colcon.colcon_core.package_identification:_identify(matlab/slprj/_sfprj/precompile) by extension 'colcon_meta'
[1.913s] Level 1:colcon.colcon_core.package_identification:_identify(matlab/slprj/_sfprj/precompile) by extensions ['ros']
[1.913s] Level 1:colcon.colcon_core.package_identification:_identify(matlab/slprj/_sfprj/precompile) by extension 'ros'
[1.914s] Level 1:colcon.colcon_core.package_identification:_identify(matlab/slprj/_sfprj/precompile) by extensions ['cmake', 'python']
[1.914s] Level 1:colcon.colcon_core.package_identification:_identify(matlab/slprj/_sfprj/precompile) by extension 'cmake'
[1.914s] Level 1:colcon.colcon_core.package_identification:_identify(matlab/slprj/_sfprj/precompile) by extension 'python'
[1.914s] Level 1:colcon.colcon_core.package_identification:_identify(matlab/slprj/_sfprj/precompile) by extensions ['python_setup_py']
[1.914s] Level 1:colcon.colcon_core.package_identification:_identify(matlab/slprj/_sfprj/precompile) by extension 'python_setup_py'
[1.914s] Level 1:colcon.colcon_core.package_identification:_identify(matlab/slprj/sim) by extensions ['ignore', 'ignore_ament_install']
[1.914s] Level 1:colcon.colcon_core.package_identification:_identify(matlab/slprj/sim) by extension 'ignore'
[1.914s] Level 1:colcon.colcon_core.package_identification:_identify(matlab/slprj/sim) by extension 'ignore_ament_install'
[1.914s] Level 1:colcon.colcon_core.package_identification:_identify(matlab/slprj/sim) by extensions ['colcon_pkg']
[1.914s] Level 1:colcon.colcon_core.package_identification:_identify(matlab/slprj/sim) by extension 'colcon_pkg'
[1.914s] Level 1:colcon.colcon_core.package_identification:_identify(matlab/slprj/sim) by extensions ['colcon_meta']
[1.914s] Level 1:colcon.colcon_core.package_identification:_identify(matlab/slprj/sim) by extension 'colcon_meta'
[1.914s] Level 1:colcon.colcon_core.package_identification:_identify(matlab/slprj/sim) by extensions ['ros']
[1.915s] Level 1:colcon.colcon_core.package_identification:_identify(matlab/slprj/sim) by extension 'ros'
[1.915s] Level 1:colcon.colcon_core.package_identification:_identify(matlab/slprj/sim) by extensions ['cmake', 'python']
[1.915s] Level 1:colcon.colcon_core.package_identification:_identify(matlab/slprj/sim) by extension 'cmake'
[1.915s] Level 1:colcon.colcon_core.package_identification:_identify(matlab/slprj/sim) by extension 'python'
[1.915s] Level 1:colcon.colcon_core.package_identification:_identify(matlab/slprj/sim) by extensions ['python_setup_py']
[1.915s] Level 1:colcon.colcon_core.package_identification:_identify(matlab/slprj/sim) by extension 'python_setup_py'
[1.915s] Level 1:colcon.colcon_core.package_identification:_identify(matlab/slprj/sim/varcache) by extensions ['ignore', 'ignore_ament_install']
[1.915s] Level 1:colcon.colcon_core.package_identification:_identify(matlab/slprj/sim/varcache) by extension 'ignore'
[1.915s] Level 1:colcon.colcon_core.package_identification:_identify(matlab/slprj/sim/varcache) by extension 'ignore_ament_install'
[1.915s] Level 1:colcon.colcon_core.package_identification:_identify(matlab/slprj/sim/varcache) by extensions ['colcon_pkg']
[1.915s] Level 1:colcon.colcon_core.package_identification:_identify(matlab/slprj/sim/varcache) by extension 'colcon_pkg'
[1.915s] Level 1:colcon.colcon_core.package_identification:_identify(matlab/slprj/sim/varcache) by extensions ['colcon_meta']
[1.916s] Level 1:colcon.colcon_core.package_identification:_identify(matlab/slprj/sim/varcache) by extension 'colcon_meta'
[1.916s] Level 1:colcon.colcon_core.package_identification:_identify(matlab/slprj/sim/varcache) by extensions ['ros']
[1.916s] Level 1:colcon.colcon_core.package_identification:_identify(matlab/slprj/sim/varcache) by extension 'ros'
[1.916s] Level 1:colcon.colcon_core.package_identification:_identify(matlab/slprj/sim/varcache) by extensions ['cmake', 'python']
[1.916s] Level 1:colcon.colcon_core.package_identification:_identify(matlab/slprj/sim/varcache) by extension 'cmake'
[1.916s] Level 1:colcon.colcon_core.package_identification:_identify(matlab/slprj/sim/varcache) by extension 'python'
[1.916s] Level 1:colcon.colcon_core.package_identification:_identify(matlab/slprj/sim/varcache) by extensions ['python_setup_py']
[1.916s] Level 1:colcon.colcon_core.package_identification:_identify(matlab/slprj/sim/varcache) by extension 'python_setup_py'
[1.916s] Level 1:colcon.colcon_core.package_identification:_identify(matlab/slprj/sim/varcache/mission_manager) by extensions ['ignore', 'ignore_ament_install']
[1.916s] Level 1:colcon.colcon_core.package_identification:_identify(matlab/slprj/sim/varcache/mission_manager) by extension 'ignore'
[1.916s] Level 1:colcon.colcon_core.package_identification:_identify(matlab/slprj/sim/varcache/mission_manager) by extension 'ignore_ament_install'
[1.916s] Level 1:colcon.colcon_core.package_identification:_identify(matlab/slprj/sim/varcache/mission_manager) by extensions ['colcon_pkg']
[1.917s] Level 1:colcon.colcon_core.package_identification:_identify(matlab/slprj/sim/varcache/mission_manager) by extension 'colcon_pkg'
[1.917s] Level 1:colcon.colcon_core.package_identification:_identify(matlab/slprj/sim/varcache/mission_manager) by extensions ['colcon_meta']
[1.917s] Level 1:colcon.colcon_core.package_identification:_identify(matlab/slprj/sim/varcache/mission_manager) by extension 'colcon_meta'
[1.917s] Level 1:colcon.colcon_core.package_identification:_identify(matlab/slprj/sim/varcache/mission_manager) by extensions ['ros']
[1.917s] Level 1:colcon.colcon_core.package_identification:_identify(matlab/slprj/sim/varcache/mission_manager) by extension 'ros'
[1.917s] Level 1:colcon.colcon_core.package_identification:_identify(matlab/slprj/sim/varcache/mission_manager) by extensions ['cmake', 'python']
[1.917s] Level 1:colcon.colcon_core.package_identification:_identify(matlab/slprj/sim/varcache/mission_manager) by extension 'cmake'
[1.917s] Level 1:colcon.colcon_core.package_identification:_identify(matlab/slprj/sim/varcache/mission_manager) by extension 'python'
[1.917s] Level 1:colcon.colcon_core.package_identification:_identify(matlab/slprj/sim/varcache/mission_manager) by extensions ['python_setup_py']
[1.917s] Level 1:colcon.colcon_core.package_identification:_identify(matlab/slprj/sim/varcache/mission_manager) by extension 'python_setup_py'
[1.918s] Level 1:colcon.colcon_core.package_identification:_identify(matlab/slprj/sim/varcache/mission_manager/tmwinternal) by extensions ['ignore', 'ignore_ament_install']
[1.918s] Level 1:colcon.colcon_core.package_identification:_identify(matlab/slprj/sim/varcache/mission_manager/tmwinternal) by extension 'ignore'
[1.918s] Level 1:colcon.colcon_core.package_identification:_identify(matlab/slprj/sim/varcache/mission_manager/tmwinternal) by extension 'ignore_ament_install'
[1.918s] Level 1:colcon.colcon_core.package_identification:_identify(matlab/slprj/sim/varcache/mission_manager/tmwinternal) by extensions ['colcon_pkg']
[1.918s] Level 1:colcon.colcon_core.package_identification:_identify(matlab/slprj/sim/varcache/mission_manager/tmwinternal) by extension 'colcon_pkg'
[1.918s] Level 1:colcon.colcon_core.package_identification:_identify(matlab/slprj/sim/varcache/mission_manager/tmwinternal) by extensions ['colcon_meta']
[1.918s] Level 1:colcon.colcon_core.package_identification:_identify(matlab/slprj/sim/varcache/mission_manager/tmwinternal) by extension 'colcon_meta'
[1.918s] Level 1:colcon.colcon_core.package_identification:_identify(matlab/slprj/sim/varcache/mission_manager/tmwinternal) by extensions ['ros']
[1.918s] Level 1:colcon.colcon_core.package_identification:_identify(matlab/slprj/sim/varcache/mission_manager/tmwinternal) by extension 'ros'
[1.919s] Level 1:colcon.colcon_core.package_identification:_identify(matlab/slprj/sim/varcache/mission_manager/tmwinternal) by extensions ['cmake', 'python']
[1.919s] Level 1:colcon.colcon_core.package_identification:_identify(matlab/slprj/sim/varcache/mission_manager/tmwinternal) by extension 'cmake'
[1.919s] Level 1:colcon.colcon_core.package_identification:_identify(matlab/slprj/sim/varcache/mission_manager/tmwinternal) by extension 'python'
[1.919s] Level 1:colcon.colcon_core.package_identification:_identify(matlab/slprj/sim/varcache/mission_manager/tmwinternal) by extensions ['python_setup_py']
[1.919s] Level 1:colcon.colcon_core.package_identification:_identify(matlab/slprj/sim/varcache/mission_manager/tmwinternal) by extension 'python_setup_py'
[1.919s] Level 1:colcon.colcon_core.package_identification:_identify(src) by extensions ['ignore', 'ignore_ament_install']
[1.919s] Level 1:colcon.colcon_core.package_identification:_identify(src) by extension 'ignore'
[1.919s] Level 1:colcon.colcon_core.package_identification:_identify(src) by extension 'ignore_ament_install'
[1.919s] Level 1:colcon.colcon_core.package_identification:_identify(src) by extensions ['colcon_pkg']
[1.919s] Level 1:colcon.colcon_core.package_identification:_identify(src) by extension 'colcon_pkg'
[1.919s] Level 1:colcon.colcon_core.package_identification:_identify(src) by extensions ['colcon_meta']
[1.919s] Level 1:colcon.colcon_core.package_identification:_identify(src) by extension 'colcon_meta'
[1.920s] Level 1:colcon.colcon_core.package_identification:_identify(src) by extensions ['ros']
[1.920s] Level 1:colcon.colcon_core.package_identification:_identify(src) by extension 'ros'
[1.920s] Level 1:colcon.colcon_core.package_identification:_identify(src) by extensions ['cmake', 'python']
[1.920s] Level 1:colcon.colcon_core.package_identification:_identify(src) by extension 'cmake'
[1.920s] Level 1:colcon.colcon_core.package_identification:_identify(src) by extension 'python'
[1.920s] Level 1:colcon.colcon_core.package_identification:_identify(src) by extensions ['python_setup_py']
[1.920s] Level 1:colcon.colcon_core.package_identification:_identify(src) by extension 'python_setup_py'
[1.920s] Level 1:colcon.colcon_core.package_identification:_identify(src/camera) by extensions ['ignore', 'ignore_ament_install']
[1.920s] Level 1:colcon.colcon_core.package_identification:_identify(src/camera) by extension 'ignore'
[1.920s] Level 1:colcon.colcon_core.package_identification:_identify(src/camera) by extension 'ignore_ament_install'
[1.920s] Level 1:colcon.colcon_core.package_identification:_identify(src/camera) by extensions ['colcon_pkg']
[1.920s] Level 1:colcon.colcon_core.package_identification:_identify(src/camera) by extension 'colcon_pkg'
[1.920s] Level 1:colcon.colcon_core.package_identification:_identify(src/camera) by extensions ['colcon_meta']
[1.921s] Level 1:colcon.colcon_core.package_identification:_identify(src/camera) by extension 'colcon_meta'
[1.921s] Level 1:colcon.colcon_core.package_identification:_identify(src/camera) by extensions ['ros']
[1.921s] Level 1:colcon.colcon_core.package_identification:_identify(src/camera) by extension 'ros'
[1.925s] DEBUG:colcon.colcon_core.package_identification:Package 'src/camera' with type 'ros.ament_cmake' and name 'camera'
[1.925s] Level 1:colcon.colcon_core.package_identification:_identify(src/controller) by extensions ['ignore', 'ignore_ament_install']
[1.925s] Level 1:colcon.colcon_core.package_identification:_identify(src/controller) by extension 'ignore'
[1.925s] Level 1:colcon.colcon_core.package_identification:_identify(src/controller) by extension 'ignore_ament_install'
[1.926s] Level 1:colcon.colcon_core.package_identification:_identify(src/controller) by extensions ['colcon_pkg']
[1.926s] Level 1:colcon.colcon_core.package_identification:_identify(src/controller) by extension 'colcon_pkg'
[1.926s] Level 1:colcon.colcon_core.package_identification:_identify(src/controller) by extensions ['colcon_meta']
[1.926s] Level 1:colcon.colcon_core.package_identification:_identify(src/controller) by extension 'colcon_meta'
[1.926s] Level 1:colcon.colcon_core.package_identification:_identify(src/controller) by extensions ['ros']
[1.926s] Level 1:colcon.colcon_core.package_identification:_identify(src/controller) by extension 'ros'
[1.927s] DEBUG:colcon.colcon_core.package_identification:Package 'src/controller' with type 'ros.ament_cmake' and name 'controller'
[1.927s] Level 1:colcon.colcon_core.package_identification:_identify(src/interfaces) by extensions ['ignore', 'ignore_ament_install']
[1.927s] Level 1:colcon.colcon_core.package_identification:_identify(src/interfaces) by extension 'ignore'
[1.928s] Level 1:colcon.colcon_core.package_identification:_identify(src/interfaces) by extension 'ignore_ament_install'
[1.928s] Level 1:colcon.colcon_core.package_identification:_identify(src/interfaces) by extensions ['colcon_pkg']
[1.928s] Level 1:colcon.colcon_core.package_identification:_identify(src/interfaces) by extension 'colcon_pkg'
[1.928s] Level 1:colcon.colcon_core.package_identification:_identify(src/interfaces) by extensions ['colcon_meta']
[1.928s] Level 1:colcon.colcon_core.package_identification:_identify(src/interfaces) by extension 'colcon_meta'
[1.928s] Level 1:colcon.colcon_core.package_identification:_identify(src/interfaces) by extensions ['ros']
[1.928s] Level 1:colcon.colcon_core.package_identification:_identify(src/interfaces) by extension 'ros'
[1.929s] DEBUG:colcon.colcon_core.package_identification:Package 'src/interfaces' with type 'ros.ament_cmake' and name 'interfaces'
[1.929s] Level 1:colcon.colcon_core.package_identification:_identify(src/yolo) by extensions ['ignore', 'ignore_ament_install']
[1.929s] Level 1:colcon.colcon_core.package_identification:_identify(src/yolo) by extension 'ignore'
[1.929s] Level 1:colcon.colcon_core.package_identification:_identify(src/yolo) by extension 'ignore_ament_install'
[1.929s] Level 1:colcon.colcon_core.package_identification:_identify(src/yolo) by extensions ['colcon_pkg']
[1.929s] Level 1:colcon.colcon_core.package_identification:_identify(src/yolo) by extension 'colcon_pkg'
[1.929s] Level 1:colcon.colcon_core.package_identification:_identify(src/yolo) by extensions ['colcon_meta']
[1.929s] Level 1:colcon.colcon_core.package_identification:_identify(src/yolo) by extension 'colcon_meta'
[1.930s] Level 1:colcon.colcon_core.package_identification:_identify(src/yolo) by extensions ['ros']
[1.930s] Level 1:colcon.colcon_core.package_identification:_identify(src/yolo) by extension 'ros'
[1.931s] DEBUG:colcon.colcon_core.package_identification:Package 'src/yolo' with type 'ros.ament_cmake' and name 'yolo'
[1.931s] Level 1:colcon.colcon_core.package_discovery:discover_packages(recursive) using defaults
[1.931s] Level 1:colcon.colcon_core.package_discovery:discover_packages(ignore) discover
[1.931s] Level 1:colcon.colcon_core.package_discovery:discover_packages(ignore) using defaults
[1.931s] Level 1:colcon.colcon_core.package_discovery:discover_packages(path) discover
[1.931s] Level 1:colcon.colcon_core.package_discovery:discover_packages(path) using defaults
[2.089s] INFO:colcon.colcon_core.package_selection:Skipping not selected package 'controller' in 'src/controller'
[2.090s] INFO:colcon.colcon_core.package_selection:Skipping not selected package 'camera' in 'src/camera'
[2.090s] INFO:colcon.colcon_core.package_selection:Skipping not selected package 'yolo' in 'src/yolo'
[2.157s] Level 1:colcon.colcon_core.package_discovery:discover_packages(prefix_path) check parameters
[2.157s] Level 1:colcon.colcon_core.package_discovery:discover_packages(prefix_path) discover
[2.214s] DEBUG:colcon.colcon_installed_package_information.package_discovery:Found 3 installed packages in /home/donjoe/Documents/MagangBanyubramanta_DanielAdhitthana/install
[2.244s] DEBUG:colcon.colcon_installed_package_information.package_discovery:Found 302 installed packages in /opt/ros/humble
[2.246s] Level 1:colcon.colcon_core.package_discovery:discover_packages(prefix_path) using defaults
[2.375s] WARNING:colcon.colcon_core.package_selection:Some selected packages are already built in one or more underlay workspaces:
	'interfaces' is in: /home/donjoe/Documents/MagangBanyubramanta_DanielAdhitthana/install/interfaces
If a package in a merged underlay workspace is overridden and it installs headers, then all packages in the overlay must sort their include directories by workspace order. Failure to do so may result in build failures or undefined behavior at run time.
If the overridden package is used by another package in any underlay, then the overriding package in the overlay must be API and ABI compatible or undefined behavior at run time may occur.

If you understand the risks and want to override a package anyways, add the following to the command line:
	--allow-overriding interfaces

This may be promoted to an error in a future release of colcon-override-check.
[2.407s] Level 5:colcon.colcon_core.verb:set package 'interfaces' build argument 'cmake_args' from command line to 'None'
[2.407s] Level 5:colcon.colcon_core.verb:set package 'interfaces' build argument 'cmake_target' from command line to 'None'
[2.407s] Level 5:colcon.colcon_core.verb:set package 'interfaces' build argument 'cmake_target_skip_unavailable' from command line to 'False'
[2.407s] Level 5:colcon.colcon_core.verb:set package 'interfaces' build argument 'cmake_clean_cache' from command line to 'False'
[2.407s] Level 5:colcon.colcon_core.verb:set package 'interfaces' build argument 'cmake_clean_first' from command line to 'False'
[2.407s] Level 5:colcon.colcon_core.verb:set package 'interfaces' build argument 'cmake_force_configure' from command line to 'False'
[2.407s] Level 5:colcon.colcon_core.verb:set package 'interfaces' build argument 'ament_cmake_args' from command line to 'None'
[2.407s] Level 5:colcon.colcon_core.verb:set package 'interfaces' build argument 'catkin_cmake_args' from command line to 'None'
[2.407s] Level 5:colcon.colcon_core.verb:set package 'interfaces' build argument 'catkin_skip_building_tests' from command line to 'False'
[2.408s] DEBUG:colcon.colcon_core.verb:Building package 'interfaces' with the following arguments: {'ament_cmake_args': None, 'build_base': '/home/donjoe/Documents/MagangBanyubramanta_DanielAdhitthana/build/interfaces', 'catkin_cmake_args': None, 'catkin_skip_building_tests': False, 'cmake_args': None, 'cmake_clean_cache': False, 'cmake_clean_first': False, 'cmake_force_configure': False, 'cmake_target': None, 'cmake_target_skip_unavailable': False, 'install_base': '/home/donjoe/Documents/MagangBanyubramanta_DanielAdhitthana/install/interfaces', 'merge_install': False, 'path': '/home/donjoe/Documents/MagangBanyubramanta_DanielAdhitthana/src/interfaces', 'symlink_install': False, 'test_result_base': None}
[2.438s] INFO:colcon.colcon_core.executor:Executing jobs using 'parallel' executor
[2.475s] DEBUG:colcon.colcon_parallel_executor.executor.parallel:run_until_complete
[2.475s] INFO:colcon.colcon_ros.task.ament_cmake.build:Building ROS package in '/home/donjoe/Documents/MagangBanyubramanta_DanielAdhitthana/src/interfaces' with build type 'ament_cmake'
[2.475s] INFO:colcon.colcon_cmake.task.cmake.build:Building CMake package in '/home/donjoe/Documents/MagangBanyubramanta_DanielAdhitthana/src/interfaces'
[2.526s] INFO:colcon.colcon_core.plugin_system:Skipping extension 'colcon_core.shell.bat': Not used on non-Windows systems
[2.527s] INFO:colcon.colcon_core.shell:Skip shell extension 'powershell' for command environment: Not usable outside of PowerShell
[2.527s] DEBUG:colcon.colcon_core.shell:Skip shell extension 'dsv' for command environment
[2.653s] DEBUG:colcon.colcon_core.event_handler.log_command:Invoking command in '/home/donjoe/Documents/MagangBanyubramanta_DanielAdhitthana/build/interfaces': CMAKE_PREFIX_PATH=${CMAKE_PREFIX_PATH}:/opt/ros/humble /usr/bin/cmake --build /home/donjoe/Documents/MagangBanyubramanta_DanielAdhitthana/build/interfaces -- -j4 -l4
[4.028s] DEBUG:colcon.colcon_core.event_handler.log_command:Invoked command in '/home/donjoe/Documents/MagangBanyubramanta_DanielAdhitthana/build/interfaces' returned '0': CMAKE_PREFIX_PATH=${CMAKE_PREFIX_PATH}:/opt/ros/humble /usr/bin/cmake --build /home/donjoe/Documents/MagangBanyubramanta_DanielAdhitthana/build/interfaces -- -j4 -l4
[4.243s] DEBUG:colcon.colcon_core.event_handler.log_command:Invoking command in '/home/donjoe/Documents/MagangBanyubramanta_DanielAdhitthana/build/interfaces': CMAKE_PREFIX_PATH=${CMAKE_PREFIX_PATH}:/opt/ros/humble /usr/bin/cmake --install /home/donjoe/Documents/MagangBanyubramanta_DanielAdhitthana/build/interfaces
[4.426s] Level 1:colcon.colcon_core.environment:create_environment_scripts_only(interfaces)
[4.427s] DEBUG:colcon.colcon_core.event_handler.log_command:Invoked command in '/home/donjoe/Documents/MagangBanyubramanta_DanielAdhitthana/build/interfaces' returned '0': CMAKE_PREFIX_PATH=${CMAKE_PREFIX_PATH}:/opt/ros/humble /usr/bin/cmake --install /home/donjoe/Documents/MagangBanyubramanta_DanielAdhitthana/build/interfaces
[4.472s] Level 1:colcon.colcon_core.environment:checking '/home/donjoe/Documents/MagangBanyubramanta_DanielAdhitthana/install/interfaces' for CMake module files
[4.474s] Level 1:colcon.colcon_core.environment:checking '/home/donjoe/Documents/MagangBanyubramanta_DanielAdhitthana/install/interfaces' for CMake config files
[4.474s] Level 1:colcon.colcon_core.shell:create_environment_hook('interfaces', 'cmake_prefix_path')
[4.510s] INFO:colcon.colcon_core.shell:Creating environment hook '/home/donjoe/Documents/MagangBanyubramanta_DanielAdhitthana/install/interfaces/share/interfaces/hook/cmake_prefix_path.ps1'
[4.512s] INFO:colcon.colcon_core.shell:Creating environment descriptor '/home/donjoe/Documents/MagangBanyubramanta_DanielAdhitthana/install/interfaces/share/interfaces/hook/cmake_prefix_path.dsv'
[4.515s] INFO:colcon.colcon_core.shell:Creating environment hook '/home/donjoe/Documents/MagangBanyubramanta_DanielAdhitthana/install/interfaces/share/interfaces/hook/cmake_prefix_path.sh'
[4.519s] Level 1:colcon.colcon_core.environment:checking '/home/donjoe/Documents/MagangBanyubramanta_DanielAdhitthana/install/interfaces/lib'
[4.519s] Level 1:colcon.colcon_core.shell:create_environment_hook('interfaces', 'ld_library_path_lib')
[4.565s] INFO:colcon.colcon_core.shell:Creating environment hook '/home/donjoe/Documents/MagangBanyubramanta_DanielAdhitthana/install/interfaces/share/interfaces/hook/ld_library_path_lib.ps1'
[4.567s] INFO:colcon.colcon_core.shell:Creating environment descriptor '/home/donjoe/Documents/MagangBanyubramanta_DanielAdhitthana/install/interfaces/share/interfaces/hook/ld_library_path_lib.dsv'
[4.567s] INFO:colcon.colcon_core.shell:Creating environment hook '/home/donjoe/Documents/MagangBanyubramanta_DanielAdhitthana/install/interfaces/share/interfaces/hook/ld_library_path_lib.sh'
[4.568s] Level 1:colcon.colcon_core.environment:checking '/home/donjoe/Documents/MagangBanyubramanta_DanielAdhitthana/install/interfaces/bin'
[4.568s] Level 1:colcon.colcon_core.environment:checking '/home/donjoe/Documents/MagangBanyubramanta_DanielAdhitthana/install/interfaces/lib/pkgconfig/interfaces.pc'
[4.569s] Level 1:colcon.colcon_core.environment:checking '/home/donjoe/Documents/MagangBanyubramanta_DanielAdhitthana/install/interfaces/lib/python3.10/site-packages'
[4.570s] Level 1:colcon.colcon_core.environment:checking '/home/donjoe/Documents/MagangBanyubramanta_DanielAdhitthana/install/interfaces/bin'
[4.624s] INFO:colcon.colcon_core.shell:Creating package script '/home/donjoe/Documents/MagangBanyubramanta_DanielAdhitthana/install/interfaces/share/interfaces/package.ps1'
[4.631s] INFO:colcon.colcon_core.shell:Creating package descriptor '/home/donjoe/Documents/MagangBanyubramanta_DanielAdhitthana/install/interfaces/share/interfaces/package.dsv'
[4.633s] INFO:colcon.colcon_core.shell:Creating package script '/home/donjoe/Documents/MagangBanyubramanta_DanielAdhitthana/install/interfaces/share/interfaces/package.sh'
[4.636s] INFO:colcon.colcon_core.shell:Creating package script '/home/donjoe/Documents/MagangBanyubramanta_DanielAdhitthana/install/interfaces/share/interfaces/package.bash'
[4.639s] INFO:colcon.colcon_core.shell:Creating package script '/home/donjoe/Documents/MagangBanyubramanta_DanielAdhitthana/install/interfaces/share/interfaces/package.zsh'
[4.642s] Level 1:colcon.colcon_core.environment:create_file_with_runtime_dependencies(/home/donjoe/Documents/MagangBanyubramanta_DanielAdhitthana/install/interfaces/share/colcon-core/packages/interfaces)
[4.955s] Level 1:colcon.colcon_core.environment:create_environment_scripts_only(interfaces)
[4.981s] Level 1:colcon.colcon_core.environment:checking '/home/donjoe/Documents/MagangBanyubramanta_DanielAdhitthana/install/interfaces' for CMake module files
[4.983s] Level 1:colcon.colcon_core.environment:checking '/home/donjoe/Documents/MagangBanyubramanta_DanielAdhitthana/install/interfaces' for CMake config files
[4.983s] Level 1:colcon.colcon_core.shell:create_environment_hook('interfaces', 'cmake_prefix_path')
[5.029s] INFO:colcon.colcon_core.shell:Creating environment hook '/home/donjoe/Documents/MagangBanyubramanta_DanielAdhitthana/install/interfaces/share/interfaces/hook/cmake_prefix_path.ps1'
[5.030s] INFO:colcon.colcon_core.shell:Creating environment descriptor '/home/donjoe/Documents/MagangBanyubramanta_DanielAdhitthana/install/interfaces/share/interfaces/hook/cmake_prefix_path.dsv'
[5.031s] INFO:colcon.colcon_core.shell:Creating environment hook '/home/donjoe/Documents/MagangBanyubramanta_DanielAdhitthana/install/interfaces/share/interfaces/hook/cmake_prefix_path.sh'
[5.032s] Level 1:colcon.colcon_core.environment:checking '/home/donjoe/Documents/MagangBanyubramanta_DanielAdhitthana/install/interfaces/lib'
[5.033s] Level 1:colcon.colcon_core.shell:create_environment_hook('interfaces', 'ld_library_path_lib')
[5.076s] INFO:colcon.colcon_core.shell:Creating environment hook '/home/donjoe/Documents/MagangBanyubramanta_DanielAdhitthana/install/interfaces/share/interfaces/hook/ld_library_path_lib.ps1'
[5.078s] INFO:colcon.colcon_core.shell:Creating environment descriptor '/home/donjoe/Documents/MagangBanyubramanta_DanielAdhitthana/install/interfaces/share/interfaces/hook/ld_library_path_lib.dsv'
[5.078s] INFO:colcon.colcon_core.shell:Creating environment hook '/home/donjoe/Documents/MagangBanyubramanta_DanielAdhitthana/install/interfaces/share/interfaces/hook/ld_library_path_lib.sh'
[5.079s] Level 1:colcon.colcon_core.environment:checking '/home/donjoe/Documents/MagangBanyubramanta_DanielAdhitthana/install/interfaces/bin'
[5.079s] Level 1:colcon.colcon_core.environment:checking '/home/donjoe/Documents/MagangBanyubramanta_DanielAdhitthana/install/interfaces/lib/pkgconfig/interfaces.pc'
[5.080s] Level 1:colcon.colcon_core.environment:checking '/home/donjoe/Documents/MagangBanyubramanta_DanielAdhitthana/install/interfaces/lib/python3.10/site-packages'
[5.081s] Level 1:colcon.colcon_core.environment:checking '/home/donjoe/Documents/MagangBanyubramanta_DanielAdhitthana/install/interfaces/bin'
[5.127s] INFO:colcon.colcon_core.shell:Creating package script '/home/donjoe/Documents/MagangBanyubramanta_DanielAdhitthana/install/interfaces/share/interfaces/package.ps1'
[5.128s] INFO:colcon.colcon_core.shell:Creating package descriptor '/home/donjoe/Documents/MagangBanyubramanta_DanielAdhitthana/install/interfaces/share/interfaces/package.dsv'
[5.130s] INFO:colcon.colcon_core.shell:Creating package script '/home/donjoe/Documents/MagangBanyubramanta_DanielAdhitthana/install/interfaces/share/interfaces/package.sh'
[5.131s] INFO:colcon.colcon_core.shell:Creating package script '/home/donjoe/Documents/MagangBanyubramanta_DanielAdhitthana/install/interfaces/share/interfaces/package.bash'
[5.132s] INFO:colcon.colcon_core.shell:Creating package script '/home/donjoe/Documents/MagangBanyubramanta_DanielAdhitthana/install/interfaces/share/interfaces/package.zsh'
[5.133s] Level 1:colcon.colcon_core.environment:create_file_with_runtime_dependencies(/home/donjoe/Documents/MagangBanyubramanta_DanielAdhitthana/install/interfaces/share/colcon-core/packages/interfaces)
[5.134s] DEBUG:colcon.colcon_parallel_executor.executor.parallel:closing loop
[5.135s] DEBUG:colcon.colcon_parallel_executor.executor.parallel:loop closed
[5.135s] DEBUG:colcon.colcon_parallel_executor.executor.parallel:run_until_complete finished with '0'
[5.136s] DEBUG:colcon.colcon_core.event_reactor:joining thread
[5.185s] INFO:colcon.colcon_core.plugin_system:Skipping extension 'colcon_notification.desktop_notification.terminal_notifier': Not used on non-Darwin systems
[5.186s] INFO:colcon.colcon_core.plugin_system:Skipping extension 'colcon_notification.desktop_notification.win32': Not used on non-Windows systems
[5.186s] INFO:colcon.colcon_notification.desktop_notification:Sending desktop notification using 'notify2'
[5.225s] DEBUG:colcon.colcon_core.event_reactor:joined thread
[5.263s] INFO:colcon.colcon_core.shell:Creating prefix script '/home/donjoe/Documents/MagangBanyubramanta_DanielAdhitthana/install/local_setup.ps1'
[5.266s] INFO:colcon.colcon_core.shell:Creating prefix util module '/home/donjoe/Documents/MagangBanyubramanta_DanielAdhitthana/install/_local_setup_util_ps1.py'
[5.269s] INFO:colcon.colcon_core.shell:Creating prefix chain script '/home/donjoe/Documents/MagangBanyubramanta_DanielAdhitthana/install/setup.ps1'
[5.314s] INFO:colcon.colcon_core.shell:Creating prefix script '/home/donjoe/Documents/MagangBanyubramanta_DanielAdhitthana/install/local_setup.sh'
[5.317s] INFO:colcon.colcon_core.shell:Creating prefix util module '/home/donjoe/Documents/MagangBanyubramanta_DanielAdhitthana/install/_local_setup_util_sh.py'
[5.318s] INFO:colcon.colcon_core.shell:Creating prefix chain script '/home/donjoe/Documents/MagangBanyubramanta_DanielAdhitthana/install/setup.sh'
[5.358s] INFO:colcon.colcon_core.shell:Creating prefix script '/home/donjoe/Documents/MagangBanyubramanta_DanielAdhitthana/install/local_setup.bash'
[5.360s] INFO:colcon.colcon_core.shell:Creating prefix chain script '/home/donjoe/Documents/MagangBanyubramanta_DanielAdhitthana/install/setup.bash'
[5.405s] INFO:colcon.colcon_core.shell:Creating prefix script '/home/donjoe/Documents/MagangBanyubramanta_DanielAdhitthana/install/local_setup.zsh'
[5.407s] INFO:colcon.colcon_core.shell:Creating prefix chain script '/home/donjoe/Documents/MagangBanyubramanta_DanielAdhitthana/install/setup.zsh'
