[0.138s] Invoking command in '/home/donjoe/Documents/MagangBanyubramanta_DanielAdhitthana/build/yolo': AMENT_PREFIX_PATH=/home/donjoe/Documents/MagangBanyubramanta_DanielAdhitthana/install/interfaces:${AMENT_PREFIX_PATH} CMAKE_PREFIX_PATH=/home/donjoe/Documents/MagangBanyubramanta_DanielAdhitthana/install/interfaces:/opt/ros/humble LD_LIBRARY_PATH=/home/donjoe/Documents/MagangBanyubramanta_DanielAdhitthana/install/interfaces/lib:${LD_LIBRARY_PATH} PYTHONPATH=/home/donjoe/Documents/MagangBanyubramanta_DanielAdhitthana/install/interfaces/local/lib/python3.10/dist-packages:${PYTHONPATH} /usr/bin/cmake --build /home/donjoe/Documents/MagangBanyubramanta_DanielAdhitthana/build/yolo -- -j4 -l4
[0.255s] [35m[1mConsolidate compiler generated dependencies of target node[0m
[0.315s] [ 50%] [32mBuilding CXX object CMakeFiles/node.dir/src/node.cpp.o[0m
[21.612s] [100%] [32m[1mLinking CXX executable node[0m
[22.153s] /usr/bin/ld: warning: libopencv_imgproc.so.4.5d, needed by /opt/ros/humble/lib/libcv_bridge.so, may conflict with libopencv_imgproc.so.409
[22.155s] /usr/bin/ld: warning: libopencv_core.so.4.5d, needed by /opt/ros/humble/lib/libcv_bridge.so, may conflict with libopencv_core.so.409
[23.441s] [100%] Built target node
[23.484s] Invoked command in '/home/donjoe/Documents/MagangBanyubramanta_DanielAdhitthana/build/yolo' returned '0': AMENT_PREFIX_PATH=/home/donjoe/Documents/MagangBanyubramanta_DanielAdhitthana/install/interfaces:${AMENT_PREFIX_PATH} CMAKE_PREFIX_PATH=/home/donjoe/Documents/MagangBanyubramanta_DanielAdhitthana/install/interfaces:/opt/ros/humble LD_LIBRARY_PATH=/home/donjoe/Documents/MagangBanyubramanta_DanielAdhitthana/install/interfaces/lib:${LD_LIBRARY_PATH} PYTHONPATH=/home/donjoe/Documents/MagangBanyubramanta_DanielAdhitthana/install/interfaces/local/lib/python3.10/dist-packages:${PYTHONPATH} /usr/bin/cmake --build /home/donjoe/Documents/MagangBanyubramanta_DanielAdhitthana/build/yolo -- -j4 -l4
[23.563s] Invoking command in '/home/donjoe/Documents/MagangBanyubramanta_DanielAdhitthana/build/yolo': AMENT_PREFIX_PATH=/home/donjoe/Documents/MagangBanyubramanta_DanielAdhitthana/install/interfaces:${AMENT_PREFIX_PATH} CMAKE_PREFIX_PATH=/home/donjoe/Documents/MagangBanyubramanta_DanielAdhitthana/install/interfaces:/opt/ros/humble LD_LIBRARY_PATH=/home/donjoe/Documents/MagangBanyubramanta_DanielAdhitthana/install/interfaces/lib:${LD_LIBRARY_PATH} PYTHONPATH=/home/donjoe/Documents/MagangBanyubramanta_DanielAdhitthana/install/interfaces/local/lib/python3.10/dist-packages:${PYTHONPATH} /usr/bin/cmake --install /home/donjoe/Documents/MagangBanyubramanta_DanielAdhitthana/build/yolo
[23.582s] -- Install configuration: ""
[23.583s] -- Installing: /home/donjoe/Documents/MagangBanyubramanta_DanielAdhitthana/install/yolo/lib/yolo/node
[23.594s] -- Set runtime path of "/home/donjoe/Documents/MagangBanyubramanta_DanielAdhitthana/install/yolo/lib/yolo/node" to ""
[23.594s] -- Up-to-date: /home/donjoe/Documents/MagangBanyubramanta_DanielAdhitthana/install/yolo/share/ament_index/resource_index/package_run_dependencies/yolo
[23.594s] -- Up-to-date: /home/donjoe/Documents/MagangBanyubramanta_DanielAdhitthana/install/yolo/share/ament_index/resource_index/parent_prefix_path/yolo
[23.597s] -- Up-to-date: /home/donjoe/Documents/MagangBanyubramanta_DanielAdhitthana/install/yolo/share/yolo/environment/ament_prefix_path.sh
[23.597s] -- Up-to-date: /home/donjoe/Documents/MagangBanyubramanta_DanielAdhitthana/install/yolo/share/yolo/environment/ament_prefix_path.dsv
[23.597s] -- Up-to-date: /home/donjoe/Documents/MagangBanyubramanta_DanielAdhitthana/install/yolo/share/yolo/environment/path.sh
[23.602s] -- Up-to-date: /home/donjoe/Documents/MagangBanyubramanta_DanielAdhitthana/install/yolo/share/yolo/environment/path.dsv
[23.608s] -- Up-to-date: /home/donjoe/Documents/MagangBanyubramanta_DanielAdhitthana/install/yolo/share/yolo/local_setup.bash
[23.609s] -- Up-to-date: /home/donjoe/Documents/MagangBanyubramanta_DanielAdhitthana/install/yolo/share/yolo/local_setup.sh
[23.609s] -- Up-to-date: /home/donjoe/Documents/MagangBanyubramanta_DanielAdhitthana/install/yolo/share/yolo/local_setup.zsh
[23.609s] -- Up-to-date: /home/donjoe/Documents/MagangBanyubramanta_DanielAdhitthana/install/yolo/share/yolo/local_setup.dsv
[23.610s] -- Installing: /home/donjoe/Documents/MagangBanyubramanta_DanielAdhitthana/install/yolo/share/yolo/package.dsv
[23.610s] -- Up-to-date: /home/donjoe/Documents/MagangBanyubramanta_DanielAdhitthana/install/yolo/share/ament_index/resource_index/packages/yolo
[23.611s] -- Up-to-date: /home/donjoe/Documents/MagangBanyubramanta_DanielAdhitthana/install/yolo/share/yolo/cmake/yoloConfig.cmake
[23.611s] -- Up-to-date: /home/donjoe/Documents/MagangBanyubramanta_DanielAdhitthana/install/yolo/share/yolo/cmake/yoloConfig-version.cmake
[23.612s] -- Up-to-date: /home/donjoe/Documents/MagangBanyubramanta_DanielAdhitthana/install/yolo/share/yolo/package.xml
[23.612s] Invoked command in '/home/donjoe/Documents/MagangBanyubramanta_DanielAdhitthana/build/yolo' returned '0': AMENT_PREFIX_PATH=/home/donjoe/Documents/MagangBanyubramanta_DanielAdhitthana/install/interfaces:${AMENT_PREFIX_PATH} CMAKE_PREFIX_PATH=/home/donjoe/Documents/MagangBanyubramanta_DanielAdhitthana/install/interfaces:/opt/ros/humble LD_LIBRARY_PATH=/home/donjoe/Documents/MagangBanyubramanta_DanielAdhitthana/install/interfaces/lib:${LD_LIBRARY_PATH} PYTHONPATH=/home/donjoe/Documents/MagangBanyubramanta_DanielAdhitthana/install/interfaces/local/lib/python3.10/dist-packages:${PYTHONPATH} /usr/bin/cmake --install /home/donjoe/Documents/MagangBanyubramanta_DanielAdhitthana/build/yolo
