[0.032s] Invoking command in '/home/donjoe/MagangBanyubramanta_DanielAdhitthana/build/camera': /usr/bin/cmake /home/donjoe/MagangBanyubramanta_DanielAdhitthana/src/camera -DCMAKE_INSTALL_PREFIX=/home/donjoe/MagangBanyubramanta_DanielAdhitthana/install/camera
[0.455s] -- The C compiler identification is GNU 11.4.0
[1.015s] -- The CXX compiler identification is GNU 11.4.0
[1.334s] -- Detecting C compiler ABI info
[1.494s] -- Detecting C compiler ABI info - done
[1.499s] -- Check for working C compiler: /usr/bin/cc - skipped
[1.501s] -- Detecting C compile features
[1.503s] -- Detecting C compile features - done
[1.508s] -- Detecting CXX compiler ABI info
[1.642s] -- Detecting CXX compiler ABI info - done
[1.649s] -- Check for working CXX compiler: /usr/bin/c++ - skipped
[1.650s] -- Detecting CXX compile features
[1.650s] -- Detecting CXX compile features - done
[2.933s] [31mCMake Error at CMakeLists.txt:9 (find_package):
[2.933s]   By not providing "Findament_cmake.cmake" in CMAKE_MODULE_PATH this project
[2.933s]   has asked CMake to find a package configuration file provided by
[2.933s]   "ament_cmake", but CMake did not find one.
[2.933s] 
[2.933s]   Could not find a package configuration file provided by "ament_cmake" with
[2.933s]   any of the following names:
[2.933s] 
[2.933s]     ament_cmakeConfig.cmake
[2.934s]     ament_cmake-config.cmake
[2.934s] 
[2.934s]   Add the installation prefix of "ament_cmake" to CMAKE_PREFIX_PATH or set
[2.934s]   "ament_cmake_DIR" to a directory containing one of the above files.  If
[2.934s]   "ament_cmake" provides a separate development package or SDK, be sure it
[2.934s]   has been installed.
[2.934s] 
[2.934s] [0m
[2.934s] -- Configuring incomplete, errors occurred!
[2.934s] See also "/home/donjoe/MagangBanyubramanta_DanielAdhitthana/build/camera/CMakeFiles/CMakeOutput.log".
[2.937s] Invoked command in '/home/donjoe/MagangBanyubramanta_DanielAdhitthana/build/camera' returned '1': /usr/bin/cmake /home/donjoe/MagangBanyubramanta_DanielAdhitthana/src/camera -DCMAKE_INSTALL_PREFIX=/home/donjoe/MagangBanyubramanta_DanielAdhitthana/install/camera
