[2.787s] DEBUG:colcon:Command line arguments: ['/usr/bin/colcon', 'build', '--packages-select', 'yolo']
[2.787s] DEBUG:colcon:Parsed command line arguments: Namespace(log_base=None, log_level=None, verb_name='build', build_base='build', install_base='install', merge_install=False, symlink_install=False, test_result_base=None, continue_on_error=False, executor='parallel', parallel_workers=4, event_handlers=None, ignore_user_meta=False, metas=['./colcon.meta'], base_paths=['.'], packages_ignore=None, packages_ignore_regex=None, paths=None, packages_up_to=None, packages_up_to_regex=None, packages_above=None, packages_above_and_dependencies=None, packages_above_depth=None, packages_select_by_dep=None, packages_skip_by_dep=None, packages_skip_up_to=None, packages_select_build_failed=False, packages_skip_build_finished=False, packages_select_test_failures=False, packages_skip_test_passed=False, packages_select=['yolo'], packages_skip=None, packages_select_regex=None, packages_skip_regex=None, packages_start=None, packages_end=None, allow_overriding=[], cmake_args=None, cmake_target=None, cmake_target_skip_unavailable=False, cmake_clean_cache=False, cmake_clean_first=False, cmake_force_configure=False, ament_cmake_args=None, catkin_cmake_args=None, catkin_skip_building_tests=False, verb_parser=<colcon_defaults.argument_parser.defaults.DefaultArgumentsDecorator object at 0x7f2dfb1f8c70>, verb_extension=<colcon_core.verb.build.BuildVerb object at 0x7f2dfb1f87f0>, main=<bound method BuildVerb.main of <colcon_core.verb.build.BuildVerb object at 0x7f2dfb1f87f0>>)
[2.957s] Level 1:colcon.colcon_core.package_discovery:discover_packages(colcon_meta) check parameters
[2.958s] Level 1:colcon.colcon_core.package_discovery:discover_packages(recursive) check parameters
[2.958s] Level 1:colcon.colcon_core.package_discovery:discover_packages(ignore) check parameters
[2.958s] Level 1:colcon.colcon_core.package_discovery:discover_packages(path) check parameters
[2.958s] Level 1:colcon.colcon_core.package_discovery:discover_packages(colcon_meta) discover
[2.958s] Level 1:colcon.colcon_core.package_discovery:discover_packages(recursive) discover
[2.958s] INFO:colcon.colcon_core.package_discovery:Crawling recursively for packages in '/home/donjoe/Documents/MagangBanyubramanta_DanielAdhitthana'
[2.959s] Level 1:colcon.colcon_core.package_identification:_identify(.) by extensions ['ignore', 'ignore_ament_install']
[2.959s] Level 1:colcon.colcon_core.package_identification:_identify(.) by extension 'ignore'
[2.959s] Level 1:colcon.colcon_core.package_identification:_identify(.) by extension 'ignore_ament_install'
[2.959s] Level 1:colcon.colcon_core.package_identification:_identify(.) by extensions ['colcon_pkg']
[2.959s] Level 1:colcon.colcon_core.package_identification:_identify(.) by extension 'colcon_pkg'
[2.959s] Level 1:colcon.colcon_core.package_identification:_identify(.) by extensions ['colcon_meta']
[2.960s] Level 1:colcon.colcon_core.package_identification:_identify(.) by extension 'colcon_meta'
[2.960s] Level 1:colcon.colcon_core.package_identification:_identify(.) by extensions ['ros']
[2.960s] Level 1:colcon.colcon_core.package_identification:_identify(.) by extension 'ros'
[3.005s] Level 1:colcon.colcon_core.package_identification:_identify(.) by extensions ['cmake', 'python']
[3.005s] Level 1:colcon.colcon_core.package_identification:_identify(.) by extension 'cmake'
[3.005s] Level 1:colcon.colcon_core.package_identification:_identify(.) by extension 'python'
[3.005s] Level 1:colcon.colcon_core.package_identification:_identify(.) by extensions ['python_setup_py']
[3.005s] Level 1:colcon.colcon_core.package_identification:_identify(.) by extension 'python_setup_py'
[3.006s] Level 1:colcon.colcon_core.package_identification:_identify(build) by extensions ['ignore', 'ignore_ament_install']
[3.006s] Level 1:colcon.colcon_core.package_identification:_identify(build) by extension 'ignore'
[3.006s] Level 1:colcon.colcon_core.package_identification:_identify(build) ignored
[3.007s] Level 1:colcon.colcon_core.package_identification:_identify(install) by extensions ['ignore', 'ignore_ament_install']
[3.007s] Level 1:colcon.colcon_core.package_identification:_identify(install) by extension 'ignore'
[3.007s] Level 1:colcon.colcon_core.package_identification:_identify(install) ignored
[3.008s] Level 1:colcon.colcon_core.package_identification:_identify(log) by extensions ['ignore', 'ignore_ament_install']
[3.008s] Level 1:colcon.colcon_core.package_identification:_identify(log) by extension 'ignore'
[3.008s] Level 1:colcon.colcon_core.package_identification:_identify(log) ignored
[3.008s] Level 1:colcon.colcon_core.package_identification:_identify(matlab) by extensions ['ignore', 'ignore_ament_install']
[3.008s] Level 1:colcon.colcon_core.package_identification:_identify(matlab) by extension 'ignore'
[3.009s] Level 1:colcon.colcon_core.package_identification:_identify(matlab) by extension 'ignore_ament_install'
[3.009s] Level 1:colcon.colcon_core.package_identification:_identify(matlab) by extensions ['colcon_pkg']
[3.009s] Level 1:colcon.colcon_core.package_identification:_identify(matlab) by extension 'colcon_pkg'
[3.009s] Level 1:colcon.colcon_core.package_identification:_identify(matlab) by extensions ['colcon_meta']
[3.009s] Level 1:colcon.colcon_core.package_identification:_identify(matlab) by extension 'colcon_meta'
[3.009s] Level 1:colcon.colcon_core.package_identification:_identify(matlab) by extensions ['ros']
[3.009s] Level 1:colcon.colcon_core.package_identification:_identify(matlab) by extension 'ros'
[3.009s] Level 1:colcon.colcon_core.package_identification:_identify(matlab) by extensions ['cmake', 'python']
[3.010s] Level 1:colcon.colcon_core.package_identification:_identify(matlab) by extension 'cmake'
[3.010s] Level 1:colcon.colcon_core.package_identification:_identify(matlab) by extension 'python'
[3.010s] Level 1:colcon.colcon_core.package_identification:_identify(matlab) by extensions ['python_setup_py']
[3.010s] Level 1:colcon.colcon_core.package_identification:_identify(matlab) by extension 'python_setup_py'
[3.012s] Level 1:colcon.colcon_core.package_identification:_identify(matlab/+bus_conv_fcns) by extensions ['ignore', 'ignore_ament_install']
[3.012s] Level 1:colcon.colcon_core.package_identification:_identify(matlab/+bus_conv_fcns) by extension 'ignore'
[3.012s] Level 1:colcon.colcon_core.package_identification:_identify(matlab/+bus_conv_fcns) by extension 'ignore_ament_install'
[3.012s] Level 1:colcon.colcon_core.package_identification:_identify(matlab/+bus_conv_fcns) by extensions ['colcon_pkg']
[3.012s] Level 1:colcon.colcon_core.package_identification:_identify(matlab/+bus_conv_fcns) by extension 'colcon_pkg'
[3.013s] Level 1:colcon.colcon_core.package_identification:_identify(matlab/+bus_conv_fcns) by extensions ['colcon_meta']
[3.013s] Level 1:colcon.colcon_core.package_identification:_identify(matlab/+bus_conv_fcns) by extension 'colcon_meta'
[3.013s] Level 1:colcon.colcon_core.package_identification:_identify(matlab/+bus_conv_fcns) by extensions ['ros']
[3.013s] Level 1:colcon.colcon_core.package_identification:_identify(matlab/+bus_conv_fcns) by extension 'ros'
[3.013s] Level 1:colcon.colcon_core.package_identification:_identify(matlab/+bus_conv_fcns) by extensions ['cmake', 'python']
[3.013s] Level 1:colcon.colcon_core.package_identification:_identify(matlab/+bus_conv_fcns) by extension 'cmake'
[3.013s] Level 1:colcon.colcon_core.package_identification:_identify(matlab/+bus_conv_fcns) by extension 'python'
[3.014s] Level 1:colcon.colcon_core.package_identification:_identify(matlab/+bus_conv_fcns) by extensions ['python_setup_py']
[3.014s] Level 1:colcon.colcon_core.package_identification:_identify(matlab/+bus_conv_fcns) by extension 'python_setup_py'
[3.014s] Level 1:colcon.colcon_core.package_identification:_identify(matlab/+bus_conv_fcns/+ros2) by extensions ['ignore', 'ignore_ament_install']
[3.015s] Level 1:colcon.colcon_core.package_identification:_identify(matlab/+bus_conv_fcns/+ros2) by extension 'ignore'
[3.015s] Level 1:colcon.colcon_core.package_identification:_identify(matlab/+bus_conv_fcns/+ros2) by extension 'ignore_ament_install'
[3.015s] Level 1:colcon.colcon_core.package_identification:_identify(matlab/+bus_conv_fcns/+ros2) by extensions ['colcon_pkg']
[3.015s] Level 1:colcon.colcon_core.package_identification:_identify(matlab/+bus_conv_fcns/+ros2) by extension 'colcon_pkg'
[3.015s] Level 1:colcon.colcon_core.package_identification:_identify(matlab/+bus_conv_fcns/+ros2) by extensions ['colcon_meta']
[3.015s] Level 1:colcon.colcon_core.package_identification:_identify(matlab/+bus_conv_fcns/+ros2) by extension 'colcon_meta'
[3.015s] Level 1:colcon.colcon_core.package_identification:_identify(matlab/+bus_conv_fcns/+ros2) by extensions ['ros']
[3.015s] Level 1:colcon.colcon_core.package_identification:_identify(matlab/+bus_conv_fcns/+ros2) by extension 'ros'
[3.016s] Level 1:colcon.colcon_core.package_identification:_identify(matlab/+bus_conv_fcns/+ros2) by extensions ['cmake', 'python']
[3.016s] Level 1:colcon.colcon_core.package_identification:_identify(matlab/+bus_conv_fcns/+ros2) by extension 'cmake'
[3.016s] Level 1:colcon.colcon_core.package_identification:_identify(matlab/+bus_conv_fcns/+ros2) by extension 'python'
[3.016s] Level 1:colcon.colcon_core.package_identification:_identify(matlab/+bus_conv_fcns/+ros2) by extensions ['python_setup_py']
[3.016s] Level 1:colcon.colcon_core.package_identification:_identify(matlab/+bus_conv_fcns/+ros2) by extension 'python_setup_py'
[3.017s] Level 1:colcon.colcon_core.package_identification:_identify(matlab/+bus_conv_fcns/+ros2/+busToMsg) by extensions ['ignore', 'ignore_ament_install']
[3.017s] Level 1:colcon.colcon_core.package_identification:_identify(matlab/+bus_conv_fcns/+ros2/+busToMsg) by extension 'ignore'
[3.017s] Level 1:colcon.colcon_core.package_identification:_identify(matlab/+bus_conv_fcns/+ros2/+busToMsg) by extension 'ignore_ament_install'
[3.017s] Level 1:colcon.colcon_core.package_identification:_identify(matlab/+bus_conv_fcns/+ros2/+busToMsg) by extensions ['colcon_pkg']
[3.017s] Level 1:colcon.colcon_core.package_identification:_identify(matlab/+bus_conv_fcns/+ros2/+busToMsg) by extension 'colcon_pkg'
[3.018s] Level 1:colcon.colcon_core.package_identification:_identify(matlab/+bus_conv_fcns/+ros2/+busToMsg) by extensions ['colcon_meta']
[3.018s] Level 1:colcon.colcon_core.package_identification:_identify(matlab/+bus_conv_fcns/+ros2/+busToMsg) by extension 'colcon_meta'
[3.019s] Level 1:colcon.colcon_core.package_identification:_identify(matlab/+bus_conv_fcns/+ros2/+busToMsg) by extensions ['ros']
[3.019s] Level 1:colcon.colcon_core.package_identification:_identify(matlab/+bus_conv_fcns/+ros2/+busToMsg) by extension 'ros'
[3.019s] Level 1:colcon.colcon_core.package_identification:_identify(matlab/+bus_conv_fcns/+ros2/+busToMsg) by extensions ['cmake', 'python']
[3.019s] Level 1:colcon.colcon_core.package_identification:_identify(matlab/+bus_conv_fcns/+ros2/+busToMsg) by extension 'cmake'
[3.019s] Level 1:colcon.colcon_core.package_identification:_identify(matlab/+bus_conv_fcns/+ros2/+busToMsg) by extension 'python'
[3.019s] Level 1:colcon.colcon_core.package_identification:_identify(matlab/+bus_conv_fcns/+ros2/+busToMsg) by extensions ['python_setup_py']
[3.019s] Level 1:colcon.colcon_core.package_identification:_identify(matlab/+bus_conv_fcns/+ros2/+busToMsg) by extension 'python_setup_py'
[3.020s] Level 1:colcon.colcon_core.package_identification:_identify(matlab/+bus_conv_fcns/+ros2/+busToMsg/+interfaces) by extensions ['ignore', 'ignore_ament_install']
[3.021s] Level 1:colcon.colcon_core.package_identification:_identify(matlab/+bus_conv_fcns/+ros2/+busToMsg/+interfaces) by extension 'ignore'
[3.021s] Level 1:colcon.colcon_core.package_identification:_identify(matlab/+bus_conv_fcns/+ros2/+busToMsg/+interfaces) by extension 'ignore_ament_install'
[3.021s] Level 1:colcon.colcon_core.package_identification:_identify(matlab/+bus_conv_fcns/+ros2/+busToMsg/+interfaces) by extensions ['colcon_pkg']
[3.021s] Level 1:colcon.colcon_core.package_identification:_identify(matlab/+bus_conv_fcns/+ros2/+busToMsg/+interfaces) by extension 'colcon_pkg'
[3.021s] Level 1:colcon.colcon_core.package_identification:_identify(matlab/+bus_conv_fcns/+ros2/+busToMsg/+interfaces) by extensions ['colcon_meta']
[3.022s] Level 1:colcon.colcon_core.package_identification:_identify(matlab/+bus_conv_fcns/+ros2/+busToMsg/+interfaces) by extension 'colcon_meta'
[3.022s] Level 1:colcon.colcon_core.package_identification:_identify(matlab/+bus_conv_fcns/+ros2/+busToMsg/+interfaces) by extensions ['ros']
[3.022s] Level 1:colcon.colcon_core.package_identification:_identify(matlab/+bus_conv_fcns/+ros2/+busToMsg/+interfaces) by extension 'ros'
[3.022s] Level 1:colcon.colcon_core.package_identification:_identify(matlab/+bus_conv_fcns/+ros2/+busToMsg/+interfaces) by extensions ['cmake', 'python']
[3.022s] Level 1:colcon.colcon_core.package_identification:_identify(matlab/+bus_conv_fcns/+ros2/+busToMsg/+interfaces) by extension 'cmake'
[3.022s] Level 1:colcon.colcon_core.package_identification:_identify(matlab/+bus_conv_fcns/+ros2/+busToMsg/+interfaces) by extension 'python'
[3.023s] Level 1:colcon.colcon_core.package_identification:_identify(matlab/+bus_conv_fcns/+ros2/+busToMsg/+interfaces) by extensions ['python_setup_py']
[3.023s] Level 1:colcon.colcon_core.package_identification:_identify(matlab/+bus_conv_fcns/+ros2/+busToMsg/+interfaces) by extension 'python_setup_py'
[3.023s] Level 1:colcon.colcon_core.package_identification:_identify(matlab/+bus_conv_fcns/+ros2/+msgToBus) by extensions ['ignore', 'ignore_ament_install']
[3.024s] Level 1:colcon.colcon_core.package_identification:_identify(matlab/+bus_conv_fcns/+ros2/+msgToBus) by extension 'ignore'
[3.024s] Level 1:colcon.colcon_core.package_identification:_identify(matlab/+bus_conv_fcns/+ros2/+msgToBus) by extension 'ignore_ament_install'
[3.024s] Level 1:colcon.colcon_core.package_identification:_identify(matlab/+bus_conv_fcns/+ros2/+msgToBus) by extensions ['colcon_pkg']
[3.024s] Level 1:colcon.colcon_core.package_identification:_identify(matlab/+bus_conv_fcns/+ros2/+msgToBus) by extension 'colcon_pkg'
[3.024s] Level 1:colcon.colcon_core.package_identification:_identify(matlab/+bus_conv_fcns/+ros2/+msgToBus) by extensions ['colcon_meta']
[3.024s] Level 1:colcon.colcon_core.package_identification:_identify(matlab/+bus_conv_fcns/+ros2/+msgToBus) by extension 'colcon_meta'
[3.024s] Level 1:colcon.colcon_core.package_identification:_identify(matlab/+bus_conv_fcns/+ros2/+msgToBus) by extensions ['ros']
[3.024s] Level 1:colcon.colcon_core.package_identification:_identify(matlab/+bus_conv_fcns/+ros2/+msgToBus) by extension 'ros'
[3.025s] Level 1:colcon.colcon_core.package_identification:_identify(matlab/+bus_conv_fcns/+ros2/+msgToBus) by extensions ['cmake', 'python']
[3.025s] Level 1:colcon.colcon_core.package_identification:_identify(matlab/+bus_conv_fcns/+ros2/+msgToBus) by extension 'cmake'
[3.025s] Level 1:colcon.colcon_core.package_identification:_identify(matlab/+bus_conv_fcns/+ros2/+msgToBus) by extension 'python'
[3.025s] Level 1:colcon.colcon_core.package_identification:_identify(matlab/+bus_conv_fcns/+ros2/+msgToBus) by extensions ['python_setup_py']
[3.025s] Level 1:colcon.colcon_core.package_identification:_identify(matlab/+bus_conv_fcns/+ros2/+msgToBus) by extension 'python_setup_py'
[3.026s] Level 1:colcon.colcon_core.package_identification:_identify(matlab/+bus_conv_fcns/+ros2/+msgToBus/+interfaces) by extensions ['ignore', 'ignore_ament_install']
[3.026s] Level 1:colcon.colcon_core.package_identification:_identify(matlab/+bus_conv_fcns/+ros2/+msgToBus/+interfaces) by extension 'ignore'
[3.026s] Level 1:colcon.colcon_core.package_identification:_identify(matlab/+bus_conv_fcns/+ros2/+msgToBus/+interfaces) by extension 'ignore_ament_install'
[3.026s] Level 1:colcon.colcon_core.package_identification:_identify(matlab/+bus_conv_fcns/+ros2/+msgToBus/+interfaces) by extensions ['colcon_pkg']
[3.026s] Level 1:colcon.colcon_core.package_identification:_identify(matlab/+bus_conv_fcns/+ros2/+msgToBus/+interfaces) by extension 'colcon_pkg'
[3.026s] Level 1:colcon.colcon_core.package_identification:_identify(matlab/+bus_conv_fcns/+ros2/+msgToBus/+interfaces) by extensions ['colcon_meta']
[3.027s] Level 1:colcon.colcon_core.package_identification:_identify(matlab/+bus_conv_fcns/+ros2/+msgToBus/+interfaces) by extension 'colcon_meta'
[3.027s] Level 1:colcon.colcon_core.package_identification:_identify(matlab/+bus_conv_fcns/+ros2/+msgToBus/+interfaces) by extensions ['ros']
[3.027s] Level 1:colcon.colcon_core.package_identification:_identify(matlab/+bus_conv_fcns/+ros2/+msgToBus/+interfaces) by extension 'ros'
[3.027s] Level 1:colcon.colcon_core.package_identification:_identify(matlab/+bus_conv_fcns/+ros2/+msgToBus/+interfaces) by extensions ['cmake', 'python']
[3.027s] Level 1:colcon.colcon_core.package_identification:_identify(matlab/+bus_conv_fcns/+ros2/+msgToBus/+interfaces) by extension 'cmake'
[3.027s] Level 1:colcon.colcon_core.package_identification:_identify(matlab/+bus_conv_fcns/+ros2/+msgToBus/+interfaces) by extension 'python'
[3.027s] Level 1:colcon.colcon_core.package_identification:_identify(matlab/+bus_conv_fcns/+ros2/+msgToBus/+interfaces) by extensions ['python_setup_py']
[3.027s] Level 1:colcon.colcon_core.package_identification:_identify(matlab/+bus_conv_fcns/+ros2/+msgToBus/+interfaces) by extension 'python_setup_py'
[3.028s] Level 1:colcon.colcon_core.package_identification:_identify(matlab/custom) by extensions ['ignore', 'ignore_ament_install']
[3.029s] Level 1:colcon.colcon_core.package_identification:_identify(matlab/custom) by extension 'ignore'
[3.029s] Level 1:colcon.colcon_core.package_identification:_identify(matlab/custom) by extension 'ignore_ament_install'
[3.029s] Level 1:colcon.colcon_core.package_identification:_identify(matlab/custom) by extensions ['colcon_pkg']
[3.029s] Level 1:colcon.colcon_core.package_identification:_identify(matlab/custom) by extension 'colcon_pkg'
[3.029s] Level 1:colcon.colcon_core.package_identification:_identify(matlab/custom) by extensions ['colcon_meta']
[3.029s] Level 1:colcon.colcon_core.package_identification:_identify(matlab/custom) by extension 'colcon_meta'
[3.029s] Level 1:colcon.colcon_core.package_identification:_identify(matlab/custom) by extensions ['ros']
[3.030s] Level 1:colcon.colcon_core.package_identification:_identify(matlab/custom) by extension 'ros'
[3.030s] Level 1:colcon.colcon_core.package_identification:_identify(matlab/custom) by extensions ['cmake', 'python']
[3.030s] Level 1:colcon.colcon_core.package_identification:_identify(matlab/custom) by extension 'cmake'
[3.030s] Level 1:colcon.colcon_core.package_identification:_identify(matlab/custom) by extension 'python'
[3.030s] Level 1:colcon.colcon_core.package_identification:_identify(matlab/custom) by extensions ['python_setup_py']
[3.030s] Level 1:colcon.colcon_core.package_identification:_identify(matlab/custom) by extension 'python_setup_py'
[3.031s] Level 1:colcon.colcon_core.package_identification:_identify(matlab/custom/interfaces) by extensions ['ignore', 'ignore_ament_install']
[3.031s] Level 1:colcon.colcon_core.package_identification:_identify(matlab/custom/interfaces) by extension 'ignore'
[3.031s] Level 1:colcon.colcon_core.package_identification:_identify(matlab/custom/interfaces) by extension 'ignore_ament_install'
[3.031s] Level 1:colcon.colcon_core.package_identification:_identify(matlab/custom/interfaces) by extensions ['colcon_pkg']
[3.031s] Level 1:colcon.colcon_core.package_identification:_identify(matlab/custom/interfaces) by extension 'colcon_pkg'
[3.032s] Level 1:colcon.colcon_core.package_identification:_identify(matlab/custom/interfaces) by extensions ['colcon_meta']
[3.032s] Level 1:colcon.colcon_core.package_identification:_identify(matlab/custom/interfaces) by extension 'colcon_meta'
[3.032s] Level 1:colcon.colcon_core.package_identification:_identify(matlab/custom/interfaces) by extensions ['ros']
[3.032s] Level 1:colcon.colcon_core.package_identification:_identify(matlab/custom/interfaces) by extension 'ros'
[3.032s] Level 1:colcon.colcon_core.package_identification:_identify(matlab/custom/interfaces) by extensions ['cmake', 'python']
[3.033s] Level 1:colcon.colcon_core.package_identification:_identify(matlab/custom/interfaces) by extension 'cmake'
[3.033s] Level 1:colcon.colcon_core.package_identification:_identify(matlab/custom/interfaces) by extension 'python'
[3.033s] Level 1:colcon.colcon_core.package_identification:_identify(matlab/custom/interfaces) by extensions ['python_setup_py']
[3.033s] Level 1:colcon.colcon_core.package_identification:_identify(matlab/custom/interfaces) by extension 'python_setup_py'
[3.034s] Level 1:colcon.colcon_core.package_identification:_identify(matlab/custom/interfaces/msg) by extensions ['ignore', 'ignore_ament_install']
[3.034s] Level 1:colcon.colcon_core.package_identification:_identify(matlab/custom/interfaces/msg) by extension 'ignore'
[3.035s] Level 1:colcon.colcon_core.package_identification:_identify(matlab/custom/interfaces/msg) by extension 'ignore_ament_install'
[3.035s] Level 1:colcon.colcon_core.package_identification:_identify(matlab/custom/interfaces/msg) by extensions ['colcon_pkg']
[3.035s] Level 1:colcon.colcon_core.package_identification:_identify(matlab/custom/interfaces/msg) by extension 'colcon_pkg'
[3.035s] Level 1:colcon.colcon_core.package_identification:_identify(matlab/custom/interfaces/msg) by extensions ['colcon_meta']
[3.035s] Level 1:colcon.colcon_core.package_identification:_identify(matlab/custom/interfaces/msg) by extension 'colcon_meta'
[3.035s] Level 1:colcon.colcon_core.package_identification:_identify(matlab/custom/interfaces/msg) by extensions ['ros']
[3.035s] Level 1:colcon.colcon_core.package_identification:_identify(matlab/custom/interfaces/msg) by extension 'ros'
[3.036s] Level 1:colcon.colcon_core.package_identification:_identify(matlab/custom/interfaces/msg) by extensions ['cmake', 'python']
[3.036s] Level 1:colcon.colcon_core.package_identification:_identify(matlab/custom/interfaces/msg) by extension 'cmake'
[3.036s] Level 1:colcon.colcon_core.package_identification:_identify(matlab/custom/interfaces/msg) by extension 'python'
[3.036s] Level 1:colcon.colcon_core.package_identification:_identify(matlab/custom/interfaces/msg) by extensions ['python_setup_py']
[3.036s] Level 1:colcon.colcon_core.package_identification:_identify(matlab/custom/interfaces/msg) by extension 'python_setup_py'
[3.037s] Level 1:colcon.colcon_core.package_identification:_identify(matlab/custom/matlab_msg_gen) by extensions ['ignore', 'ignore_ament_install']
[3.037s] Level 1:colcon.colcon_core.package_identification:_identify(matlab/custom/matlab_msg_gen) by extension 'ignore'
[3.037s] Level 1:colcon.colcon_core.package_identification:_identify(matlab/custom/matlab_msg_gen) ignored
[3.038s] Level 1:colcon.colcon_core.package_identification:_identify(matlab/slprj) by extensions ['ignore', 'ignore_ament_install']
[3.038s] Level 1:colcon.colcon_core.package_identification:_identify(matlab/slprj) by extension 'ignore'
[3.038s] Level 1:colcon.colcon_core.package_identification:_identify(matlab/slprj) by extension 'ignore_ament_install'
[3.038s] Level 1:colcon.colcon_core.package_identification:_identify(matlab/slprj) by extensions ['colcon_pkg']
[3.038s] Level 1:colcon.colcon_core.package_identification:_identify(matlab/slprj) by extension 'colcon_pkg'
[3.038s] Level 1:colcon.colcon_core.package_identification:_identify(matlab/slprj) by extensions ['colcon_meta']
[3.038s] Level 1:colcon.colcon_core.package_identification:_identify(matlab/slprj) by extension 'colcon_meta'
[3.039s] Level 1:colcon.colcon_core.package_identification:_identify(matlab/slprj) by extensions ['ros']
[3.039s] Level 1:colcon.colcon_core.package_identification:_identify(matlab/slprj) by extension 'ros'
[3.039s] Level 1:colcon.colcon_core.package_identification:_identify(matlab/slprj) by extensions ['cmake', 'python']
[3.039s] Level 1:colcon.colcon_core.package_identification:_identify(matlab/slprj) by extension 'cmake'
[3.039s] Level 1:colcon.colcon_core.package_identification:_identify(matlab/slprj) by extension 'python'
[3.039s] Level 1:colcon.colcon_core.package_identification:_identify(matlab/slprj) by extensions ['python_setup_py']
[3.039s] Level 1:colcon.colcon_core.package_identification:_identify(matlab/slprj) by extension 'python_setup_py'
[3.040s] Level 1:colcon.colcon_core.package_identification:_identify(matlab/slprj/_jitprj) by extensions ['ignore', 'ignore_ament_install']
[3.040s] Level 1:colcon.colcon_core.package_identification:_identify(matlab/slprj/_jitprj) by extension 'ignore'
[3.040s] Level 1:colcon.colcon_core.package_identification:_identify(matlab/slprj/_jitprj) by extension 'ignore_ament_install'
[3.040s] Level 1:colcon.colcon_core.package_identification:_identify(matlab/slprj/_jitprj) by extensions ['colcon_pkg']
[3.040s] Level 1:colcon.colcon_core.package_identification:_identify(matlab/slprj/_jitprj) by extension 'colcon_pkg'
[3.040s] Level 1:colcon.colcon_core.package_identification:_identify(matlab/slprj/_jitprj) by extensions ['colcon_meta']
[3.041s] Level 1:colcon.colcon_core.package_identification:_identify(matlab/slprj/_jitprj) by extension 'colcon_meta'
[3.041s] Level 1:colcon.colcon_core.package_identification:_identify(matlab/slprj/_jitprj) by extensions ['ros']
[3.041s] Level 1:colcon.colcon_core.package_identification:_identify(matlab/slprj/_jitprj) by extension 'ros'
[3.041s] Level 1:colcon.colcon_core.package_identification:_identify(matlab/slprj/_jitprj) by extensions ['cmake', 'python']
[3.041s] Level 1:colcon.colcon_core.package_identification:_identify(matlab/slprj/_jitprj) by extension 'cmake'
[3.041s] Level 1:colcon.colcon_core.package_identification:_identify(matlab/slprj/_jitprj) by extension 'python'
[3.041s] Level 1:colcon.colcon_core.package_identification:_identify(matlab/slprj/_jitprj) by extensions ['python_setup_py']
[3.041s] Level 1:colcon.colcon_core.package_identification:_identify(matlab/slprj/_jitprj) by extension 'python_setup_py'
[3.042s] Level 1:colcon.colcon_core.package_identification:_identify(matlab/slprj/_sfprj) by extensions ['ignore', 'ignore_ament_install']
[3.042s] Level 1:colcon.colcon_core.package_identification:_identify(matlab/slprj/_sfprj) by extension 'ignore'
[3.043s] Level 1:colcon.colcon_core.package_identification:_identify(matlab/slprj/_sfprj) by extension 'ignore_ament_install'
[3.043s] Level 1:colcon.colcon_core.package_identification:_identify(matlab/slprj/_sfprj) by extensions ['colcon_pkg']
[3.043s] Level 1:colcon.colcon_core.package_identification:_identify(matlab/slprj/_sfprj) by extension 'colcon_pkg'
[3.043s] Level 1:colcon.colcon_core.package_identification:_identify(matlab/slprj/_sfprj) by extensions ['colcon_meta']
[3.043s] Level 1:colcon.colcon_core.package_identification:_identify(matlab/slprj/_sfprj) by extension 'colcon_meta'
[3.043s] Level 1:colcon.colcon_core.package_identification:_identify(matlab/slprj/_sfprj) by extensions ['ros']
[3.043s] Level 1:colcon.colcon_core.package_identification:_identify(matlab/slprj/_sfprj) by extension 'ros'
[3.043s] Level 1:colcon.colcon_core.package_identification:_identify(matlab/slprj/_sfprj) by extensions ['cmake', 'python']
[3.044s] Level 1:colcon.colcon_core.package_identification:_identify(matlab/slprj/_sfprj) by extension 'cmake'
[3.044s] Level 1:colcon.colcon_core.package_identification:_identify(matlab/slprj/_sfprj) by extension 'python'
[3.044s] Level 1:colcon.colcon_core.package_identification:_identify(matlab/slprj/_sfprj) by extensions ['python_setup_py']
[3.044s] Level 1:colcon.colcon_core.package_identification:_identify(matlab/slprj/_sfprj) by extension 'python_setup_py'
[3.044s] Level 1:colcon.colcon_core.package_identification:_identify(matlab/slprj/_sfprj/EMLReport) by extensions ['ignore', 'ignore_ament_install']
[3.044s] Level 1:colcon.colcon_core.package_identification:_identify(matlab/slprj/_sfprj/EMLReport) by extension 'ignore'
[3.044s] Level 1:colcon.colcon_core.package_identification:_identify(matlab/slprj/_sfprj/EMLReport) by extension 'ignore_ament_install'
[3.045s] Level 1:colcon.colcon_core.package_identification:_identify(matlab/slprj/_sfprj/EMLReport) by extensions ['colcon_pkg']
[3.045s] Level 1:colcon.colcon_core.package_identification:_identify(matlab/slprj/_sfprj/EMLReport) by extension 'colcon_pkg'
[3.045s] Level 1:colcon.colcon_core.package_identification:_identify(matlab/slprj/_sfprj/EMLReport) by extensions ['colcon_meta']
[3.045s] Level 1:colcon.colcon_core.package_identification:_identify(matlab/slprj/_sfprj/EMLReport) by extension 'colcon_meta'
[3.045s] Level 1:colcon.colcon_core.package_identification:_identify(matlab/slprj/_sfprj/EMLReport) by extensions ['ros']
[3.045s] Level 1:colcon.colcon_core.package_identification:_identify(matlab/slprj/_sfprj/EMLReport) by extension 'ros'
[3.045s] Level 1:colcon.colcon_core.package_identification:_identify(matlab/slprj/_sfprj/EMLReport) by extensions ['cmake', 'python']
[3.045s] Level 1:colcon.colcon_core.package_identification:_identify(matlab/slprj/_sfprj/EMLReport) by extension 'cmake'
[3.046s] Level 1:colcon.colcon_core.package_identification:_identify(matlab/slprj/_sfprj/EMLReport) by extension 'python'
[3.046s] Level 1:colcon.colcon_core.package_identification:_identify(matlab/slprj/_sfprj/EMLReport) by extensions ['python_setup_py']
[3.046s] Level 1:colcon.colcon_core.package_identification:_identify(matlab/slprj/_sfprj/EMLReport) by extension 'python_setup_py'
[3.046s] Level 1:colcon.colcon_core.package_identification:_identify(matlab/slprj/_sfprj/EMLReport/s881rqxAgeOp6s2tFfG9OoD) by extensions ['ignore', 'ignore_ament_install']
[3.046s] Level 1:colcon.colcon_core.package_identification:_identify(matlab/slprj/_sfprj/EMLReport/s881rqxAgeOp6s2tFfG9OoD) by extension 'ignore'
[3.047s] Level 1:colcon.colcon_core.package_identification:_identify(matlab/slprj/_sfprj/EMLReport/s881rqxAgeOp6s2tFfG9OoD) by extension 'ignore_ament_install'
[3.047s] Level 1:colcon.colcon_core.package_identification:_identify(matlab/slprj/_sfprj/EMLReport/s881rqxAgeOp6s2tFfG9OoD) by extensions ['colcon_pkg']
[3.047s] Level 1:colcon.colcon_core.package_identification:_identify(matlab/slprj/_sfprj/EMLReport/s881rqxAgeOp6s2tFfG9OoD) by extension 'colcon_pkg'
[3.047s] Level 1:colcon.colcon_core.package_identification:_identify(matlab/slprj/_sfprj/EMLReport/s881rqxAgeOp6s2tFfG9OoD) by extensions ['colcon_meta']
[3.047s] Level 1:colcon.colcon_core.package_identification:_identify(matlab/slprj/_sfprj/EMLReport/s881rqxAgeOp6s2tFfG9OoD) by extension 'colcon_meta'
[3.047s] Level 1:colcon.colcon_core.package_identification:_identify(matlab/slprj/_sfprj/EMLReport/s881rqxAgeOp6s2tFfG9OoD) by extensions ['ros']
[3.047s] Level 1:colcon.colcon_core.package_identification:_identify(matlab/slprj/_sfprj/EMLReport/s881rqxAgeOp6s2tFfG9OoD) by extension 'ros'
[3.047s] Level 1:colcon.colcon_core.package_identification:_identify(matlab/slprj/_sfprj/EMLReport/s881rqxAgeOp6s2tFfG9OoD) by extensions ['cmake', 'python']
[3.048s] Level 1:colcon.colcon_core.package_identification:_identify(matlab/slprj/_sfprj/EMLReport/s881rqxAgeOp6s2tFfG9OoD) by extension 'cmake'
[3.048s] Level 1:colcon.colcon_core.package_identification:_identify(matlab/slprj/_sfprj/EMLReport/s881rqxAgeOp6s2tFfG9OoD) by extension 'python'
[3.048s] Level 1:colcon.colcon_core.package_identification:_identify(matlab/slprj/_sfprj/EMLReport/s881rqxAgeOp6s2tFfG9OoD) by extensions ['python_setup_py']
[3.048s] Level 1:colcon.colcon_core.package_identification:_identify(matlab/slprj/_sfprj/EMLReport/s881rqxAgeOp6s2tFfG9OoD) by extension 'python_setup_py'
[3.048s] Level 1:colcon.colcon_core.package_identification:_identify(matlab/slprj/_sfprj/EMLReport/sFapP3YcaBS6dtB7MJGzGpE) by extensions ['ignore', 'ignore_ament_install']
[3.049s] Level 1:colcon.colcon_core.package_identification:_identify(matlab/slprj/_sfprj/EMLReport/sFapP3YcaBS6dtB7MJGzGpE) by extension 'ignore'
[3.049s] Level 1:colcon.colcon_core.package_identification:_identify(matlab/slprj/_sfprj/EMLReport/sFapP3YcaBS6dtB7MJGzGpE) by extension 'ignore_ament_install'
[3.049s] Level 1:colcon.colcon_core.package_identification:_identify(matlab/slprj/_sfprj/EMLReport/sFapP3YcaBS6dtB7MJGzGpE) by extensions ['colcon_pkg']
[3.049s] Level 1:colcon.colcon_core.package_identification:_identify(matlab/slprj/_sfprj/EMLReport/sFapP3YcaBS6dtB7MJGzGpE) by extension 'colcon_pkg'
[3.049s] Level 1:colcon.colcon_core.package_identification:_identify(matlab/slprj/_sfprj/EMLReport/sFapP3YcaBS6dtB7MJGzGpE) by extensions ['colcon_meta']
[3.049s] Level 1:colcon.colcon_core.package_identification:_identify(matlab/slprj/_sfprj/EMLReport/sFapP3YcaBS6dtB7MJGzGpE) by extension 'colcon_meta'
[3.049s] Level 1:colcon.colcon_core.package_identification:_identify(matlab/slprj/_sfprj/EMLReport/sFapP3YcaBS6dtB7MJGzGpE) by extensions ['ros']
[3.049s] Level 1:colcon.colcon_core.package_identification:_identify(matlab/slprj/_sfprj/EMLReport/sFapP3YcaBS6dtB7MJGzGpE) by extension 'ros'
[3.050s] Level 1:colcon.colcon_core.package_identification:_identify(matlab/slprj/_sfprj/EMLReport/sFapP3YcaBS6dtB7MJGzGpE) by extensions ['cmake', 'python']
[3.050s] Level 1:colcon.colcon_core.package_identification:_identify(matlab/slprj/_sfprj/EMLReport/sFapP3YcaBS6dtB7MJGzGpE) by extension 'cmake'
[3.050s] Level 1:colcon.colcon_core.package_identification:_identify(matlab/slprj/_sfprj/EMLReport/sFapP3YcaBS6dtB7MJGzGpE) by extension 'python'
[3.050s] Level 1:colcon.colcon_core.package_identification:_identify(matlab/slprj/_sfprj/EMLReport/sFapP3YcaBS6dtB7MJGzGpE) by extensions ['python_setup_py']
[3.050s] Level 1:colcon.colcon_core.package_identification:_identify(matlab/slprj/_sfprj/EMLReport/sFapP3YcaBS6dtB7MJGzGpE) by extension 'python_setup_py'
[3.051s] Level 1:colcon.colcon_core.package_identification:_identify(matlab/slprj/_sfprj/EMLReport/sTfkDIGt9NcJQoyuP99hI4B) by extensions ['ignore', 'ignore_ament_install']
[3.051s] Level 1:colcon.colcon_core.package_identification:_identify(matlab/slprj/_sfprj/EMLReport/sTfkDIGt9NcJQoyuP99hI4B) by extension 'ignore'
[3.051s] Level 1:colcon.colcon_core.package_identification:_identify(matlab/slprj/_sfprj/EMLReport/sTfkDIGt9NcJQoyuP99hI4B) by extension 'ignore_ament_install'
[3.051s] Level 1:colcon.colcon_core.package_identification:_identify(matlab/slprj/_sfprj/EMLReport/sTfkDIGt9NcJQoyuP99hI4B) by extensions ['colcon_pkg']
[3.051s] Level 1:colcon.colcon_core.package_identification:_identify(matlab/slprj/_sfprj/EMLReport/sTfkDIGt9NcJQoyuP99hI4B) by extension 'colcon_pkg'
[3.051s] Level 1:colcon.colcon_core.package_identification:_identify(matlab/slprj/_sfprj/EMLReport/sTfkDIGt9NcJQoyuP99hI4B) by extensions ['colcon_meta']
[3.052s] Level 1:colcon.colcon_core.package_identification:_identify(matlab/slprj/_sfprj/EMLReport/sTfkDIGt9NcJQoyuP99hI4B) by extension 'colcon_meta'
[3.052s] Level 1:colcon.colcon_core.package_identification:_identify(matlab/slprj/_sfprj/EMLReport/sTfkDIGt9NcJQoyuP99hI4B) by extensions ['ros']
[3.052s] Level 1:colcon.colcon_core.package_identification:_identify(matlab/slprj/_sfprj/EMLReport/sTfkDIGt9NcJQoyuP99hI4B) by extension 'ros'
[3.052s] Level 1:colcon.colcon_core.package_identification:_identify(matlab/slprj/_sfprj/EMLReport/sTfkDIGt9NcJQoyuP99hI4B) by extensions ['cmake', 'python']
[3.052s] Level 1:colcon.colcon_core.package_identification:_identify(matlab/slprj/_sfprj/EMLReport/sTfkDIGt9NcJQoyuP99hI4B) by extension 'cmake'
[3.052s] Level 1:colcon.colcon_core.package_identification:_identify(matlab/slprj/_sfprj/EMLReport/sTfkDIGt9NcJQoyuP99hI4B) by extension 'python'
[3.052s] Level 1:colcon.colcon_core.package_identification:_identify(matlab/slprj/_sfprj/EMLReport/sTfkDIGt9NcJQoyuP99hI4B) by extensions ['python_setup_py']
[3.052s] Level 1:colcon.colcon_core.package_identification:_identify(matlab/slprj/_sfprj/EMLReport/sTfkDIGt9NcJQoyuP99hI4B) by extension 'python_setup_py'
[3.053s] Level 1:colcon.colcon_core.package_identification:_identify(matlab/slprj/_sfprj/EMLReport/slyDQOC2mqxD6eAmbTuCZUH) by extensions ['ignore', 'ignore_ament_install']
[3.053s] Level 1:colcon.colcon_core.package_identification:_identify(matlab/slprj/_sfprj/EMLReport/slyDQOC2mqxD6eAmbTuCZUH) by extension 'ignore'
[3.054s] Level 1:colcon.colcon_core.package_identification:_identify(matlab/slprj/_sfprj/EMLReport/slyDQOC2mqxD6eAmbTuCZUH) by extension 'ignore_ament_install'
[3.054s] Level 1:colcon.colcon_core.package_identification:_identify(matlab/slprj/_sfprj/EMLReport/slyDQOC2mqxD6eAmbTuCZUH) by extensions ['colcon_pkg']
[3.054s] Level 1:colcon.colcon_core.package_identification:_identify(matlab/slprj/_sfprj/EMLReport/slyDQOC2mqxD6eAmbTuCZUH) by extension 'colcon_pkg'
[3.054s] Level 1:colcon.colcon_core.package_identification:_identify(matlab/slprj/_sfprj/EMLReport/slyDQOC2mqxD6eAmbTuCZUH) by extensions ['colcon_meta']
[3.054s] Level 1:colcon.colcon_core.package_identification:_identify(matlab/slprj/_sfprj/EMLReport/slyDQOC2mqxD6eAmbTuCZUH) by extension 'colcon_meta'
[3.054s] Level 1:colcon.colcon_core.package_identification:_identify(matlab/slprj/_sfprj/EMLReport/slyDQOC2mqxD6eAmbTuCZUH) by extensions ['ros']
[3.054s] Level 1:colcon.colcon_core.package_identification:_identify(matlab/slprj/_sfprj/EMLReport/slyDQOC2mqxD6eAmbTuCZUH) by extension 'ros'
[3.055s] Level 1:colcon.colcon_core.package_identification:_identify(matlab/slprj/_sfprj/EMLReport/slyDQOC2mqxD6eAmbTuCZUH) by extensions ['cmake', 'python']
[3.055s] Level 1:colcon.colcon_core.package_identification:_identify(matlab/slprj/_sfprj/EMLReport/slyDQOC2mqxD6eAmbTuCZUH) by extension 'cmake'
[3.055s] Level 1:colcon.colcon_core.package_identification:_identify(matlab/slprj/_sfprj/EMLReport/slyDQOC2mqxD6eAmbTuCZUH) by extension 'python'
[3.055s] Level 1:colcon.colcon_core.package_identification:_identify(matlab/slprj/_sfprj/EMLReport/slyDQOC2mqxD6eAmbTuCZUH) by extensions ['python_setup_py']
[3.055s] Level 1:colcon.colcon_core.package_identification:_identify(matlab/slprj/_sfprj/EMLReport/slyDQOC2mqxD6eAmbTuCZUH) by extension 'python_setup_py'
[3.055s] Level 1:colcon.colcon_core.package_identification:_identify(matlab/slprj/_sfprj/mission_manager) by extensions ['ignore', 'ignore_ament_install']
[3.056s] Level 1:colcon.colcon_core.package_identification:_identify(matlab/slprj/_sfprj/mission_manager) by extension 'ignore'
[3.056s] Level 1:colcon.colcon_core.package_identification:_identify(matlab/slprj/_sfprj/mission_manager) by extension 'ignore_ament_install'
[3.056s] Level 1:colcon.colcon_core.package_identification:_identify(matlab/slprj/_sfprj/mission_manager) by extensions ['colcon_pkg']
[3.056s] Level 1:colcon.colcon_core.package_identification:_identify(matlab/slprj/_sfprj/mission_manager) by extension 'colcon_pkg'
[3.056s] Level 1:colcon.colcon_core.package_identification:_identify(matlab/slprj/_sfprj/mission_manager) by extensions ['colcon_meta']
[3.056s] Level 1:colcon.colcon_core.package_identification:_identify(matlab/slprj/_sfprj/mission_manager) by extension 'colcon_meta'
[3.057s] Level 1:colcon.colcon_core.package_identification:_identify(matlab/slprj/_sfprj/mission_manager) by extensions ['ros']
[3.057s] Level 1:colcon.colcon_core.package_identification:_identify(matlab/slprj/_sfprj/mission_manager) by extension 'ros'
[3.057s] Level 1:colcon.colcon_core.package_identification:_identify(matlab/slprj/_sfprj/mission_manager) by extensions ['cmake', 'python']
[3.057s] Level 1:colcon.colcon_core.package_identification:_identify(matlab/slprj/_sfprj/mission_manager) by extension 'cmake'
[3.057s] Level 1:colcon.colcon_core.package_identification:_identify(matlab/slprj/_sfprj/mission_manager) by extension 'python'
[3.057s] Level 1:colcon.colcon_core.package_identification:_identify(matlab/slprj/_sfprj/mission_manager) by extensions ['python_setup_py']
[3.057s] Level 1:colcon.colcon_core.package_identification:_identify(matlab/slprj/_sfprj/mission_manager) by extension 'python_setup_py'
[3.058s] Level 1:colcon.colcon_core.package_identification:_identify(matlab/slprj/_sfprj/mission_manager/_self) by extensions ['ignore', 'ignore_ament_install']
[3.058s] Level 1:colcon.colcon_core.package_identification:_identify(matlab/slprj/_sfprj/mission_manager/_self) by extension 'ignore'
[3.058s] Level 1:colcon.colcon_core.package_identification:_identify(matlab/slprj/_sfprj/mission_manager/_self) by extension 'ignore_ament_install'
[3.058s] Level 1:colcon.colcon_core.package_identification:_identify(matlab/slprj/_sfprj/mission_manager/_self) by extensions ['colcon_pkg']
[3.058s] Level 1:colcon.colcon_core.package_identification:_identify(matlab/slprj/_sfprj/mission_manager/_self) by extension 'colcon_pkg'
[3.058s] Level 1:colcon.colcon_core.package_identification:_identify(matlab/slprj/_sfprj/mission_manager/_self) by extensions ['colcon_meta']
[3.058s] Level 1:colcon.colcon_core.package_identification:_identify(matlab/slprj/_sfprj/mission_manager/_self) by extension 'colcon_meta'
[3.059s] Level 1:colcon.colcon_core.package_identification:_identify(matlab/slprj/_sfprj/mission_manager/_self) by extensions ['ros']
[3.059s] Level 1:colcon.colcon_core.package_identification:_identify(matlab/slprj/_sfprj/mission_manager/_self) by extension 'ros'
[3.059s] Level 1:colcon.colcon_core.package_identification:_identify(matlab/slprj/_sfprj/mission_manager/_self) by extensions ['cmake', 'python']
[3.059s] Level 1:colcon.colcon_core.package_identification:_identify(matlab/slprj/_sfprj/mission_manager/_self) by extension 'cmake'
[3.059s] Level 1:colcon.colcon_core.package_identification:_identify(matlab/slprj/_sfprj/mission_manager/_self) by extension 'python'
[3.059s] Level 1:colcon.colcon_core.package_identification:_identify(matlab/slprj/_sfprj/mission_manager/_self) by extensions ['python_setup_py']
[3.059s] Level 1:colcon.colcon_core.package_identification:_identify(matlab/slprj/_sfprj/mission_manager/_self) by extension 'python_setup_py'
[3.060s] Level 1:colcon.colcon_core.package_identification:_identify(matlab/slprj/_sfprj/mission_manager/_self/sfun) by extensions ['ignore', 'ignore_ament_install']
[3.060s] Level 1:colcon.colcon_core.package_identification:_identify(matlab/slprj/_sfprj/mission_manager/_self/sfun) by extension 'ignore'
[3.060s] Level 1:colcon.colcon_core.package_identification:_identify(matlab/slprj/_sfprj/mission_manager/_self/sfun) by extension 'ignore_ament_install'
[3.060s] Level 1:colcon.colcon_core.package_identification:_identify(matlab/slprj/_sfprj/mission_manager/_self/sfun) by extensions ['colcon_pkg']
[3.060s] Level 1:colcon.colcon_core.package_identification:_identify(matlab/slprj/_sfprj/mission_manager/_self/sfun) by extension 'colcon_pkg'
[3.060s] Level 1:colcon.colcon_core.package_identification:_identify(matlab/slprj/_sfprj/mission_manager/_self/sfun) by extensions ['colcon_meta']
[3.061s] Level 1:colcon.colcon_core.package_identification:_identify(matlab/slprj/_sfprj/mission_manager/_self/sfun) by extension 'colcon_meta'
[3.061s] Level 1:colcon.colcon_core.package_identification:_identify(matlab/slprj/_sfprj/mission_manager/_self/sfun) by extensions ['ros']
[3.061s] Level 1:colcon.colcon_core.package_identification:_identify(matlab/slprj/_sfprj/mission_manager/_self/sfun) by extension 'ros'
[3.061s] Level 1:colcon.colcon_core.package_identification:_identify(matlab/slprj/_sfprj/mission_manager/_self/sfun) by extensions ['cmake', 'python']
[3.061s] Level 1:colcon.colcon_core.package_identification:_identify(matlab/slprj/_sfprj/mission_manager/_self/sfun) by extension 'cmake'
[3.061s] Level 1:colcon.colcon_core.package_identification:_identify(matlab/slprj/_sfprj/mission_manager/_self/sfun) by extension 'python'
[3.061s] Level 1:colcon.colcon_core.package_identification:_identify(matlab/slprj/_sfprj/mission_manager/_self/sfun) by extensions ['python_setup_py']
[3.061s] Level 1:colcon.colcon_core.package_identification:_identify(matlab/slprj/_sfprj/mission_manager/_self/sfun) by extension 'python_setup_py'
[3.062s] Level 1:colcon.colcon_core.package_identification:_identify(matlab/slprj/_sfprj/mission_manager/_self/sfun/info) by extensions ['ignore', 'ignore_ament_install']
[3.062s] Level 1:colcon.colcon_core.package_identification:_identify(matlab/slprj/_sfprj/mission_manager/_self/sfun/info) by extension 'ignore'
[3.062s] Level 1:colcon.colcon_core.package_identification:_identify(matlab/slprj/_sfprj/mission_manager/_self/sfun/info) by extension 'ignore_ament_install'
[3.062s] Level 1:colcon.colcon_core.package_identification:_identify(matlab/slprj/_sfprj/mission_manager/_self/sfun/info) by extensions ['colcon_pkg']
[3.062s] Level 1:colcon.colcon_core.package_identification:_identify(matlab/slprj/_sfprj/mission_manager/_self/sfun/info) by extension 'colcon_pkg'
[3.062s] Level 1:colcon.colcon_core.package_identification:_identify(matlab/slprj/_sfprj/mission_manager/_self/sfun/info) by extensions ['colcon_meta']
[3.063s] Level 1:colcon.colcon_core.package_identification:_identify(matlab/slprj/_sfprj/mission_manager/_self/sfun/info) by extension 'colcon_meta'
[3.063s] Level 1:colcon.colcon_core.package_identification:_identify(matlab/slprj/_sfprj/mission_manager/_self/sfun/info) by extensions ['ros']
[3.063s] Level 1:colcon.colcon_core.package_identification:_identify(matlab/slprj/_sfprj/mission_manager/_self/sfun/info) by extension 'ros'
[3.063s] Level 1:colcon.colcon_core.package_identification:_identify(matlab/slprj/_sfprj/mission_manager/_self/sfun/info) by extensions ['cmake', 'python']
[3.063s] Level 1:colcon.colcon_core.package_identification:_identify(matlab/slprj/_sfprj/mission_manager/_self/sfun/info) by extension 'cmake'
[3.063s] Level 1:colcon.colcon_core.package_identification:_identify(matlab/slprj/_sfprj/mission_manager/_self/sfun/info) by extension 'python'
[3.064s] Level 1:colcon.colcon_core.package_identification:_identify(matlab/slprj/_sfprj/mission_manager/_self/sfun/info) by extensions ['python_setup_py']
[3.064s] Level 1:colcon.colcon_core.package_identification:_identify(matlab/slprj/_sfprj/mission_manager/_self/sfun/info) by extension 'python_setup_py'
[3.064s] Level 1:colcon.colcon_core.package_identification:_identify(matlab/slprj/_sfprj/precompile) by extensions ['ignore', 'ignore_ament_install']
[3.064s] Level 1:colcon.colcon_core.package_identification:_identify(matlab/slprj/_sfprj/precompile) by extension 'ignore'
[3.065s] Level 1:colcon.colcon_core.package_identification:_identify(matlab/slprj/_sfprj/precompile) by extension 'ignore_ament_install'
[3.065s] Level 1:colcon.colcon_core.package_identification:_identify(matlab/slprj/_sfprj/precompile) by extensions ['colcon_pkg']
[3.065s] Level 1:colcon.colcon_core.package_identification:_identify(matlab/slprj/_sfprj/precompile) by extension 'colcon_pkg'
[3.065s] Level 1:colcon.colcon_core.package_identification:_identify(matlab/slprj/_sfprj/precompile) by extensions ['colcon_meta']
[3.065s] Level 1:colcon.colcon_core.package_identification:_identify(matlab/slprj/_sfprj/precompile) by extension 'colcon_meta'
[3.065s] Level 1:colcon.colcon_core.package_identification:_identify(matlab/slprj/_sfprj/precompile) by extensions ['ros']
[3.065s] Level 1:colcon.colcon_core.package_identification:_identify(matlab/slprj/_sfprj/precompile) by extension 'ros'
[3.066s] Level 1:colcon.colcon_core.package_identification:_identify(matlab/slprj/_sfprj/precompile) by extensions ['cmake', 'python']
[3.066s] Level 1:colcon.colcon_core.package_identification:_identify(matlab/slprj/_sfprj/precompile) by extension 'cmake'
[3.066s] Level 1:colcon.colcon_core.package_identification:_identify(matlab/slprj/_sfprj/precompile) by extension 'python'
[3.066s] Level 1:colcon.colcon_core.package_identification:_identify(matlab/slprj/_sfprj/precompile) by extensions ['python_setup_py']
[3.066s] Level 1:colcon.colcon_core.package_identification:_identify(matlab/slprj/_sfprj/precompile) by extension 'python_setup_py'
[3.067s] Level 1:colcon.colcon_core.package_identification:_identify(matlab/slprj/sim) by extensions ['ignore', 'ignore_ament_install']
[3.067s] Level 1:colcon.colcon_core.package_identification:_identify(matlab/slprj/sim) by extension 'ignore'
[3.067s] Level 1:colcon.colcon_core.package_identification:_identify(matlab/slprj/sim) by extension 'ignore_ament_install'
[3.067s] Level 1:colcon.colcon_core.package_identification:_identify(matlab/slprj/sim) by extensions ['colcon_pkg']
[3.067s] Level 1:colcon.colcon_core.package_identification:_identify(matlab/slprj/sim) by extension 'colcon_pkg'
[3.067s] Level 1:colcon.colcon_core.package_identification:_identify(matlab/slprj/sim) by extensions ['colcon_meta']
[3.068s] Level 1:colcon.colcon_core.package_identification:_identify(matlab/slprj/sim) by extension 'colcon_meta'
[3.068s] Level 1:colcon.colcon_core.package_identification:_identify(matlab/slprj/sim) by extensions ['ros']
[3.068s] Level 1:colcon.colcon_core.package_identification:_identify(matlab/slprj/sim) by extension 'ros'
[3.068s] Level 1:colcon.colcon_core.package_identification:_identify(matlab/slprj/sim) by extensions ['cmake', 'python']
[3.068s] Level 1:colcon.colcon_core.package_identification:_identify(matlab/slprj/sim) by extension 'cmake'
[3.068s] Level 1:colcon.colcon_core.package_identification:_identify(matlab/slprj/sim) by extension 'python'
[3.068s] Level 1:colcon.colcon_core.package_identification:_identify(matlab/slprj/sim) by extensions ['python_setup_py']
[3.068s] Level 1:colcon.colcon_core.package_identification:_identify(matlab/slprj/sim) by extension 'python_setup_py'
[3.069s] Level 1:colcon.colcon_core.package_identification:_identify(matlab/slprj/sim/varcache) by extensions ['ignore', 'ignore_ament_install']
[3.069s] Level 1:colcon.colcon_core.package_identification:_identify(matlab/slprj/sim/varcache) by extension 'ignore'
[3.069s] Level 1:colcon.colcon_core.package_identification:_identify(matlab/slprj/sim/varcache) by extension 'ignore_ament_install'
[3.070s] Level 1:colcon.colcon_core.package_identification:_identify(matlab/slprj/sim/varcache) by extensions ['colcon_pkg']
[3.070s] Level 1:colcon.colcon_core.package_identification:_identify(matlab/slprj/sim/varcache) by extension 'colcon_pkg'
[3.070s] Level 1:colcon.colcon_core.package_identification:_identify(matlab/slprj/sim/varcache) by extensions ['colcon_meta']
[3.070s] Level 1:colcon.colcon_core.package_identification:_identify(matlab/slprj/sim/varcache) by extension 'colcon_meta'
[3.070s] Level 1:colcon.colcon_core.package_identification:_identify(matlab/slprj/sim/varcache) by extensions ['ros']
[3.070s] Level 1:colcon.colcon_core.package_identification:_identify(matlab/slprj/sim/varcache) by extension 'ros'
[3.070s] Level 1:colcon.colcon_core.package_identification:_identify(matlab/slprj/sim/varcache) by extensions ['cmake', 'python']
[3.070s] Level 1:colcon.colcon_core.package_identification:_identify(matlab/slprj/sim/varcache) by extension 'cmake'
[3.071s] Level 1:colcon.colcon_core.package_identification:_identify(matlab/slprj/sim/varcache) by extension 'python'
[3.071s] Level 1:colcon.colcon_core.package_identification:_identify(matlab/slprj/sim/varcache) by extensions ['python_setup_py']
[3.071s] Level 1:colcon.colcon_core.package_identification:_identify(matlab/slprj/sim/varcache) by extension 'python_setup_py'
[3.071s] Level 1:colcon.colcon_core.package_identification:_identify(matlab/slprj/sim/varcache/mission_manager) by extensions ['ignore', 'ignore_ament_install']
[3.071s] Level 1:colcon.colcon_core.package_identification:_identify(matlab/slprj/sim/varcache/mission_manager) by extension 'ignore'
[3.072s] Level 1:colcon.colcon_core.package_identification:_identify(matlab/slprj/sim/varcache/mission_manager) by extension 'ignore_ament_install'
[3.072s] Level 1:colcon.colcon_core.package_identification:_identify(matlab/slprj/sim/varcache/mission_manager) by extensions ['colcon_pkg']
[3.072s] Level 1:colcon.colcon_core.package_identification:_identify(matlab/slprj/sim/varcache/mission_manager) by extension 'colcon_pkg'
[3.072s] Level 1:colcon.colcon_core.package_identification:_identify(matlab/slprj/sim/varcache/mission_manager) by extensions ['colcon_meta']
[3.072s] Level 1:colcon.colcon_core.package_identification:_identify(matlab/slprj/sim/varcache/mission_manager) by extension 'colcon_meta'
[3.072s] Level 1:colcon.colcon_core.package_identification:_identify(matlab/slprj/sim/varcache/mission_manager) by extensions ['ros']
[3.072s] Level 1:colcon.colcon_core.package_identification:_identify(matlab/slprj/sim/varcache/mission_manager) by extension 'ros'
[3.073s] Level 1:colcon.colcon_core.package_identification:_identify(matlab/slprj/sim/varcache/mission_manager) by extensions ['cmake', 'python']
[3.073s] Level 1:colcon.colcon_core.package_identification:_identify(matlab/slprj/sim/varcache/mission_manager) by extension 'cmake'
[3.073s] Level 1:colcon.colcon_core.package_identification:_identify(matlab/slprj/sim/varcache/mission_manager) by extension 'python'
[3.073s] Level 1:colcon.colcon_core.package_identification:_identify(matlab/slprj/sim/varcache/mission_manager) by extensions ['python_setup_py']
[3.073s] Level 1:colcon.colcon_core.package_identification:_identify(matlab/slprj/sim/varcache/mission_manager) by extension 'python_setup_py'
[3.073s] Level 1:colcon.colcon_core.package_identification:_identify(matlab/slprj/sim/varcache/mission_manager/tmwinternal) by extensions ['ignore', 'ignore_ament_install']
[3.074s] Level 1:colcon.colcon_core.package_identification:_identify(matlab/slprj/sim/varcache/mission_manager/tmwinternal) by extension 'ignore'
[3.074s] Level 1:colcon.colcon_core.package_identification:_identify(matlab/slprj/sim/varcache/mission_manager/tmwinternal) by extension 'ignore_ament_install'
[3.074s] Level 1:colcon.colcon_core.package_identification:_identify(matlab/slprj/sim/varcache/mission_manager/tmwinternal) by extensions ['colcon_pkg']
[3.074s] Level 1:colcon.colcon_core.package_identification:_identify(matlab/slprj/sim/varcache/mission_manager/tmwinternal) by extension 'colcon_pkg'
[3.074s] Level 1:colcon.colcon_core.package_identification:_identify(matlab/slprj/sim/varcache/mission_manager/tmwinternal) by extensions ['colcon_meta']
[3.075s] Level 1:colcon.colcon_core.package_identification:_identify(matlab/slprj/sim/varcache/mission_manager/tmwinternal) by extension 'colcon_meta'
[3.075s] Level 1:colcon.colcon_core.package_identification:_identify(matlab/slprj/sim/varcache/mission_manager/tmwinternal) by extensions ['ros']
[3.075s] Level 1:colcon.colcon_core.package_identification:_identify(matlab/slprj/sim/varcache/mission_manager/tmwinternal) by extension 'ros'
[3.075s] Level 1:colcon.colcon_core.package_identification:_identify(matlab/slprj/sim/varcache/mission_manager/tmwinternal) by extensions ['cmake', 'python']
[3.075s] Level 1:colcon.colcon_core.package_identification:_identify(matlab/slprj/sim/varcache/mission_manager/tmwinternal) by extension 'cmake'
[3.075s] Level 1:colcon.colcon_core.package_identification:_identify(matlab/slprj/sim/varcache/mission_manager/tmwinternal) by extension 'python'
[3.075s] Level 1:colcon.colcon_core.package_identification:_identify(matlab/slprj/sim/varcache/mission_manager/tmwinternal) by extensions ['python_setup_py']
[3.075s] Level 1:colcon.colcon_core.package_identification:_identify(matlab/slprj/sim/varcache/mission_manager/tmwinternal) by extension 'python_setup_py'
[3.076s] Level 1:colcon.colcon_core.package_identification:_identify(src) by extensions ['ignore', 'ignore_ament_install']
[3.076s] Level 1:colcon.colcon_core.package_identification:_identify(src) by extension 'ignore'
[3.076s] Level 1:colcon.colcon_core.package_identification:_identify(src) by extension 'ignore_ament_install'
[3.077s] Level 1:colcon.colcon_core.package_identification:_identify(src) by extensions ['colcon_pkg']
[3.077s] Level 1:colcon.colcon_core.package_identification:_identify(src) by extension 'colcon_pkg'
[3.077s] Level 1:colcon.colcon_core.package_identification:_identify(src) by extensions ['colcon_meta']
[3.077s] Level 1:colcon.colcon_core.package_identification:_identify(src) by extension 'colcon_meta'
[3.077s] Level 1:colcon.colcon_core.package_identification:_identify(src) by extensions ['ros']
[3.077s] Level 1:colcon.colcon_core.package_identification:_identify(src) by extension 'ros'
[3.077s] Level 1:colcon.colcon_core.package_identification:_identify(src) by extensions ['cmake', 'python']
[3.077s] Level 1:colcon.colcon_core.package_identification:_identify(src) by extension 'cmake'
[3.078s] Level 1:colcon.colcon_core.package_identification:_identify(src) by extension 'python'
[3.078s] Level 1:colcon.colcon_core.package_identification:_identify(src) by extensions ['python_setup_py']
[3.078s] Level 1:colcon.colcon_core.package_identification:_identify(src) by extension 'python_setup_py'
[3.078s] Level 1:colcon.colcon_core.package_identification:_identify(src/camera) by extensions ['ignore', 'ignore_ament_install']
[3.078s] Level 1:colcon.colcon_core.package_identification:_identify(src/camera) by extension 'ignore'
[3.079s] Level 1:colcon.colcon_core.package_identification:_identify(src/camera) by extension 'ignore_ament_install'
[3.079s] Level 1:colcon.colcon_core.package_identification:_identify(src/camera) by extensions ['colcon_pkg']
[3.079s] Level 1:colcon.colcon_core.package_identification:_identify(src/camera) by extension 'colcon_pkg'
[3.079s] Level 1:colcon.colcon_core.package_identification:_identify(src/camera) by extensions ['colcon_meta']
[3.079s] Level 1:colcon.colcon_core.package_identification:_identify(src/camera) by extension 'colcon_meta'
[3.079s] Level 1:colcon.colcon_core.package_identification:_identify(src/camera) by extensions ['ros']
[3.079s] Level 1:colcon.colcon_core.package_identification:_identify(src/camera) by extension 'ros'
[3.085s] DEBUG:colcon.colcon_core.package_identification:Package 'src/camera' with type 'ros.ament_cmake' and name 'camera'
[3.086s] Level 1:colcon.colcon_core.package_identification:_identify(src/controller) by extensions ['ignore', 'ignore_ament_install']
[3.086s] Level 1:colcon.colcon_core.package_identification:_identify(src/controller) by extension 'ignore'
[3.086s] Level 1:colcon.colcon_core.package_identification:_identify(src/controller) by extension 'ignore_ament_install'
[3.086s] Level 1:colcon.colcon_core.package_identification:_identify(src/controller) by extensions ['colcon_pkg']
[3.087s] Level 1:colcon.colcon_core.package_identification:_identify(src/controller) by extension 'colcon_pkg'
[3.087s] Level 1:colcon.colcon_core.package_identification:_identify(src/controller) by extensions ['colcon_meta']
[3.087s] Level 1:colcon.colcon_core.package_identification:_identify(src/controller) by extension 'colcon_meta'
[3.087s] Level 1:colcon.colcon_core.package_identification:_identify(src/controller) by extensions ['ros']
[3.087s] Level 1:colcon.colcon_core.package_identification:_identify(src/controller) by extension 'ros'
[3.090s] DEBUG:colcon.colcon_core.package_identification:Package 'src/controller' with type 'ros.ament_cmake' and name 'controller'
[3.090s] Level 1:colcon.colcon_core.package_identification:_identify(src/interfaces) by extensions ['ignore', 'ignore_ament_install']
[3.090s] Level 1:colcon.colcon_core.package_identification:_identify(src/interfaces) by extension 'ignore'
[3.090s] Level 1:colcon.colcon_core.package_identification:_identify(src/interfaces) by extension 'ignore_ament_install'
[3.091s] Level 1:colcon.colcon_core.package_identification:_identify(src/interfaces) by extensions ['colcon_pkg']
[3.091s] Level 1:colcon.colcon_core.package_identification:_identify(src/interfaces) by extension 'colcon_pkg'
[3.091s] Level 1:colcon.colcon_core.package_identification:_identify(src/interfaces) by extensions ['colcon_meta']
[3.091s] Level 1:colcon.colcon_core.package_identification:_identify(src/interfaces) by extension 'colcon_meta'
[3.091s] Level 1:colcon.colcon_core.package_identification:_identify(src/interfaces) by extensions ['ros']
[3.091s] Level 1:colcon.colcon_core.package_identification:_identify(src/interfaces) by extension 'ros'
[3.093s] DEBUG:colcon.colcon_core.package_identification:Package 'src/interfaces' with type 'ros.ament_cmake' and name 'interfaces'
[3.093s] Level 1:colcon.colcon_core.package_identification:_identify(src/yolo) by extensions ['ignore', 'ignore_ament_install']
[3.093s] Level 1:colcon.colcon_core.package_identification:_identify(src/yolo) by extension 'ignore'
[3.093s] Level 1:colcon.colcon_core.package_identification:_identify(src/yolo) by extension 'ignore_ament_install'
[3.094s] Level 1:colcon.colcon_core.package_identification:_identify(src/yolo) by extensions ['colcon_pkg']
[3.094s] Level 1:colcon.colcon_core.package_identification:_identify(src/yolo) by extension 'colcon_pkg'
[3.094s] Level 1:colcon.colcon_core.package_identification:_identify(src/yolo) by extensions ['colcon_meta']
[3.094s] Level 1:colcon.colcon_core.package_identification:_identify(src/yolo) by extension 'colcon_meta'
[3.094s] Level 1:colcon.colcon_core.package_identification:_identify(src/yolo) by extensions ['ros']
[3.094s] Level 1:colcon.colcon_core.package_identification:_identify(src/yolo) by extension 'ros'
[3.095s] DEBUG:colcon.colcon_core.package_identification:Package 'src/yolo' with type 'ros.ament_cmake' and name 'yolo'
[3.096s] Level 1:colcon.colcon_core.package_discovery:discover_packages(recursive) using defaults
[3.096s] Level 1:colcon.colcon_core.package_discovery:discover_packages(ignore) discover
[3.096s] Level 1:colcon.colcon_core.package_discovery:discover_packages(ignore) using defaults
[3.096s] Level 1:colcon.colcon_core.package_discovery:discover_packages(path) discover
[3.096s] Level 1:colcon.colcon_core.package_discovery:discover_packages(path) using defaults
[3.304s] INFO:colcon.colcon_core.package_selection:Skipping not selected package 'controller' in 'src/controller'
[3.305s] INFO:colcon.colcon_core.package_selection:Skipping not selected package 'interfaces' in 'src/interfaces'
[3.305s] INFO:colcon.colcon_core.package_selection:Skipping not selected package 'camera' in 'src/camera'
[3.393s] Level 1:colcon.colcon_core.package_discovery:discover_packages(prefix_path) check parameters
[3.393s] Level 1:colcon.colcon_core.package_discovery:discover_packages(prefix_path) discover
[3.492s] DEBUG:colcon.colcon_installed_package_information.package_discovery:Found 302 installed packages in /opt/ros/humble
[3.497s] Level 1:colcon.colcon_core.package_discovery:discover_packages(prefix_path) using defaults
[3.842s] Level 5:colcon.colcon_core.verb:set package 'yolo' build argument 'cmake_args' from command line to 'None'
[3.842s] Level 5:colcon.colcon_core.verb:set package 'yolo' build argument 'cmake_target' from command line to 'None'
[3.842s] Level 5:colcon.colcon_core.verb:set package 'yolo' build argument 'cmake_target_skip_unavailable' from command line to 'False'
[3.842s] Level 5:colcon.colcon_core.verb:set package 'yolo' build argument 'cmake_clean_cache' from command line to 'False'
[3.842s] Level 5:colcon.colcon_core.verb:set package 'yolo' build argument 'cmake_clean_first' from command line to 'False'
[3.842s] Level 5:colcon.colcon_core.verb:set package 'yolo' build argument 'cmake_force_configure' from command line to 'False'
[3.842s] Level 5:colcon.colcon_core.verb:set package 'yolo' build argument 'ament_cmake_args' from command line to 'None'
[3.842s] Level 5:colcon.colcon_core.verb:set package 'yolo' build argument 'catkin_cmake_args' from command line to 'None'
[3.842s] Level 5:colcon.colcon_core.verb:set package 'yolo' build argument 'catkin_skip_building_tests' from command line to 'False'
[3.842s] DEBUG:colcon.colcon_core.verb:Building package 'yolo' with the following arguments: {'ament_cmake_args': None, 'build_base': '/home/donjoe/Documents/MagangBanyubramanta_DanielAdhitthana/build/yolo', 'catkin_cmake_args': None, 'catkin_skip_building_tests': False, 'cmake_args': None, 'cmake_clean_cache': False, 'cmake_clean_first': False, 'cmake_force_configure': False, 'cmake_target': None, 'cmake_target_skip_unavailable': False, 'install_base': '/home/donjoe/Documents/MagangBanyubramanta_DanielAdhitthana/install/yolo', 'merge_install': False, 'path': '/home/donjoe/Documents/MagangBanyubramanta_DanielAdhitthana/src/yolo', 'symlink_install': False, 'test_result_base': None}
[3.912s] INFO:colcon.colcon_core.executor:Executing jobs using 'parallel' executor
[3.990s] DEBUG:colcon.colcon_parallel_executor.executor.parallel:run_until_complete
[3.991s] INFO:colcon.colcon_ros.task.ament_cmake.build:Building ROS package in '/home/donjoe/Documents/MagangBanyubramanta_DanielAdhitthana/src/yolo' with build type 'ament_cmake'
[3.993s] INFO:colcon.colcon_cmake.task.cmake.build:Building CMake package in '/home/donjoe/Documents/MagangBanyubramanta_DanielAdhitthana/src/yolo'
[4.075s] INFO:colcon.colcon_core.plugin_system:Skipping extension 'colcon_core.shell.bat': Not used on non-Windows systems
[4.076s] INFO:colcon.colcon_core.shell:Skip shell extension 'powershell' for command environment: Not usable outside of PowerShell
[4.076s] DEBUG:colcon.colcon_core.shell:Skip shell extension 'dsv' for command environment
[4.242s] DEBUG:colcon.colcon_core.event_handler.log_command:Invoking command in '/home/donjoe/Documents/MagangBanyubramanta_DanielAdhitthana/build/yolo': AMENT_PREFIX_PATH=/home/donjoe/Documents/MagangBanyubramanta_DanielAdhitthana/install/interfaces:${AMENT_PREFIX_PATH} CMAKE_PREFIX_PATH=/home/donjoe/Documents/MagangBanyubramanta_DanielAdhitthana/install/interfaces:/opt/ros/humble LD_LIBRARY_PATH=/home/donjoe/Documents/MagangBanyubramanta_DanielAdhitthana/install/interfaces/lib:${LD_LIBRARY_PATH} PYTHONPATH=/home/donjoe/Documents/MagangBanyubramanta_DanielAdhitthana/install/interfaces/local/lib/python3.10/dist-packages:${PYTHONPATH} /usr/bin/cmake --build /home/donjoe/Documents/MagangBanyubramanta_DanielAdhitthana/build/yolo -- -j4 -l4
[22.633s] DEBUG:colcon.colcon_core.event_handler.log_command:Invoked command in '/home/donjoe/Documents/MagangBanyubramanta_DanielAdhitthana/build/yolo' returned '0': AMENT_PREFIX_PATH=/home/donjoe/Documents/MagangBanyubramanta_DanielAdhitthana/install/interfaces:${AMENT_PREFIX_PATH} CMAKE_PREFIX_PATH=/home/donjoe/Documents/MagangBanyubramanta_DanielAdhitthana/install/interfaces:/opt/ros/humble LD_LIBRARY_PATH=/home/donjoe/Documents/MagangBanyubramanta_DanielAdhitthana/install/interfaces/lib:${LD_LIBRARY_PATH} PYTHONPATH=/home/donjoe/Documents/MagangBanyubramanta_DanielAdhitthana/install/interfaces/local/lib/python3.10/dist-packages:${PYTHONPATH} /usr/bin/cmake --build /home/donjoe/Documents/MagangBanyubramanta_DanielAdhitthana/build/yolo -- -j4 -l4
[22.752s] DEBUG:colcon.colcon_core.event_handler.log_command:Invoking command in '/home/donjoe/Documents/MagangBanyubramanta_DanielAdhitthana/build/yolo': AMENT_PREFIX_PATH=/home/donjoe/Documents/MagangBanyubramanta_DanielAdhitthana/install/interfaces:${AMENT_PREFIX_PATH} CMAKE_PREFIX_PATH=/home/donjoe/Documents/MagangBanyubramanta_DanielAdhitthana/install/interfaces:/opt/ros/humble LD_LIBRARY_PATH=/home/donjoe/Documents/MagangBanyubramanta_DanielAdhitthana/install/interfaces/lib:${LD_LIBRARY_PATH} PYTHONPATH=/home/donjoe/Documents/MagangBanyubramanta_DanielAdhitthana/install/interfaces/local/lib/python3.10/dist-packages:${PYTHONPATH} /usr/bin/cmake --install /home/donjoe/Documents/MagangBanyubramanta_DanielAdhitthana/build/yolo
[22.828s] Level 1:colcon.colcon_core.environment:create_environment_scripts_only(yolo)
[22.834s] DEBUG:colcon.colcon_core.event_handler.log_command:Invoked command in '/home/donjoe/Documents/MagangBanyubramanta_DanielAdhitthana/build/yolo' returned '0': AMENT_PREFIX_PATH=/home/donjoe/Documents/MagangBanyubramanta_DanielAdhitthana/install/interfaces:${AMENT_PREFIX_PATH} CMAKE_PREFIX_PATH=/home/donjoe/Documents/MagangBanyubramanta_DanielAdhitthana/install/interfaces:/opt/ros/humble LD_LIBRARY_PATH=/home/donjoe/Documents/MagangBanyubramanta_DanielAdhitthana/install/interfaces/lib:${LD_LIBRARY_PATH} PYTHONPATH=/home/donjoe/Documents/MagangBanyubramanta_DanielAdhitthana/install/interfaces/local/lib/python3.10/dist-packages:${PYTHONPATH} /usr/bin/cmake --install /home/donjoe/Documents/MagangBanyubramanta_DanielAdhitthana/build/yolo
[22.923s] Level 1:colcon.colcon_core.environment:checking '/home/donjoe/Documents/MagangBanyubramanta_DanielAdhitthana/install/yolo' for CMake module files
[22.927s] Level 1:colcon.colcon_core.environment:checking '/home/donjoe/Documents/MagangBanyubramanta_DanielAdhitthana/install/yolo' for CMake config files
[22.931s] Level 1:colcon.colcon_core.shell:create_environment_hook('yolo', 'cmake_prefix_path')
[22.988s] INFO:colcon.colcon_core.shell:Creating environment hook '/home/donjoe/Documents/MagangBanyubramanta_DanielAdhitthana/install/yolo/share/yolo/hook/cmake_prefix_path.ps1'
[22.991s] INFO:colcon.colcon_core.shell:Creating environment descriptor '/home/donjoe/Documents/MagangBanyubramanta_DanielAdhitthana/install/yolo/share/yolo/hook/cmake_prefix_path.dsv'
[22.995s] INFO:colcon.colcon_core.shell:Creating environment hook '/home/donjoe/Documents/MagangBanyubramanta_DanielAdhitthana/install/yolo/share/yolo/hook/cmake_prefix_path.sh'
[22.999s] Level 1:colcon.colcon_core.environment:checking '/home/donjoe/Documents/MagangBanyubramanta_DanielAdhitthana/install/yolo/lib'
[23.000s] Level 1:colcon.colcon_core.environment:checking '/home/donjoe/Documents/MagangBanyubramanta_DanielAdhitthana/install/yolo/bin'
[23.000s] Level 1:colcon.colcon_core.environment:checking '/home/donjoe/Documents/MagangBanyubramanta_DanielAdhitthana/install/yolo/lib/pkgconfig/yolo.pc'
[23.001s] Level 1:colcon.colcon_core.environment:checking '/home/donjoe/Documents/MagangBanyubramanta_DanielAdhitthana/install/yolo/lib/python3.10/site-packages'
[23.002s] Level 1:colcon.colcon_core.environment:checking '/home/donjoe/Documents/MagangBanyubramanta_DanielAdhitthana/install/yolo/bin'
[23.067s] INFO:colcon.colcon_core.shell:Creating package script '/home/donjoe/Documents/MagangBanyubramanta_DanielAdhitthana/install/yolo/share/yolo/package.ps1'
[23.070s] INFO:colcon.colcon_core.shell:Creating package descriptor '/home/donjoe/Documents/MagangBanyubramanta_DanielAdhitthana/install/yolo/share/yolo/package.dsv'
[23.075s] INFO:colcon.colcon_core.shell:Creating package script '/home/donjoe/Documents/MagangBanyubramanta_DanielAdhitthana/install/yolo/share/yolo/package.sh'
[23.079s] INFO:colcon.colcon_core.shell:Creating package script '/home/donjoe/Documents/MagangBanyubramanta_DanielAdhitthana/install/yolo/share/yolo/package.bash'
[23.082s] INFO:colcon.colcon_core.shell:Creating package script '/home/donjoe/Documents/MagangBanyubramanta_DanielAdhitthana/install/yolo/share/yolo/package.zsh'
[23.085s] Level 1:colcon.colcon_core.environment:create_file_with_runtime_dependencies(/home/donjoe/Documents/MagangBanyubramanta_DanielAdhitthana/install/yolo/share/colcon-core/packages/yolo)
[23.267s] Level 1:colcon.colcon_core.environment:create_environment_scripts_only(yolo)
[23.324s] Level 1:colcon.colcon_core.environment:checking '/home/donjoe/Documents/MagangBanyubramanta_DanielAdhitthana/install/yolo' for CMake module files
[23.327s] Level 1:colcon.colcon_core.environment:checking '/home/donjoe/Documents/MagangBanyubramanta_DanielAdhitthana/install/yolo' for CMake config files
[23.328s] Level 1:colcon.colcon_core.shell:create_environment_hook('yolo', 'cmake_prefix_path')
[23.386s] INFO:colcon.colcon_core.shell:Creating environment hook '/home/donjoe/Documents/MagangBanyubramanta_DanielAdhitthana/install/yolo/share/yolo/hook/cmake_prefix_path.ps1'
[23.388s] INFO:colcon.colcon_core.shell:Creating environment descriptor '/home/donjoe/Documents/MagangBanyubramanta_DanielAdhitthana/install/yolo/share/yolo/hook/cmake_prefix_path.dsv'
[23.389s] INFO:colcon.colcon_core.shell:Creating environment hook '/home/donjoe/Documents/MagangBanyubramanta_DanielAdhitthana/install/yolo/share/yolo/hook/cmake_prefix_path.sh'
[23.391s] Level 1:colcon.colcon_core.environment:checking '/home/donjoe/Documents/MagangBanyubramanta_DanielAdhitthana/install/yolo/lib'
[23.391s] Level 1:colcon.colcon_core.environment:checking '/home/donjoe/Documents/MagangBanyubramanta_DanielAdhitthana/install/yolo/bin'
[23.391s] Level 1:colcon.colcon_core.environment:checking '/home/donjoe/Documents/MagangBanyubramanta_DanielAdhitthana/install/yolo/lib/pkgconfig/yolo.pc'
[23.392s] Level 1:colcon.colcon_core.environment:checking '/home/donjoe/Documents/MagangBanyubramanta_DanielAdhitthana/install/yolo/lib/python3.10/site-packages'
[23.392s] Level 1:colcon.colcon_core.environment:checking '/home/donjoe/Documents/MagangBanyubramanta_DanielAdhitthana/install/yolo/bin'
[23.447s] INFO:colcon.colcon_core.shell:Creating package script '/home/donjoe/Documents/MagangBanyubramanta_DanielAdhitthana/install/yolo/share/yolo/package.ps1'
[23.448s] INFO:colcon.colcon_core.shell:Creating package descriptor '/home/donjoe/Documents/MagangBanyubramanta_DanielAdhitthana/install/yolo/share/yolo/package.dsv'
[23.450s] INFO:colcon.colcon_core.shell:Creating package script '/home/donjoe/Documents/MagangBanyubramanta_DanielAdhitthana/install/yolo/share/yolo/package.sh'
[23.451s] INFO:colcon.colcon_core.shell:Creating package script '/home/donjoe/Documents/MagangBanyubramanta_DanielAdhitthana/install/yolo/share/yolo/package.bash'
[23.452s] INFO:colcon.colcon_core.shell:Creating package script '/home/donjoe/Documents/MagangBanyubramanta_DanielAdhitthana/install/yolo/share/yolo/package.zsh'
[23.453s] Level 1:colcon.colcon_core.environment:create_file_with_runtime_dependencies(/home/donjoe/Documents/MagangBanyubramanta_DanielAdhitthana/install/yolo/share/colcon-core/packages/yolo)
[23.456s] DEBUG:colcon.colcon_parallel_executor.executor.parallel:closing loop
[23.457s] DEBUG:colcon.colcon_parallel_executor.executor.parallel:loop closed
[23.457s] DEBUG:colcon.colcon_parallel_executor.executor.parallel:run_until_complete finished with '0'
[23.457s] DEBUG:colcon.colcon_core.event_reactor:joining thread
[23.554s] INFO:colcon.colcon_core.plugin_system:Skipping extension 'colcon_notification.desktop_notification.terminal_notifier': Not used on non-Darwin systems
[23.555s] INFO:colcon.colcon_core.plugin_system:Skipping extension 'colcon_notification.desktop_notification.win32': Not used on non-Windows systems
[23.555s] INFO:colcon.colcon_notification.desktop_notification:Sending desktop notification using 'notify2'
[23.634s] DEBUG:colcon.colcon_core.event_reactor:joined thread
[23.694s] INFO:colcon.colcon_core.shell:Creating prefix script '/home/donjoe/Documents/MagangBanyubramanta_DanielAdhitthana/install/local_setup.ps1'
[23.716s] INFO:colcon.colcon_core.shell:Creating prefix util module '/home/donjoe/Documents/MagangBanyubramanta_DanielAdhitthana/install/_local_setup_util_ps1.py'
[23.721s] INFO:colcon.colcon_core.shell:Creating prefix chain script '/home/donjoe/Documents/MagangBanyubramanta_DanielAdhitthana/install/setup.ps1'
[23.788s] INFO:colcon.colcon_core.shell:Creating prefix script '/home/donjoe/Documents/MagangBanyubramanta_DanielAdhitthana/install/local_setup.sh'
[23.792s] INFO:colcon.colcon_core.shell:Creating prefix util module '/home/donjoe/Documents/MagangBanyubramanta_DanielAdhitthana/install/_local_setup_util_sh.py'
[23.793s] INFO:colcon.colcon_core.shell:Creating prefix chain script '/home/donjoe/Documents/MagangBanyubramanta_DanielAdhitthana/install/setup.sh'
[23.848s] INFO:colcon.colcon_core.shell:Creating prefix script '/home/donjoe/Documents/MagangBanyubramanta_DanielAdhitthana/install/local_setup.bash'
[23.852s] INFO:colcon.colcon_core.shell:Creating prefix chain script '/home/donjoe/Documents/MagangBanyubramanta_DanielAdhitthana/install/setup.bash'
[23.898s] INFO:colcon.colcon_core.shell:Creating prefix script '/home/donjoe/Documents/MagangBanyubramanta_DanielAdhitthana/install/local_setup.zsh'
[23.899s] INFO:colcon.colcon_core.shell:Creating prefix chain script '/home/donjoe/Documents/MagangBanyubramanta_DanielAdhitthana/install/setup.zsh'
