[0.042s] Invoking command in '/home/donjoe/MagangBanyubramanta_DanielAdhitthana/build/camera': CMAKE_PREFIX_PATH=/opt/ros/humble /usr/bin/cmake --build /home/donjoe/MagangBanyubramanta_DanielAdhitthana/build/camera -- -j4 -l4
[0.077s] [  3%] Built target camera__cpp
[0.078s] [ 12%] Built target camera__rosidl_generator_c
[0.083s] [ 12%] Built target ament_cmake_python_copy_camera
[0.095s] [ 21%] Built target camera__rosidl_typesupport_cpp
[0.095s] [ 30%] Built target camera__rosidl_typesupport_fastrtps_cpp
[0.098s] [ 39%] Built target camera__rosidl_typesupport_introspection_cpp
[0.101s] [ 48%] Built target camera__rosidl_typesupport_fastrtps_c
[0.114s] [ 57%] Built target camera__rosidl_typesupport_introspection_c
[0.115s] [ 66%] Built target camera__rosidl_typesupport_c
[0.116s] [35m[1mConsolidate compiler generated dependencies of target node[0m
[0.130s] [ 69%] [32mBuilding CXX object CMakeFiles/node.dir/src/node.cpp.o[0m
[0.131s] [ 69%] Built target camera
[0.150s] [ 72%] Built target camera__py
[0.165s] [ 78%] Built target camera__rosidl_generator_py
[0.183s] [ 84%] Built target camera__rosidl_typesupport_fastrtps_c__pyext
[0.186s] [ 90%] Built target camera__rosidl_typesupport_introspection_c__pyext
[0.203s] [ 96%] Built target camera__rosidl_typesupport_c__pyext
[0.328s] running egg_info
[0.329s] writing camera.egg-info/PKG-INFO
[0.329s] writing dependency_links to camera.egg-info/dependency_links.txt
[0.331s] writing top-level names to camera.egg-info/top_level.txt
[0.332s] reading manifest file 'camera.egg-info/SOURCES.txt'
[0.333s] writing manifest file 'camera.egg-info/SOURCES.txt'
[0.358s] [ 96%] Built target ament_cmake_python_build_camera_egg
[3.797s] [100%] [32m[1mLinking CXX executable node[0m
[4.117s] [100%] Built target node
[4.129s] Invoked command in '/home/donjoe/MagangBanyubramanta_DanielAdhitthana/build/camera' returned '0': CMAKE_PREFIX_PATH=/opt/ros/humble /usr/bin/cmake --build /home/donjoe/MagangBanyubramanta_DanielAdhitthana/build/camera -- -j4 -l4
[4.180s] Invoking command in '/home/donjoe/MagangBanyubramanta_DanielAdhitthana/build/camera': CMAKE_PREFIX_PATH=/opt/ros/humble /usr/bin/cmake --install /home/donjoe/MagangBanyubramanta_DanielAdhitthana/build/camera
[4.188s] -- Install configuration: ""
[4.189s] -- Installing: /home/donjoe/MagangBanyubramanta_DanielAdhitthana/install/camera/share/ament_index/resource_index/rosidl_interfaces/camera
[4.190s] -- Installing: /home/donjoe/MagangBanyubramanta_DanielAdhitthana/install/camera/include/camera/camera
[4.190s] -- Installing: /home/donjoe/MagangBanyubramanta_DanielAdhitthana/install/camera/include/camera/camera/msg
[4.191s] -- Installing: /home/donjoe/MagangBanyubramanta_DanielAdhitthana/install/camera/include/camera/camera/msg/detail
[4.191s] -- Installing: /home/donjoe/MagangBanyubramanta_DanielAdhitthana/install/camera/include/camera/camera/msg/detail/object__struct.h
[4.191s] -- Installing: /home/donjoe/MagangBanyubramanta_DanielAdhitthana/install/camera/include/camera/camera/msg/detail/object__type_support.h
[4.192s] -- Installing: /home/donjoe/MagangBanyubramanta_DanielAdhitthana/install/camera/include/camera/camera/msg/detail/object__functions.c
[4.192s] -- Installing: /home/donjoe/MagangBanyubramanta_DanielAdhitthana/install/camera/include/camera/camera/msg/detail/object__functions.h
[4.192s] -- Installing: /home/donjoe/MagangBanyubramanta_DanielAdhitthana/install/camera/include/camera/camera/msg/object.h
[4.192s] -- Installing: /home/donjoe/MagangBanyubramanta_DanielAdhitthana/install/camera/include/camera/camera/msg/rosidl_generator_c__visibility_control.h
[4.192s] -- Installing: /home/donjoe/MagangBanyubramanta_DanielAdhitthana/install/camera/share/camera/environment/library_path.sh
[4.193s] -- Installing: /home/donjoe/MagangBanyubramanta_DanielAdhitthana/install/camera/share/camera/environment/library_path.dsv
[4.193s] -- Installing: /home/donjoe/MagangBanyubramanta_DanielAdhitthana/install/camera/lib/libcamera__rosidl_generator_c.so
[4.193s] -- Set runtime path of "/home/donjoe/MagangBanyubramanta_DanielAdhitthana/install/camera/lib/libcamera__rosidl_generator_c.so" to ""
[4.193s] -- Up-to-date: /home/donjoe/MagangBanyubramanta_DanielAdhitthana/install/camera/include/camera/camera
[4.193s] -- Up-to-date: /home/donjoe/MagangBanyubramanta_DanielAdhitthana/install/camera/include/camera/camera/msg
[4.194s] -- Installing: /home/donjoe/MagangBanyubramanta_DanielAdhitthana/install/camera/include/camera/camera/msg/rosidl_typesupport_fastrtps_c__visibility_control.h
[4.194s] -- Up-to-date: /home/donjoe/MagangBanyubramanta_DanielAdhitthana/install/camera/include/camera/camera/msg/detail
[4.194s] -- Installing: /home/donjoe/MagangBanyubramanta_DanielAdhitthana/install/camera/include/camera/camera/msg/detail/object__rosidl_typesupport_fastrtps_c.h
[4.194s] -- Installing: /home/donjoe/MagangBanyubramanta_DanielAdhitthana/install/camera/lib/libcamera__rosidl_typesupport_fastrtps_c.so
[4.195s] -- Set runtime path of "/home/donjoe/MagangBanyubramanta_DanielAdhitthana/install/camera/lib/libcamera__rosidl_typesupport_fastrtps_c.so" to ""
[4.195s] -- Up-to-date: /home/donjoe/MagangBanyubramanta_DanielAdhitthana/install/camera/include/camera/camera
[4.195s] -- Up-to-date: /home/donjoe/MagangBanyubramanta_DanielAdhitthana/install/camera/include/camera/camera/msg
[4.195s] -- Installing: /home/donjoe/MagangBanyubramanta_DanielAdhitthana/install/camera/include/camera/camera/msg/object.hpp
[4.195s] -- Up-to-date: /home/donjoe/MagangBanyubramanta_DanielAdhitthana/install/camera/include/camera/camera/msg/detail
[4.196s] -- Installing: /home/donjoe/MagangBanyubramanta_DanielAdhitthana/install/camera/include/camera/camera/msg/detail/object__struct.hpp
[4.196s] -- Installing: /home/donjoe/MagangBanyubramanta_DanielAdhitthana/install/camera/include/camera/camera/msg/detail/object__traits.hpp
[4.196s] -- Installing: /home/donjoe/MagangBanyubramanta_DanielAdhitthana/install/camera/include/camera/camera/msg/detail/object__builder.hpp
[4.196s] -- Up-to-date: /home/donjoe/MagangBanyubramanta_DanielAdhitthana/install/camera/include/camera/camera
[4.196s] -- Up-to-date: /home/donjoe/MagangBanyubramanta_DanielAdhitthana/install/camera/include/camera/camera/msg
[4.196s] -- Installing: /home/donjoe/MagangBanyubramanta_DanielAdhitthana/install/camera/include/camera/camera/msg/rosidl_typesupport_fastrtps_cpp__visibility_control.h
[4.196s] -- Up-to-date: /home/donjoe/MagangBanyubramanta_DanielAdhitthana/install/camera/include/camera/camera/msg/detail
[4.197s] -- Installing: /home/donjoe/MagangBanyubramanta_DanielAdhitthana/install/camera/include/camera/camera/msg/detail/object__rosidl_typesupport_fastrtps_cpp.hpp
[4.197s] -- Installing: /home/donjoe/MagangBanyubramanta_DanielAdhitthana/install/camera/include/camera/camera/msg/detail/dds_fastrtps
[4.197s] -- Installing: /home/donjoe/MagangBanyubramanta_DanielAdhitthana/install/camera/lib/libcamera__rosidl_typesupport_fastrtps_cpp.so
[4.197s] -- Set runtime path of "/home/donjoe/MagangBanyubramanta_DanielAdhitthana/install/camera/lib/libcamera__rosidl_typesupport_fastrtps_cpp.so" to ""
[4.197s] -- Up-to-date: /home/donjoe/MagangBanyubramanta_DanielAdhitthana/install/camera/include/camera/camera
[4.198s] -- Up-to-date: /home/donjoe/MagangBanyubramanta_DanielAdhitthana/install/camera/include/camera/camera/msg
[4.198s] -- Installing: /home/donjoe/MagangBanyubramanta_DanielAdhitthana/install/camera/include/camera/camera/msg/rosidl_typesupport_introspection_c__visibility_control.h
[4.198s] -- Up-to-date: /home/donjoe/MagangBanyubramanta_DanielAdhitthana/install/camera/include/camera/camera/msg/detail
[4.198s] -- Installing: /home/donjoe/MagangBanyubramanta_DanielAdhitthana/install/camera/include/camera/camera/msg/detail/object__rosidl_typesupport_introspection_c.h
[4.198s] -- Installing: /home/donjoe/MagangBanyubramanta_DanielAdhitthana/install/camera/include/camera/camera/msg/detail/object__type_support.c
[4.198s] -- Installing: /home/donjoe/MagangBanyubramanta_DanielAdhitthana/install/camera/lib/libcamera__rosidl_typesupport_introspection_c.so
[4.199s] -- Set runtime path of "/home/donjoe/MagangBanyubramanta_DanielAdhitthana/install/camera/lib/libcamera__rosidl_typesupport_introspection_c.so" to ""
[4.199s] -- Installing: /home/donjoe/MagangBanyubramanta_DanielAdhitthana/install/camera/lib/libcamera__rosidl_typesupport_c.so
[4.199s] -- Set runtime path of "/home/donjoe/MagangBanyubramanta_DanielAdhitthana/install/camera/lib/libcamera__rosidl_typesupport_c.so" to ""
[4.199s] -- Up-to-date: /home/donjoe/MagangBanyubramanta_DanielAdhitthana/install/camera/include/camera/camera
[4.199s] -- Up-to-date: /home/donjoe/MagangBanyubramanta_DanielAdhitthana/install/camera/include/camera/camera/msg
[4.199s] -- Up-to-date: /home/donjoe/MagangBanyubramanta_DanielAdhitthana/install/camera/include/camera/camera/msg/detail
[4.199s] -- Installing: /home/donjoe/MagangBanyubramanta_DanielAdhitthana/install/camera/include/camera/camera/msg/detail/object__type_support.cpp
[4.200s] -- Installing: /home/donjoe/MagangBanyubramanta_DanielAdhitthana/install/camera/include/camera/camera/msg/detail/object__rosidl_typesupport_introspection_cpp.hpp
[4.200s] -- Installing: /home/donjoe/MagangBanyubramanta_DanielAdhitthana/install/camera/lib/libcamera__rosidl_typesupport_introspection_cpp.so
[4.200s] -- Set runtime path of "/home/donjoe/MagangBanyubramanta_DanielAdhitthana/install/camera/lib/libcamera__rosidl_typesupport_introspection_cpp.so" to ""
[4.200s] -- Installing: /home/donjoe/MagangBanyubramanta_DanielAdhitthana/install/camera/lib/libcamera__rosidl_typesupport_cpp.so
[4.200s] -- Set runtime path of "/home/donjoe/MagangBanyubramanta_DanielAdhitthana/install/camera/lib/libcamera__rosidl_typesupport_cpp.so" to ""
[4.201s] -- Installing: /home/donjoe/MagangBanyubramanta_DanielAdhitthana/install/camera/share/camera/environment/pythonpath.sh
[4.201s] -- Installing: /home/donjoe/MagangBanyubramanta_DanielAdhitthana/install/camera/share/camera/environment/pythonpath.dsv
[4.201s] -- Installing: /home/donjoe/MagangBanyubramanta_DanielAdhitthana/install/camera/local/lib/python3.10/dist-packages/camera-0.0.0-py3.10.egg-info
[4.203s] -- Installing: /home/donjoe/MagangBanyubramanta_DanielAdhitthana/install/camera/local/lib/python3.10/dist-packages/camera-0.0.0-py3.10.egg-info/top_level.txt
[4.203s] -- Installing: /home/donjoe/MagangBanyubramanta_DanielAdhitthana/install/camera/local/lib/python3.10/dist-packages/camera-0.0.0-py3.10.egg-info/PKG-INFO
[4.203s] -- Installing: /home/donjoe/MagangBanyubramanta_DanielAdhitthana/install/camera/local/lib/python3.10/dist-packages/camera-0.0.0-py3.10.egg-info/SOURCES.txt
[4.203s] -- Installing: /home/donjoe/MagangBanyubramanta_DanielAdhitthana/install/camera/local/lib/python3.10/dist-packages/camera-0.0.0-py3.10.egg-info/dependency_links.txt
[4.203s] -- Installing: /home/donjoe/MagangBanyubramanta_DanielAdhitthana/install/camera/local/lib/python3.10/dist-packages/camera
[4.204s] -- Installing: /home/donjoe/MagangBanyubramanta_DanielAdhitthana/install/camera/local/lib/python3.10/dist-packages/camera/camera_s__rosidl_typesupport_fastrtps_c.cpython-310-x86_64-linux-gnu.so
[4.204s] -- Installing: /home/donjoe/MagangBanyubramanta_DanielAdhitthana/install/camera/local/lib/python3.10/dist-packages/camera/msg
[4.204s] -- Installing: /home/donjoe/MagangBanyubramanta_DanielAdhitthana/install/camera/local/lib/python3.10/dist-packages/camera/msg/_object.py
[4.204s] -- Installing: /home/donjoe/MagangBanyubramanta_DanielAdhitthana/install/camera/local/lib/python3.10/dist-packages/camera/msg/_object_s.c
[4.204s] -- Installing: /home/donjoe/MagangBanyubramanta_DanielAdhitthana/install/camera/local/lib/python3.10/dist-packages/camera/msg/__init__.py
[4.205s] -- Installing: /home/donjoe/MagangBanyubramanta_DanielAdhitthana/install/camera/local/lib/python3.10/dist-packages/camera/_camera_s.ep.rosidl_typesupport_c.c
[4.205s] -- Installing: /home/donjoe/MagangBanyubramanta_DanielAdhitthana/install/camera/local/lib/python3.10/dist-packages/camera/_camera_s.ep.rosidl_typesupport_fastrtps_c.c
[4.205s] -- Installing: /home/donjoe/MagangBanyubramanta_DanielAdhitthana/install/camera/local/lib/python3.10/dist-packages/camera/camera_s__rosidl_typesupport_c.cpython-310-x86_64-linux-gnu.so
[4.205s] -- Installing: /home/donjoe/MagangBanyubramanta_DanielAdhitthana/install/camera/local/lib/python3.10/dist-packages/camera/_camera_s.ep.rosidl_typesupport_introspection_c.c
[4.205s] -- Installing: /home/donjoe/MagangBanyubramanta_DanielAdhitthana/install/camera/local/lib/python3.10/dist-packages/camera/camera_s__rosidl_typesupport_introspection_c.cpython-310-x86_64-linux-gnu.so
[4.205s] -- Installing: /home/donjoe/MagangBanyubramanta_DanielAdhitthana/install/camera/local/lib/python3.10/dist-packages/camera/libcamera__rosidl_generator_py.so
[4.205s] -- Installing: /home/donjoe/MagangBanyubramanta_DanielAdhitthana/install/camera/local/lib/python3.10/dist-packages/camera/__init__.py
[4.242s] Listing '/home/donjoe/MagangBanyubramanta_DanielAdhitthana/install/camera/local/lib/python3.10/dist-packages/camera'...
[4.242s] Compiling '/home/donjoe/MagangBanyubramanta_DanielAdhitthana/install/camera/local/lib/python3.10/dist-packages/camera/__init__.py'...
[4.242s] Listing '/home/donjoe/MagangBanyubramanta_DanielAdhitthana/install/camera/local/lib/python3.10/dist-packages/camera/msg'...
[4.242s] Compiling '/home/donjoe/MagangBanyubramanta_DanielAdhitthana/install/camera/local/lib/python3.10/dist-packages/camera/msg/__init__.py'...
[4.242s] Compiling '/home/donjoe/MagangBanyubramanta_DanielAdhitthana/install/camera/local/lib/python3.10/dist-packages/camera/msg/_object.py'...
[4.247s] -- Installing: /home/donjoe/MagangBanyubramanta_DanielAdhitthana/install/camera/local/lib/python3.10/dist-packages/camera/camera_s__rosidl_typesupport_fastrtps_c.cpython-310-x86_64-linux-gnu.so
[4.247s] -- Set runtime path of "/home/donjoe/MagangBanyubramanta_DanielAdhitthana/install/camera/local/lib/python3.10/dist-packages/camera/camera_s__rosidl_typesupport_fastrtps_c.cpython-310-x86_64-linux-gnu.so" to ""
[4.247s] -- Installing: /home/donjoe/MagangBanyubramanta_DanielAdhitthana/install/camera/local/lib/python3.10/dist-packages/camera/camera_s__rosidl_typesupport_introspection_c.cpython-310-x86_64-linux-gnu.so
[4.247s] -- Set runtime path of "/home/donjoe/MagangBanyubramanta_DanielAdhitthana/install/camera/local/lib/python3.10/dist-packages/camera/camera_s__rosidl_typesupport_introspection_c.cpython-310-x86_64-linux-gnu.so" to ""
[4.247s] -- Installing: /home/donjoe/MagangBanyubramanta_DanielAdhitthana/install/camera/local/lib/python3.10/dist-packages/camera/camera_s__rosidl_typesupport_c.cpython-310-x86_64-linux-gnu.so
[4.248s] -- Set runtime path of "/home/donjoe/MagangBanyubramanta_DanielAdhitthana/install/camera/local/lib/python3.10/dist-packages/camera/camera_s__rosidl_typesupport_c.cpython-310-x86_64-linux-gnu.so" to ""
[4.248s] -- Installing: /home/donjoe/MagangBanyubramanta_DanielAdhitthana/install/camera/lib/libcamera__rosidl_generator_py.so
[4.248s] -- Set runtime path of "/home/donjoe/MagangBanyubramanta_DanielAdhitthana/install/camera/lib/libcamera__rosidl_generator_py.so" to ""
[4.248s] -- Installing: /home/donjoe/MagangBanyubramanta_DanielAdhitthana/install/camera/share/camera/msg/Object.idl
[4.248s] -- Installing: /home/donjoe/MagangBanyubramanta_DanielAdhitthana/install/camera/share/camera/msg/Object.msg
[4.249s] -- Installing: /home/donjoe/MagangBanyubramanta_DanielAdhitthana/install/camera/lib/camera/node
[4.250s] -- Set runtime path of "/home/donjoe/MagangBanyubramanta_DanielAdhitthana/install/camera/lib/camera/node" to ""
[4.250s] -- Installing: /home/donjoe/MagangBanyubramanta_DanielAdhitthana/install/camera/share/ament_index/resource_index/package_run_dependencies/camera
[4.251s] -- Installing: /home/donjoe/MagangBanyubramanta_DanielAdhitthana/install/camera/share/ament_index/resource_index/parent_prefix_path/camera
[4.251s] -- Installing: /home/donjoe/MagangBanyubramanta_DanielAdhitthana/install/camera/share/camera/environment/ament_prefix_path.sh
[4.251s] -- Installing: /home/donjoe/MagangBanyubramanta_DanielAdhitthana/install/camera/share/camera/environment/ament_prefix_path.dsv
[4.252s] -- Installing: /home/donjoe/MagangBanyubramanta_DanielAdhitthana/install/camera/share/camera/environment/path.sh
[4.252s] -- Installing: /home/donjoe/MagangBanyubramanta_DanielAdhitthana/install/camera/share/camera/environment/path.dsv
[4.252s] -- Installing: /home/donjoe/MagangBanyubramanta_DanielAdhitthana/install/camera/share/camera/local_setup.bash
[4.252s] -- Installing: /home/donjoe/MagangBanyubramanta_DanielAdhitthana/install/camera/share/camera/local_setup.sh
[4.253s] -- Installing: /home/donjoe/MagangBanyubramanta_DanielAdhitthana/install/camera/share/camera/local_setup.zsh
[4.253s] -- Installing: /home/donjoe/MagangBanyubramanta_DanielAdhitthana/install/camera/share/camera/local_setup.dsv
[4.253s] -- Installing: /home/donjoe/MagangBanyubramanta_DanielAdhitthana/install/camera/share/camera/package.dsv
[4.254s] -- Installing: /home/donjoe/MagangBanyubramanta_DanielAdhitthana/install/camera/share/ament_index/resource_index/packages/camera
[4.254s] -- Installing: /home/donjoe/MagangBanyubramanta_DanielAdhitthana/install/camera/share/camera/cmake/export_camera__rosidl_generator_cExport.cmake
[4.255s] -- Installing: /home/donjoe/MagangBanyubramanta_DanielAdhitthana/install/camera/share/camera/cmake/export_camera__rosidl_generator_cExport-noconfig.cmake
[4.255s] -- Installing: /home/donjoe/MagangBanyubramanta_DanielAdhitthana/install/camera/share/camera/cmake/export_camera__rosidl_typesupport_fastrtps_cExport.cmake
[4.255s] -- Installing: /home/donjoe/MagangBanyubramanta_DanielAdhitthana/install/camera/share/camera/cmake/export_camera__rosidl_typesupport_fastrtps_cExport-noconfig.cmake
[4.255s] -- Installing: /home/donjoe/MagangBanyubramanta_DanielAdhitthana/install/camera/share/camera/cmake/export_camera__rosidl_generator_cppExport.cmake
[4.256s] -- Installing: /home/donjoe/MagangBanyubramanta_DanielAdhitthana/install/camera/share/camera/cmake/export_camera__rosidl_typesupport_fastrtps_cppExport.cmake
[4.256s] -- Installing: /home/donjoe/MagangBanyubramanta_DanielAdhitthana/install/camera/share/camera/cmake/export_camera__rosidl_typesupport_fastrtps_cppExport-noconfig.cmake
[4.256s] -- Installing: /home/donjoe/MagangBanyubramanta_DanielAdhitthana/install/camera/share/camera/cmake/camera__rosidl_typesupport_introspection_cExport.cmake
[4.256s] -- Installing: /home/donjoe/MagangBanyubramanta_DanielAdhitthana/install/camera/share/camera/cmake/camera__rosidl_typesupport_introspection_cExport-noconfig.cmake
[4.256s] -- Installing: /home/donjoe/MagangBanyubramanta_DanielAdhitthana/install/camera/share/camera/cmake/camera__rosidl_typesupport_cExport.cmake
[4.257s] -- Installing: /home/donjoe/MagangBanyubramanta_DanielAdhitthana/install/camera/share/camera/cmake/camera__rosidl_typesupport_cExport-noconfig.cmake
[4.257s] -- Installing: /home/donjoe/MagangBanyubramanta_DanielAdhitthana/install/camera/share/camera/cmake/camera__rosidl_typesupport_introspection_cppExport.cmake
[4.257s] -- Installing: /home/donjoe/MagangBanyubramanta_DanielAdhitthana/install/camera/share/camera/cmake/camera__rosidl_typesupport_introspection_cppExport-noconfig.cmake
[4.257s] -- Installing: /home/donjoe/MagangBanyubramanta_DanielAdhitthana/install/camera/share/camera/cmake/camera__rosidl_typesupport_cppExport.cmake
[4.257s] -- Installing: /home/donjoe/MagangBanyubramanta_DanielAdhitthana/install/camera/share/camera/cmake/camera__rosidl_typesupport_cppExport-noconfig.cmake
[4.258s] -- Installing: /home/donjoe/MagangBanyubramanta_DanielAdhitthana/install/camera/share/camera/cmake/export_camera__rosidl_generator_pyExport.cmake
[4.258s] -- Installing: /home/donjoe/MagangBanyubramanta_DanielAdhitthana/install/camera/share/camera/cmake/export_camera__rosidl_generator_pyExport-noconfig.cmake
[4.259s] -- Installing: /home/donjoe/MagangBanyubramanta_DanielAdhitthana/install/camera/share/camera/cmake/rosidl_cmake-extras.cmake
[4.259s] -- Installing: /home/donjoe/MagangBanyubramanta_DanielAdhitthana/install/camera/share/camera/cmake/ament_cmake_export_include_directories-extras.cmake
[4.259s] -- Installing: /home/donjoe/MagangBanyubramanta_DanielAdhitthana/install/camera/share/camera/cmake/ament_cmake_export_libraries-extras.cmake
[4.259s] -- Installing: /home/donjoe/MagangBanyubramanta_DanielAdhitthana/install/camera/share/camera/cmake/ament_cmake_export_targets-extras.cmake
[4.260s] -- Installing: /home/donjoe/MagangBanyubramanta_DanielAdhitthana/install/camera/share/camera/cmake/rosidl_cmake_export_typesupport_targets-extras.cmake
[4.260s] -- Installing: /home/donjoe/MagangBanyubramanta_DanielAdhitthana/install/camera/share/camera/cmake/ament_cmake_export_dependencies-extras.cmake
[4.260s] -- Installing: /home/donjoe/MagangBanyubramanta_DanielAdhitthana/install/camera/share/camera/cmake/rosidl_cmake_export_typesupport_libraries-extras.cmake
[4.260s] -- Installing: /home/donjoe/MagangBanyubramanta_DanielAdhitthana/install/camera/share/camera/cmake/cameraConfig.cmake
[4.261s] -- Installing: /home/donjoe/MagangBanyubramanta_DanielAdhitthana/install/camera/share/camera/cmake/cameraConfig-version.cmake
[4.261s] -- Installing: /home/donjoe/MagangBanyubramanta_DanielAdhitthana/install/camera/share/camera/package.xml
[4.264s] Invoked command in '/home/donjoe/MagangBanyubramanta_DanielAdhitthana/build/camera' returned '0': CMAKE_PREFIX_PATH=/opt/ros/humble /usr/bin/cmake --install /home/donjoe/MagangBanyubramanta_DanielAdhitthana/build/camera
