[0.238s] Invoking command in '/home/donjoe/Documents/MagangBanyubramanta_DanielAdhitthana/build/controller': CMAKE_PREFIX_PATH=${CMAKE_PREFIX_PATH}:/opt/ros/humble /usr/bin/cmake --build /home/donjoe/Documents/MagangBanyubramanta_DanielAdhitthana/build/controller -- -j4 -l4
[0.323s] -- Found ament_cmake: 1.3.7 (/opt/ros/humble/share/ament_cmake/cmake)
[1.178s] -- Found rclcpp: 16.0.8 (/opt/ros/humble/share/rclcpp/cmake)
[1.326s] -- Found rosidl_generator_c: 3.1.5 (/opt/ros/humble/share/rosidl_generator_c/cmake)
[1.335s] -- Found rosidl_adapter: 3.1.5 (/opt/ros/humble/share/rosidl_adapter/cmake)
[1.356s] -- Found rosidl_generator_cpp: 3.1.5 (/opt/ros/humble/share/rosidl_generator_cpp/cmake)
[1.392s] -- Using all available rosidl_typesupport_c: rosidl_typesupport_fastrtps_c;rosidl_typesupport_introspection_c
[1.448s] -- Using all available rosidl_typesupport_cpp: rosidl_typesupport_fastrtps_cpp;rosidl_typesupport_introspection_cpp
[1.656s] -- Found rmw_implementation_cmake: 6.1.1 (/opt/ros/humble/share/rmw_implementation_cmake/cmake)
[1.659s] -- Found rmw_fastrtps_cpp: 6.2.6 (/opt/ros/humble/share/rmw_fastrtps_cpp/cmake)
[2.077s] -- Using RMW implementation 'rmw_fastrtps_cpp' as default
[2.615s] -- Found sensor_msgs: 4.2.3 (/opt/ros/humble/share/sensor_msgs/cmake)
[2.975s] [31mCMake Error at CMakeLists.txt:12 (find_package):
[2.975s]   By not providing "Findinterfaces.cmake" in CMAKE_MODULE_PATH this project
[2.975s]   has asked CMake to find a package configuration file provided by
[2.975s]   "interfaces", but CMake did not find one.
[2.975s] 
[2.976s]   Could not find a package configuration file provided by "interfaces" with
[2.976s]   any of the following names:
[2.976s] 
[2.976s]     interfacesConfig.cmake
[2.976s]     interfaces-config.cmake
[2.977s] 
[2.977s]   Add the installation prefix of "interfaces" to CMAKE_PREFIX_PATH or set
[2.977s]   "interfaces_DIR" to a directory containing one of the above files.  If
[2.977s]   "interfaces" provides a separate development package or SDK, be sure it has
[2.977s]   been installed.
[2.977s] 
[2.977s] [0m
[2.978s] -- Configuring incomplete, errors occurred!
[2.978s] See also "/home/donjoe/Documents/MagangBanyubramanta_DanielAdhitthana/build/controller/CMakeFiles/CMakeOutput.log".
[2.987s] gmake: *** [Makefile:788: cmake_check_build_system] Error 1
