-- The C compiler identification is GNU 11.4.0
-- The CXX compiler identification is GNU 11.4.0
-- Detecting C compiler ABI info
-- Detecting C compiler ABI info - done
-- Check for working C compiler: /usr/bin/cc - skipped
-- Detecting C compile features
-- Detecting C compile features - done
-- Detecting CXX compiler ABI info
-- Detecting CXX compiler ABI info - done
-- Check for working CXX compiler: /usr/bin/c++ - skipped
-- Detecting CXX compile features
-- Detecting CXX compile features - done
-- Found ament_cmake: 1.3.6 (/opt/ros/humble/share/ament_cmake/cmake)
-- Found Python3: /usr/bin/python3.10 (found version "3.10.12") found components: Interpreter 
-- Found rosidl_default_generators: 1.2.0 (/opt/ros/humble/share/rosidl_default_generators/cmake)
-- Using all available rosidl_typesupport_c: rosidl_typesupport_fastrtps_c;rosidl_typesupport_introspection_c
-- Found rosidl_adapter: 3.1.5 (/opt/ros/humble/share/rosidl_adapter/cmake)
-- Using all available rosidl_typesupport_cpp: rosidl_typesupport_fastrtps_cpp;rosidl_typesupport_introspection_cpp
-- Found rclcpp: 16.0.7 (/opt/ros/humble/share/rclcpp/cmake)
-- Found rmw_implementation_cmake: 6.1.1 (/opt/ros/humble/share/rmw_implementation_cmake/cmake)
-- Found rmw_fastrtps_cpp: 6.2.5 (/opt/ros/humble/share/rmw_fastrtps_cpp/cmake)
-- Found OpenSSL: /usr/lib/x86_64-linux-gnu/libcrypto.so (found version "3.0.2")  
-- Found FastRTPS: /opt/ros/humble/include  
-- Using RMW implementation 'rmw_fastrtps_cpp' as default
-- Looking for pthread.h
-- Looking for pthread.h - found
-- Performing Test CMAKE_HAVE_LIBC_PTHREAD
-- Performing Test CMAKE_HAVE_LIBC_PTHREAD - Success
-- Found Threads: TRUE  
-- Found sensor_msgs: 4.2.3 (/opt/ros/humble/share/sensor_msgs/cmake)
-- Found ament_cmake_ros: 0.10.0 (/opt/ros/humble/share/ament_cmake_ros/cmake)
-- Using all available rosidl_typesupport_c: rosidl_typesupport_fastrtps_c;rosidl_typesupport_introspection_c
-- Using all available rosidl_typesupport_cpp: rosidl_typesupport_fastrtps_cpp;rosidl_typesupport_introspection_cpp
-- Found PythonInterp: /usr/bin/python3 (found suitable version "3.10.12", minimum required is "3.6") 
-- Found python_cmake_module: 0.10.0 (/opt/ros/humble/share/python_cmake_module/cmake)
-- Found PythonLibs: /usr/lib/x86_64-linux-gnu/libpython3.10.so (found suitable version "3.10.12", minimum required is "3.5") 
-- Using PYTHON_EXECUTABLE: /usr/bin/python3
-- Using PYTHON_INCLUDE_DIRS: /usr/include/python3.10
-- Using PYTHON_LIBRARIES: /usr/lib/x86_64-linux-gnu/libpython3.10.so
-- Found PythonExtra: .so  
-- Found ament_lint_auto: 0.12.9 (/opt/ros/humble/share/ament_lint_auto/cmake)
-- Added test 'cppcheck' to perform static code analysis on C / C++ code
-- Configured cppcheck include dirs: 
-- Configured cppcheck exclude dirs and/or files: 
-- Added test 'lint_cmake' to check CMake code style
-- Added test 'uncrustify' to check C / C++ code style
-- Configured uncrustify additional arguments: 
-- Added test 'xmllint' to check XML markup files
-- Configuring done
-- Generating done
-- Build files have been written to: /home/donjoe/MagangBanyubramanta_DanielAdhitthana/build/controller
[  3%] [34m[1mGenerating C code for ROS interfaces[0m
[  6%] [34m[1mGenerating C++ code for ROS interfaces[0m
[  6%] Built target ament_cmake_python_copy_controller
running egg_info
creating controller.egg-info
writing controller.egg-info/PKG-INFO
writing dependency_links to controller.egg-info/dependency_links.txt
writing top-level names to controller.egg-info/top_level.txt
writing manifest file 'controller.egg-info/SOURCES.txt'
reading manifest file 'controller.egg-info/SOURCES.txt'
writing manifest file 'controller.egg-info/SOURCES.txt'
[  6%] Built target ament_cmake_python_build_controller_egg
[  6%] Built target controller__cpp
[  9%] [34m[1mGenerating C++ type support for eProsima Fast-RTPS[0m
[ 12%] [34m[1mGenerating C++ type support dispatch for ROS interfaces[0m
[ 15%] [34m[1mGenerating C++ introspection for ROS interfaces[0m
[ 18%] [32mBuilding C object CMakeFiles/controller__rosidl_generator_c.dir/rosidl_generator_c/controller/msg/detail/motion__functions.c.o[0m
[ 21%] [32m[1mLinking C shared library libcontroller__rosidl_generator_c.so[0m
[ 21%] Built target controller__rosidl_generator_c
[ 24%] [34m[1mGenerating C type support for eProsima Fast-RTPS[0m
[ 27%] [32mBuilding CXX object CMakeFiles/controller__rosidl_typesupport_cpp.dir/rosidl_typesupport_cpp/controller/msg/motion__type_support.cpp.o[0m
[ 30%] [32mBuilding CXX object CMakeFiles/controller__rosidl_typesupport_fastrtps_cpp.dir/rosidl_typesupport_fastrtps_cpp/controller/msg/detail/dds_fastrtps/motion__type_support.cpp.o[0m
[ 33%] [32mBuilding CXX object CMakeFiles/controller__rosidl_typesupport_introspection_cpp.dir/rosidl_typesupport_introspection_cpp/controller/msg/detail/motion__type_support.cpp.o[0m
[ 36%] [32m[1mLinking CXX shared library libcontroller__rosidl_typesupport_cpp.so[0m
[ 39%] [32mBuilding CXX object CMakeFiles/controller__rosidl_typesupport_fastrtps_c.dir/rosidl_typesupport_fastrtps_c/controller/msg/detail/motion__type_support_c.cpp.o[0m
[ 39%] Built target controller__rosidl_typesupport_cpp
[ 42%] [34m[1mGenerating C introspection for ROS interfaces[0m
[ 45%] [32m[1mLinking CXX shared library libcontroller__rosidl_typesupport_fastrtps_cpp.so[0m
[ 48%] [32m[1mLinking CXX shared library libcontroller__rosidl_typesupport_introspection_cpp.so[0m
[ 51%] [32m[1mLinking CXX shared library libcontroller__rosidl_typesupport_fastrtps_c.so[0m
[ 51%] Built target controller__rosidl_typesupport_introspection_cpp
[ 51%] Built target controller__rosidl_typesupport_fastrtps_cpp
[ 54%] [34m[1mGenerating C type support dispatch for ROS interfaces[0m
[ 57%] [32mBuilding CXX object CMakeFiles/ctrl.dir/src/controller.cpp.o[0m
[ 57%] Built target controller__rosidl_typesupport_fastrtps_c
[ 60%] [32mBuilding C object CMakeFiles/controller__rosidl_typesupport_introspection_c.dir/rosidl_typesupport_introspection_c/controller/msg/detail/motion__type_support.c.o[0m
[ 63%] [32m[1mLinking C shared library libcontroller__rosidl_typesupport_introspection_c.so[0m
[ 63%] Built target controller__rosidl_typesupport_introspection_c
[ 66%] [32mBuilding CXX object CMakeFiles/controller__rosidl_typesupport_c.dir/rosidl_typesupport_c/controller/msg/motion__type_support.cpp.o[0m
[ 69%] [32m[1mLinking CXX shared library libcontroller__rosidl_typesupport_c.so[0m
[ 69%] Built target controller__rosidl_typesupport_c
[ 69%] Built target controller
[ 72%] [34m[1mGenerating Python code for ROS interfaces[0m
[ 72%] Built target controller__py
[ 75%] [32mBuilding C object CMakeFiles/controller__rosidl_generator_py.dir/rosidl_generator_py/controller/msg/_motion_s.c.o[0m
[ 78%] [32m[1mLinking C shared library rosidl_generator_py/controller/libcontroller__rosidl_generator_py.so[0m
[ 78%] Built target controller__rosidl_generator_py
[ 81%] [32mBuilding C object CMakeFiles/controller__rosidl_typesupport_fastrtps_c__pyext.dir/rosidl_generator_py/controller/_controller_s.ep.rosidl_typesupport_fastrtps_c.c.o[0m
[ 84%] [32mBuilding C object CMakeFiles/controller__rosidl_typesupport_introspection_c__pyext.dir/rosidl_generator_py/controller/_controller_s.ep.rosidl_typesupport_introspection_c.c.o[0m
[ 87%] [32mBuilding C object CMakeFiles/controller__rosidl_typesupport_c__pyext.dir/rosidl_generator_py/controller/_controller_s.ep.rosidl_typesupport_c.c.o[0m
[ 90%] [32m[1mLinking C shared library rosidl_generator_py/controller/controller_s__rosidl_typesupport_introspection_c.cpython-310-x86_64-linux-gnu.so[0m
[ 93%] [32m[1mLinking C shared library rosidl_generator_py/controller/controller_s__rosidl_typesupport_fastrtps_c.cpython-310-x86_64-linux-gnu.so[0m
[ 96%] [32m[1mLinking C shared library rosidl_generator_py/controller/controller_s__rosidl_typesupport_c.cpython-310-x86_64-linux-gnu.so[0m
[ 96%] Built target controller__rosidl_typesupport_introspection_c__pyext
[ 96%] Built target controller__rosidl_typesupport_c__pyext
[ 96%] Built target controller__rosidl_typesupport_fastrtps_c__pyext
[01m[K/home/donjoe/MagangBanyubramanta_DanielAdhitthana/src/controller/src/controller.cpp:[m[K In member function ‘[01m[Kvoid Controller::topic_callback(const Joy&) const[m[K’:
[01m[K/home/donjoe/MagangBanyubramanta_DanielAdhitthana/src/controller/src/controller.cpp:50:54:[m[K [01;35m[Kwarning: [m[Kunused parameter ‘[01m[Kmsg[m[K’ [[01;35m[K]8;;https://gcc.gnu.org/onlinedocs/gcc/Warning-Options.html#index-Wunused-parameter-Wunused-parameter]8;;[m[K]
   50 |     void topic_callback([01;35m[Kconst sensor_msgs::msg::Joy &msg[m[K) const
      |                         [01;35m[K~~~~~~~~~~~~~~~~~~~~~~~~~~~~~^~~[m[K
[100%] [32m[1mLinking CXX executable ctrl[0m
[100%] Built target ctrl
-- Install configuration: ""
-- Installing: /home/donjoe/MagangBanyubramanta_DanielAdhitthana/install/controller/share/ament_index/resource_index/rosidl_interfaces/controller
-- Installing: /home/donjoe/MagangBanyubramanta_DanielAdhitthana/install/controller/include/controller/controller
-- Installing: /home/donjoe/MagangBanyubramanta_DanielAdhitthana/install/controller/include/controller/controller/msg
-- Installing: /home/donjoe/MagangBanyubramanta_DanielAdhitthana/install/controller/include/controller/controller/msg/motion.h
-- Installing: /home/donjoe/MagangBanyubramanta_DanielAdhitthana/install/controller/include/controller/controller/msg/detail
-- Installing: /home/donjoe/MagangBanyubramanta_DanielAdhitthana/install/controller/include/controller/controller/msg/detail/motion__struct.h
-- Installing: /home/donjoe/MagangBanyubramanta_DanielAdhitthana/install/controller/include/controller/controller/msg/detail/motion__type_support.h
-- Installing: /home/donjoe/MagangBanyubramanta_DanielAdhitthana/install/controller/include/controller/controller/msg/detail/motion__functions.h
-- Installing: /home/donjoe/MagangBanyubramanta_DanielAdhitthana/install/controller/include/controller/controller/msg/detail/motion__functions.c
-- Installing: /home/donjoe/MagangBanyubramanta_DanielAdhitthana/install/controller/include/controller/controller/msg/rosidl_generator_c__visibility_control.h
-- Installing: /home/donjoe/MagangBanyubramanta_DanielAdhitthana/install/controller/share/controller/environment/library_path.sh
-- Installing: /home/donjoe/MagangBanyubramanta_DanielAdhitthana/install/controller/share/controller/environment/library_path.dsv
-- Installing: /home/donjoe/MagangBanyubramanta_DanielAdhitthana/install/controller/lib/libcontroller__rosidl_generator_c.so
-- Set runtime path of "/home/donjoe/MagangBanyubramanta_DanielAdhitthana/install/controller/lib/libcontroller__rosidl_generator_c.so" to ""
-- Up-to-date: /home/donjoe/MagangBanyubramanta_DanielAdhitthana/install/controller/include/controller/controller
-- Up-to-date: /home/donjoe/MagangBanyubramanta_DanielAdhitthana/install/controller/include/controller/controller/msg
-- Installing: /home/donjoe/MagangBanyubramanta_DanielAdhitthana/install/controller/include/controller/controller/msg/rosidl_typesupport_fastrtps_c__visibility_control.h
-- Up-to-date: /home/donjoe/MagangBanyubramanta_DanielAdhitthana/install/controller/include/controller/controller/msg/detail
-- Installing: /home/donjoe/MagangBanyubramanta_DanielAdhitthana/install/controller/include/controller/controller/msg/detail/motion__rosidl_typesupport_fastrtps_c.h
-- Installing: /home/donjoe/MagangBanyubramanta_DanielAdhitthana/install/controller/lib/libcontroller__rosidl_typesupport_fastrtps_c.so
-- Set runtime path of "/home/donjoe/MagangBanyubramanta_DanielAdhitthana/install/controller/lib/libcontroller__rosidl_typesupport_fastrtps_c.so" to ""
-- Up-to-date: /home/donjoe/MagangBanyubramanta_DanielAdhitthana/install/controller/include/controller/controller
-- Up-to-date: /home/donjoe/MagangBanyubramanta_DanielAdhitthana/install/controller/include/controller/controller/msg
-- Installing: /home/donjoe/MagangBanyubramanta_DanielAdhitthana/install/controller/include/controller/controller/msg/rosidl_typesupport_introspection_c__visibility_control.h
-- Up-to-date: /home/donjoe/MagangBanyubramanta_DanielAdhitthana/install/controller/include/controller/controller/msg/detail
-- Installing: /home/donjoe/MagangBanyubramanta_DanielAdhitthana/install/controller/include/controller/controller/msg/detail/motion__type_support.c
-- Installing: /home/donjoe/MagangBanyubramanta_DanielAdhitthana/install/controller/include/controller/controller/msg/detail/motion__rosidl_typesupport_introspection_c.h
-- Installing: /home/donjoe/MagangBanyubramanta_DanielAdhitthana/install/controller/lib/libcontroller__rosidl_typesupport_introspection_c.so
-- Set runtime path of "/home/donjoe/MagangBanyubramanta_DanielAdhitthana/install/controller/lib/libcontroller__rosidl_typesupport_introspection_c.so" to ""
-- Installing: /home/donjoe/MagangBanyubramanta_DanielAdhitthana/install/controller/lib/libcontroller__rosidl_typesupport_c.so
-- Set runtime path of "/home/donjoe/MagangBanyubramanta_DanielAdhitthana/install/controller/lib/libcontroller__rosidl_typesupport_c.so" to ""
-- Up-to-date: /home/donjoe/MagangBanyubramanta_DanielAdhitthana/install/controller/include/controller/controller
-- Up-to-date: /home/donjoe/MagangBanyubramanta_DanielAdhitthana/install/controller/include/controller/controller/msg
-- Installing: /home/donjoe/MagangBanyubramanta_DanielAdhitthana/install/controller/include/controller/controller/msg/motion.hpp
-- Up-to-date: /home/donjoe/MagangBanyubramanta_DanielAdhitthana/install/controller/include/controller/controller/msg/detail
-- Installing: /home/donjoe/MagangBanyubramanta_DanielAdhitthana/install/controller/include/controller/controller/msg/detail/motion__builder.hpp
-- Installing: /home/donjoe/MagangBanyubramanta_DanielAdhitthana/install/controller/include/controller/controller/msg/detail/motion__struct.hpp
-- Installing: /home/donjoe/MagangBanyubramanta_DanielAdhitthana/install/controller/include/controller/controller/msg/detail/motion__traits.hpp
-- Up-to-date: /home/donjoe/MagangBanyubramanta_DanielAdhitthana/install/controller/include/controller/controller
-- Up-to-date: /home/donjoe/MagangBanyubramanta_DanielAdhitthana/install/controller/include/controller/controller/msg
-- Installing: /home/donjoe/MagangBanyubramanta_DanielAdhitthana/install/controller/include/controller/controller/msg/rosidl_typesupport_fastrtps_cpp__visibility_control.h
-- Up-to-date: /home/donjoe/MagangBanyubramanta_DanielAdhitthana/install/controller/include/controller/controller/msg/detail
-- Installing: /home/donjoe/MagangBanyubramanta_DanielAdhitthana/install/controller/include/controller/controller/msg/detail/motion__rosidl_typesupport_fastrtps_cpp.hpp
-- Installing: /home/donjoe/MagangBanyubramanta_DanielAdhitthana/install/controller/include/controller/controller/msg/detail/dds_fastrtps
-- Installing: /home/donjoe/MagangBanyubramanta_DanielAdhitthana/install/controller/lib/libcontroller__rosidl_typesupport_fastrtps_cpp.so
-- Set runtime path of "/home/donjoe/MagangBanyubramanta_DanielAdhitthana/install/controller/lib/libcontroller__rosidl_typesupport_fastrtps_cpp.so" to ""
-- Up-to-date: /home/donjoe/MagangBanyubramanta_DanielAdhitthana/install/controller/include/controller/controller
-- Up-to-date: /home/donjoe/MagangBanyubramanta_DanielAdhitthana/install/controller/include/controller/controller/msg
-- Up-to-date: /home/donjoe/MagangBanyubramanta_DanielAdhitthana/install/controller/include/controller/controller/msg/detail
-- Installing: /home/donjoe/MagangBanyubramanta_DanielAdhitthana/install/controller/include/controller/controller/msg/detail/motion__type_support.cpp
-- Installing: /home/donjoe/MagangBanyubramanta_DanielAdhitthana/install/controller/include/controller/controller/msg/detail/motion__rosidl_typesupport_introspection_cpp.hpp
-- Installing: /home/donjoe/MagangBanyubramanta_DanielAdhitthana/install/controller/lib/libcontroller__rosidl_typesupport_introspection_cpp.so
-- Set runtime path of "/home/donjoe/MagangBanyubramanta_DanielAdhitthana/install/controller/lib/libcontroller__rosidl_typesupport_introspection_cpp.so" to ""
-- Installing: /home/donjoe/MagangBanyubramanta_DanielAdhitthana/install/controller/lib/libcontroller__rosidl_typesupport_cpp.so
-- Set runtime path of "/home/donjoe/MagangBanyubramanta_DanielAdhitthana/install/controller/lib/libcontroller__rosidl_typesupport_cpp.so" to ""
-- Installing: /home/donjoe/MagangBanyubramanta_DanielAdhitthana/install/controller/share/controller/environment/pythonpath.sh
-- Installing: /home/donjoe/MagangBanyubramanta_DanielAdhitthana/install/controller/share/controller/environment/pythonpath.dsv
-- Installing: /home/donjoe/MagangBanyubramanta_DanielAdhitthana/install/controller/local/lib/python3.10/dist-packages/controller-0.0.0-py3.10.egg-info
-- Installing: /home/donjoe/MagangBanyubramanta_DanielAdhitthana/install/controller/local/lib/python3.10/dist-packages/controller-0.0.0-py3.10.egg-info/top_level.txt
-- Installing: /home/donjoe/MagangBanyubramanta_DanielAdhitthana/install/controller/local/lib/python3.10/dist-packages/controller-0.0.0-py3.10.egg-info/PKG-INFO
-- Installing: /home/donjoe/MagangBanyubramanta_DanielAdhitthana/install/controller/local/lib/python3.10/dist-packages/controller-0.0.0-py3.10.egg-info/SOURCES.txt
-- Installing: /home/donjoe/MagangBanyubramanta_DanielAdhitthana/install/controller/local/lib/python3.10/dist-packages/controller-0.0.0-py3.10.egg-info/dependency_links.txt
-- Installing: /home/donjoe/MagangBanyubramanta_DanielAdhitthana/install/controller/local/lib/python3.10/dist-packages/controller
-- Installing: /home/donjoe/MagangBanyubramanta_DanielAdhitthana/install/controller/local/lib/python3.10/dist-packages/controller/msg
-- Installing: /home/donjoe/MagangBanyubramanta_DanielAdhitthana/install/controller/local/lib/python3.10/dist-packages/controller/msg/_motion.py
-- Installing: /home/donjoe/MagangBanyubramanta_DanielAdhitthana/install/controller/local/lib/python3.10/dist-packages/controller/msg/_motion_s.c
-- Installing: /home/donjoe/MagangBanyubramanta_DanielAdhitthana/install/controller/local/lib/python3.10/dist-packages/controller/msg/__init__.py
-- Installing: /home/donjoe/MagangBanyubramanta_DanielAdhitthana/install/controller/local/lib/python3.10/dist-packages/controller/_controller_s.ep.rosidl_typesupport_introspection_c.c
-- Installing: /home/donjoe/MagangBanyubramanta_DanielAdhitthana/install/controller/local/lib/python3.10/dist-packages/controller/libcontroller__rosidl_generator_py.so
-- Installing: /home/donjoe/MagangBanyubramanta_DanielAdhitthana/install/controller/local/lib/python3.10/dist-packages/controller/controller_s__rosidl_typesupport_fastrtps_c.cpython-310-x86_64-linux-gnu.so
-- Installing: /home/donjoe/MagangBanyubramanta_DanielAdhitthana/install/controller/local/lib/python3.10/dist-packages/controller/_controller_s.ep.rosidl_typesupport_fastrtps_c.c
-- Installing: /home/donjoe/MagangBanyubramanta_DanielAdhitthana/install/controller/local/lib/python3.10/dist-packages/controller/controller_s__rosidl_typesupport_introspection_c.cpython-310-x86_64-linux-gnu.so
-- Installing: /home/donjoe/MagangBanyubramanta_DanielAdhitthana/install/controller/local/lib/python3.10/dist-packages/controller/_controller_s.ep.rosidl_typesupport_c.c
-- Installing: /home/donjoe/MagangBanyubramanta_DanielAdhitthana/install/controller/local/lib/python3.10/dist-packages/controller/controller_s__rosidl_typesupport_c.cpython-310-x86_64-linux-gnu.so
-- Installing: /home/donjoe/MagangBanyubramanta_DanielAdhitthana/install/controller/local/lib/python3.10/dist-packages/controller/__init__.py
Listing '/home/donjoe/MagangBanyubramanta_DanielAdhitthana/install/controller/local/lib/python3.10/dist-packages/controller'...
Compiling '/home/donjoe/MagangBanyubramanta_DanielAdhitthana/install/controller/local/lib/python3.10/dist-packages/controller/__init__.py'...
Listing '/home/donjoe/MagangBanyubramanta_DanielAdhitthana/install/controller/local/lib/python3.10/dist-packages/controller/msg'...
Compiling '/home/donjoe/MagangBanyubramanta_DanielAdhitthana/install/controller/local/lib/python3.10/dist-packages/controller/msg/__init__.py'...
Compiling '/home/donjoe/MagangBanyubramanta_DanielAdhitthana/install/controller/local/lib/python3.10/dist-packages/controller/msg/_motion.py'...
-- Installing: /home/donjoe/MagangBanyubramanta_DanielAdhitthana/install/controller/local/lib/python3.10/dist-packages/controller/controller_s__rosidl_typesupport_fastrtps_c.cpython-310-x86_64-linux-gnu.so
-- Set runtime path of "/home/donjoe/MagangBanyubramanta_DanielAdhitthana/install/controller/local/lib/python3.10/dist-packages/controller/controller_s__rosidl_typesupport_fastrtps_c.cpython-310-x86_64-linux-gnu.so" to ""
-- Installing: /home/donjoe/MagangBanyubramanta_DanielAdhitthana/install/controller/local/lib/python3.10/dist-packages/controller/controller_s__rosidl_typesupport_introspection_c.cpython-310-x86_64-linux-gnu.so
-- Set runtime path of "/home/donjoe/MagangBanyubramanta_DanielAdhitthana/install/controller/local/lib/python3.10/dist-packages/controller/controller_s__rosidl_typesupport_introspection_c.cpython-310-x86_64-linux-gnu.so" to ""
-- Installing: /home/donjoe/MagangBanyubramanta_DanielAdhitthana/install/controller/local/lib/python3.10/dist-packages/controller/controller_s__rosidl_typesupport_c.cpython-310-x86_64-linux-gnu.so
-- Set runtime path of "/home/donjoe/MagangBanyubramanta_DanielAdhitthana/install/controller/local/lib/python3.10/dist-packages/controller/controller_s__rosidl_typesupport_c.cpython-310-x86_64-linux-gnu.so" to ""
-- Installing: /home/donjoe/MagangBanyubramanta_DanielAdhitthana/install/controller/lib/libcontroller__rosidl_generator_py.so
-- Set runtime path of "/home/donjoe/MagangBanyubramanta_DanielAdhitthana/install/controller/lib/libcontroller__rosidl_generator_py.so" to ""
-- Installing: /home/donjoe/MagangBanyubramanta_DanielAdhitthana/install/controller/share/controller/msg/Motion.idl
-- Installing: /home/donjoe/MagangBanyubramanta_DanielAdhitthana/install/controller/share/controller/msg/Motion.msg
-- Installing: /home/donjoe/MagangBanyubramanta_DanielAdhitthana/install/controller/lib/controller/ctrl
-- Set runtime path of "/home/donjoe/MagangBanyubramanta_DanielAdhitthana/install/controller/lib/controller/ctrl" to ""
-- Installing: /home/donjoe/MagangBanyubramanta_DanielAdhitthana/install/controller/share/ament_index/resource_index/package_run_dependencies/controller
-- Installing: /home/donjoe/MagangBanyubramanta_DanielAdhitthana/install/controller/share/ament_index/resource_index/parent_prefix_path/controller
-- Installing: /home/donjoe/MagangBanyubramanta_DanielAdhitthana/install/controller/share/controller/environment/ament_prefix_path.sh
-- Installing: /home/donjoe/MagangBanyubramanta_DanielAdhitthana/install/controller/share/controller/environment/ament_prefix_path.dsv
-- Installing: /home/donjoe/MagangBanyubramanta_DanielAdhitthana/install/controller/share/controller/environment/path.sh
-- Installing: /home/donjoe/MagangBanyubramanta_DanielAdhitthana/install/controller/share/controller/environment/path.dsv
-- Installing: /home/donjoe/MagangBanyubramanta_DanielAdhitthana/install/controller/share/controller/local_setup.bash
-- Installing: /home/donjoe/MagangBanyubramanta_DanielAdhitthana/install/controller/share/controller/local_setup.sh
-- Installing: /home/donjoe/MagangBanyubramanta_DanielAdhitthana/install/controller/share/controller/local_setup.zsh
-- Installing: /home/donjoe/MagangBanyubramanta_DanielAdhitthana/install/controller/share/controller/local_setup.dsv
-- Installing: /home/donjoe/MagangBanyubramanta_DanielAdhitthana/install/controller/share/controller/package.dsv
-- Installing: /home/donjoe/MagangBanyubramanta_DanielAdhitthana/install/controller/share/ament_index/resource_index/packages/controller
-- Installing: /home/donjoe/MagangBanyubramanta_DanielAdhitthana/install/controller/share/controller/cmake/export_controller__rosidl_generator_cExport.cmake
-- Installing: /home/donjoe/MagangBanyubramanta_DanielAdhitthana/install/controller/share/controller/cmake/export_controller__rosidl_generator_cExport-noconfig.cmake
-- Installing: /home/donjoe/MagangBanyubramanta_DanielAdhitthana/install/controller/share/controller/cmake/export_controller__rosidl_typesupport_fastrtps_cExport.cmake
-- Installing: /home/donjoe/MagangBanyubramanta_DanielAdhitthana/install/controller/share/controller/cmake/export_controller__rosidl_typesupport_fastrtps_cExport-noconfig.cmake
-- Installing: /home/donjoe/MagangBanyubramanta_DanielAdhitthana/install/controller/share/controller/cmake/controller__rosidl_typesupport_introspection_cExport.cmake
-- Installing: /home/donjoe/MagangBanyubramanta_DanielAdhitthana/install/controller/share/controller/cmake/controller__rosidl_typesupport_introspection_cExport-noconfig.cmake
-- Installing: /home/donjoe/MagangBanyubramanta_DanielAdhitthana/install/controller/share/controller/cmake/controller__rosidl_typesupport_cExport.cmake
-- Installing: /home/donjoe/MagangBanyubramanta_DanielAdhitthana/install/controller/share/controller/cmake/controller__rosidl_typesupport_cExport-noconfig.cmake
-- Installing: /home/donjoe/MagangBanyubramanta_DanielAdhitthana/install/controller/share/controller/cmake/export_controller__rosidl_generator_cppExport.cmake
-- Installing: /home/donjoe/MagangBanyubramanta_DanielAdhitthana/install/controller/share/controller/cmake/export_controller__rosidl_typesupport_fastrtps_cppExport.cmake
-- Installing: /home/donjoe/MagangBanyubramanta_DanielAdhitthana/install/controller/share/controller/cmake/export_controller__rosidl_typesupport_fastrtps_cppExport-noconfig.cmake
-- Installing: /home/donjoe/MagangBanyubramanta_DanielAdhitthana/install/controller/share/controller/cmake/controller__rosidl_typesupport_introspection_cppExport.cmake
-- Installing: /home/donjoe/MagangBanyubramanta_DanielAdhitthana/install/controller/share/controller/cmake/controller__rosidl_typesupport_introspection_cppExport-noconfig.cmake
-- Installing: /home/donjoe/MagangBanyubramanta_DanielAdhitthana/install/controller/share/controller/cmake/controller__rosidl_typesupport_cppExport.cmake
-- Installing: /home/donjoe/MagangBanyubramanta_DanielAdhitthana/install/controller/share/controller/cmake/controller__rosidl_typesupport_cppExport-noconfig.cmake
-- Installing: /home/donjoe/MagangBanyubramanta_DanielAdhitthana/install/controller/share/controller/cmake/export_controller__rosidl_generator_pyExport.cmake
-- Installing: /home/donjoe/MagangBanyubramanta_DanielAdhitthana/install/controller/share/controller/cmake/export_controller__rosidl_generator_pyExport-noconfig.cmake
-- Installing: /home/donjoe/MagangBanyubramanta_DanielAdhitthana/install/controller/share/controller/cmake/rosidl_cmake-extras.cmake
-- Installing: /home/donjoe/MagangBanyubramanta_DanielAdhitthana/install/controller/share/controller/cmake/ament_cmake_export_include_directories-extras.cmake
-- Installing: /home/donjoe/MagangBanyubramanta_DanielAdhitthana/install/controller/share/controller/cmake/ament_cmake_export_libraries-extras.cmake
-- Installing: /home/donjoe/MagangBanyubramanta_DanielAdhitthana/install/controller/share/controller/cmake/ament_cmake_export_targets-extras.cmake
-- Installing: /home/donjoe/MagangBanyubramanta_DanielAdhitthana/install/controller/share/controller/cmake/rosidl_cmake_export_typesupport_targets-extras.cmake
-- Installing: /home/donjoe/MagangBanyubramanta_DanielAdhitthana/install/controller/share/controller/cmake/ament_cmake_export_dependencies-extras.cmake
-- Installing: /home/donjoe/MagangBanyubramanta_DanielAdhitthana/install/controller/share/controller/cmake/rosidl_cmake_export_typesupport_libraries-extras.cmake
-- Installing: /home/donjoe/MagangBanyubramanta_DanielAdhitthana/install/controller/share/controller/cmake/controllerConfig.cmake
-- Installing: /home/donjoe/MagangBanyubramanta_DanielAdhitthana/install/controller/share/controller/cmake/controllerConfig-version.cmake
-- Installing: /home/donjoe/MagangBanyubramanta_DanielAdhitthana/install/controller/share/controller/package.xml
