[0.057s] Invoking command in '/home/donjoe/MagangBanyubramanta_DanielAdhitthana/build/controller': CMAKE_PREFIX_PATH=${CMAKE_PREFIX_PATH}:/opt/ros/humble /usr/bin/cmake /home/donjoe/MagangBanyubramanta_DanielAdhitthana/src/controller -DCMAKE_INSTALL_PREFIX=/home/donjoe/MagangBanyubramanta_DanielAdhitthana/install/controller
[0.389s] -- The C compiler identification is GNU 11.4.0
[0.883s] -- The CXX compiler identification is GNU 11.4.0
[1.270s] -- Detecting C compiler ABI info
[1.417s] -- Detecting C compiler ABI info - done
[1.423s] -- Check for working C compiler: /usr/bin/cc - skipped
[1.424s] -- Detecting C compile features
[1.425s] -- Detecting C compile features - done
[1.428s] -- Detecting CXX compiler ABI info
[1.628s] -- Detecting CXX compiler ABI info - done
[1.628s] -- Check for working CXX compiler: /usr/bin/c++ - skipped
[1.628s] -- Detecting CXX compile features
[1.628s] -- Detecting CXX compile features - done
[1.643s] -- Found ament_cmake: 1.3.6 (/opt/ros/humble/share/ament_cmake/cmake)
[1.923s] -- Found Python3: /usr/bin/python3.10 (found version "3.10.12") found components: Interpreter 
[2.019s] -- Found rosidl_default_generators: 1.2.0 (/opt/ros/humble/share/rosidl_default_generators/cmake)
[2.024s] -- Using all available rosidl_typesupport_c: rosidl_typesupport_fastrtps_c;rosidl_typesupport_introspection_c
[2.031s] -- Found rosidl_adapter: 3.1.5 (/opt/ros/humble/share/rosidl_adapter/cmake)
[2.208s] -- Using all available rosidl_typesupport_cpp: rosidl_typesupport_fastrtps_cpp;rosidl_typesupport_introspection_cpp
[2.249s] -- Found rclcpp: 16.0.7 (/opt/ros/humble/share/rclcpp/cmake)
[2.333s] -- Found rmw_implementation_cmake: 6.1.1 (/opt/ros/humble/share/rmw_implementation_cmake/cmake)
[2.335s] -- Found rmw_fastrtps_cpp: 6.2.5 (/opt/ros/humble/share/rmw_fastrtps_cpp/cmake)
[3.648s] -- Found OpenSSL: /usr/lib/x86_64-linux-gnu/libcrypto.so (found version "3.0.2")  
[4.995s] -- Found FastRTPS: /opt/ros/humble/include  
[7.340s] -- Using RMW implementation 'rmw_fastrtps_cpp' as default
[7.350s] -- Looking for pthread.h
[7.474s] -- Looking for pthread.h - found
[7.474s] -- Performing Test CMAKE_HAVE_LIBC_PTHREAD
[7.624s] -- Performing Test CMAKE_HAVE_LIBC_PTHREAD - Success
[7.625s] -- Found Threads: TRUE  
[7.781s] -- Found sensor_msgs: 4.2.3 (/opt/ros/humble/share/sensor_msgs/cmake)
[8.110s] -- Found ament_cmake_ros: 0.10.0 (/opt/ros/humble/share/ament_cmake_ros/cmake)
[8.288s] -- Using all available rosidl_typesupport_c: rosidl_typesupport_fastrtps_c;rosidl_typesupport_introspection_c
[8.482s] -- Using all available rosidl_typesupport_cpp: rosidl_typesupport_fastrtps_cpp;rosidl_typesupport_introspection_cpp
[8.624s] -- Found PythonInterp: /usr/bin/python3 (found suitable version "3.10.12", minimum required is "3.6") 
[8.626s] -- Found python_cmake_module: 0.10.0 (/opt/ros/humble/share/python_cmake_module/cmake)
[9.034s] -- Found PythonLibs: /usr/lib/x86_64-linux-gnu/libpython3.10.so (found suitable version "3.10.12", minimum required is "3.5") 
[9.034s] -- Using PYTHON_EXECUTABLE: /usr/bin/python3
[9.034s] -- Using PYTHON_INCLUDE_DIRS: /usr/include/python3.10
[9.034s] -- Using PYTHON_LIBRARIES: /usr/lib/x86_64-linux-gnu/libpython3.10.so
[9.051s] -- Found PythonExtra: .so  
[9.120s] -- Found ament_lint_auto: 0.12.9 (/opt/ros/humble/share/ament_lint_auto/cmake)
[9.136s] -- Added test 'cppcheck' to perform static code analysis on C / C++ code
[9.136s] -- Configured cppcheck include dirs: 
[9.136s] -- Configured cppcheck exclude dirs and/or files: 
[9.138s] -- Added test 'lint_cmake' to check CMake code style
[9.139s] -- Added test 'uncrustify' to check C / C++ code style
[9.139s] -- Configured uncrustify additional arguments: 
[9.140s] -- Added test 'xmllint' to check XML markup files
[9.143s] -- Configuring done
[9.190s] -- Generating done
[9.193s] -- Build files have been written to: /home/donjoe/MagangBanyubramanta_DanielAdhitthana/build/controller
[9.209s] Invoked command in '/home/donjoe/MagangBanyubramanta_DanielAdhitthana/build/controller' returned '0': CMAKE_PREFIX_PATH=${CMAKE_PREFIX_PATH}:/opt/ros/humble /usr/bin/cmake /home/donjoe/MagangBanyubramanta_DanielAdhitthana/src/controller -DCMAKE_INSTALL_PREFIX=/home/donjoe/MagangBanyubramanta_DanielAdhitthana/install/controller
[9.212s] Invoking command in '/home/donjoe/MagangBanyubramanta_DanielAdhitthana/build/controller': CMAKE_PREFIX_PATH=${CMAKE_PREFIX_PATH}:/opt/ros/humble /usr/bin/cmake --build /home/donjoe/MagangBanyubramanta_DanielAdhitthana/build/controller -- -j4 -l4
[9.243s] [  3%] [34m[1mGenerating C code for ROS interfaces[0m
[9.256s] [  6%] [34m[1mGenerating C++ code for ROS interfaces[0m
[9.265s] [  6%] Built target ament_cmake_python_copy_controller
[9.584s] running egg_info
[9.589s] creating controller.egg-info
[9.591s] writing controller.egg-info/PKG-INFO
[9.591s] writing dependency_links to controller.egg-info/dependency_links.txt
[9.592s] writing top-level names to controller.egg-info/top_level.txt
[9.592s] writing manifest file 'controller.egg-info/SOURCES.txt'
[9.595s] reading manifest file 'controller.egg-info/SOURCES.txt'
[9.597s] writing manifest file 'controller.egg-info/SOURCES.txt'
[9.670s] [  6%] Built target ament_cmake_python_build_controller_egg
[9.704s] [  6%] Built target controller__cpp
[9.716s] [  9%] [34m[1mGenerating C++ type support for eProsima Fast-RTPS[0m
[9.717s] [ 12%] [34m[1mGenerating C++ type support dispatch for ROS interfaces[0m
[9.726s] [ 15%] [34m[1mGenerating C++ introspection for ROS interfaces[0m
[9.804s] [ 18%] [32mBuilding C object CMakeFiles/controller__rosidl_generator_c.dir/rosidl_generator_c/controller/msg/detail/motion__functions.c.o[0m
[9.944s] [ 21%] [32m[1mLinking C shared library libcontroller__rosidl_generator_c.so[0m
[10.177s] [ 21%] Built target controller__rosidl_generator_c
[10.194s] [ 24%] [34m[1mGenerating C type support for eProsima Fast-RTPS[0m
[10.203s] [ 27%] [32mBuilding CXX object CMakeFiles/controller__rosidl_typesupport_cpp.dir/rosidl_typesupport_cpp/controller/msg/motion__type_support.cpp.o[0m
[10.292s] [ 30%] [32mBuilding CXX object CMakeFiles/controller__rosidl_typesupport_fastrtps_cpp.dir/rosidl_typesupport_fastrtps_cpp/controller/msg/detail/dds_fastrtps/motion__type_support.cpp.o[0m
[10.300s] [ 33%] [32mBuilding CXX object CMakeFiles/controller__rosidl_typesupport_introspection_cpp.dir/rosidl_typesupport_introspection_cpp/controller/msg/detail/motion__type_support.cpp.o[0m
[10.657s] [ 36%] [32m[1mLinking CXX shared library libcontroller__rosidl_typesupport_cpp.so[0m
[10.738s] [ 39%] [32mBuilding CXX object CMakeFiles/controller__rosidl_typesupport_fastrtps_c.dir/rosidl_typesupport_fastrtps_c/controller/msg/detail/motion__type_support_c.cpp.o[0m
[10.967s] [ 39%] Built target controller__rosidl_typesupport_cpp
[11.032s] [ 42%] [34m[1mGenerating C introspection for ROS interfaces[0m
[11.079s] [ 45%] [32m[1mLinking CXX shared library libcontroller__rosidl_typesupport_fastrtps_cpp.so[0m
[11.176s] [ 48%] [32m[1mLinking CXX shared library libcontroller__rosidl_typesupport_introspection_cpp.so[0m
[11.390s] [ 51%] [32m[1mLinking CXX shared library libcontroller__rosidl_typesupport_fastrtps_c.so[0m
[11.433s] [ 51%] Built target controller__rosidl_typesupport_introspection_cpp
[11.438s] [ 51%] Built target controller__rosidl_typesupport_fastrtps_cpp
[11.450s] [ 54%] [34m[1mGenerating C type support dispatch for ROS interfaces[0m
[11.470s] [ 57%] [32mBuilding CXX object CMakeFiles/ctrl.dir/src/controller.cpp.o[0m
[11.647s] [ 57%] Built target controller__rosidl_typesupport_fastrtps_c
[11.655s] [ 60%] [32mBuilding C object CMakeFiles/controller__rosidl_typesupport_introspection_c.dir/rosidl_typesupport_introspection_c/controller/msg/detail/motion__type_support.c.o[0m
[11.692s] [ 63%] [32m[1mLinking C shared library libcontroller__rosidl_typesupport_introspection_c.so[0m
[11.856s] [ 63%] Built target controller__rosidl_typesupport_introspection_c
[11.872s] [ 66%] [32mBuilding CXX object CMakeFiles/controller__rosidl_typesupport_c.dir/rosidl_typesupport_c/controller/msg/motion__type_support.cpp.o[0m
[11.904s] [ 69%] [32m[1mLinking CXX shared library libcontroller__rosidl_typesupport_c.so[0m
[12.082s] [ 69%] Built target controller__rosidl_typesupport_c
[12.107s] [ 69%] Built target controller
[12.196s] [ 72%] [34m[1mGenerating Python code for ROS interfaces[0m
[12.706s] [ 72%] Built target controller__py
[12.726s] [ 75%] [32mBuilding C object CMakeFiles/controller__rosidl_generator_py.dir/rosidl_generator_py/controller/msg/_motion_s.c.o[0m
[12.931s] [ 78%] [32m[1mLinking C shared library rosidl_generator_py/controller/libcontroller__rosidl_generator_py.so[0m
[13.081s] [ 78%] Built target controller__rosidl_generator_py
[13.109s] [ 81%] [32mBuilding C object CMakeFiles/controller__rosidl_typesupport_fastrtps_c__pyext.dir/rosidl_generator_py/controller/_controller_s.ep.rosidl_typesupport_fastrtps_c.c.o[0m
[13.115s] [ 84%] [32mBuilding C object CMakeFiles/controller__rosidl_typesupport_introspection_c__pyext.dir/rosidl_generator_py/controller/_controller_s.ep.rosidl_typesupport_introspection_c.c.o[0m
[13.136s] [ 87%] [32mBuilding C object CMakeFiles/controller__rosidl_typesupport_c__pyext.dir/rosidl_generator_py/controller/_controller_s.ep.rosidl_typesupport_c.c.o[0m
[13.345s] [ 90%] [32m[1mLinking C shared library rosidl_generator_py/controller/controller_s__rosidl_typesupport_introspection_c.cpython-310-x86_64-linux-gnu.so[0m
[13.370s] [ 93%] [32m[1mLinking C shared library rosidl_generator_py/controller/controller_s__rosidl_typesupport_fastrtps_c.cpython-310-x86_64-linux-gnu.so[0m
[13.370s] [ 96%] [32m[1mLinking C shared library rosidl_generator_py/controller/controller_s__rosidl_typesupport_c.cpython-310-x86_64-linux-gnu.so[0m
[13.563s] [ 96%] Built target controller__rosidl_typesupport_introspection_c__pyext
[13.592s] [ 96%] Built target controller__rosidl_typesupport_c__pyext
[13.594s] [ 96%] Built target controller__rosidl_typesupport_fastrtps_c__pyext
[14.932s] [01m[K/home/donjoe/MagangBanyubramanta_DanielAdhitthana/src/controller/src/controller.cpp:[m[K In member function ‘[01m[Kvoid Controller::topic_callback(const Joy&) const[m[K’:
[14.932s] [01m[K/home/donjoe/MagangBanyubramanta_DanielAdhitthana/src/controller/src/controller.cpp:50:54:[m[K [01;35m[Kwarning: [m[Kunused parameter ‘[01m[Kmsg[m[K’ [[01;35m[K]8;;https://gcc.gnu.org/onlinedocs/gcc/Warning-Options.html#index-Wunused-parameter-Wunused-parameter]8;;[m[K]
[14.932s]    50 |     void topic_callback([01;35m[Kconst sensor_msgs::msg::Joy &msg[m[K) const
[14.932s]       |                         [01;35m[K~~~~~~~~~~~~~~~~~~~~~~~~~~~~~^~~[m[K
[25.225s] [100%] [32m[1mLinking CXX executable ctrl[0m
[25.974s] [100%] Built target ctrl
[25.985s] Invoked command in '/home/donjoe/MagangBanyubramanta_DanielAdhitthana/build/controller' returned '0': CMAKE_PREFIX_PATH=${CMAKE_PREFIX_PATH}:/opt/ros/humble /usr/bin/cmake --build /home/donjoe/MagangBanyubramanta_DanielAdhitthana/build/controller -- -j4 -l4
[26.046s] Invoking command in '/home/donjoe/MagangBanyubramanta_DanielAdhitthana/build/controller': CMAKE_PREFIX_PATH=${CMAKE_PREFIX_PATH}:/opt/ros/humble /usr/bin/cmake --install /home/donjoe/MagangBanyubramanta_DanielAdhitthana/build/controller
[26.051s] -- Install configuration: ""
[26.051s] -- Installing: /home/donjoe/MagangBanyubramanta_DanielAdhitthana/install/controller/share/ament_index/resource_index/rosidl_interfaces/controller
[26.051s] -- Installing: /home/donjoe/MagangBanyubramanta_DanielAdhitthana/install/controller/include/controller/controller
[26.052s] -- Installing: /home/donjoe/MagangBanyubramanta_DanielAdhitthana/install/controller/include/controller/controller/msg
[26.052s] -- Installing: /home/donjoe/MagangBanyubramanta_DanielAdhitthana/install/controller/include/controller/controller/msg/motion.h
[26.052s] -- Installing: /home/donjoe/MagangBanyubramanta_DanielAdhitthana/install/controller/include/controller/controller/msg/detail
[26.052s] -- Installing: /home/donjoe/MagangBanyubramanta_DanielAdhitthana/install/controller/include/controller/controller/msg/detail/motion__struct.h
[26.052s] -- Installing: /home/donjoe/MagangBanyubramanta_DanielAdhitthana/install/controller/include/controller/controller/msg/detail/motion__type_support.h
[26.053s] -- Installing: /home/donjoe/MagangBanyubramanta_DanielAdhitthana/install/controller/include/controller/controller/msg/detail/motion__functions.h
[26.053s] -- Installing: /home/donjoe/MagangBanyubramanta_DanielAdhitthana/install/controller/include/controller/controller/msg/detail/motion__functions.c
[26.053s] -- Installing: /home/donjoe/MagangBanyubramanta_DanielAdhitthana/install/controller/include/controller/controller/msg/rosidl_generator_c__visibility_control.h
[26.053s] -- Installing: /home/donjoe/MagangBanyubramanta_DanielAdhitthana/install/controller/share/controller/environment/library_path.sh
[26.053s] -- Installing: /home/donjoe/MagangBanyubramanta_DanielAdhitthana/install/controller/share/controller/environment/library_path.dsv
[26.053s] -- Installing: /home/donjoe/MagangBanyubramanta_DanielAdhitthana/install/controller/lib/libcontroller__rosidl_generator_c.so
[26.054s] -- Set runtime path of "/home/donjoe/MagangBanyubramanta_DanielAdhitthana/install/controller/lib/libcontroller__rosidl_generator_c.so" to ""
[26.055s] -- Up-to-date: /home/donjoe/MagangBanyubramanta_DanielAdhitthana/install/controller/include/controller/controller
[26.055s] -- Up-to-date: /home/donjoe/MagangBanyubramanta_DanielAdhitthana/install/controller/include/controller/controller/msg
[26.055s] -- Installing: /home/donjoe/MagangBanyubramanta_DanielAdhitthana/install/controller/include/controller/controller/msg/rosidl_typesupport_fastrtps_c__visibility_control.h
[26.055s] -- Up-to-date: /home/donjoe/MagangBanyubramanta_DanielAdhitthana/install/controller/include/controller/controller/msg/detail
[26.055s] -- Installing: /home/donjoe/MagangBanyubramanta_DanielAdhitthana/install/controller/include/controller/controller/msg/detail/motion__rosidl_typesupport_fastrtps_c.h
[26.055s] -- Installing: /home/donjoe/MagangBanyubramanta_DanielAdhitthana/install/controller/lib/libcontroller__rosidl_typesupport_fastrtps_c.so
[26.056s] -- Set runtime path of "/home/donjoe/MagangBanyubramanta_DanielAdhitthana/install/controller/lib/libcontroller__rosidl_typesupport_fastrtps_c.so" to ""
[26.056s] -- Up-to-date: /home/donjoe/MagangBanyubramanta_DanielAdhitthana/install/controller/include/controller/controller
[26.056s] -- Up-to-date: /home/donjoe/MagangBanyubramanta_DanielAdhitthana/install/controller/include/controller/controller/msg
[26.056s] -- Installing: /home/donjoe/MagangBanyubramanta_DanielAdhitthana/install/controller/include/controller/controller/msg/rosidl_typesupport_introspection_c__visibility_control.h
[26.056s] -- Up-to-date: /home/donjoe/MagangBanyubramanta_DanielAdhitthana/install/controller/include/controller/controller/msg/detail
[26.056s] -- Installing: /home/donjoe/MagangBanyubramanta_DanielAdhitthana/install/controller/include/controller/controller/msg/detail/motion__type_support.c
[26.056s] -- Installing: /home/donjoe/MagangBanyubramanta_DanielAdhitthana/install/controller/include/controller/controller/msg/detail/motion__rosidl_typesupport_introspection_c.h
[26.056s] -- Installing: /home/donjoe/MagangBanyubramanta_DanielAdhitthana/install/controller/lib/libcontroller__rosidl_typesupport_introspection_c.so
[26.056s] -- Set runtime path of "/home/donjoe/MagangBanyubramanta_DanielAdhitthana/install/controller/lib/libcontroller__rosidl_typesupport_introspection_c.so" to ""
[26.057s] -- Installing: /home/donjoe/MagangBanyubramanta_DanielAdhitthana/install/controller/lib/libcontroller__rosidl_typesupport_c.so
[26.057s] -- Set runtime path of "/home/donjoe/MagangBanyubramanta_DanielAdhitthana/install/controller/lib/libcontroller__rosidl_typesupport_c.so" to ""
[26.057s] -- Up-to-date: /home/donjoe/MagangBanyubramanta_DanielAdhitthana/install/controller/include/controller/controller
[26.057s] -- Up-to-date: /home/donjoe/MagangBanyubramanta_DanielAdhitthana/install/controller/include/controller/controller/msg
[26.057s] -- Installing: /home/donjoe/MagangBanyubramanta_DanielAdhitthana/install/controller/include/controller/controller/msg/motion.hpp
[26.057s] -- Up-to-date: /home/donjoe/MagangBanyubramanta_DanielAdhitthana/install/controller/include/controller/controller/msg/detail
[26.057s] -- Installing: /home/donjoe/MagangBanyubramanta_DanielAdhitthana/install/controller/include/controller/controller/msg/detail/motion__builder.hpp
[26.057s] -- Installing: /home/donjoe/MagangBanyubramanta_DanielAdhitthana/install/controller/include/controller/controller/msg/detail/motion__struct.hpp
[26.058s] -- Installing: /home/donjoe/MagangBanyubramanta_DanielAdhitthana/install/controller/include/controller/controller/msg/detail/motion__traits.hpp
[26.058s] -- Up-to-date: /home/donjoe/MagangBanyubramanta_DanielAdhitthana/install/controller/include/controller/controller
[26.058s] -- Up-to-date: /home/donjoe/MagangBanyubramanta_DanielAdhitthana/install/controller/include/controller/controller/msg
[26.058s] -- Installing: /home/donjoe/MagangBanyubramanta_DanielAdhitthana/install/controller/include/controller/controller/msg/rosidl_typesupport_fastrtps_cpp__visibility_control.h
[26.058s] -- Up-to-date: /home/donjoe/MagangBanyubramanta_DanielAdhitthana/install/controller/include/controller/controller/msg/detail
[26.058s] -- Installing: /home/donjoe/MagangBanyubramanta_DanielAdhitthana/install/controller/include/controller/controller/msg/detail/motion__rosidl_typesupport_fastrtps_cpp.hpp
[26.062s] -- Installing: /home/donjoe/MagangBanyubramanta_DanielAdhitthana/install/controller/include/controller/controller/msg/detail/dds_fastrtps
[26.065s] -- Installing: /home/donjoe/MagangBanyubramanta_DanielAdhitthana/install/controller/lib/libcontroller__rosidl_typesupport_fastrtps_cpp.so
[26.065s] -- Set runtime path of "/home/donjoe/MagangBanyubramanta_DanielAdhitthana/install/controller/lib/libcontroller__rosidl_typesupport_fastrtps_cpp.so" to ""
[26.065s] -- Up-to-date: /home/donjoe/MagangBanyubramanta_DanielAdhitthana/install/controller/include/controller/controller
[26.066s] -- Up-to-date: /home/donjoe/MagangBanyubramanta_DanielAdhitthana/install/controller/include/controller/controller/msg
[26.066s] -- Up-to-date: /home/donjoe/MagangBanyubramanta_DanielAdhitthana/install/controller/include/controller/controller/msg/detail
[26.066s] -- Installing: /home/donjoe/MagangBanyubramanta_DanielAdhitthana/install/controller/include/controller/controller/msg/detail/motion__type_support.cpp
[26.066s] -- Installing: /home/donjoe/MagangBanyubramanta_DanielAdhitthana/install/controller/include/controller/controller/msg/detail/motion__rosidl_typesupport_introspection_cpp.hpp
[26.066s] -- Installing: /home/donjoe/MagangBanyubramanta_DanielAdhitthana/install/controller/lib/libcontroller__rosidl_typesupport_introspection_cpp.so
[26.066s] -- Set runtime path of "/home/donjoe/MagangBanyubramanta_DanielAdhitthana/install/controller/lib/libcontroller__rosidl_typesupport_introspection_cpp.so" to ""
[26.067s] -- Installing: /home/donjoe/MagangBanyubramanta_DanielAdhitthana/install/controller/lib/libcontroller__rosidl_typesupport_cpp.so
[26.067s] -- Set runtime path of "/home/donjoe/MagangBanyubramanta_DanielAdhitthana/install/controller/lib/libcontroller__rosidl_typesupport_cpp.so" to ""
[26.067s] -- Installing: /home/donjoe/MagangBanyubramanta_DanielAdhitthana/install/controller/share/controller/environment/pythonpath.sh
[26.067s] -- Installing: /home/donjoe/MagangBanyubramanta_DanielAdhitthana/install/controller/share/controller/environment/pythonpath.dsv
[26.067s] -- Installing: /home/donjoe/MagangBanyubramanta_DanielAdhitthana/install/controller/local/lib/python3.10/dist-packages/controller-0.0.0-py3.10.egg-info
[26.067s] -- Installing: /home/donjoe/MagangBanyubramanta_DanielAdhitthana/install/controller/local/lib/python3.10/dist-packages/controller-0.0.0-py3.10.egg-info/top_level.txt
[26.067s] -- Installing: /home/donjoe/MagangBanyubramanta_DanielAdhitthana/install/controller/local/lib/python3.10/dist-packages/controller-0.0.0-py3.10.egg-info/PKG-INFO
[26.067s] -- Installing: /home/donjoe/MagangBanyubramanta_DanielAdhitthana/install/controller/local/lib/python3.10/dist-packages/controller-0.0.0-py3.10.egg-info/SOURCES.txt
[26.067s] -- Installing: /home/donjoe/MagangBanyubramanta_DanielAdhitthana/install/controller/local/lib/python3.10/dist-packages/controller-0.0.0-py3.10.egg-info/dependency_links.txt
[26.067s] -- Installing: /home/donjoe/MagangBanyubramanta_DanielAdhitthana/install/controller/local/lib/python3.10/dist-packages/controller
[26.067s] -- Installing: /home/donjoe/MagangBanyubramanta_DanielAdhitthana/install/controller/local/lib/python3.10/dist-packages/controller/msg
[26.067s] -- Installing: /home/donjoe/MagangBanyubramanta_DanielAdhitthana/install/controller/local/lib/python3.10/dist-packages/controller/msg/_motion.py
[26.067s] -- Installing: /home/donjoe/MagangBanyubramanta_DanielAdhitthana/install/controller/local/lib/python3.10/dist-packages/controller/msg/_motion_s.c
[26.067s] -- Installing: /home/donjoe/MagangBanyubramanta_DanielAdhitthana/install/controller/local/lib/python3.10/dist-packages/controller/msg/__init__.py
[26.067s] -- Installing: /home/donjoe/MagangBanyubramanta_DanielAdhitthana/install/controller/local/lib/python3.10/dist-packages/controller/_controller_s.ep.rosidl_typesupport_introspection_c.c
[26.068s] -- Installing: /home/donjoe/MagangBanyubramanta_DanielAdhitthana/install/controller/local/lib/python3.10/dist-packages/controller/libcontroller__rosidl_generator_py.so
[26.068s] -- Installing: /home/donjoe/MagangBanyubramanta_DanielAdhitthana/install/controller/local/lib/python3.10/dist-packages/controller/controller_s__rosidl_typesupport_fastrtps_c.cpython-310-x86_64-linux-gnu.so
[26.068s] -- Installing: /home/donjoe/MagangBanyubramanta_DanielAdhitthana/install/controller/local/lib/python3.10/dist-packages/controller/_controller_s.ep.rosidl_typesupport_fastrtps_c.c
[26.068s] -- Installing: /home/donjoe/MagangBanyubramanta_DanielAdhitthana/install/controller/local/lib/python3.10/dist-packages/controller/controller_s__rosidl_typesupport_introspection_c.cpython-310-x86_64-linux-gnu.so
[26.068s] -- Installing: /home/donjoe/MagangBanyubramanta_DanielAdhitthana/install/controller/local/lib/python3.10/dist-packages/controller/_controller_s.ep.rosidl_typesupport_c.c
[26.068s] -- Installing: /home/donjoe/MagangBanyubramanta_DanielAdhitthana/install/controller/local/lib/python3.10/dist-packages/controller/controller_s__rosidl_typesupport_c.cpython-310-x86_64-linux-gnu.so
[26.068s] -- Installing: /home/donjoe/MagangBanyubramanta_DanielAdhitthana/install/controller/local/lib/python3.10/dist-packages/controller/__init__.py
[26.108s] Listing '/home/donjoe/MagangBanyubramanta_DanielAdhitthana/install/controller/local/lib/python3.10/dist-packages/controller'...
[26.109s] Compiling '/home/donjoe/MagangBanyubramanta_DanielAdhitthana/install/controller/local/lib/python3.10/dist-packages/controller/__init__.py'...
[26.109s] Listing '/home/donjoe/MagangBanyubramanta_DanielAdhitthana/install/controller/local/lib/python3.10/dist-packages/controller/msg'...
[26.109s] Compiling '/home/donjoe/MagangBanyubramanta_DanielAdhitthana/install/controller/local/lib/python3.10/dist-packages/controller/msg/__init__.py'...
[26.109s] Compiling '/home/donjoe/MagangBanyubramanta_DanielAdhitthana/install/controller/local/lib/python3.10/dist-packages/controller/msg/_motion.py'...
[26.113s] -- Installing: /home/donjoe/MagangBanyubramanta_DanielAdhitthana/install/controller/local/lib/python3.10/dist-packages/controller/controller_s__rosidl_typesupport_fastrtps_c.cpython-310-x86_64-linux-gnu.so
[26.113s] -- Set runtime path of "/home/donjoe/MagangBanyubramanta_DanielAdhitthana/install/controller/local/lib/python3.10/dist-packages/controller/controller_s__rosidl_typesupport_fastrtps_c.cpython-310-x86_64-linux-gnu.so" to ""
[26.113s] -- Installing: /home/donjoe/MagangBanyubramanta_DanielAdhitthana/install/controller/local/lib/python3.10/dist-packages/controller/controller_s__rosidl_typesupport_introspection_c.cpython-310-x86_64-linux-gnu.so
[26.113s] -- Set runtime path of "/home/donjoe/MagangBanyubramanta_DanielAdhitthana/install/controller/local/lib/python3.10/dist-packages/controller/controller_s__rosidl_typesupport_introspection_c.cpython-310-x86_64-linux-gnu.so" to ""
[26.113s] -- Installing: /home/donjoe/MagangBanyubramanta_DanielAdhitthana/install/controller/local/lib/python3.10/dist-packages/controller/controller_s__rosidl_typesupport_c.cpython-310-x86_64-linux-gnu.so
[26.114s] -- Set runtime path of "/home/donjoe/MagangBanyubramanta_DanielAdhitthana/install/controller/local/lib/python3.10/dist-packages/controller/controller_s__rosidl_typesupport_c.cpython-310-x86_64-linux-gnu.so" to ""
[26.114s] -- Installing: /home/donjoe/MagangBanyubramanta_DanielAdhitthana/install/controller/lib/libcontroller__rosidl_generator_py.so
[26.114s] -- Set runtime path of "/home/donjoe/MagangBanyubramanta_DanielAdhitthana/install/controller/lib/libcontroller__rosidl_generator_py.so" to ""
[26.114s] -- Installing: /home/donjoe/MagangBanyubramanta_DanielAdhitthana/install/controller/share/controller/msg/Motion.idl
[26.114s] -- Installing: /home/donjoe/MagangBanyubramanta_DanielAdhitthana/install/controller/share/controller/msg/Motion.msg
[26.114s] -- Installing: /home/donjoe/MagangBanyubramanta_DanielAdhitthana/install/controller/lib/controller/ctrl
[26.117s] -- Set runtime path of "/home/donjoe/MagangBanyubramanta_DanielAdhitthana/install/controller/lib/controller/ctrl" to ""
[26.117s] -- Installing: /home/donjoe/MagangBanyubramanta_DanielAdhitthana/install/controller/share/ament_index/resource_index/package_run_dependencies/controller
[26.118s] -- Installing: /home/donjoe/MagangBanyubramanta_DanielAdhitthana/install/controller/share/ament_index/resource_index/parent_prefix_path/controller
[26.118s] -- Installing: /home/donjoe/MagangBanyubramanta_DanielAdhitthana/install/controller/share/controller/environment/ament_prefix_path.sh
[26.118s] -- Installing: /home/donjoe/MagangBanyubramanta_DanielAdhitthana/install/controller/share/controller/environment/ament_prefix_path.dsv
[26.118s] -- Installing: /home/donjoe/MagangBanyubramanta_DanielAdhitthana/install/controller/share/controller/environment/path.sh
[26.118s] -- Installing: /home/donjoe/MagangBanyubramanta_DanielAdhitthana/install/controller/share/controller/environment/path.dsv
[26.118s] -- Installing: /home/donjoe/MagangBanyubramanta_DanielAdhitthana/install/controller/share/controller/local_setup.bash
[26.119s] -- Installing: /home/donjoe/MagangBanyubramanta_DanielAdhitthana/install/controller/share/controller/local_setup.sh
[26.119s] -- Installing: /home/donjoe/MagangBanyubramanta_DanielAdhitthana/install/controller/share/controller/local_setup.zsh
[26.119s] -- Installing: /home/donjoe/MagangBanyubramanta_DanielAdhitthana/install/controller/share/controller/local_setup.dsv
[26.119s] -- Installing: /home/donjoe/MagangBanyubramanta_DanielAdhitthana/install/controller/share/controller/package.dsv
[26.121s] -- Installing: /home/donjoe/MagangBanyubramanta_DanielAdhitthana/install/controller/share/ament_index/resource_index/packages/controller
[26.121s] -- Installing: /home/donjoe/MagangBanyubramanta_DanielAdhitthana/install/controller/share/controller/cmake/export_controller__rosidl_generator_cExport.cmake
[26.121s] -- Installing: /home/donjoe/MagangBanyubramanta_DanielAdhitthana/install/controller/share/controller/cmake/export_controller__rosidl_generator_cExport-noconfig.cmake
[26.121s] -- Installing: /home/donjoe/MagangBanyubramanta_DanielAdhitthana/install/controller/share/controller/cmake/export_controller__rosidl_typesupport_fastrtps_cExport.cmake
[26.121s] -- Installing: /home/donjoe/MagangBanyubramanta_DanielAdhitthana/install/controller/share/controller/cmake/export_controller__rosidl_typesupport_fastrtps_cExport-noconfig.cmake
[26.121s] -- Installing: /home/donjoe/MagangBanyubramanta_DanielAdhitthana/install/controller/share/controller/cmake/controller__rosidl_typesupport_introspection_cExport.cmake
[26.121s] -- Installing: /home/donjoe/MagangBanyubramanta_DanielAdhitthana/install/controller/share/controller/cmake/controller__rosidl_typesupport_introspection_cExport-noconfig.cmake
[26.122s] -- Installing: /home/donjoe/MagangBanyubramanta_DanielAdhitthana/install/controller/share/controller/cmake/controller__rosidl_typesupport_cExport.cmake
[26.123s] -- Installing: /home/donjoe/MagangBanyubramanta_DanielAdhitthana/install/controller/share/controller/cmake/controller__rosidl_typesupport_cExport-noconfig.cmake
[26.123s] -- Installing: /home/donjoe/MagangBanyubramanta_DanielAdhitthana/install/controller/share/controller/cmake/export_controller__rosidl_generator_cppExport.cmake
[26.124s] -- Installing: /home/donjoe/MagangBanyubramanta_DanielAdhitthana/install/controller/share/controller/cmake/export_controller__rosidl_typesupport_fastrtps_cppExport.cmake
[26.124s] -- Installing: /home/donjoe/MagangBanyubramanta_DanielAdhitthana/install/controller/share/controller/cmake/export_controller__rosidl_typesupport_fastrtps_cppExport-noconfig.cmake
[26.124s] -- Installing: /home/donjoe/MagangBanyubramanta_DanielAdhitthana/install/controller/share/controller/cmake/controller__rosidl_typesupport_introspection_cppExport.cmake
[26.124s] -- Installing: /home/donjoe/MagangBanyubramanta_DanielAdhitthana/install/controller/share/controller/cmake/controller__rosidl_typesupport_introspection_cppExport-noconfig.cmake
[26.124s] -- Installing: /home/donjoe/MagangBanyubramanta_DanielAdhitthana/install/controller/share/controller/cmake/controller__rosidl_typesupport_cppExport.cmake
[26.125s] -- Installing: /home/donjoe/MagangBanyubramanta_DanielAdhitthana/install/controller/share/controller/cmake/controller__rosidl_typesupport_cppExport-noconfig.cmake
[26.125s] -- Installing: /home/donjoe/MagangBanyubramanta_DanielAdhitthana/install/controller/share/controller/cmake/export_controller__rosidl_generator_pyExport.cmake
[26.125s] -- Installing: /home/donjoe/MagangBanyubramanta_DanielAdhitthana/install/controller/share/controller/cmake/export_controller__rosidl_generator_pyExport-noconfig.cmake
[26.125s] -- Installing: /home/donjoe/MagangBanyubramanta_DanielAdhitthana/install/controller/share/controller/cmake/rosidl_cmake-extras.cmake
[26.125s] -- Installing: /home/donjoe/MagangBanyubramanta_DanielAdhitthana/install/controller/share/controller/cmake/ament_cmake_export_include_directories-extras.cmake
[26.125s] -- Installing: /home/donjoe/MagangBanyubramanta_DanielAdhitthana/install/controller/share/controller/cmake/ament_cmake_export_libraries-extras.cmake
[26.126s] -- Installing: /home/donjoe/MagangBanyubramanta_DanielAdhitthana/install/controller/share/controller/cmake/ament_cmake_export_targets-extras.cmake
[26.126s] -- Installing: /home/donjoe/MagangBanyubramanta_DanielAdhitthana/install/controller/share/controller/cmake/rosidl_cmake_export_typesupport_targets-extras.cmake
[26.126s] -- Installing: /home/donjoe/MagangBanyubramanta_DanielAdhitthana/install/controller/share/controller/cmake/ament_cmake_export_dependencies-extras.cmake
[26.126s] -- Installing: /home/donjoe/MagangBanyubramanta_DanielAdhitthana/install/controller/share/controller/cmake/rosidl_cmake_export_typesupport_libraries-extras.cmake
[26.126s] -- Installing: /home/donjoe/MagangBanyubramanta_DanielAdhitthana/install/controller/share/controller/cmake/controllerConfig.cmake
[26.126s] -- Installing: /home/donjoe/MagangBanyubramanta_DanielAdhitthana/install/controller/share/controller/cmake/controllerConfig-version.cmake
[26.126s] -- Installing: /home/donjoe/MagangBanyubramanta_DanielAdhitthana/install/controller/share/controller/package.xml
[26.128s] Invoked command in '/home/donjoe/MagangBanyubramanta_DanielAdhitthana/build/controller' returned '0': CMAKE_PREFIX_PATH=${CMAKE_PREFIX_PATH}:/opt/ros/humble /usr/bin/cmake --install /home/donjoe/MagangBanyubramanta_DanielAdhitthana/build/controller
