[0.080s] Invoking command in '/home/donjoe/Documents/MagangBanyubramanta_DanielAdhitthana/matlab/custom/matlab_msg_gen/glnxa64/build/interfaces': PS1=(venv) VIRTUAL_ENV_PROMPT=(venv) /usr/local/MATLAB/R2023b/bin/glnxa64/cmake/bin/cmake --build /home/donjoe/Documents/MagangBanyubramanta_DanielAdhitthana/matlab/custom/matlab_msg_gen/glnxa64/build/interfaces -- -j4 -l4
[0.151s] [0/1] Re-running CMake...
[0.184s] -- Found ament_cmake: 1.3.3 (/usr/local/MATLAB/R2023b/sys/ros2/glnxa64/ros2/share/ament_cmake/cmake)
[0.399s] -- Found ament_cmake_ros: 0.10.0 (/usr/local/MATLAB/R2023b/sys/ros2/glnxa64/ros2/share/ament_cmake_ros/cmake)
[0.409s] -- Found rosidl_typesupport_c: 2.0.0 (/usr/local/MATLAB/R2023b/sys/ros2/glnxa64/ros2/share/rosidl_typesupport_c/cmake)
[0.412s] -- Using all available rosidl_typesupport_c: rosidl_typesupport_fastrtps_c;rosidl_typesupport_introspection_c
[0.422s] -- Found rosidl_adapter: 3.1.4 (/usr/local/MATLAB/R2023b/sys/ros2/glnxa64/ros2/share/rosidl_adapter/cmake)
[0.529s] -- Found rosidl_typesupport_cpp: 2.0.0 (/usr/local/MATLAB/R2023b/sys/ros2/glnxa64/ros2/share/rosidl_typesupport_cpp/cmake)
[0.531s] -- Using all available rosidl_typesupport_cpp: rosidl_typesupport_fastrtps_cpp;rosidl_typesupport_introspection_cpp
[0.594s] -- Found rosidl_default_generators: 1.2.0 (/usr/local/MATLAB/R2023b/sys/ros2/glnxa64/ros2/share/rosidl_default_generators/cmake)
[0.601s] -- Found class_loader: 2.2.0 (/usr/local/MATLAB/R2023b/sys/ros2/glnxa64/ros2/share/class_loader/cmake)
[0.608s] -- Found rclcpp: 16.0.3 (/usr/local/MATLAB/R2023b/sys/ros2/glnxa64/ros2/share/rclcpp/cmake)
[0.786s] -- Found rmw_implementation_cmake: 6.1.1 (/usr/local/MATLAB/R2023b/sys/ros2/glnxa64/ros2/share/rmw_implementation_cmake/cmake)
[0.790s] -- Found rmw_fastrtps_cpp: 6.2.2 (/usr/local/MATLAB/R2023b/sys/ros2/glnxa64/ros2/share/rmw_fastrtps_cpp/cmake)
[1.036s] -- Using RMW implementation 'rmw_fastrtps_cpp' as default
[1.865s] -- Using all available rosidl_typesupport_c: rosidl_typesupport_fastrtps_c;rosidl_typesupport_introspection_c
[2.067s] -- Using all available rosidl_typesupport_cpp: rosidl_typesupport_fastrtps_cpp;rosidl_typesupport_introspection_cpp
[2.097s] -- Configuring done
[2.173s] -- Generating done
[2.190s] -- Build files have been written to: /home/donjoe/Documents/MagangBanyubramanta_DanielAdhitthana/matlab/custom/matlab_msg_gen/glnxa64/build/interfaces
[2.245s] ninja: no work to do.
[2.249s] Invoked command in '/home/donjoe/Documents/MagangBanyubramanta_DanielAdhitthana/matlab/custom/matlab_msg_gen/glnxa64/build/interfaces' returned '0': PS1=(venv) VIRTUAL_ENV_PROMPT=(venv) /usr/local/MATLAB/R2023b/bin/glnxa64/cmake/bin/cmake --build /home/donjoe/Documents/MagangBanyubramanta_DanielAdhitthana/matlab/custom/matlab_msg_gen/glnxa64/build/interfaces -- -j4 -l4
[2.297s] Invoking command in '/home/donjoe/Documents/MagangBanyubramanta_DanielAdhitthana/matlab/custom/matlab_msg_gen/glnxa64/build/interfaces': PS1=(venv) VIRTUAL_ENV_PROMPT=(venv) /usr/local/MATLAB/R2023b/bin/glnxa64/cmake/bin/cmake --install /home/donjoe/Documents/MagangBanyubramanta_DanielAdhitthana/matlab/custom/matlab_msg_gen/glnxa64/build/interfaces
[2.302s] -- Install configuration: "Release"
[2.302s] -- Up-to-date: /home/donjoe/Documents/MagangBanyubramanta_DanielAdhitthana/matlab/custom/matlab_msg_gen/glnxa64/install/share/ament_index/resource_index/rosidl_interfaces/interfaces
[2.303s] -- Up-to-date: /home/donjoe/Documents/MagangBanyubramanta_DanielAdhitthana/matlab/custom/matlab_msg_gen/glnxa64/install/include/interfaces/interfaces
[2.303s] -- Up-to-date: /home/donjoe/Documents/MagangBanyubramanta_DanielAdhitthana/matlab/custom/matlab_msg_gen/glnxa64/install/include/interfaces/interfaces/msg
[2.304s] -- Up-to-date: /home/donjoe/Documents/MagangBanyubramanta_DanielAdhitthana/matlab/custom/matlab_msg_gen/glnxa64/install/include/interfaces/interfaces/msg/detail
[2.304s] -- Up-to-date: /home/donjoe/Documents/MagangBanyubramanta_DanielAdhitthana/matlab/custom/matlab_msg_gen/glnxa64/install/include/interfaces/interfaces/msg/detail/object__struct.h
[2.304s] -- Up-to-date: /home/donjoe/Documents/MagangBanyubramanta_DanielAdhitthana/matlab/custom/matlab_msg_gen/glnxa64/install/include/interfaces/interfaces/msg/detail/object__functions.h
[2.304s] -- Up-to-date: /home/donjoe/Documents/MagangBanyubramanta_DanielAdhitthana/matlab/custom/matlab_msg_gen/glnxa64/install/include/interfaces/interfaces/msg/detail/object__type_support.h
[2.305s] -- Up-to-date: /home/donjoe/Documents/MagangBanyubramanta_DanielAdhitthana/matlab/custom/matlab_msg_gen/glnxa64/install/include/interfaces/interfaces/msg/detail/object__functions.c
[2.306s] -- Up-to-date: /home/donjoe/Documents/MagangBanyubramanta_DanielAdhitthana/matlab/custom/matlab_msg_gen/glnxa64/install/include/interfaces/interfaces/msg/object.h
[2.306s] -- Up-to-date: /home/donjoe/Documents/MagangBanyubramanta_DanielAdhitthana/matlab/custom/matlab_msg_gen/glnxa64/install/include/interfaces/interfaces/msg/rosidl_generator_c__visibility_control.h
[2.306s] -- Up-to-date: /home/donjoe/Documents/MagangBanyubramanta_DanielAdhitthana/matlab/custom/matlab_msg_gen/glnxa64/install/share/interfaces/environment/library_path.sh
[2.306s] -- Installing: /home/donjoe/Documents/MagangBanyubramanta_DanielAdhitthana/matlab/custom/matlab_msg_gen/glnxa64/install/share/interfaces/environment/library_path.dsv
[2.307s] -- Up-to-date: /home/donjoe/Documents/MagangBanyubramanta_DanielAdhitthana/matlab/custom/matlab_msg_gen/glnxa64/install/lib/libinterfaces__rosidl_generator_c.so
[2.307s] -- Up-to-date: /home/donjoe/Documents/MagangBanyubramanta_DanielAdhitthana/matlab/custom/matlab_msg_gen/glnxa64/install/include/interfaces/interfaces
[2.307s] -- Up-to-date: /home/donjoe/Documents/MagangBanyubramanta_DanielAdhitthana/matlab/custom/matlab_msg_gen/glnxa64/install/include/interfaces/interfaces/msg
[2.307s] -- Up-to-date: /home/donjoe/Documents/MagangBanyubramanta_DanielAdhitthana/matlab/custom/matlab_msg_gen/glnxa64/install/include/interfaces/interfaces/msg/detail
[2.307s] -- Up-to-date: /home/donjoe/Documents/MagangBanyubramanta_DanielAdhitthana/matlab/custom/matlab_msg_gen/glnxa64/install/include/interfaces/interfaces/msg/detail/object__rosidl_typesupport_fastrtps_c.h
[2.308s] -- Up-to-date: /home/donjoe/Documents/MagangBanyubramanta_DanielAdhitthana/matlab/custom/matlab_msg_gen/glnxa64/install/include/interfaces/interfaces/msg/rosidl_typesupport_fastrtps_c__visibility_control.h
[2.308s] -- Up-to-date: /home/donjoe/Documents/MagangBanyubramanta_DanielAdhitthana/matlab/custom/matlab_msg_gen/glnxa64/install/lib/libinterfaces__rosidl_typesupport_fastrtps_c.so
[2.308s] -- Up-to-date: /home/donjoe/Documents/MagangBanyubramanta_DanielAdhitthana/matlab/custom/matlab_msg_gen/glnxa64/install/include/interfaces/interfaces
[2.308s] -- Up-to-date: /home/donjoe/Documents/MagangBanyubramanta_DanielAdhitthana/matlab/custom/matlab_msg_gen/glnxa64/install/include/interfaces/interfaces/msg
[2.308s] -- Up-to-date: /home/donjoe/Documents/MagangBanyubramanta_DanielAdhitthana/matlab/custom/matlab_msg_gen/glnxa64/install/include/interfaces/interfaces/msg/detail
[2.309s] -- Up-to-date: /home/donjoe/Documents/MagangBanyubramanta_DanielAdhitthana/matlab/custom/matlab_msg_gen/glnxa64/install/include/interfaces/interfaces/msg/detail/object__type_support.c
[2.309s] -- Up-to-date: /home/donjoe/Documents/MagangBanyubramanta_DanielAdhitthana/matlab/custom/matlab_msg_gen/glnxa64/install/include/interfaces/interfaces/msg/detail/object__rosidl_typesupport_introspection_c.h
[2.309s] -- Up-to-date: /home/donjoe/Documents/MagangBanyubramanta_DanielAdhitthana/matlab/custom/matlab_msg_gen/glnxa64/install/include/interfaces/interfaces/msg/rosidl_typesupport_introspection_c__visibility_control.h
[2.309s] -- Up-to-date: /home/donjoe/Documents/MagangBanyubramanta_DanielAdhitthana/matlab/custom/matlab_msg_gen/glnxa64/install/lib/libinterfaces__rosidl_typesupport_introspection_c.so
[2.310s] -- Up-to-date: /home/donjoe/Documents/MagangBanyubramanta_DanielAdhitthana/matlab/custom/matlab_msg_gen/glnxa64/install/lib/libinterfaces__rosidl_typesupport_c.so
[2.310s] -- Up-to-date: /home/donjoe/Documents/MagangBanyubramanta_DanielAdhitthana/matlab/custom/matlab_msg_gen/glnxa64/install/include/interfaces/interfaces
[2.310s] -- Up-to-date: /home/donjoe/Documents/MagangBanyubramanta_DanielAdhitthana/matlab/custom/matlab_msg_gen/glnxa64/install/include/interfaces/interfaces/msg
[2.310s] -- Up-to-date: /home/donjoe/Documents/MagangBanyubramanta_DanielAdhitthana/matlab/custom/matlab_msg_gen/glnxa64/install/include/interfaces/interfaces/msg/object.hpp
[2.311s] -- Up-to-date: /home/donjoe/Documents/MagangBanyubramanta_DanielAdhitthana/matlab/custom/matlab_msg_gen/glnxa64/install/include/interfaces/interfaces/msg/detail
[2.311s] -- Up-to-date: /home/donjoe/Documents/MagangBanyubramanta_DanielAdhitthana/matlab/custom/matlab_msg_gen/glnxa64/install/include/interfaces/interfaces/msg/detail/object__struct.hpp
[2.311s] -- Up-to-date: /home/donjoe/Documents/MagangBanyubramanta_DanielAdhitthana/matlab/custom/matlab_msg_gen/glnxa64/install/include/interfaces/interfaces/msg/detail/object__builder.hpp
[2.312s] -- Up-to-date: /home/donjoe/Documents/MagangBanyubramanta_DanielAdhitthana/matlab/custom/matlab_msg_gen/glnxa64/install/include/interfaces/interfaces/msg/detail/object__traits.hpp
[2.312s] -- Up-to-date: /home/donjoe/Documents/MagangBanyubramanta_DanielAdhitthana/matlab/custom/matlab_msg_gen/glnxa64/install/include/interfaces/interfaces
[2.312s] -- Up-to-date: /home/donjoe/Documents/MagangBanyubramanta_DanielAdhitthana/matlab/custom/matlab_msg_gen/glnxa64/install/include/interfaces/interfaces/msg
[2.312s] -- Up-to-date: /home/donjoe/Documents/MagangBanyubramanta_DanielAdhitthana/matlab/custom/matlab_msg_gen/glnxa64/install/include/interfaces/interfaces/msg/detail
[2.312s] -- Up-to-date: /home/donjoe/Documents/MagangBanyubramanta_DanielAdhitthana/matlab/custom/matlab_msg_gen/glnxa64/install/include/interfaces/interfaces/msg/detail/object__rosidl_typesupport_fastrtps_cpp.hpp
[2.313s] -- Up-to-date: /home/donjoe/Documents/MagangBanyubramanta_DanielAdhitthana/matlab/custom/matlab_msg_gen/glnxa64/install/include/interfaces/interfaces/msg/detail/dds_fastrtps
[2.313s] -- Up-to-date: /home/donjoe/Documents/MagangBanyubramanta_DanielAdhitthana/matlab/custom/matlab_msg_gen/glnxa64/install/include/interfaces/interfaces/msg/rosidl_typesupport_fastrtps_cpp__visibility_control.h
[2.313s] -- Up-to-date: /home/donjoe/Documents/MagangBanyubramanta_DanielAdhitthana/matlab/custom/matlab_msg_gen/glnxa64/install/lib/libinterfaces__rosidl_typesupport_fastrtps_cpp.so
[2.313s] -- Up-to-date: /home/donjoe/Documents/MagangBanyubramanta_DanielAdhitthana/matlab/custom/matlab_msg_gen/glnxa64/install/include/interfaces/interfaces
[2.313s] -- Up-to-date: /home/donjoe/Documents/MagangBanyubramanta_DanielAdhitthana/matlab/custom/matlab_msg_gen/glnxa64/install/include/interfaces/interfaces/msg
[2.314s] -- Up-to-date: /home/donjoe/Documents/MagangBanyubramanta_DanielAdhitthana/matlab/custom/matlab_msg_gen/glnxa64/install/include/interfaces/interfaces/msg/detail
[2.314s] -- Up-to-date: /home/donjoe/Documents/MagangBanyubramanta_DanielAdhitthana/matlab/custom/matlab_msg_gen/glnxa64/install/include/interfaces/interfaces/msg/detail/object__rosidl_typesupport_introspection_cpp.hpp
[2.314s] -- Up-to-date: /home/donjoe/Documents/MagangBanyubramanta_DanielAdhitthana/matlab/custom/matlab_msg_gen/glnxa64/install/include/interfaces/interfaces/msg/detail/object__type_support.cpp
[2.314s] -- Up-to-date: /home/donjoe/Documents/MagangBanyubramanta_DanielAdhitthana/matlab/custom/matlab_msg_gen/glnxa64/install/lib/libinterfaces__rosidl_typesupport_introspection_cpp.so
[2.314s] -- Up-to-date: /home/donjoe/Documents/MagangBanyubramanta_DanielAdhitthana/matlab/custom/matlab_msg_gen/glnxa64/install/lib/libinterfaces__rosidl_typesupport_cpp.so
[2.315s] -- Up-to-date: /home/donjoe/Documents/MagangBanyubramanta_DanielAdhitthana/matlab/custom/matlab_msg_gen/glnxa64/install/share/interfaces/msg/Object.idl
[2.315s] -- Up-to-date: /home/donjoe/Documents/MagangBanyubramanta_DanielAdhitthana/matlab/custom/matlab_msg_gen/glnxa64/install/share/interfaces/msg/Object.msg
[2.315s] -- Up-to-date: /home/donjoe/Documents/MagangBanyubramanta_DanielAdhitthana/matlab/custom/matlab_msg_gen/glnxa64/install/include
[2.315s] -- Up-to-date: /home/donjoe/Documents/MagangBanyubramanta_DanielAdhitthana/matlab/custom/matlab_msg_gen/glnxa64/install/include/interfaces
[2.315s] -- Up-to-date: /home/donjoe/Documents/MagangBanyubramanta_DanielAdhitthana/matlab/custom/matlab_msg_gen/glnxa64/install/include/interfaces/visibility_control.h
[2.316s] -- Up-to-date: /home/donjoe/Documents/MagangBanyubramanta_DanielAdhitthana/matlab/custom/matlab_msg_gen/glnxa64/install/lib/libinterfaces_matlab.so
[2.316s] -- Up-to-date: /home/donjoe/Documents/MagangBanyubramanta_DanielAdhitthana/matlab/custom/matlab_msg_gen/glnxa64/install/m/
[2.316s] -- Up-to-date: /home/donjoe/Documents/MagangBanyubramanta_DanielAdhitthana/matlab/custom/matlab_msg_gen/glnxa64/install/m//+ros
[2.317s] -- Up-to-date: /home/donjoe/Documents/MagangBanyubramanta_DanielAdhitthana/matlab/custom/matlab_msg_gen/glnxa64/install/m//+ros/+internal
[2.317s] -- Up-to-date: /home/donjoe/Documents/MagangBanyubramanta_DanielAdhitthana/matlab/custom/matlab_msg_gen/glnxa64/install/m//+ros/+internal/+ros2
[2.317s] -- Up-to-date: /home/donjoe/Documents/MagangBanyubramanta_DanielAdhitthana/matlab/custom/matlab_msg_gen/glnxa64/install/m//+ros/+internal/+ros2/+custommessages
[2.317s] -- Up-to-date: /home/donjoe/Documents/MagangBanyubramanta_DanielAdhitthana/matlab/custom/matlab_msg_gen/glnxa64/install/m//+ros/+internal/+ros2/+custommessages/+interfaces
[2.317s] -- Up-to-date: /home/donjoe/Documents/MagangBanyubramanta_DanielAdhitthana/matlab/custom/matlab_msg_gen/glnxa64/install/m//+ros/+internal/+ros2/+custommessages/+interfaces/interfaces_msg_Object_1To2_Converter.m
[2.318s] -- Up-to-date: /home/donjoe/Documents/MagangBanyubramanta_DanielAdhitthana/matlab/custom/matlab_msg_gen/glnxa64/install/m//+ros/+internal/+ros2/+custommessages/+interfaces/interfaces_msg_Object_2To1_Converter.m
[2.318s] -- Up-to-date: /home/donjoe/Documents/MagangBanyubramanta_DanielAdhitthana/matlab/custom/matlab_msg_gen/glnxa64/install/m//+ros/+internal/+ros2/+custommessages/+interfaces/object.m
[2.318s] -- Up-to-date: /home/donjoe/Documents/MagangBanyubramanta_DanielAdhitthana/matlab/custom/matlab_msg_gen/glnxa64/install/share/ament_index/resource_index/package_run_dependencies/interfaces
[2.318s] -- Up-to-date: /home/donjoe/Documents/MagangBanyubramanta_DanielAdhitthana/matlab/custom/matlab_msg_gen/glnxa64/install/share/ament_index/resource_index/parent_prefix_path/interfaces
[2.318s] -- Up-to-date: /home/donjoe/Documents/MagangBanyubramanta_DanielAdhitthana/matlab/custom/matlab_msg_gen/glnxa64/install/share/interfaces/environment/ament_prefix_path.sh
[2.319s] -- Installing: /home/donjoe/Documents/MagangBanyubramanta_DanielAdhitthana/matlab/custom/matlab_msg_gen/glnxa64/install/share/interfaces/environment/ament_prefix_path.dsv
[2.319s] -- Up-to-date: /home/donjoe/Documents/MagangBanyubramanta_DanielAdhitthana/matlab/custom/matlab_msg_gen/glnxa64/install/share/interfaces/environment/path.sh
[2.319s] -- Installing: /home/donjoe/Documents/MagangBanyubramanta_DanielAdhitthana/matlab/custom/matlab_msg_gen/glnxa64/install/share/interfaces/environment/path.dsv
[2.319s] -- Up-to-date: /home/donjoe/Documents/MagangBanyubramanta_DanielAdhitthana/matlab/custom/matlab_msg_gen/glnxa64/install/share/interfaces/local_setup.bash
[2.319s] -- Up-to-date: /home/donjoe/Documents/MagangBanyubramanta_DanielAdhitthana/matlab/custom/matlab_msg_gen/glnxa64/install/share/interfaces/local_setup.sh
[2.319s] -- Up-to-date: /home/donjoe/Documents/MagangBanyubramanta_DanielAdhitthana/matlab/custom/matlab_msg_gen/glnxa64/install/share/interfaces/local_setup.zsh
[2.319s] -- Installing: /home/donjoe/Documents/MagangBanyubramanta_DanielAdhitthana/matlab/custom/matlab_msg_gen/glnxa64/install/share/interfaces/local_setup.dsv
[2.319s] -- Installing: /home/donjoe/Documents/MagangBanyubramanta_DanielAdhitthana/matlab/custom/matlab_msg_gen/glnxa64/install/share/interfaces/package.dsv
[2.319s] -- Up-to-date: /home/donjoe/Documents/MagangBanyubramanta_DanielAdhitthana/matlab/custom/matlab_msg_gen/glnxa64/install/share/ament_index/resource_index/packages/interfaces
[2.324s] -- Up-to-date: /home/donjoe/Documents/MagangBanyubramanta_DanielAdhitthana/matlab/custom/matlab_msg_gen/glnxa64/install/share/interfaces/cmake/export_interfaces__rosidl_generator_cExport.cmake
[2.325s] -- Up-to-date: /home/donjoe/Documents/MagangBanyubramanta_DanielAdhitthana/matlab/custom/matlab_msg_gen/glnxa64/install/share/interfaces/cmake/export_interfaces__rosidl_generator_cExport-release.cmake
[2.325s] -- Up-to-date: /home/donjoe/Documents/MagangBanyubramanta_DanielAdhitthana/matlab/custom/matlab_msg_gen/glnxa64/install/share/interfaces/cmake/export_interfaces__rosidl_typesupport_fastrtps_cExport.cmake
[2.325s] -- Up-to-date: /home/donjoe/Documents/MagangBanyubramanta_DanielAdhitthana/matlab/custom/matlab_msg_gen/glnxa64/install/share/interfaces/cmake/export_interfaces__rosidl_typesupport_fastrtps_cExport-release.cmake
[2.325s] -- Up-to-date: /home/donjoe/Documents/MagangBanyubramanta_DanielAdhitthana/matlab/custom/matlab_msg_gen/glnxa64/install/share/interfaces/cmake/interfaces__rosidl_typesupport_introspection_cExport.cmake
[2.325s] -- Up-to-date: /home/donjoe/Documents/MagangBanyubramanta_DanielAdhitthana/matlab/custom/matlab_msg_gen/glnxa64/install/share/interfaces/cmake/interfaces__rosidl_typesupport_introspection_cExport-release.cmake
[2.325s] -- Up-to-date: /home/donjoe/Documents/MagangBanyubramanta_DanielAdhitthana/matlab/custom/matlab_msg_gen/glnxa64/install/share/interfaces/cmake/interfaces__rosidl_typesupport_cExport.cmake
[2.325s] -- Up-to-date: /home/donjoe/Documents/MagangBanyubramanta_DanielAdhitthana/matlab/custom/matlab_msg_gen/glnxa64/install/share/interfaces/cmake/interfaces__rosidl_typesupport_cExport-release.cmake
[2.325s] -- Up-to-date: /home/donjoe/Documents/MagangBanyubramanta_DanielAdhitthana/matlab/custom/matlab_msg_gen/glnxa64/install/share/interfaces/cmake/export_interfaces__rosidl_generator_cppExport.cmake
[2.325s] -- Up-to-date: /home/donjoe/Documents/MagangBanyubramanta_DanielAdhitthana/matlab/custom/matlab_msg_gen/glnxa64/install/share/interfaces/cmake/export_interfaces__rosidl_typesupport_fastrtps_cppExport.cmake
[2.326s] -- Up-to-date: /home/donjoe/Documents/MagangBanyubramanta_DanielAdhitthana/matlab/custom/matlab_msg_gen/glnxa64/install/share/interfaces/cmake/export_interfaces__rosidl_typesupport_fastrtps_cppExport-release.cmake
[2.326s] -- Up-to-date: /home/donjoe/Documents/MagangBanyubramanta_DanielAdhitthana/matlab/custom/matlab_msg_gen/glnxa64/install/share/interfaces/cmake/interfaces__rosidl_typesupport_introspection_cppExport.cmake
[2.326s] -- Up-to-date: /home/donjoe/Documents/MagangBanyubramanta_DanielAdhitthana/matlab/custom/matlab_msg_gen/glnxa64/install/share/interfaces/cmake/interfaces__rosidl_typesupport_introspection_cppExport-release.cmake
[2.326s] -- Up-to-date: /home/donjoe/Documents/MagangBanyubramanta_DanielAdhitthana/matlab/custom/matlab_msg_gen/glnxa64/install/share/interfaces/cmake/interfaces__rosidl_typesupport_cppExport.cmake
[2.326s] -- Up-to-date: /home/donjoe/Documents/MagangBanyubramanta_DanielAdhitthana/matlab/custom/matlab_msg_gen/glnxa64/install/share/interfaces/cmake/interfaces__rosidl_typesupport_cppExport-release.cmake
[2.326s] -- Up-to-date: /home/donjoe/Documents/MagangBanyubramanta_DanielAdhitthana/matlab/custom/matlab_msg_gen/glnxa64/install/share/interfaces/cmake/rosidl_cmake-extras.cmake
[2.326s] -- Up-to-date: /home/donjoe/Documents/MagangBanyubramanta_DanielAdhitthana/matlab/custom/matlab_msg_gen/glnxa64/install/share/interfaces/cmake/ament_cmake_export_include_directories-extras.cmake
[2.326s] -- Up-to-date: /home/donjoe/Documents/MagangBanyubramanta_DanielAdhitthana/matlab/custom/matlab_msg_gen/glnxa64/install/share/interfaces/cmake/ament_cmake_export_libraries-extras.cmake
[2.326s] -- Up-to-date: /home/donjoe/Documents/MagangBanyubramanta_DanielAdhitthana/matlab/custom/matlab_msg_gen/glnxa64/install/share/interfaces/cmake/ament_cmake_export_targets-extras.cmake
[2.326s] -- Up-to-date: /home/donjoe/Documents/MagangBanyubramanta_DanielAdhitthana/matlab/custom/matlab_msg_gen/glnxa64/install/share/interfaces/cmake/rosidl_cmake_export_typesupport_targets-extras.cmake
[2.327s] -- Up-to-date: /home/donjoe/Documents/MagangBanyubramanta_DanielAdhitthana/matlab/custom/matlab_msg_gen/glnxa64/install/share/interfaces/cmake/ament_cmake_export_dependencies-extras.cmake
[2.327s] -- Up-to-date: /home/donjoe/Documents/MagangBanyubramanta_DanielAdhitthana/matlab/custom/matlab_msg_gen/glnxa64/install/share/interfaces/cmake/rosidl_cmake_export_typesupport_libraries-extras.cmake
[2.327s] -- Up-to-date: /home/donjoe/Documents/MagangBanyubramanta_DanielAdhitthana/matlab/custom/matlab_msg_gen/glnxa64/install/share/interfaces/cmake/interfacesConfig.cmake
[2.327s] -- Up-to-date: /home/donjoe/Documents/MagangBanyubramanta_DanielAdhitthana/matlab/custom/matlab_msg_gen/glnxa64/install/share/interfaces/cmake/interfacesConfig-version.cmake
[2.327s] -- Installing: /home/donjoe/Documents/MagangBanyubramanta_DanielAdhitthana/matlab/custom/matlab_msg_gen/glnxa64/install/share/interfaces/package.xml
[2.327s] Invoked command in '/home/donjoe/Documents/MagangBanyubramanta_DanielAdhitthana/matlab/custom/matlab_msg_gen/glnxa64/build/interfaces' returned '0': PS1=(venv) VIRTUAL_ENV_PROMPT=(venv) /usr/local/MATLAB/R2023b/bin/glnxa64/cmake/bin/cmake --install /home/donjoe/Documents/MagangBanyubramanta_DanielAdhitthana/matlab/custom/matlab_msg_gen/glnxa64/build/interfaces
