[0.118s] Invoking command in '/home/donjoe/Documents/MagangBanyubramanta_DanielAdhitthana/build/interfaces': CMAKE_PREFIX_PATH=/opt/ros/humble /usr/bin/cmake --build /home/donjoe/Documents/MagangBanyubramanta_DanielAdhitthana/build/interfaces -- -j4 -l4
[0.221s] -- Found ament_cmake: 1.3.7 (/opt/ros/humble/share/ament_cmake/cmake)
[0.570s] -- Found rosidl_default_generators: 1.2.0 (/opt/ros/humble/share/rosidl_default_generators/cmake)
[0.578s] -- Using all available rosidl_typesupport_c: rosidl_typesupport_fastrtps_c;rosidl_typesupport_introspection_c
[0.588s] -- Found rosidl_adapter: 3.1.5 (/opt/ros/humble/share/rosidl_adapter/cmake)
[0.678s] -- Using all available rosidl_typesupport_cpp: rosidl_typesupport_fastrtps_cpp;rosidl_typesupport_introspection_cpp
[1.306s] -- Found ament_cmake_ros: 0.10.0 (/opt/ros/humble/share/ament_cmake_ros/cmake)
[1.703s] -- Using all available rosidl_typesupport_c: rosidl_typesupport_fastrtps_c;rosidl_typesupport_introspection_c
[2.155s] -- Using all available rosidl_typesupport_cpp: rosidl_typesupport_fastrtps_cpp;rosidl_typesupport_introspection_cpp
[2.196s] -- Found python_cmake_module: 0.10.0 (/opt/ros/humble/share/python_cmake_module/cmake)
[2.244s] -- Using PYTHON_EXECUTABLE: /usr/bin/python3
[2.244s] -- Using PYTHON_INCLUDE_DIRS: /usr/include/python3.10
[2.244s] -- Using PYTHON_LIBRARIES: /usr/lib/x86_64-linux-gnu/libpython3.10.so
[2.265s] -- Found ament_lint_auto: 0.12.10 (/opt/ros/humble/share/ament_lint_auto/cmake)
[2.298s] -- Added test 'lint_cmake' to check CMake code style
[2.301s] -- Added test 'xmllint' to check XML markup files
[2.308s] -- Configuring done
[2.406s] -- Generating done
[2.413s] -- Build files have been written to: /home/donjoe/Documents/MagangBanyubramanta_DanielAdhitthana/build/interfaces
[2.468s] [  2%] [34m[1mGenerating C code for ROS interfaces[0m
[2.493s] [  5%] [34m[1mGenerating C++ code for ROS interfaces[0m
[2.590s] [  5%] Built target ament_cmake_python_copy_interfaces
[3.505s] running egg_info
[3.510s] writing interfaces.egg-info/PKG-INFO
[3.512s] writing dependency_links to interfaces.egg-info/dependency_links.txt
[3.515s] writing top-level names to interfaces.egg-info/top_level.txt
[3.539s] reading manifest file 'interfaces.egg-info/SOURCES.txt'
[3.541s] writing manifest file 'interfaces.egg-info/SOURCES.txt'
[3.642s] [  5%] Built target ament_cmake_python_build_interfaces_egg
[3.959s] [35m[1mConsolidate compiler generated dependencies of target interfaces__rosidl_generator_c[0m
[3.993s] [  7%] [32mBuilding C object CMakeFiles/interfaces__rosidl_generator_c.dir/rosidl_generator_c/interfaces/msg/detail/object__functions.c.o[0m
[4.002s] [ 10%] [32mBuilding C object CMakeFiles/interfaces__rosidl_generator_c.dir/rosidl_generator_c/interfaces/msg/detail/motion__functions.c.o[0m
[4.161s] [ 10%] Built target interfaces__cpp
[4.208s] [ 12%] [34m[1mGenerating C++ type support dispatch for ROS interfaces[0m
[4.218s] [ 15%] [34m[1mGenerating C++ type support for eProsima Fast-RTPS[0m
[4.459s] [ 17%] [34m[1mGenerating C++ introspection for ROS interfaces[0m
[4.477s] [ 20%] [32m[1mLinking C shared library libinterfaces__rosidl_generator_c.so[0m
[4.738s] [ 20%] Built target interfaces__rosidl_generator_c
[4.884s] [ 23%] [34m[1mGenerating C type support for eProsima Fast-RTPS[0m
[6.213s] [35m[1mConsolidate compiler generated dependencies of target interfaces__rosidl_typesupport_fastrtps_cpp[0m
[6.309s] [ 25%] [32mBuilding CXX object CMakeFiles/interfaces__rosidl_typesupport_fastrtps_cpp.dir/rosidl_typesupport_fastrtps_cpp/interfaces/msg/detail/dds_fastrtps/motion__type_support.cpp.o[0m
[6.352s] [35m[1mConsolidate compiler generated dependencies of target interfaces__rosidl_typesupport_fastrtps_c[0m
[6.413s] [ 28%] [32mBuilding CXX object CMakeFiles/interfaces__rosidl_typesupport_fastrtps_c.dir/rosidl_typesupport_fastrtps_c/interfaces/msg/detail/motion__type_support_c.cpp.o[0m
[6.465s] [35m[1mConsolidate compiler generated dependencies of target interfaces__rosidl_typesupport_cpp[0m
[6.556s] [ 30%] [32mBuilding CXX object CMakeFiles/interfaces__rosidl_typesupport_cpp.dir/rosidl_typesupport_cpp/interfaces/msg/motion__type_support.cpp.o[0m
[6.746s] [35m[1mConsolidate compiler generated dependencies of target interfaces__rosidl_typesupport_introspection_cpp[0m
[6.801s] [ 33%] [32mBuilding CXX object CMakeFiles/interfaces__rosidl_typesupport_introspection_cpp.dir/rosidl_typesupport_introspection_cpp/interfaces/msg/detail/motion__type_support.cpp.o[0m
[8.109s] [ 35%] [32mBuilding CXX object CMakeFiles/interfaces__rosidl_typesupport_cpp.dir/rosidl_typesupport_cpp/interfaces/msg/object__type_support.cpp.o[0m
[8.476s] [ 38%] [32mBuilding CXX object CMakeFiles/interfaces__rosidl_typesupport_introspection_cpp.dir/rosidl_typesupport_introspection_cpp/interfaces/msg/detail/object__type_support.cpp.o[0m
[8.503s] [ 41%] [32mBuilding CXX object CMakeFiles/interfaces__rosidl_typesupport_fastrtps_c.dir/rosidl_typesupport_fastrtps_c/interfaces/msg/detail/object__type_support_c.cpp.o[0m
[8.529s] [ 43%] [32mBuilding CXX object CMakeFiles/interfaces__rosidl_typesupport_fastrtps_cpp.dir/rosidl_typesupport_fastrtps_cpp/interfaces/msg/detail/dds_fastrtps/object__type_support.cpp.o[0m
[8.981s] [ 46%] [32m[1mLinking CXX shared library libinterfaces__rosidl_typesupport_cpp.so[0m
[9.256s] [ 46%] Built target interfaces__rosidl_typesupport_cpp
[9.364s] [ 48%] [34m[1mGenerating C introspection for ROS interfaces[0m
[9.884s] [ 51%] [32m[1mLinking CXX shared library libinterfaces__rosidl_typesupport_fastrtps_cpp.so[0m
[10.395s] [ 51%] Built target interfaces__rosidl_typesupport_fastrtps_cpp
[10.432s] [ 53%] [34m[1mGenerating C type support dispatch for ROS interfaces[0m
[10.493s] [ 56%] [32m[1mLinking CXX shared library libinterfaces__rosidl_typesupport_fastrtps_c.so[0m
[10.573s] [ 58%] [32m[1mLinking CXX shared library libinterfaces__rosidl_typesupport_introspection_cpp.so[0m
[10.922s] [ 58%] Built target interfaces__rosidl_typesupport_introspection_cpp
[10.951s] [35m[1mConsolidate compiler generated dependencies of target interfaces__rosidl_typesupport_introspection_c[0m
[10.990s] [ 58%] Built target interfaces__rosidl_typesupport_fastrtps_c
[11.005s] [ 61%] [32mBuilding C object CMakeFiles/interfaces__rosidl_typesupport_introspection_c.dir/rosidl_typesupport_introspection_c/interfaces/msg/detail/motion__type_support.c.o[0m
[11.024s] [ 64%] [32mBuilding C object CMakeFiles/interfaces__rosidl_typesupport_introspection_c.dir/rosidl_typesupport_introspection_c/interfaces/msg/detail/object__type_support.c.o[0m
[11.115s] [ 66%] [32m[1mLinking C shared library libinterfaces__rosidl_typesupport_introspection_c.so[0m
[11.178s] [ 66%] Built target interfaces__rosidl_typesupport_introspection_c
[11.488s] [35m[1mConsolidate compiler generated dependencies of target interfaces__rosidl_typesupport_c[0m
[11.515s] [ 69%] [32mBuilding CXX object CMakeFiles/interfaces__rosidl_typesupport_c.dir/rosidl_typesupport_c/interfaces/msg/motion__type_support.cpp.o[0m
[11.520s] [ 71%] [32mBuilding CXX object CMakeFiles/interfaces__rosidl_typesupport_c.dir/rosidl_typesupport_c/interfaces/msg/object__type_support.cpp.o[0m
[11.604s] [ 74%] [32m[1mLinking CXX shared library libinterfaces__rosidl_typesupport_c.so[0m
[11.674s] [ 74%] Built target interfaces__rosidl_typesupport_c
[11.716s] [ 74%] Built target interfaces
[11.753s] [ 76%] [34m[1mGenerating Python code for ROS interfaces[0m
[12.986s] [ 76%] Built target interfaces__py
[13.015s] [35m[1mConsolidate compiler generated dependencies of target interfaces__rosidl_generator_py[0m
[13.045s] [ 79%] [32mBuilding C object CMakeFiles/interfaces__rosidl_generator_py.dir/rosidl_generator_py/interfaces/msg/_motion_s.c.o[0m
[13.053s] [ 82%] [32mBuilding C object CMakeFiles/interfaces__rosidl_generator_py.dir/rosidl_generator_py/interfaces/msg/_object_s.c.o[0m
[13.436s] [ 84%] [32m[1mLinking C shared library rosidl_generator_py/interfaces/libinterfaces__rosidl_generator_py.so[0m
[13.514s] [ 84%] Built target interfaces__rosidl_generator_py
[13.542s] [35m[1mConsolidate compiler generated dependencies of target interfaces__rosidl_typesupport_fastrtps_c__pyext[0m
[13.545s] [35m[1mConsolidate compiler generated dependencies of target interfaces__rosidl_typesupport_introspection_c__pyext[0m
[13.551s] [35m[1mConsolidate compiler generated dependencies of target interfaces__rosidl_typesupport_c__pyext[0m
[13.581s] [ 87%] [32mBuilding C object CMakeFiles/interfaces__rosidl_typesupport_introspection_c__pyext.dir/rosidl_generator_py/interfaces/_interfaces_s.ep.rosidl_typesupport_introspection_c.c.o[0m
[13.591s] [ 89%] [32mBuilding C object CMakeFiles/interfaces__rosidl_typesupport_c__pyext.dir/rosidl_generator_py/interfaces/_interfaces_s.ep.rosidl_typesupport_c.c.o[0m
[13.642s] [ 92%] [32mBuilding C object CMakeFiles/interfaces__rosidl_typesupport_fastrtps_c__pyext.dir/rosidl_generator_py/interfaces/_interfaces_s.ep.rosidl_typesupport_fastrtps_c.c.o[0m
[14.117s] [ 94%] [32m[1mLinking C shared library rosidl_generator_py/interfaces/interfaces_s__rosidl_typesupport_introspection_c.cpython-310-x86_64-linux-gnu.so[0m
[14.176s] [ 97%] [32m[1mLinking C shared library rosidl_generator_py/interfaces/interfaces_s__rosidl_typesupport_c.cpython-310-x86_64-linux-gnu.so[0m
[14.202s] [100%] [32m[1mLinking C shared library rosidl_generator_py/interfaces/interfaces_s__rosidl_typesupport_fastrtps_c.cpython-310-x86_64-linux-gnu.so[0m
[14.218s] [100%] Built target interfaces__rosidl_typesupport_introspection_c__pyext
[14.289s] [100%] Built target interfaces__rosidl_typesupport_fastrtps_c__pyext
[14.295s] [100%] Built target interfaces__rosidl_typesupport_c__pyext
[14.327s] Invoked command in '/home/donjoe/Documents/MagangBanyubramanta_DanielAdhitthana/build/interfaces' returned '0': CMAKE_PREFIX_PATH=/opt/ros/humble /usr/bin/cmake --build /home/donjoe/Documents/MagangBanyubramanta_DanielAdhitthana/build/interfaces -- -j4 -l4
[14.519s] Invoking command in '/home/donjoe/Documents/MagangBanyubramanta_DanielAdhitthana/build/interfaces': CMAKE_PREFIX_PATH=/opt/ros/humble /usr/bin/cmake --install /home/donjoe/Documents/MagangBanyubramanta_DanielAdhitthana/build/interfaces
[14.535s] -- Install configuration: ""
[14.535s] -- Up-to-date: /home/donjoe/Documents/MagangBanyubramanta_DanielAdhitthana/install/interfaces/share/ament_index/resource_index/rosidl_interfaces/interfaces
[14.535s] -- Up-to-date: /home/donjoe/Documents/MagangBanyubramanta_DanielAdhitthana/install/interfaces/include/interfaces/interfaces
[14.536s] -- Up-to-date: /home/donjoe/Documents/MagangBanyubramanta_DanielAdhitthana/install/interfaces/include/interfaces/interfaces/msg
[14.536s] -- Installing: /home/donjoe/Documents/MagangBanyubramanta_DanielAdhitthana/install/interfaces/include/interfaces/interfaces/msg/motion.h
[14.537s] -- Up-to-date: /home/donjoe/Documents/MagangBanyubramanta_DanielAdhitthana/install/interfaces/include/interfaces/interfaces/msg/detail
[14.538s] -- Installing: /home/donjoe/Documents/MagangBanyubramanta_DanielAdhitthana/install/interfaces/include/interfaces/interfaces/msg/detail/object__struct.h
[14.538s] -- Installing: /home/donjoe/Documents/MagangBanyubramanta_DanielAdhitthana/install/interfaces/include/interfaces/interfaces/msg/detail/motion__type_support.h
[14.539s] -- Installing: /home/donjoe/Documents/MagangBanyubramanta_DanielAdhitthana/install/interfaces/include/interfaces/interfaces/msg/detail/motion__functions.c
[14.539s] -- Installing: /home/donjoe/Documents/MagangBanyubramanta_DanielAdhitthana/install/interfaces/include/interfaces/interfaces/msg/detail/object__functions.h
[14.539s] -- Installing: /home/donjoe/Documents/MagangBanyubramanta_DanielAdhitthana/install/interfaces/include/interfaces/interfaces/msg/detail/motion__struct.h
[14.540s] -- Installing: /home/donjoe/Documents/MagangBanyubramanta_DanielAdhitthana/install/interfaces/include/interfaces/interfaces/msg/detail/object__type_support.h
[14.540s] -- Installing: /home/donjoe/Documents/MagangBanyubramanta_DanielAdhitthana/install/interfaces/include/interfaces/interfaces/msg/detail/object__functions.c
[14.541s] -- Installing: /home/donjoe/Documents/MagangBanyubramanta_DanielAdhitthana/install/interfaces/include/interfaces/interfaces/msg/detail/motion__functions.h
[14.541s] -- Installing: /home/donjoe/Documents/MagangBanyubramanta_DanielAdhitthana/install/interfaces/include/interfaces/interfaces/msg/object.h
[14.542s] -- Up-to-date: /home/donjoe/Documents/MagangBanyubramanta_DanielAdhitthana/install/interfaces/include/interfaces/interfaces/msg/rosidl_generator_c__visibility_control.h
[14.542s] -- Up-to-date: /home/donjoe/Documents/MagangBanyubramanta_DanielAdhitthana/install/interfaces/share/interfaces/environment/library_path.sh
[14.542s] -- Installing: /home/donjoe/Documents/MagangBanyubramanta_DanielAdhitthana/install/interfaces/share/interfaces/environment/library_path.dsv
[14.544s] -- Installing: /home/donjoe/Documents/MagangBanyubramanta_DanielAdhitthana/install/interfaces/lib/libinterfaces__rosidl_generator_c.so
[14.545s] -- Set runtime path of "/home/donjoe/Documents/MagangBanyubramanta_DanielAdhitthana/install/interfaces/lib/libinterfaces__rosidl_generator_c.so" to ""
[14.545s] -- Up-to-date: /home/donjoe/Documents/MagangBanyubramanta_DanielAdhitthana/install/interfaces/include/interfaces/interfaces
[14.545s] -- Up-to-date: /home/donjoe/Documents/MagangBanyubramanta_DanielAdhitthana/install/interfaces/include/interfaces/interfaces/msg
[14.546s] -- Up-to-date: /home/donjoe/Documents/MagangBanyubramanta_DanielAdhitthana/install/interfaces/include/interfaces/interfaces/msg/detail
[14.546s] -- Installing: /home/donjoe/Documents/MagangBanyubramanta_DanielAdhitthana/install/interfaces/include/interfaces/interfaces/msg/detail/object__rosidl_typesupport_fastrtps_c.h
[14.547s] -- Installing: /home/donjoe/Documents/MagangBanyubramanta_DanielAdhitthana/install/interfaces/include/interfaces/interfaces/msg/detail/motion__rosidl_typesupport_fastrtps_c.h
[14.547s] -- Up-to-date: /home/donjoe/Documents/MagangBanyubramanta_DanielAdhitthana/install/interfaces/include/interfaces/interfaces/msg/rosidl_typesupport_fastrtps_c__visibility_control.h
[14.548s] -- Installing: /home/donjoe/Documents/MagangBanyubramanta_DanielAdhitthana/install/interfaces/lib/libinterfaces__rosidl_typesupport_fastrtps_c.so
[14.549s] -- Set runtime path of "/home/donjoe/Documents/MagangBanyubramanta_DanielAdhitthana/install/interfaces/lib/libinterfaces__rosidl_typesupport_fastrtps_c.so" to ""
[14.550s] -- Up-to-date: /home/donjoe/Documents/MagangBanyubramanta_DanielAdhitthana/install/interfaces/include/interfaces/interfaces
[14.550s] -- Up-to-date: /home/donjoe/Documents/MagangBanyubramanta_DanielAdhitthana/install/interfaces/include/interfaces/interfaces/msg
[14.550s] -- Up-to-date: /home/donjoe/Documents/MagangBanyubramanta_DanielAdhitthana/install/interfaces/include/interfaces/interfaces/msg/detail
[14.550s] -- Installing: /home/donjoe/Documents/MagangBanyubramanta_DanielAdhitthana/install/interfaces/include/interfaces/interfaces/msg/detail/motion__rosidl_typesupport_introspection_c.h
[14.551s] -- Installing: /home/donjoe/Documents/MagangBanyubramanta_DanielAdhitthana/install/interfaces/include/interfaces/interfaces/msg/detail/object__type_support.c
[14.552s] -- Installing: /home/donjoe/Documents/MagangBanyubramanta_DanielAdhitthana/install/interfaces/include/interfaces/interfaces/msg/detail/object__rosidl_typesupport_introspection_c.h
[14.552s] -- Installing: /home/donjoe/Documents/MagangBanyubramanta_DanielAdhitthana/install/interfaces/include/interfaces/interfaces/msg/detail/motion__type_support.c
[14.553s] -- Up-to-date: /home/donjoe/Documents/MagangBanyubramanta_DanielAdhitthana/install/interfaces/include/interfaces/interfaces/msg/rosidl_typesupport_introspection_c__visibility_control.h
[14.554s] -- Installing: /home/donjoe/Documents/MagangBanyubramanta_DanielAdhitthana/install/interfaces/lib/libinterfaces__rosidl_typesupport_introspection_c.so
[14.554s] -- Set runtime path of "/home/donjoe/Documents/MagangBanyubramanta_DanielAdhitthana/install/interfaces/lib/libinterfaces__rosidl_typesupport_introspection_c.so" to ""
[14.555s] -- Installing: /home/donjoe/Documents/MagangBanyubramanta_DanielAdhitthana/install/interfaces/lib/libinterfaces__rosidl_typesupport_c.so
[14.556s] -- Set runtime path of "/home/donjoe/Documents/MagangBanyubramanta_DanielAdhitthana/install/interfaces/lib/libinterfaces__rosidl_typesupport_c.so" to ""
[14.557s] -- Up-to-date: /home/donjoe/Documents/MagangBanyubramanta_DanielAdhitthana/install/interfaces/include/interfaces/interfaces
[14.557s] -- Up-to-date: /home/donjoe/Documents/MagangBanyubramanta_DanielAdhitthana/install/interfaces/include/interfaces/interfaces/msg
[14.557s] -- Installing: /home/donjoe/Documents/MagangBanyubramanta_DanielAdhitthana/install/interfaces/include/interfaces/interfaces/msg/object.hpp
[14.557s] -- Up-to-date: /home/donjoe/Documents/MagangBanyubramanta_DanielAdhitthana/install/interfaces/include/interfaces/interfaces/msg/detail
[14.557s] -- Installing: /home/donjoe/Documents/MagangBanyubramanta_DanielAdhitthana/install/interfaces/include/interfaces/interfaces/msg/detail/object__struct.hpp
[14.558s] -- Installing: /home/donjoe/Documents/MagangBanyubramanta_DanielAdhitthana/install/interfaces/include/interfaces/interfaces/msg/detail/motion__struct.hpp
[14.558s] -- Installing: /home/donjoe/Documents/MagangBanyubramanta_DanielAdhitthana/install/interfaces/include/interfaces/interfaces/msg/detail/motion__traits.hpp
[14.559s] -- Installing: /home/donjoe/Documents/MagangBanyubramanta_DanielAdhitthana/install/interfaces/include/interfaces/interfaces/msg/detail/object__builder.hpp
[14.559s] -- Installing: /home/donjoe/Documents/MagangBanyubramanta_DanielAdhitthana/install/interfaces/include/interfaces/interfaces/msg/detail/object__traits.hpp
[14.560s] -- Installing: /home/donjoe/Documents/MagangBanyubramanta_DanielAdhitthana/install/interfaces/include/interfaces/interfaces/msg/detail/motion__builder.hpp
[14.560s] -- Installing: /home/donjoe/Documents/MagangBanyubramanta_DanielAdhitthana/install/interfaces/include/interfaces/interfaces/msg/motion.hpp
[14.560s] -- Up-to-date: /home/donjoe/Documents/MagangBanyubramanta_DanielAdhitthana/install/interfaces/include/interfaces/interfaces
[14.560s] -- Up-to-date: /home/donjoe/Documents/MagangBanyubramanta_DanielAdhitthana/install/interfaces/include/interfaces/interfaces/msg
[14.561s] -- Up-to-date: /home/donjoe/Documents/MagangBanyubramanta_DanielAdhitthana/install/interfaces/include/interfaces/interfaces/msg/detail
[14.561s] -- Installing: /home/donjoe/Documents/MagangBanyubramanta_DanielAdhitthana/install/interfaces/include/interfaces/interfaces/msg/detail/object__rosidl_typesupport_fastrtps_cpp.hpp
[14.561s] -- Up-to-date: /home/donjoe/Documents/MagangBanyubramanta_DanielAdhitthana/install/interfaces/include/interfaces/interfaces/msg/detail/dds_fastrtps
[14.561s] -- Installing: /home/donjoe/Documents/MagangBanyubramanta_DanielAdhitthana/install/interfaces/include/interfaces/interfaces/msg/detail/motion__rosidl_typesupport_fastrtps_cpp.hpp
[14.561s] -- Up-to-date: /home/donjoe/Documents/MagangBanyubramanta_DanielAdhitthana/install/interfaces/include/interfaces/interfaces/msg/rosidl_typesupport_fastrtps_cpp__visibility_control.h
[14.563s] -- Installing: /home/donjoe/Documents/MagangBanyubramanta_DanielAdhitthana/install/interfaces/lib/libinterfaces__rosidl_typesupport_fastrtps_cpp.so
[14.564s] -- Set runtime path of "/home/donjoe/Documents/MagangBanyubramanta_DanielAdhitthana/install/interfaces/lib/libinterfaces__rosidl_typesupport_fastrtps_cpp.so" to ""
[14.565s] -- Up-to-date: /home/donjoe/Documents/MagangBanyubramanta_DanielAdhitthana/install/interfaces/include/interfaces/interfaces
[14.565s] -- Up-to-date: /home/donjoe/Documents/MagangBanyubramanta_DanielAdhitthana/install/interfaces/include/interfaces/interfaces/msg
[14.566s] -- Up-to-date: /home/donjoe/Documents/MagangBanyubramanta_DanielAdhitthana/install/interfaces/include/interfaces/interfaces/msg/detail
[14.566s] -- Installing: /home/donjoe/Documents/MagangBanyubramanta_DanielAdhitthana/install/interfaces/include/interfaces/interfaces/msg/detail/motion__type_support.cpp
[14.566s] -- Installing: /home/donjoe/Documents/MagangBanyubramanta_DanielAdhitthana/install/interfaces/include/interfaces/interfaces/msg/detail/object__rosidl_typesupport_introspection_cpp.hpp
[14.567s] -- Installing: /home/donjoe/Documents/MagangBanyubramanta_DanielAdhitthana/install/interfaces/include/interfaces/interfaces/msg/detail/motion__rosidl_typesupport_introspection_cpp.hpp
[14.567s] -- Installing: /home/donjoe/Documents/MagangBanyubramanta_DanielAdhitthana/install/interfaces/include/interfaces/interfaces/msg/detail/object__type_support.cpp
[14.568s] -- Installing: /home/donjoe/Documents/MagangBanyubramanta_DanielAdhitthana/install/interfaces/lib/libinterfaces__rosidl_typesupport_introspection_cpp.so
[14.569s] -- Set runtime path of "/home/donjoe/Documents/MagangBanyubramanta_DanielAdhitthana/install/interfaces/lib/libinterfaces__rosidl_typesupport_introspection_cpp.so" to ""
[14.571s] -- Installing: /home/donjoe/Documents/MagangBanyubramanta_DanielAdhitthana/install/interfaces/lib/libinterfaces__rosidl_typesupport_cpp.so
[14.571s] -- Set runtime path of "/home/donjoe/Documents/MagangBanyubramanta_DanielAdhitthana/install/interfaces/lib/libinterfaces__rosidl_typesupport_cpp.so" to ""
[14.571s] -- Up-to-date: /home/donjoe/Documents/MagangBanyubramanta_DanielAdhitthana/install/interfaces/share/interfaces/environment/pythonpath.sh
[14.572s] -- Installing: /home/donjoe/Documents/MagangBanyubramanta_DanielAdhitthana/install/interfaces/share/interfaces/environment/pythonpath.dsv
[14.572s] -- Up-to-date: /home/donjoe/Documents/MagangBanyubramanta_DanielAdhitthana/install/interfaces/local/lib/python3.10/dist-packages/interfaces-0.0.0-py3.10.egg-info
[14.572s] -- Installing: /home/donjoe/Documents/MagangBanyubramanta_DanielAdhitthana/install/interfaces/local/lib/python3.10/dist-packages/interfaces-0.0.0-py3.10.egg-info/PKG-INFO
[14.572s] -- Installing: /home/donjoe/Documents/MagangBanyubramanta_DanielAdhitthana/install/interfaces/local/lib/python3.10/dist-packages/interfaces-0.0.0-py3.10.egg-info/SOURCES.txt
[14.573s] -- Installing: /home/donjoe/Documents/MagangBanyubramanta_DanielAdhitthana/install/interfaces/local/lib/python3.10/dist-packages/interfaces-0.0.0-py3.10.egg-info/dependency_links.txt
[14.573s] -- Installing: /home/donjoe/Documents/MagangBanyubramanta_DanielAdhitthana/install/interfaces/local/lib/python3.10/dist-packages/interfaces-0.0.0-py3.10.egg-info/top_level.txt
[14.574s] -- Up-to-date: /home/donjoe/Documents/MagangBanyubramanta_DanielAdhitthana/install/interfaces/local/lib/python3.10/dist-packages/interfaces
[14.574s] -- Installing: /home/donjoe/Documents/MagangBanyubramanta_DanielAdhitthana/install/interfaces/local/lib/python3.10/dist-packages/interfaces/interfaces_s__rosidl_typesupport_fastrtps_c.cpython-310-x86_64-linux-gnu.so
[14.574s] -- Installing: /home/donjoe/Documents/MagangBanyubramanta_DanielAdhitthana/install/interfaces/local/lib/python3.10/dist-packages/interfaces/_interfaces_s.ep.rosidl_typesupport_c.c
[14.575s] -- Installing: /home/donjoe/Documents/MagangBanyubramanta_DanielAdhitthana/install/interfaces/local/lib/python3.10/dist-packages/interfaces/libinterfaces__rosidl_generator_py.so
[14.577s] -- Installing: /home/donjoe/Documents/MagangBanyubramanta_DanielAdhitthana/install/interfaces/local/lib/python3.10/dist-packages/interfaces/_interfaces_s.ep.rosidl_typesupport_introspection_c.c
[14.578s] -- Installing: /home/donjoe/Documents/MagangBanyubramanta_DanielAdhitthana/install/interfaces/local/lib/python3.10/dist-packages/interfaces/interfaces_s__rosidl_typesupport_introspection_c.cpython-310-x86_64-linux-gnu.so
[14.580s] -- Up-to-date: /home/donjoe/Documents/MagangBanyubramanta_DanielAdhitthana/install/interfaces/local/lib/python3.10/dist-packages/interfaces/msg
[14.580s] -- Installing: /home/donjoe/Documents/MagangBanyubramanta_DanielAdhitthana/install/interfaces/local/lib/python3.10/dist-packages/interfaces/msg/_object_s.c
[14.580s] -- Installing: /home/donjoe/Documents/MagangBanyubramanta_DanielAdhitthana/install/interfaces/local/lib/python3.10/dist-packages/interfaces/msg/_motion_s.c
[14.581s] -- Installing: /home/donjoe/Documents/MagangBanyubramanta_DanielAdhitthana/install/interfaces/local/lib/python3.10/dist-packages/interfaces/msg/_object.py
[14.581s] -- Installing: /home/donjoe/Documents/MagangBanyubramanta_DanielAdhitthana/install/interfaces/local/lib/python3.10/dist-packages/interfaces/msg/_motion.py
[14.581s] -- Installing: /home/donjoe/Documents/MagangBanyubramanta_DanielAdhitthana/install/interfaces/local/lib/python3.10/dist-packages/interfaces/msg/__init__.py
[14.581s] -- Installing: /home/donjoe/Documents/MagangBanyubramanta_DanielAdhitthana/install/interfaces/local/lib/python3.10/dist-packages/interfaces/interfaces_s__rosidl_typesupport_c.cpython-310-x86_64-linux-gnu.so
[14.581s] -- Installing: /home/donjoe/Documents/MagangBanyubramanta_DanielAdhitthana/install/interfaces/local/lib/python3.10/dist-packages/interfaces/__init__.py
[14.581s] -- Installing: /home/donjoe/Documents/MagangBanyubramanta_DanielAdhitthana/install/interfaces/local/lib/python3.10/dist-packages/interfaces/_interfaces_s.ep.rosidl_typesupport_fastrtps_c.c
[14.681s] Listing '/home/donjoe/Documents/MagangBanyubramanta_DanielAdhitthana/install/interfaces/local/lib/python3.10/dist-packages/interfaces'...
[14.682s] Compiling '/home/donjoe/Documents/MagangBanyubramanta_DanielAdhitthana/install/interfaces/local/lib/python3.10/dist-packages/interfaces/__init__.py'...
[14.682s] Listing '/home/donjoe/Documents/MagangBanyubramanta_DanielAdhitthana/install/interfaces/local/lib/python3.10/dist-packages/interfaces/msg'...
[14.682s] Compiling '/home/donjoe/Documents/MagangBanyubramanta_DanielAdhitthana/install/interfaces/local/lib/python3.10/dist-packages/interfaces/msg/__init__.py'...
[14.682s] Compiling '/home/donjoe/Documents/MagangBanyubramanta_DanielAdhitthana/install/interfaces/local/lib/python3.10/dist-packages/interfaces/msg/_motion.py'...
[14.682s] Compiling '/home/donjoe/Documents/MagangBanyubramanta_DanielAdhitthana/install/interfaces/local/lib/python3.10/dist-packages/interfaces/msg/_object.py'...
[14.692s] -- Installing: /home/donjoe/Documents/MagangBanyubramanta_DanielAdhitthana/install/interfaces/local/lib/python3.10/dist-packages/interfaces/interfaces_s__rosidl_typesupport_fastrtps_c.cpython-310-x86_64-linux-gnu.so
[14.693s] -- Set runtime path of "/home/donjoe/Documents/MagangBanyubramanta_DanielAdhitthana/install/interfaces/local/lib/python3.10/dist-packages/interfaces/interfaces_s__rosidl_typesupport_fastrtps_c.cpython-310-x86_64-linux-gnu.so" to ""
[14.693s] -- Installing: /home/donjoe/Documents/MagangBanyubramanta_DanielAdhitthana/install/interfaces/local/lib/python3.10/dist-packages/interfaces/interfaces_s__rosidl_typesupport_introspection_c.cpython-310-x86_64-linux-gnu.so
[14.694s] -- Set runtime path of "/home/donjoe/Documents/MagangBanyubramanta_DanielAdhitthana/install/interfaces/local/lib/python3.10/dist-packages/interfaces/interfaces_s__rosidl_typesupport_introspection_c.cpython-310-x86_64-linux-gnu.so" to ""
[14.695s] -- Installing: /home/donjoe/Documents/MagangBanyubramanta_DanielAdhitthana/install/interfaces/local/lib/python3.10/dist-packages/interfaces/interfaces_s__rosidl_typesupport_c.cpython-310-x86_64-linux-gnu.so
[14.696s] -- Set runtime path of "/home/donjoe/Documents/MagangBanyubramanta_DanielAdhitthana/install/interfaces/local/lib/python3.10/dist-packages/interfaces/interfaces_s__rosidl_typesupport_c.cpython-310-x86_64-linux-gnu.so" to ""
[14.697s] -- Installing: /home/donjoe/Documents/MagangBanyubramanta_DanielAdhitthana/install/interfaces/lib/libinterfaces__rosidl_generator_py.so
[14.698s] -- Set runtime path of "/home/donjoe/Documents/MagangBanyubramanta_DanielAdhitthana/install/interfaces/lib/libinterfaces__rosidl_generator_py.so" to ""
[14.698s] -- Up-to-date: /home/donjoe/Documents/MagangBanyubramanta_DanielAdhitthana/install/interfaces/share/interfaces/msg/Motion.idl
[14.698s] -- Installing: /home/donjoe/Documents/MagangBanyubramanta_DanielAdhitthana/install/interfaces/share/interfaces/msg/Object.idl
[14.699s] -- Up-to-date: /home/donjoe/Documents/MagangBanyubramanta_DanielAdhitthana/install/interfaces/share/interfaces/msg/Motion.msg
[14.699s] -- Installing: /home/donjoe/Documents/MagangBanyubramanta_DanielAdhitthana/install/interfaces/share/interfaces/msg/Object.msg
[14.699s] -- Up-to-date: /home/donjoe/Documents/MagangBanyubramanta_DanielAdhitthana/install/interfaces/share/ament_index/resource_index/package_run_dependencies/interfaces
[14.700s] -- Installing: /home/donjoe/Documents/MagangBanyubramanta_DanielAdhitthana/install/interfaces/share/ament_index/resource_index/parent_prefix_path/interfaces
[14.700s] -- Up-to-date: /home/donjoe/Documents/MagangBanyubramanta_DanielAdhitthana/install/interfaces/share/interfaces/environment/ament_prefix_path.sh
[14.700s] -- Installing: /home/donjoe/Documents/MagangBanyubramanta_DanielAdhitthana/install/interfaces/share/interfaces/environment/ament_prefix_path.dsv
[14.701s] -- Up-to-date: /home/donjoe/Documents/MagangBanyubramanta_DanielAdhitthana/install/interfaces/share/interfaces/environment/path.sh
[14.701s] -- Installing: /home/donjoe/Documents/MagangBanyubramanta_DanielAdhitthana/install/interfaces/share/interfaces/environment/path.dsv
[14.701s] -- Up-to-date: /home/donjoe/Documents/MagangBanyubramanta_DanielAdhitthana/install/interfaces/share/interfaces/local_setup.bash
[14.701s] -- Up-to-date: /home/donjoe/Documents/MagangBanyubramanta_DanielAdhitthana/install/interfaces/share/interfaces/local_setup.sh
[14.702s] -- Up-to-date: /home/donjoe/Documents/MagangBanyubramanta_DanielAdhitthana/install/interfaces/share/interfaces/local_setup.zsh
[14.702s] -- Installing: /home/donjoe/Documents/MagangBanyubramanta_DanielAdhitthana/install/interfaces/share/interfaces/local_setup.dsv
[14.702s] -- Installing: /home/donjoe/Documents/MagangBanyubramanta_DanielAdhitthana/install/interfaces/share/interfaces/package.dsv
[14.703s] -- Up-to-date: /home/donjoe/Documents/MagangBanyubramanta_DanielAdhitthana/install/interfaces/share/ament_index/resource_index/packages/interfaces
[14.704s] -- Up-to-date: /home/donjoe/Documents/MagangBanyubramanta_DanielAdhitthana/install/interfaces/share/interfaces/cmake/export_interfaces__rosidl_generator_cExport.cmake
[14.704s] -- Up-to-date: /home/donjoe/Documents/MagangBanyubramanta_DanielAdhitthana/install/interfaces/share/interfaces/cmake/export_interfaces__rosidl_generator_cExport-noconfig.cmake
[14.705s] -- Up-to-date: /home/donjoe/Documents/MagangBanyubramanta_DanielAdhitthana/install/interfaces/share/interfaces/cmake/export_interfaces__rosidl_typesupport_fastrtps_cExport.cmake
[14.705s] -- Up-to-date: /home/donjoe/Documents/MagangBanyubramanta_DanielAdhitthana/install/interfaces/share/interfaces/cmake/export_interfaces__rosidl_typesupport_fastrtps_cExport-noconfig.cmake
[14.706s] -- Up-to-date: /home/donjoe/Documents/MagangBanyubramanta_DanielAdhitthana/install/interfaces/share/interfaces/cmake/interfaces__rosidl_typesupport_introspection_cExport.cmake
[14.707s] -- Up-to-date: /home/donjoe/Documents/MagangBanyubramanta_DanielAdhitthana/install/interfaces/share/interfaces/cmake/interfaces__rosidl_typesupport_introspection_cExport-noconfig.cmake
[14.708s] -- Up-to-date: /home/donjoe/Documents/MagangBanyubramanta_DanielAdhitthana/install/interfaces/share/interfaces/cmake/interfaces__rosidl_typesupport_cExport.cmake
[14.708s] -- Up-to-date: /home/donjoe/Documents/MagangBanyubramanta_DanielAdhitthana/install/interfaces/share/interfaces/cmake/interfaces__rosidl_typesupport_cExport-noconfig.cmake
[14.709s] -- Up-to-date: /home/donjoe/Documents/MagangBanyubramanta_DanielAdhitthana/install/interfaces/share/interfaces/cmake/export_interfaces__rosidl_generator_cppExport.cmake
[14.714s] -- Up-to-date: /home/donjoe/Documents/MagangBanyubramanta_DanielAdhitthana/install/interfaces/share/interfaces/cmake/export_interfaces__rosidl_typesupport_fastrtps_cppExport.cmake
[14.714s] -- Up-to-date: /home/donjoe/Documents/MagangBanyubramanta_DanielAdhitthana/install/interfaces/share/interfaces/cmake/export_interfaces__rosidl_typesupport_fastrtps_cppExport-noconfig.cmake
[14.714s] -- Up-to-date: /home/donjoe/Documents/MagangBanyubramanta_DanielAdhitthana/install/interfaces/share/interfaces/cmake/interfaces__rosidl_typesupport_introspection_cppExport.cmake
[14.714s] -- Up-to-date: /home/donjoe/Documents/MagangBanyubramanta_DanielAdhitthana/install/interfaces/share/interfaces/cmake/interfaces__rosidl_typesupport_introspection_cppExport-noconfig.cmake
[14.715s] -- Up-to-date: /home/donjoe/Documents/MagangBanyubramanta_DanielAdhitthana/install/interfaces/share/interfaces/cmake/interfaces__rosidl_typesupport_cppExport.cmake
[14.715s] -- Up-to-date: /home/donjoe/Documents/MagangBanyubramanta_DanielAdhitthana/install/interfaces/share/interfaces/cmake/interfaces__rosidl_typesupport_cppExport-noconfig.cmake
[14.715s] -- Up-to-date: /home/donjoe/Documents/MagangBanyubramanta_DanielAdhitthana/install/interfaces/share/interfaces/cmake/export_interfaces__rosidl_generator_pyExport.cmake
[14.715s] -- Up-to-date: /home/donjoe/Documents/MagangBanyubramanta_DanielAdhitthana/install/interfaces/share/interfaces/cmake/export_interfaces__rosidl_generator_pyExport-noconfig.cmake
[14.715s] -- Up-to-date: /home/donjoe/Documents/MagangBanyubramanta_DanielAdhitthana/install/interfaces/share/interfaces/cmake/rosidl_cmake-extras.cmake
[14.715s] -- Up-to-date: /home/donjoe/Documents/MagangBanyubramanta_DanielAdhitthana/install/interfaces/share/interfaces/cmake/ament_cmake_export_include_directories-extras.cmake
[14.715s] -- Up-to-date: /home/donjoe/Documents/MagangBanyubramanta_DanielAdhitthana/install/interfaces/share/interfaces/cmake/ament_cmake_export_libraries-extras.cmake
[14.716s] -- Up-to-date: /home/donjoe/Documents/MagangBanyubramanta_DanielAdhitthana/install/interfaces/share/interfaces/cmake/ament_cmake_export_targets-extras.cmake
[14.716s] -- Up-to-date: /home/donjoe/Documents/MagangBanyubramanta_DanielAdhitthana/install/interfaces/share/interfaces/cmake/rosidl_cmake_export_typesupport_targets-extras.cmake
[14.716s] -- Up-to-date: /home/donjoe/Documents/MagangBanyubramanta_DanielAdhitthana/install/interfaces/share/interfaces/cmake/ament_cmake_export_dependencies-extras.cmake
[14.716s] -- Up-to-date: /home/donjoe/Documents/MagangBanyubramanta_DanielAdhitthana/install/interfaces/share/interfaces/cmake/rosidl_cmake_export_typesupport_libraries-extras.cmake
[14.716s] -- Up-to-date: /home/donjoe/Documents/MagangBanyubramanta_DanielAdhitthana/install/interfaces/share/interfaces/cmake/interfacesConfig.cmake
[14.732s] -- Up-to-date: /home/donjoe/Documents/MagangBanyubramanta_DanielAdhitthana/install/interfaces/share/interfaces/cmake/interfacesConfig-version.cmake
[14.732s] -- Up-to-date: /home/donjoe/Documents/MagangBanyubramanta_DanielAdhitthana/install/interfaces/share/interfaces/package.xml
[14.733s] Invoked command in '/home/donjoe/Documents/MagangBanyubramanta_DanielAdhitthana/build/interfaces' returned '0': CMAKE_PREFIX_PATH=/opt/ros/humble /usr/bin/cmake --install /home/donjoe/Documents/MagangBanyubramanta_DanielAdhitthana/build/interfaces
