[0.068s] Invoking command in '/home/donjoe/Documents/MagangBanyubramanta_DanielAdhitthana/matlab/custom/matlab_msg_gen/glnxa64/build/interfaces': PS1=(venv) VIRTUAL_ENV_PROMPT=(venv) /usr/local/MATLAB/R2023b/bin/glnxa64/cmake/bin/cmake /home/donjoe/Documents/MagangBanyubramanta_DanielAdhitthana/matlab/custom/matlab_msg_gen/glnxa64/src/interfaces -DCMAKE_BUILD_TYPE=Release -DCMAKE_SHARED_LINKER_FLAGS=-Wl,-no-as-needed -DBUILD_TESTING=OFF -DALIAS_ROS2_TF2=1 -DCMAKE_CXX_FLAGS_RELEASE=-O0 -G Ninja -DCMAKE_INSTALL_PREFIX=/home/donjoe/Documents/MagangBanyubramanta_DanielAdhitthana/matlab/custom/matlab_msg_gen/glnxa64/install
[0.275s] -- The C compiler identification is GNU 11.4.0
[0.383s] -- The CXX compiler identification is GNU 11.4.0
[0.407s] -- Detecting C compiler ABI info
[0.507s] -- Detecting C compiler ABI info - done
[0.525s] -- Check for working C compiler: /usr/bin/cc - skipped
[0.526s] -- Detecting C compile features
[0.527s] -- Detecting C compile features - done
[0.534s] -- Detecting CXX compiler ABI info
[0.651s] -- Detecting CXX compiler ABI info - done
[0.669s] -- Check for working CXX compiler: /usr/bin/c++ - skipped
[0.669s] -- Detecting CXX compile features
[0.670s] -- Detecting CXX compile features - done
[0.692s] -- Found ament_cmake: 1.3.3 (/usr/local/MATLAB/R2023b/sys/ros2/glnxa64/ros2/share/ament_cmake/cmake)
[2.243s] -- Found Python3: /home/donjoe/.matlab/R2023b/ros2/glnxa64/venv/bin/python3.10 (found version "3.10.12") found components: Interpreter 
[2.416s] -- Found ament_cmake_ros: 0.10.0 (/usr/local/MATLAB/R2023b/sys/ros2/glnxa64/ros2/share/ament_cmake_ros/cmake)
[2.437s] -- Found rosidl_typesupport_c: 2.0.0 (/usr/local/MATLAB/R2023b/sys/ros2/glnxa64/ros2/share/rosidl_typesupport_c/cmake)
[2.439s] -- Using all available rosidl_typesupport_c: rosidl_typesupport_fastrtps_c;rosidl_typesupport_introspection_c
[2.457s] -- Found rosidl_adapter: 3.1.4 (/usr/local/MATLAB/R2023b/sys/ros2/glnxa64/ros2/share/rosidl_adapter/cmake)
[2.582s] -- Found rosidl_typesupport_cpp: 2.0.0 (/usr/local/MATLAB/R2023b/sys/ros2/glnxa64/ros2/share/rosidl_typesupport_cpp/cmake)
[2.583s] -- Using all available rosidl_typesupport_cpp: rosidl_typesupport_fastrtps_cpp;rosidl_typesupport_introspection_cpp
[2.662s] -- Found rosidl_default_generators: 1.2.0 (/usr/local/MATLAB/R2023b/sys/ros2/glnxa64/ros2/share/rosidl_default_generators/cmake)
[2.671s] -- Found class_loader: 2.2.0 (/usr/local/MATLAB/R2023b/sys/ros2/glnxa64/ros2/share/class_loader/cmake)
[2.684s] -- Found rclcpp: 16.0.3 (/usr/local/MATLAB/R2023b/sys/ros2/glnxa64/ros2/share/rclcpp/cmake)
[2.887s] -- Found rmw_implementation_cmake: 6.1.1 (/usr/local/MATLAB/R2023b/sys/ros2/glnxa64/ros2/share/rmw_implementation_cmake/cmake)
[2.894s] -- Found rmw_fastrtps_cpp: 6.2.2 (/usr/local/MATLAB/R2023b/sys/ros2/glnxa64/ros2/share/rmw_fastrtps_cpp/cmake)
[3.065s] -- Found FastRTPS: /usr/local/MATLAB/R2023b/sys/ros2/glnxa64/ros2/include  
[3.133s] -- Using RMW implementation 'rmw_fastrtps_cpp' as default
[3.154s] -- Performing Test CMAKE_HAVE_LIBC_PTHREAD
[3.266s] -- Performing Test CMAKE_HAVE_LIBC_PTHREAD - Success
[3.268s] -- Found Threads: TRUE  
[3.960s] -- Using all available rosidl_typesupport_c: rosidl_typesupport_fastrtps_c;rosidl_typesupport_introspection_c
[4.131s] -- Using all available rosidl_typesupport_cpp: rosidl_typesupport_fastrtps_cpp;rosidl_typesupport_introspection_cpp
[4.152s] -- Configuring done
[4.192s] -- Generating done
[4.210s] -- Build files have been written to: /home/donjoe/Documents/MagangBanyubramanta_DanielAdhitthana/matlab/custom/matlab_msg_gen/glnxa64/build/interfaces
[4.225s] Invoked command in '/home/donjoe/Documents/MagangBanyubramanta_DanielAdhitthana/matlab/custom/matlab_msg_gen/glnxa64/build/interfaces' returned '0': PS1=(venv) VIRTUAL_ENV_PROMPT=(venv) /usr/local/MATLAB/R2023b/bin/glnxa64/cmake/bin/cmake /home/donjoe/Documents/MagangBanyubramanta_DanielAdhitthana/matlab/custom/matlab_msg_gen/glnxa64/src/interfaces -DCMAKE_BUILD_TYPE=Release -DCMAKE_SHARED_LINKER_FLAGS=-Wl,-no-as-needed -DBUILD_TESTING=OFF -DALIAS_ROS2_TF2=1 -DCMAKE_CXX_FLAGS_RELEASE=-O0 -G Ninja -DCMAKE_INSTALL_PREFIX=/home/donjoe/Documents/MagangBanyubramanta_DanielAdhitthana/matlab/custom/matlab_msg_gen/glnxa64/install
[4.229s] Invoking command in '/home/donjoe/Documents/MagangBanyubramanta_DanielAdhitthana/matlab/custom/matlab_msg_gen/glnxa64/build/interfaces': PS1=(venv) VIRTUAL_ENV_PROMPT=(venv) /usr/local/MATLAB/R2023b/bin/glnxa64/cmake/bin/cmake --build /home/donjoe/Documents/MagangBanyubramanta_DanielAdhitthana/matlab/custom/matlab_msg_gen/glnxa64/build/interfaces -- -j4 -l4
[4.666s] [1/24] Generating C++ code for ROS interfaces
[4.676s] [2/24] Generating C code for ROS interfaces
[4.962s] [3/24] Building C object CMakeFiles/interfaces__rosidl_generator_c.dir/rosidl_generator_c/interfaces/msg/detail/object__functions.c.o
[5.020s] [4/24] Linking C shared library libinterfaces__rosidl_generator_c.so
[5.323s] [5/24] Generating C++ introspection for ROS interfaces
[5.341s] [6/24] Generating C++ type support dispatch for ROS interfaces
[5.398s] [7/24] Generating C++ type support for eProsima Fast-RTPS
[5.768s] [8/24] Generating C type support for eProsima Fast-RTPS
[6.297s] [9/24] Building CXX object CMakeFiles/interfaces__rosidl_typesupport_cpp.dir/rosidl_typesupport_cpp/interfaces/msg/object__type_support.cpp.o
[6.539s] [10/24] Building CXX object CMakeFiles/interfaces__rosidl_typesupport_introspection_cpp.dir/rosidl_typesupport_introspection_cpp/interfaces/msg/detail/object__type_support.cpp.o
[6.613s] [11/24] Linking CXX shared library libinterfaces__rosidl_typesupport_cpp.so
[6.716s] [12/24] Building CXX object CMakeFiles/interfaces__rosidl_typesupport_fastrtps_cpp.dir/rosidl_typesupport_fastrtps_cpp/interfaces/msg/detail/dds_fastrtps/object__type_support.cpp.o
[6.737s] [13/24] Linking CXX shared library libinterfaces__rosidl_typesupport_introspection_cpp.so
[6.884s] [14/24] Linking CXX shared library libinterfaces__rosidl_typesupport_fastrtps_cpp.so
[7.006s] [15/24] Building CXX object CMakeFiles/interfaces__rosidl_typesupport_fastrtps_c.dir/rosidl_typesupport_fastrtps_c/interfaces/msg/detail/object__type_support_c.cpp.o
[7.164s] [16/24] Linking CXX shared library libinterfaces__rosidl_typesupport_fastrtps_c.so
[7.579s] [17/24] Generating C type support dispatch for ROS interfaces
[7.640s] [18/24] Generating C introspection for ROS interfaces
[7.642s] [19/24] Building CXX object CMakeFiles/interfaces__rosidl_typesupport_c.dir/rosidl_typesupport_c/interfaces/msg/object__type_support.cpp.o
[7.732s] [20/24] Building C object CMakeFiles/interfaces__rosidl_typesupport_introspection_c.dir/rosidl_typesupport_introspection_c/interfaces/msg/detail/object__type_support.c.o
[7.789s] [21/24] Linking CXX shared library libinterfaces__rosidl_typesupport_c.so
[7.794s] [22/24] Linking C shared library libinterfaces__rosidl_typesupport_introspection_c.so
[24.155s] [23/24] Building CXX object CMakeFiles/interfaces_matlab.dir/src/interfaces_Object_message.cpp.o
[25.044s] [24/24] Linking CXX shared library libinterfaces_matlab.so
[25.047s] Invoked command in '/home/donjoe/Documents/MagangBanyubramanta_DanielAdhitthana/matlab/custom/matlab_msg_gen/glnxa64/build/interfaces' returned '0': PS1=(venv) VIRTUAL_ENV_PROMPT=(venv) /usr/local/MATLAB/R2023b/bin/glnxa64/cmake/bin/cmake --build /home/donjoe/Documents/MagangBanyubramanta_DanielAdhitthana/matlab/custom/matlab_msg_gen/glnxa64/build/interfaces -- -j4 -l4
[25.082s] Invoking command in '/home/donjoe/Documents/MagangBanyubramanta_DanielAdhitthana/matlab/custom/matlab_msg_gen/glnxa64/build/interfaces': PS1=(venv) VIRTUAL_ENV_PROMPT=(venv) /usr/local/MATLAB/R2023b/bin/glnxa64/cmake/bin/cmake --install /home/donjoe/Documents/MagangBanyubramanta_DanielAdhitthana/matlab/custom/matlab_msg_gen/glnxa64/build/interfaces
[25.086s] -- Install configuration: "Release"
[25.087s] -- Installing: /home/donjoe/Documents/MagangBanyubramanta_DanielAdhitthana/matlab/custom/matlab_msg_gen/glnxa64/install/share/ament_index/resource_index/rosidl_interfaces/interfaces
[25.087s] -- Installing: /home/donjoe/Documents/MagangBanyubramanta_DanielAdhitthana/matlab/custom/matlab_msg_gen/glnxa64/install/include/interfaces/interfaces
[25.087s] -- Installing: /home/donjoe/Documents/MagangBanyubramanta_DanielAdhitthana/matlab/custom/matlab_msg_gen/glnxa64/install/include/interfaces/interfaces/msg
[25.088s] -- Installing: /home/donjoe/Documents/MagangBanyubramanta_DanielAdhitthana/matlab/custom/matlab_msg_gen/glnxa64/install/include/interfaces/interfaces/msg/detail
[25.088s] -- Installing: /home/donjoe/Documents/MagangBanyubramanta_DanielAdhitthana/matlab/custom/matlab_msg_gen/glnxa64/install/include/interfaces/interfaces/msg/detail/object__struct.h
[25.088s] -- Installing: /home/donjoe/Documents/MagangBanyubramanta_DanielAdhitthana/matlab/custom/matlab_msg_gen/glnxa64/install/include/interfaces/interfaces/msg/detail/object__functions.h
[25.088s] -- Installing: /home/donjoe/Documents/MagangBanyubramanta_DanielAdhitthana/matlab/custom/matlab_msg_gen/glnxa64/install/include/interfaces/interfaces/msg/detail/object__type_support.h
[25.089s] -- Installing: /home/donjoe/Documents/MagangBanyubramanta_DanielAdhitthana/matlab/custom/matlab_msg_gen/glnxa64/install/include/interfaces/interfaces/msg/detail/object__functions.c
[25.089s] -- Installing: /home/donjoe/Documents/MagangBanyubramanta_DanielAdhitthana/matlab/custom/matlab_msg_gen/glnxa64/install/include/interfaces/interfaces/msg/object.h
[25.089s] -- Installing: /home/donjoe/Documents/MagangBanyubramanta_DanielAdhitthana/matlab/custom/matlab_msg_gen/glnxa64/install/include/interfaces/interfaces/msg/rosidl_generator_c__visibility_control.h
[25.089s] -- Installing: /home/donjoe/Documents/MagangBanyubramanta_DanielAdhitthana/matlab/custom/matlab_msg_gen/glnxa64/install/share/interfaces/environment/library_path.sh
[25.090s] -- Installing: /home/donjoe/Documents/MagangBanyubramanta_DanielAdhitthana/matlab/custom/matlab_msg_gen/glnxa64/install/share/interfaces/environment/library_path.dsv
[25.090s] -- Installing: /home/donjoe/Documents/MagangBanyubramanta_DanielAdhitthana/matlab/custom/matlab_msg_gen/glnxa64/install/lib/libinterfaces__rosidl_generator_c.so
[25.090s] -- Up-to-date: /home/donjoe/Documents/MagangBanyubramanta_DanielAdhitthana/matlab/custom/matlab_msg_gen/glnxa64/install/include/interfaces/interfaces
[25.091s] -- Up-to-date: /home/donjoe/Documents/MagangBanyubramanta_DanielAdhitthana/matlab/custom/matlab_msg_gen/glnxa64/install/include/interfaces/interfaces/msg
[25.091s] -- Up-to-date: /home/donjoe/Documents/MagangBanyubramanta_DanielAdhitthana/matlab/custom/matlab_msg_gen/glnxa64/install/include/interfaces/interfaces/msg/detail
[25.091s] -- Installing: /home/donjoe/Documents/MagangBanyubramanta_DanielAdhitthana/matlab/custom/matlab_msg_gen/glnxa64/install/include/interfaces/interfaces/msg/detail/object__rosidl_typesupport_fastrtps_c.h
[25.091s] -- Installing: /home/donjoe/Documents/MagangBanyubramanta_DanielAdhitthana/matlab/custom/matlab_msg_gen/glnxa64/install/include/interfaces/interfaces/msg/rosidl_typesupport_fastrtps_c__visibility_control.h
[25.091s] -- Installing: /home/donjoe/Documents/MagangBanyubramanta_DanielAdhitthana/matlab/custom/matlab_msg_gen/glnxa64/install/lib/libinterfaces__rosidl_typesupport_fastrtps_c.so
[25.092s] -- Up-to-date: /home/donjoe/Documents/MagangBanyubramanta_DanielAdhitthana/matlab/custom/matlab_msg_gen/glnxa64/install/include/interfaces/interfaces
[25.092s] -- Up-to-date: /home/donjoe/Documents/MagangBanyubramanta_DanielAdhitthana/matlab/custom/matlab_msg_gen/glnxa64/install/include/interfaces/interfaces/msg
[25.092s] -- Up-to-date: /home/donjoe/Documents/MagangBanyubramanta_DanielAdhitthana/matlab/custom/matlab_msg_gen/glnxa64/install/include/interfaces/interfaces/msg/detail
[25.092s] -- Installing: /home/donjoe/Documents/MagangBanyubramanta_DanielAdhitthana/matlab/custom/matlab_msg_gen/glnxa64/install/include/interfaces/interfaces/msg/detail/object__type_support.c
[25.092s] -- Installing: /home/donjoe/Documents/MagangBanyubramanta_DanielAdhitthana/matlab/custom/matlab_msg_gen/glnxa64/install/include/interfaces/interfaces/msg/detail/object__rosidl_typesupport_introspection_c.h
[25.093s] -- Installing: /home/donjoe/Documents/MagangBanyubramanta_DanielAdhitthana/matlab/custom/matlab_msg_gen/glnxa64/install/include/interfaces/interfaces/msg/rosidl_typesupport_introspection_c__visibility_control.h
[25.093s] -- Installing: /home/donjoe/Documents/MagangBanyubramanta_DanielAdhitthana/matlab/custom/matlab_msg_gen/glnxa64/install/lib/libinterfaces__rosidl_typesupport_introspection_c.so
[25.093s] -- Installing: /home/donjoe/Documents/MagangBanyubramanta_DanielAdhitthana/matlab/custom/matlab_msg_gen/glnxa64/install/lib/libinterfaces__rosidl_typesupport_c.so
[25.093s] -- Up-to-date: /home/donjoe/Documents/MagangBanyubramanta_DanielAdhitthana/matlab/custom/matlab_msg_gen/glnxa64/install/include/interfaces/interfaces
[25.093s] -- Up-to-date: /home/donjoe/Documents/MagangBanyubramanta_DanielAdhitthana/matlab/custom/matlab_msg_gen/glnxa64/install/include/interfaces/interfaces/msg
[25.094s] -- Installing: /home/donjoe/Documents/MagangBanyubramanta_DanielAdhitthana/matlab/custom/matlab_msg_gen/glnxa64/install/include/interfaces/interfaces/msg/object.hpp
[25.094s] -- Up-to-date: /home/donjoe/Documents/MagangBanyubramanta_DanielAdhitthana/matlab/custom/matlab_msg_gen/glnxa64/install/include/interfaces/interfaces/msg/detail
[25.094s] -- Installing: /home/donjoe/Documents/MagangBanyubramanta_DanielAdhitthana/matlab/custom/matlab_msg_gen/glnxa64/install/include/interfaces/interfaces/msg/detail/object__struct.hpp
[25.094s] -- Installing: /home/donjoe/Documents/MagangBanyubramanta_DanielAdhitthana/matlab/custom/matlab_msg_gen/glnxa64/install/include/interfaces/interfaces/msg/detail/object__builder.hpp
[25.095s] -- Installing: /home/donjoe/Documents/MagangBanyubramanta_DanielAdhitthana/matlab/custom/matlab_msg_gen/glnxa64/install/include/interfaces/interfaces/msg/detail/object__traits.hpp
[25.095s] -- Up-to-date: /home/donjoe/Documents/MagangBanyubramanta_DanielAdhitthana/matlab/custom/matlab_msg_gen/glnxa64/install/include/interfaces/interfaces
[25.095s] -- Up-to-date: /home/donjoe/Documents/MagangBanyubramanta_DanielAdhitthana/matlab/custom/matlab_msg_gen/glnxa64/install/include/interfaces/interfaces/msg
[25.095s] -- Up-to-date: /home/donjoe/Documents/MagangBanyubramanta_DanielAdhitthana/matlab/custom/matlab_msg_gen/glnxa64/install/include/interfaces/interfaces/msg/detail
[25.095s] -- Installing: /home/donjoe/Documents/MagangBanyubramanta_DanielAdhitthana/matlab/custom/matlab_msg_gen/glnxa64/install/include/interfaces/interfaces/msg/detail/object__rosidl_typesupport_fastrtps_cpp.hpp
[25.096s] -- Installing: /home/donjoe/Documents/MagangBanyubramanta_DanielAdhitthana/matlab/custom/matlab_msg_gen/glnxa64/install/include/interfaces/interfaces/msg/detail/dds_fastrtps
[25.096s] -- Installing: /home/donjoe/Documents/MagangBanyubramanta_DanielAdhitthana/matlab/custom/matlab_msg_gen/glnxa64/install/include/interfaces/interfaces/msg/rosidl_typesupport_fastrtps_cpp__visibility_control.h
[25.096s] -- Installing: /home/donjoe/Documents/MagangBanyubramanta_DanielAdhitthana/matlab/custom/matlab_msg_gen/glnxa64/install/lib/libinterfaces__rosidl_typesupport_fastrtps_cpp.so
[25.096s] -- Up-to-date: /home/donjoe/Documents/MagangBanyubramanta_DanielAdhitthana/matlab/custom/matlab_msg_gen/glnxa64/install/include/interfaces/interfaces
[25.097s] -- Up-to-date: /home/donjoe/Documents/MagangBanyubramanta_DanielAdhitthana/matlab/custom/matlab_msg_gen/glnxa64/install/include/interfaces/interfaces/msg
[25.097s] -- Up-to-date: /home/donjoe/Documents/MagangBanyubramanta_DanielAdhitthana/matlab/custom/matlab_msg_gen/glnxa64/install/include/interfaces/interfaces/msg/detail
[25.097s] -- Installing: /home/donjoe/Documents/MagangBanyubramanta_DanielAdhitthana/matlab/custom/matlab_msg_gen/glnxa64/install/include/interfaces/interfaces/msg/detail/object__rosidl_typesupport_introspection_cpp.hpp
[25.097s] -- Installing: /home/donjoe/Documents/MagangBanyubramanta_DanielAdhitthana/matlab/custom/matlab_msg_gen/glnxa64/install/include/interfaces/interfaces/msg/detail/object__type_support.cpp
[25.097s] -- Installing: /home/donjoe/Documents/MagangBanyubramanta_DanielAdhitthana/matlab/custom/matlab_msg_gen/glnxa64/install/lib/libinterfaces__rosidl_typesupport_introspection_cpp.so
[25.098s] -- Installing: /home/donjoe/Documents/MagangBanyubramanta_DanielAdhitthana/matlab/custom/matlab_msg_gen/glnxa64/install/lib/libinterfaces__rosidl_typesupport_cpp.so
[25.098s] -- Installing: /home/donjoe/Documents/MagangBanyubramanta_DanielAdhitthana/matlab/custom/matlab_msg_gen/glnxa64/install/share/interfaces/msg/Object.idl
[25.098s] -- Installing: /home/donjoe/Documents/MagangBanyubramanta_DanielAdhitthana/matlab/custom/matlab_msg_gen/glnxa64/install/share/interfaces/msg/Object.msg
[25.098s] -- Up-to-date: /home/donjoe/Documents/MagangBanyubramanta_DanielAdhitthana/matlab/custom/matlab_msg_gen/glnxa64/install/include
[25.098s] -- Up-to-date: /home/donjoe/Documents/MagangBanyubramanta_DanielAdhitthana/matlab/custom/matlab_msg_gen/glnxa64/install/include/interfaces
[25.099s] -- Installing: /home/donjoe/Documents/MagangBanyubramanta_DanielAdhitthana/matlab/custom/matlab_msg_gen/glnxa64/install/include/interfaces/visibility_control.h
[25.099s] -- Installing: /home/donjoe/Documents/MagangBanyubramanta_DanielAdhitthana/matlab/custom/matlab_msg_gen/glnxa64/install/lib/libinterfaces_matlab.so
[25.108s] -- Installing: /home/donjoe/Documents/MagangBanyubramanta_DanielAdhitthana/matlab/custom/matlab_msg_gen/glnxa64/install/m/
[25.108s] -- Installing: /home/donjoe/Documents/MagangBanyubramanta_DanielAdhitthana/matlab/custom/matlab_msg_gen/glnxa64/install/m//+ros
[25.108s] -- Installing: /home/donjoe/Documents/MagangBanyubramanta_DanielAdhitthana/matlab/custom/matlab_msg_gen/glnxa64/install/m//+ros/+internal
[25.109s] -- Installing: /home/donjoe/Documents/MagangBanyubramanta_DanielAdhitthana/matlab/custom/matlab_msg_gen/glnxa64/install/m//+ros/+internal/+ros2
[25.109s] -- Installing: /home/donjoe/Documents/MagangBanyubramanta_DanielAdhitthana/matlab/custom/matlab_msg_gen/glnxa64/install/m//+ros/+internal/+ros2/+custommessages
[25.109s] -- Installing: /home/donjoe/Documents/MagangBanyubramanta_DanielAdhitthana/matlab/custom/matlab_msg_gen/glnxa64/install/m//+ros/+internal/+ros2/+custommessages/+interfaces
[25.109s] -- Installing: /home/donjoe/Documents/MagangBanyubramanta_DanielAdhitthana/matlab/custom/matlab_msg_gen/glnxa64/install/m//+ros/+internal/+ros2/+custommessages/+interfaces/interfaces_msg_Object_1To2_Converter.m
[25.109s] -- Installing: /home/donjoe/Documents/MagangBanyubramanta_DanielAdhitthana/matlab/custom/matlab_msg_gen/glnxa64/install/m//+ros/+internal/+ros2/+custommessages/+interfaces/interfaces_msg_Object_2To1_Converter.m
[25.109s] -- Installing: /home/donjoe/Documents/MagangBanyubramanta_DanielAdhitthana/matlab/custom/matlab_msg_gen/glnxa64/install/m//+ros/+internal/+ros2/+custommessages/+interfaces/object.m
[25.110s] -- Installing: /home/donjoe/Documents/MagangBanyubramanta_DanielAdhitthana/matlab/custom/matlab_msg_gen/glnxa64/install/share/ament_index/resource_index/package_run_dependencies/interfaces
[25.110s] -- Installing: /home/donjoe/Documents/MagangBanyubramanta_DanielAdhitthana/matlab/custom/matlab_msg_gen/glnxa64/install/share/ament_index/resource_index/parent_prefix_path/interfaces
[25.110s] -- Installing: /home/donjoe/Documents/MagangBanyubramanta_DanielAdhitthana/matlab/custom/matlab_msg_gen/glnxa64/install/share/interfaces/environment/ament_prefix_path.sh
[25.111s] -- Installing: /home/donjoe/Documents/MagangBanyubramanta_DanielAdhitthana/matlab/custom/matlab_msg_gen/glnxa64/install/share/interfaces/environment/ament_prefix_path.dsv
[25.111s] -- Installing: /home/donjoe/Documents/MagangBanyubramanta_DanielAdhitthana/matlab/custom/matlab_msg_gen/glnxa64/install/share/interfaces/environment/path.sh
[25.111s] -- Installing: /home/donjoe/Documents/MagangBanyubramanta_DanielAdhitthana/matlab/custom/matlab_msg_gen/glnxa64/install/share/interfaces/environment/path.dsv
[25.111s] -- Installing: /home/donjoe/Documents/MagangBanyubramanta_DanielAdhitthana/matlab/custom/matlab_msg_gen/glnxa64/install/share/interfaces/local_setup.bash
[25.112s] -- Installing: /home/donjoe/Documents/MagangBanyubramanta_DanielAdhitthana/matlab/custom/matlab_msg_gen/glnxa64/install/share/interfaces/local_setup.sh
[25.112s] -- Installing: /home/donjoe/Documents/MagangBanyubramanta_DanielAdhitthana/matlab/custom/matlab_msg_gen/glnxa64/install/share/interfaces/local_setup.zsh
[25.112s] -- Installing: /home/donjoe/Documents/MagangBanyubramanta_DanielAdhitthana/matlab/custom/matlab_msg_gen/glnxa64/install/share/interfaces/local_setup.dsv
[25.112s] -- Installing: /home/donjoe/Documents/MagangBanyubramanta_DanielAdhitthana/matlab/custom/matlab_msg_gen/glnxa64/install/share/interfaces/package.dsv
[25.113s] -- Installing: /home/donjoe/Documents/MagangBanyubramanta_DanielAdhitthana/matlab/custom/matlab_msg_gen/glnxa64/install/share/ament_index/resource_index/packages/interfaces
[25.113s] -- Installing: /home/donjoe/Documents/MagangBanyubramanta_DanielAdhitthana/matlab/custom/matlab_msg_gen/glnxa64/install/share/interfaces/cmake/export_interfaces__rosidl_generator_cExport.cmake
[25.113s] -- Installing: /home/donjoe/Documents/MagangBanyubramanta_DanielAdhitthana/matlab/custom/matlab_msg_gen/glnxa64/install/share/interfaces/cmake/export_interfaces__rosidl_generator_cExport-release.cmake
[25.114s] -- Installing: /home/donjoe/Documents/MagangBanyubramanta_DanielAdhitthana/matlab/custom/matlab_msg_gen/glnxa64/install/share/interfaces/cmake/export_interfaces__rosidl_typesupport_fastrtps_cExport.cmake
[25.114s] -- Installing: /home/donjoe/Documents/MagangBanyubramanta_DanielAdhitthana/matlab/custom/matlab_msg_gen/glnxa64/install/share/interfaces/cmake/export_interfaces__rosidl_typesupport_fastrtps_cExport-release.cmake
[25.114s] -- Installing: /home/donjoe/Documents/MagangBanyubramanta_DanielAdhitthana/matlab/custom/matlab_msg_gen/glnxa64/install/share/interfaces/cmake/interfaces__rosidl_typesupport_introspection_cExport.cmake
[25.114s] -- Installing: /home/donjoe/Documents/MagangBanyubramanta_DanielAdhitthana/matlab/custom/matlab_msg_gen/glnxa64/install/share/interfaces/cmake/interfaces__rosidl_typesupport_introspection_cExport-release.cmake
[25.115s] -- Installing: /home/donjoe/Documents/MagangBanyubramanta_DanielAdhitthana/matlab/custom/matlab_msg_gen/glnxa64/install/share/interfaces/cmake/interfaces__rosidl_typesupport_cExport.cmake
[25.115s] -- Installing: /home/donjoe/Documents/MagangBanyubramanta_DanielAdhitthana/matlab/custom/matlab_msg_gen/glnxa64/install/share/interfaces/cmake/interfaces__rosidl_typesupport_cExport-release.cmake
[25.115s] -- Installing: /home/donjoe/Documents/MagangBanyubramanta_DanielAdhitthana/matlab/custom/matlab_msg_gen/glnxa64/install/share/interfaces/cmake/export_interfaces__rosidl_generator_cppExport.cmake
[25.116s] -- Installing: /home/donjoe/Documents/MagangBanyubramanta_DanielAdhitthana/matlab/custom/matlab_msg_gen/glnxa64/install/share/interfaces/cmake/export_interfaces__rosidl_typesupport_fastrtps_cppExport.cmake
[25.116s] -- Installing: /home/donjoe/Documents/MagangBanyubramanta_DanielAdhitthana/matlab/custom/matlab_msg_gen/glnxa64/install/share/interfaces/cmake/export_interfaces__rosidl_typesupport_fastrtps_cppExport-release.cmake
[25.116s] -- Installing: /home/donjoe/Documents/MagangBanyubramanta_DanielAdhitthana/matlab/custom/matlab_msg_gen/glnxa64/install/share/interfaces/cmake/interfaces__rosidl_typesupport_introspection_cppExport.cmake
[25.116s] -- Installing: /home/donjoe/Documents/MagangBanyubramanta_DanielAdhitthana/matlab/custom/matlab_msg_gen/glnxa64/install/share/interfaces/cmake/interfaces__rosidl_typesupport_introspection_cppExport-release.cmake
[25.117s] -- Installing: /home/donjoe/Documents/MagangBanyubramanta_DanielAdhitthana/matlab/custom/matlab_msg_gen/glnxa64/install/share/interfaces/cmake/interfaces__rosidl_typesupport_cppExport.cmake
[25.117s] -- Installing: /home/donjoe/Documents/MagangBanyubramanta_DanielAdhitthana/matlab/custom/matlab_msg_gen/glnxa64/install/share/interfaces/cmake/interfaces__rosidl_typesupport_cppExport-release.cmake
[25.117s] -- Installing: /home/donjoe/Documents/MagangBanyubramanta_DanielAdhitthana/matlab/custom/matlab_msg_gen/glnxa64/install/share/interfaces/cmake/rosidl_cmake-extras.cmake
[25.117s] -- Installing: /home/donjoe/Documents/MagangBanyubramanta_DanielAdhitthana/matlab/custom/matlab_msg_gen/glnxa64/install/share/interfaces/cmake/ament_cmake_export_include_directories-extras.cmake
[25.118s] -- Installing: /home/donjoe/Documents/MagangBanyubramanta_DanielAdhitthana/matlab/custom/matlab_msg_gen/glnxa64/install/share/interfaces/cmake/ament_cmake_export_libraries-extras.cmake
[25.118s] -- Installing: /home/donjoe/Documents/MagangBanyubramanta_DanielAdhitthana/matlab/custom/matlab_msg_gen/glnxa64/install/share/interfaces/cmake/ament_cmake_export_targets-extras.cmake
[25.118s] -- Installing: /home/donjoe/Documents/MagangBanyubramanta_DanielAdhitthana/matlab/custom/matlab_msg_gen/glnxa64/install/share/interfaces/cmake/rosidl_cmake_export_typesupport_targets-extras.cmake
[25.118s] -- Installing: /home/donjoe/Documents/MagangBanyubramanta_DanielAdhitthana/matlab/custom/matlab_msg_gen/glnxa64/install/share/interfaces/cmake/ament_cmake_export_dependencies-extras.cmake
[25.119s] -- Installing: /home/donjoe/Documents/MagangBanyubramanta_DanielAdhitthana/matlab/custom/matlab_msg_gen/glnxa64/install/share/interfaces/cmake/rosidl_cmake_export_typesupport_libraries-extras.cmake
[25.119s] -- Installing: /home/donjoe/Documents/MagangBanyubramanta_DanielAdhitthana/matlab/custom/matlab_msg_gen/glnxa64/install/share/interfaces/cmake/interfacesConfig.cmake
[25.119s] -- Installing: /home/donjoe/Documents/MagangBanyubramanta_DanielAdhitthana/matlab/custom/matlab_msg_gen/glnxa64/install/share/interfaces/cmake/interfacesConfig-version.cmake
[25.119s] -- Installing: /home/donjoe/Documents/MagangBanyubramanta_DanielAdhitthana/matlab/custom/matlab_msg_gen/glnxa64/install/share/interfaces/package.xml
[25.125s] Invoked command in '/home/donjoe/Documents/MagangBanyubramanta_DanielAdhitthana/matlab/custom/matlab_msg_gen/glnxa64/build/interfaces' returned '0': PS1=(venv) VIRTUAL_ENV_PROMPT=(venv) /usr/local/MATLAB/R2023b/bin/glnxa64/cmake/bin/cmake --install /home/donjoe/Documents/MagangBanyubramanta_DanielAdhitthana/matlab/custom/matlab_msg_gen/glnxa64/build/interfaces
