[35m[1mConsolidate compiler generated dependencies of target controller__rosidl_generator_c[0m
[  3%] Built target controller__cpp
[ 12%] Built target controller__rosidl_generator_c
[ 12%] Built target ament_cmake_python_copy_controller
[35m[1mConsolidate compiler generated dependencies of target controller__rosidl_typesupport_cpp[0m
[35m[1mConsolidate compiler generated dependencies of target controller__rosidl_typesupport_introspection_cpp[0m
[35m[1mConsolidate compiler generated dependencies of target controller__rosidl_typesupport_fastrtps_c[0m
[35m[1mConsolidate compiler generated dependencies of target controller__rosidl_typesupport_fastrtps_cpp[0m
[ 21%] Built target controller__rosidl_typesupport_introspection_cpp
[ 30%] Built target controller__rosidl_typesupport_cpp
[ 39%] Built target controller__rosidl_typesupport_fastrtps_cpp
[ 48%] Built target controller__rosidl_typesupport_fastrtps_c
[35m[1mConsolidate compiler generated dependencies of target controller__rosidl_typesupport_introspection_c[0m
[35m[1mConsolidate compiler generated dependencies of target controller__rosidl_typesupport_c[0m
[ 57%] Built target controller__rosidl_typesupport_introspection_c
[ 66%] Built target controller__rosidl_typesupport_c
[35m[1mConsolidate compiler generated dependencies of target ctrl[0m
[ 69%] [32mBuilding CXX object CMakeFiles/ctrl.dir/src/controller.cpp.o[0m
[ 69%] Built target controller
[ 72%] Built target controller__py
[35m[1mConsolidate compiler generated dependencies of target controller__rosidl_generator_py[0m
[ 78%] Built target controller__rosidl_generator_py
[35m[1mConsolidate compiler generated dependencies of target controller__rosidl_typesupport_introspection_c__pyext[0m
[ 84%] Built target controller__rosidl_typesupport_introspection_c__pyext
[35m[1mConsolidate compiler generated dependencies of target controller__rosidl_typesupport_fastrtps_c__pyext[0m
[ 90%] Built target controller__rosidl_typesupport_fastrtps_c__pyext
[35m[1mConsolidate compiler generated dependencies of target controller__rosidl_typesupport_c__pyext[0m
[ 96%] Built target controller__rosidl_typesupport_c__pyext
running egg_info
writing controller.egg-info/PKG-INFO
writing dependency_links to controller.egg-info/dependency_links.txt
writing top-level names to controller.egg-info/top_level.txt
reading manifest file 'controller.egg-info/SOURCES.txt'
writing manifest file 'controller.egg-info/SOURCES.txt'
[ 96%] Built target ament_cmake_python_build_controller_egg
