[1.215s] DEBUG:colcon:Command line arguments: ['/usr/bin/colcon', 'build']
[1.215s] DEBUG:colcon:Parsed command line arguments: Namespace(log_base=None, log_level=None, verb_name='build', build_base='build', install_base='install', merge_install=False, symlink_install=False, test_result_base=None, continue_on_error=False, executor='parallel', parallel_workers=4, event_handlers=None, ignore_user_meta=False, metas=['./colcon.meta'], base_paths=['.'], packages_ignore=None, packages_ignore_regex=None, paths=None, packages_up_to=None, packages_up_to_regex=None, packages_above=None, packages_above_and_dependencies=None, packages_above_depth=None, packages_select_by_dep=None, packages_skip_by_dep=None, packages_skip_up_to=None, packages_select_build_failed=False, packages_skip_build_finished=False, packages_select_test_failures=False, packages_skip_test_passed=False, packages_select=None, packages_skip=None, packages_select_regex=None, packages_skip_regex=None, packages_start=None, packages_end=None, allow_overriding=[], cmake_args=None, cmake_target=None, cmake_target_skip_unavailable=False, cmake_clean_cache=False, cmake_clean_first=False, cmake_force_configure=False, ament_cmake_args=None, catkin_cmake_args=None, catkin_skip_building_tests=False, verb_parser=<colcon_defaults.argument_parser.defaults.DefaultArgumentsDecorator object at 0x7fc52aff9ff0>, verb_extension=<colcon_core.verb.build.BuildVerb object at 0x7fc52b047eb0>, main=<bound method BuildVerb.main of <colcon_core.verb.build.BuildVerb object at 0x7fc52b047eb0>>)
[1.297s] Level 1:colcon.colcon_core.package_discovery:discover_packages(colcon_meta) check parameters
[1.297s] Level 1:colcon.colcon_core.package_discovery:discover_packages(recursive) check parameters
[1.297s] Level 1:colcon.colcon_core.package_discovery:discover_packages(ignore) check parameters
[1.297s] Level 1:colcon.colcon_core.package_discovery:discover_packages(path) check parameters
[1.297s] Level 1:colcon.colcon_core.package_discovery:discover_packages(colcon_meta) discover
[1.297s] Level 1:colcon.colcon_core.package_discovery:discover_packages(recursive) discover
[1.297s] INFO:colcon.colcon_core.package_discovery:Crawling recursively for packages in '/home/donjoe/MagangBanyubramanta_DanielAdhitthana'
[1.297s] Level 1:colcon.colcon_core.package_identification:_identify(.) by extensions ['ignore', 'ignore_ament_install']
[1.298s] Level 1:colcon.colcon_core.package_identification:_identify(.) by extension 'ignore'
[1.298s] Level 1:colcon.colcon_core.package_identification:_identify(.) by extension 'ignore_ament_install'
[1.298s] Level 1:colcon.colcon_core.package_identification:_identify(.) by extensions ['colcon_pkg']
[1.298s] Level 1:colcon.colcon_core.package_identification:_identify(.) by extension 'colcon_pkg'
[1.298s] Level 1:colcon.colcon_core.package_identification:_identify(.) by extensions ['colcon_meta']
[1.298s] Level 1:colcon.colcon_core.package_identification:_identify(.) by extension 'colcon_meta'
[1.298s] Level 1:colcon.colcon_core.package_identification:_identify(.) by extensions ['ros']
[1.298s] Level 1:colcon.colcon_core.package_identification:_identify(.) by extension 'ros'
[1.308s] Level 1:colcon.colcon_core.package_identification:_identify(.) by extensions ['cmake', 'python']
[1.309s] Level 1:colcon.colcon_core.package_identification:_identify(.) by extension 'cmake'
[1.309s] Level 1:colcon.colcon_core.package_identification:_identify(.) by extension 'python'
[1.309s] Level 1:colcon.colcon_core.package_identification:_identify(.) by extensions ['python_setup_py']
[1.309s] Level 1:colcon.colcon_core.package_identification:_identify(.) by extension 'python_setup_py'
[1.309s] Level 1:colcon.colcon_core.package_identification:_identify(build) by extensions ['ignore', 'ignore_ament_install']
[1.309s] Level 1:colcon.colcon_core.package_identification:_identify(build) by extension 'ignore'
[1.309s] Level 1:colcon.colcon_core.package_identification:_identify(build) ignored
[1.309s] Level 1:colcon.colcon_core.package_identification:_identify(install) by extensions ['ignore', 'ignore_ament_install']
[1.309s] Level 1:colcon.colcon_core.package_identification:_identify(install) by extension 'ignore'
[1.309s] Level 1:colcon.colcon_core.package_identification:_identify(install) ignored
[1.309s] Level 1:colcon.colcon_core.package_identification:_identify(log) by extensions ['ignore', 'ignore_ament_install']
[1.309s] Level 1:colcon.colcon_core.package_identification:_identify(log) by extension 'ignore'
[1.309s] Level 1:colcon.colcon_core.package_identification:_identify(log) ignored
[1.309s] Level 1:colcon.colcon_core.package_identification:_identify(src) by extensions ['ignore', 'ignore_ament_install']
[1.309s] Level 1:colcon.colcon_core.package_identification:_identify(src) by extension 'ignore'
[1.310s] Level 1:colcon.colcon_core.package_identification:_identify(src) by extension 'ignore_ament_install'
[1.310s] Level 1:colcon.colcon_core.package_identification:_identify(src) by extensions ['colcon_pkg']
[1.310s] Level 1:colcon.colcon_core.package_identification:_identify(src) by extension 'colcon_pkg'
[1.310s] Level 1:colcon.colcon_core.package_identification:_identify(src) by extensions ['colcon_meta']
[1.310s] Level 1:colcon.colcon_core.package_identification:_identify(src) by extension 'colcon_meta'
[1.310s] Level 1:colcon.colcon_core.package_identification:_identify(src) by extensions ['ros']
[1.310s] Level 1:colcon.colcon_core.package_identification:_identify(src) by extension 'ros'
[1.310s] Level 1:colcon.colcon_core.package_identification:_identify(src) by extensions ['cmake', 'python']
[1.310s] Level 1:colcon.colcon_core.package_identification:_identify(src) by extension 'cmake'
[1.310s] Level 1:colcon.colcon_core.package_identification:_identify(src) by extension 'python'
[1.310s] Level 1:colcon.colcon_core.package_identification:_identify(src) by extensions ['python_setup_py']
[1.310s] Level 1:colcon.colcon_core.package_identification:_identify(src) by extension 'python_setup_py'
[1.310s] Level 1:colcon.colcon_core.package_identification:_identify(src/controller) by extensions ['ignore', 'ignore_ament_install']
[1.310s] Level 1:colcon.colcon_core.package_identification:_identify(src/controller) by extension 'ignore'
[1.310s] Level 1:colcon.colcon_core.package_identification:_identify(src/controller) by extension 'ignore_ament_install'
[1.310s] Level 1:colcon.colcon_core.package_identification:_identify(src/controller) by extensions ['colcon_pkg']
[1.310s] Level 1:colcon.colcon_core.package_identification:_identify(src/controller) by extension 'colcon_pkg'
[1.310s] Level 1:colcon.colcon_core.package_identification:_identify(src/controller) by extensions ['colcon_meta']
[1.311s] Level 1:colcon.colcon_core.package_identification:_identify(src/controller) by extension 'colcon_meta'
[1.311s] Level 1:colcon.colcon_core.package_identification:_identify(src/controller) by extensions ['ros']
[1.311s] Level 1:colcon.colcon_core.package_identification:_identify(src/controller) by extension 'ros'
[1.312s] DEBUG:colcon.colcon_core.package_identification:Package 'src/controller' with type 'ros.ament_cmake' and name 'controller'
[1.313s] Level 1:colcon.colcon_core.package_identification:_identify(src/msg) by extensions ['ignore', 'ignore_ament_install']
[1.313s] Level 1:colcon.colcon_core.package_identification:_identify(src/msg) by extension 'ignore'
[1.313s] Level 1:colcon.colcon_core.package_identification:_identify(src/msg) by extension 'ignore_ament_install'
[1.313s] Level 1:colcon.colcon_core.package_identification:_identify(src/msg) by extensions ['colcon_pkg']
[1.313s] Level 1:colcon.colcon_core.package_identification:_identify(src/msg) by extension 'colcon_pkg'
[1.313s] Level 1:colcon.colcon_core.package_identification:_identify(src/msg) by extensions ['colcon_meta']
[1.313s] Level 1:colcon.colcon_core.package_identification:_identify(src/msg) by extension 'colcon_meta'
[1.313s] Level 1:colcon.colcon_core.package_identification:_identify(src/msg) by extensions ['ros']
[1.313s] Level 1:colcon.colcon_core.package_identification:_identify(src/msg) by extension 'ros'
[1.313s] Level 1:colcon.colcon_core.package_identification:_identify(src/msg) by extensions ['cmake', 'python']
[1.313s] Level 1:colcon.colcon_core.package_identification:_identify(src/msg) by extension 'cmake'
[1.313s] Level 1:colcon.colcon_core.package_identification:_identify(src/msg) by extension 'python'
[1.313s] Level 1:colcon.colcon_core.package_identification:_identify(src/msg) by extensions ['python_setup_py']
[1.313s] Level 1:colcon.colcon_core.package_identification:_identify(src/msg) by extension 'python_setup_py'
[1.313s] Level 1:colcon.colcon_core.package_discovery:discover_packages(recursive) using defaults
[1.313s] Level 1:colcon.colcon_core.package_discovery:discover_packages(ignore) discover
[1.313s] Level 1:colcon.colcon_core.package_discovery:discover_packages(ignore) using defaults
[1.313s] Level 1:colcon.colcon_core.package_discovery:discover_packages(path) discover
[1.313s] Level 1:colcon.colcon_core.package_discovery:discover_packages(path) using defaults
[1.404s] Level 1:colcon.colcon_core.package_discovery:discover_packages(prefix_path) check parameters
[1.404s] Level 1:colcon.colcon_core.package_discovery:discover_packages(prefix_path) discover
[1.432s] DEBUG:colcon.colcon_installed_package_information.package_discovery:Found 8 installed packages in /home/donjoe/ros2_ws/install
[1.443s] DEBUG:colcon.colcon_installed_package_information.package_discovery:Found 270 installed packages in /opt/ros/humble
[1.444s] Level 1:colcon.colcon_core.package_discovery:discover_packages(prefix_path) using defaults
[1.589s] Level 5:colcon.colcon_core.verb:set package 'controller' build argument 'cmake_args' from command line to 'None'
[1.589s] Level 5:colcon.colcon_core.verb:set package 'controller' build argument 'cmake_target' from command line to 'None'
[1.590s] Level 5:colcon.colcon_core.verb:set package 'controller' build argument 'cmake_target_skip_unavailable' from command line to 'False'
[1.590s] Level 5:colcon.colcon_core.verb:set package 'controller' build argument 'cmake_clean_cache' from command line to 'False'
[1.590s] Level 5:colcon.colcon_core.verb:set package 'controller' build argument 'cmake_clean_first' from command line to 'False'
[1.590s] Level 5:colcon.colcon_core.verb:set package 'controller' build argument 'cmake_force_configure' from command line to 'False'
[1.590s] Level 5:colcon.colcon_core.verb:set package 'controller' build argument 'ament_cmake_args' from command line to 'None'
[1.590s] Level 5:colcon.colcon_core.verb:set package 'controller' build argument 'catkin_cmake_args' from command line to 'None'
[1.590s] Level 5:colcon.colcon_core.verb:set package 'controller' build argument 'catkin_skip_building_tests' from command line to 'False'
[1.590s] DEBUG:colcon.colcon_core.verb:Building package 'controller' with the following arguments: {'ament_cmake_args': None, 'build_base': '/home/donjoe/MagangBanyubramanta_DanielAdhitthana/build/controller', 'catkin_cmake_args': None, 'catkin_skip_building_tests': False, 'cmake_args': None, 'cmake_clean_cache': False, 'cmake_clean_first': False, 'cmake_force_configure': False, 'cmake_target': None, 'cmake_target_skip_unavailable': False, 'install_base': '/home/donjoe/MagangBanyubramanta_DanielAdhitthana/install/controller', 'merge_install': False, 'path': '/home/donjoe/MagangBanyubramanta_DanielAdhitthana/src/controller', 'symlink_install': False, 'test_result_base': None}
[1.601s] INFO:colcon.colcon_core.executor:Executing jobs using 'parallel' executor
[1.614s] DEBUG:colcon.colcon_parallel_executor.executor.parallel:run_until_complete
[1.616s] INFO:colcon.colcon_ros.task.ament_cmake.build:Building ROS package in '/home/donjoe/MagangBanyubramanta_DanielAdhitthana/src/controller' with build type 'ament_cmake'
[1.616s] INFO:colcon.colcon_cmake.task.cmake.build:Building CMake package in '/home/donjoe/MagangBanyubramanta_DanielAdhitthana/src/controller'
[1.640s] INFO:colcon.colcon_core.plugin_system:Skipping extension 'colcon_core.shell.bat': Not used on non-Windows systems
[1.640s] INFO:colcon.colcon_core.shell:Skip shell extension 'powershell' for command environment: Not usable outside of PowerShell
[1.640s] DEBUG:colcon.colcon_core.shell:Skip shell extension 'dsv' for command environment
[1.703s] DEBUG:colcon.colcon_core.event_handler.log_command:Invoking command in '/home/donjoe/MagangBanyubramanta_DanielAdhitthana/build/controller': CMAKE_PREFIX_PATH=${CMAKE_PREFIX_PATH}:/opt/ros/humble /usr/bin/cmake /home/donjoe/MagangBanyubramanta_DanielAdhitthana/src/controller -DCMAKE_INSTALL_PREFIX=/home/donjoe/MagangBanyubramanta_DanielAdhitthana/install/controller
[12.672s] DEBUG:colcon.colcon_core.event_handler.log_command:Invoked command in '/home/donjoe/MagangBanyubramanta_DanielAdhitthana/build/controller' returned '1': CMAKE_PREFIX_PATH=${CMAKE_PREFIX_PATH}:/opt/ros/humble /usr/bin/cmake /home/donjoe/MagangBanyubramanta_DanielAdhitthana/src/controller -DCMAKE_INSTALL_PREFIX=/home/donjoe/MagangBanyubramanta_DanielAdhitthana/install/controller
[12.682s] Level 1:colcon.colcon_core.environment:create_environment_scripts_only(controller)
[12.703s] Level 1:colcon.colcon_core.environment:checking '/home/donjoe/MagangBanyubramanta_DanielAdhitthana/install/controller' for CMake module files
[12.704s] Level 1:colcon.colcon_core.environment:checking '/home/donjoe/MagangBanyubramanta_DanielAdhitthana/install/controller' for CMake config files
[12.704s] Level 1:colcon.colcon_core.environment:checking '/home/donjoe/MagangBanyubramanta_DanielAdhitthana/install/controller/bin'
[12.704s] Level 1:colcon.colcon_core.environment:checking '/home/donjoe/MagangBanyubramanta_DanielAdhitthana/install/controller/lib/pkgconfig/controller.pc'
[12.704s] Level 1:colcon.colcon_core.environment:checking '/home/donjoe/MagangBanyubramanta_DanielAdhitthana/install/controller/lib/python3.10/site-packages'
[12.704s] Level 1:colcon.colcon_core.environment:checking '/home/donjoe/MagangBanyubramanta_DanielAdhitthana/install/controller/bin'
[12.713s] INFO:colcon.colcon_core.shell:Creating package script '/home/donjoe/MagangBanyubramanta_DanielAdhitthana/install/controller/share/controller/package.ps1'
[12.716s] INFO:colcon.colcon_core.shell:Creating package descriptor '/home/donjoe/MagangBanyubramanta_DanielAdhitthana/install/controller/share/controller/package.dsv'
[12.717s] INFO:colcon.colcon_core.shell:Creating package script '/home/donjoe/MagangBanyubramanta_DanielAdhitthana/install/controller/share/controller/package.sh'
[12.720s] INFO:colcon.colcon_core.shell:Creating package script '/home/donjoe/MagangBanyubramanta_DanielAdhitthana/install/controller/share/controller/package.bash'
[12.722s] INFO:colcon.colcon_core.shell:Creating package script '/home/donjoe/MagangBanyubramanta_DanielAdhitthana/install/controller/share/controller/package.zsh'
[12.724s] Level 1:colcon.colcon_core.environment:create_file_with_runtime_dependencies(/home/donjoe/MagangBanyubramanta_DanielAdhitthana/install/controller/share/colcon-core/packages/controller)
[12.735s] DEBUG:colcon.colcon_parallel_executor.executor.parallel:closing loop
[12.735s] DEBUG:colcon.colcon_parallel_executor.executor.parallel:loop closed
[12.735s] DEBUG:colcon.colcon_parallel_executor.executor.parallel:run_until_complete finished with '1'
[12.735s] DEBUG:colcon.colcon_core.event_reactor:joining thread
[12.833s] INFO:colcon.colcon_core.plugin_system:Skipping extension 'colcon_notification.desktop_notification.notify_send': Could not find 'notify-send'
[12.834s] INFO:colcon.colcon_core.plugin_system:Skipping extension 'colcon_notification.desktop_notification.terminal_notifier': Not used on non-Darwin systems
[12.834s] INFO:colcon.colcon_core.plugin_system:Skipping extension 'colcon_notification.desktop_notification.win32': Not used on non-Windows systems
[12.834s] INFO:colcon.colcon_notification.desktop_notification:Sending desktop notification using 'notify2'
[12.836s] DEBUG:colcon.colcon_notification.desktop_notification.notify2:Failed to initialize notify2: org.freedesktop.DBus.Error.FileNotFound: Failed to connect to socket /run/user/1000/bus: No such file or directory
[12.836s] DEBUG:colcon.colcon_core.event_reactor:joined thread
[12.847s] INFO:colcon.colcon_core.shell:Creating prefix script '/home/donjoe/MagangBanyubramanta_DanielAdhitthana/install/local_setup.ps1'
[12.848s] INFO:colcon.colcon_core.shell:Creating prefix util module '/home/donjoe/MagangBanyubramanta_DanielAdhitthana/install/_local_setup_util_ps1.py'
[12.850s] INFO:colcon.colcon_core.shell:Creating prefix chain script '/home/donjoe/MagangBanyubramanta_DanielAdhitthana/install/setup.ps1'
[12.863s] INFO:colcon.colcon_core.shell:Creating prefix script '/home/donjoe/MagangBanyubramanta_DanielAdhitthana/install/local_setup.sh'
[12.865s] INFO:colcon.colcon_core.shell:Creating prefix util module '/home/donjoe/MagangBanyubramanta_DanielAdhitthana/install/_local_setup_util_sh.py'
[12.865s] INFO:colcon.colcon_core.shell:Creating prefix chain script '/home/donjoe/MagangBanyubramanta_DanielAdhitthana/install/setup.sh'
[12.876s] INFO:colcon.colcon_core.shell:Creating prefix script '/home/donjoe/MagangBanyubramanta_DanielAdhitthana/install/local_setup.bash'
[12.877s] INFO:colcon.colcon_core.shell:Creating prefix chain script '/home/donjoe/MagangBanyubramanta_DanielAdhitthana/install/setup.bash'
[12.887s] INFO:colcon.colcon_core.shell:Creating prefix script '/home/donjoe/MagangBanyubramanta_DanielAdhitthana/install/local_setup.zsh'
[12.888s] INFO:colcon.colcon_core.shell:Creating prefix chain script '/home/donjoe/MagangBanyubramanta_DanielAdhitthana/install/setup.zsh'
