[0.209s] Invoking command in '/home/donjoe/Documents/MagangBanyubramanta_DanielAdhitthana/build/yolo': CMAKE_PREFIX_PATH=/home/donjoe/Documents/MagangBanyubramanta_DanielAdhitthana/install/interfaces:/home/donjoe/Documents/MagangBanyubramanta_DanielAdhitthana/install/yolo:/home/donjoe/Documents/MagangBanyubramanta_DanielAdhitthana/install/camera:/home/donjoe/Documents/MagangBanyubramanta_DanielAdhitthana/install/controller:/opt/ros/humble LD_LIBRARY_PATH=/home/donjoe/Documents/MagangBanyubramanta_DanielAdhitthana/install/interfaces/lib:/home/donjoe/Documents/MagangBanyubramanta_DanielAdhitthana/install/camera/lib:/home/donjoe/Documents/MagangBanyubramanta_DanielAdhitthana/install/controller/lib:/opt/ros/humble/opt/rviz_ogre_vendor/lib:/opt/ros/humble/lib/x86_64-linux-gnu:/opt/ros/humble/lib /usr/bin/cmake --build /home/donjoe/Documents/MagangBanyubramanta_DanielAdhitthana/build/yolo -- -j4 -l4
[0.321s] [35m[1mConsolidate compiler generated dependencies of target node[0m
[0.380s] [ 50%] [32mBuilding CXX object CMakeFiles/node.dir/src/node.cpp.o[0m
[7.650s] [01m[K/home/donjoe/Documents/MagangBanyubramanta_DanielAdhitthana/src/yolo/src/node.cpp:[m[K In member function ‘[01m[Kvoid YOLO::detect(const cv::Mat&)[m[K’:
[7.650s] [01m[K/home/donjoe/Documents/MagangBanyubramanta_DanielAdhitthana/src/yolo/src/node.cpp:97:39:[m[K [01;35m[Kwarning: [m[Kcomparison of integer expressions of different signedness: ‘[01m[Kint[m[K’ and ‘[01m[Kstd::vector<int>::size_type[m[K’ {aka ‘[01m[Klong unsigned int[m[K’} [[01;35m[K]8;;https://gcc.gnu.org/onlinedocs/gcc/Warning-Options.html#index-Wsign-compare-Wsign-compare]8;;[m[K]
[7.651s]    97 |         for (int i = 0, j = nms[i]; [01;35m[Ki < nms.size()[m[K; i++, j = nms[i])
[7.651s]       |                                     [01;35m[K~~^~~~~~~~~~~~[m[K
[14.651s] [100%] [32m[1mLinking CXX executable node[0m
[15.671s] [100%] Built target node
[15.704s] Invoked command in '/home/donjoe/Documents/MagangBanyubramanta_DanielAdhitthana/build/yolo' returned '0': CMAKE_PREFIX_PATH=/home/donjoe/Documents/MagangBanyubramanta_DanielAdhitthana/install/interfaces:/home/donjoe/Documents/MagangBanyubramanta_DanielAdhitthana/install/yolo:/home/donjoe/Documents/MagangBanyubramanta_DanielAdhitthana/install/camera:/home/donjoe/Documents/MagangBanyubramanta_DanielAdhitthana/install/controller:/opt/ros/humble LD_LIBRARY_PATH=/home/donjoe/Documents/MagangBanyubramanta_DanielAdhitthana/install/interfaces/lib:/home/donjoe/Documents/MagangBanyubramanta_DanielAdhitthana/install/camera/lib:/home/donjoe/Documents/MagangBanyubramanta_DanielAdhitthana/install/controller/lib:/opt/ros/humble/opt/rviz_ogre_vendor/lib:/opt/ros/humble/lib/x86_64-linux-gnu:/opt/ros/humble/lib /usr/bin/cmake --build /home/donjoe/Documents/MagangBanyubramanta_DanielAdhitthana/build/yolo -- -j4 -l4
[15.819s] Invoking command in '/home/donjoe/Documents/MagangBanyubramanta_DanielAdhitthana/build/yolo': CMAKE_PREFIX_PATH=/home/donjoe/Documents/MagangBanyubramanta_DanielAdhitthana/install/interfaces:/home/donjoe/Documents/MagangBanyubramanta_DanielAdhitthana/install/yolo:/home/donjoe/Documents/MagangBanyubramanta_DanielAdhitthana/install/camera:/home/donjoe/Documents/MagangBanyubramanta_DanielAdhitthana/install/controller:/opt/ros/humble LD_LIBRARY_PATH=/home/donjoe/Documents/MagangBanyubramanta_DanielAdhitthana/install/interfaces/lib:/home/donjoe/Documents/MagangBanyubramanta_DanielAdhitthana/install/camera/lib:/home/donjoe/Documents/MagangBanyubramanta_DanielAdhitthana/install/controller/lib:/opt/ros/humble/opt/rviz_ogre_vendor/lib:/opt/ros/humble/lib/x86_64-linux-gnu:/opt/ros/humble/lib /usr/bin/cmake --install /home/donjoe/Documents/MagangBanyubramanta_DanielAdhitthana/build/yolo
[15.843s] -- Install configuration: ""
[15.843s] -- Installing: /home/donjoe/Documents/MagangBanyubramanta_DanielAdhitthana/install/yolo/lib/yolo/node
[15.848s] -- Set runtime path of "/home/donjoe/Documents/MagangBanyubramanta_DanielAdhitthana/install/yolo/lib/yolo/node" to ""
[15.848s] -- Up-to-date: /home/donjoe/Documents/MagangBanyubramanta_DanielAdhitthana/install/yolo/share/ament_index/resource_index/package_run_dependencies/yolo
[15.848s] -- Up-to-date: /home/donjoe/Documents/MagangBanyubramanta_DanielAdhitthana/install/yolo/share/ament_index/resource_index/parent_prefix_path/yolo
[15.849s] -- Up-to-date: /home/donjoe/Documents/MagangBanyubramanta_DanielAdhitthana/install/yolo/share/yolo/environment/ament_prefix_path.sh
[15.849s] -- Up-to-date: /home/donjoe/Documents/MagangBanyubramanta_DanielAdhitthana/install/yolo/share/yolo/environment/ament_prefix_path.dsv
[15.849s] -- Up-to-date: /home/donjoe/Documents/MagangBanyubramanta_DanielAdhitthana/install/yolo/share/yolo/environment/path.sh
[15.849s] -- Up-to-date: /home/donjoe/Documents/MagangBanyubramanta_DanielAdhitthana/install/yolo/share/yolo/environment/path.dsv
[15.849s] -- Up-to-date: /home/donjoe/Documents/MagangBanyubramanta_DanielAdhitthana/install/yolo/share/yolo/local_setup.bash
[15.850s] -- Up-to-date: /home/donjoe/Documents/MagangBanyubramanta_DanielAdhitthana/install/yolo/share/yolo/local_setup.sh
[15.850s] -- Up-to-date: /home/donjoe/Documents/MagangBanyubramanta_DanielAdhitthana/install/yolo/share/yolo/local_setup.zsh
[15.850s] -- Up-to-date: /home/donjoe/Documents/MagangBanyubramanta_DanielAdhitthana/install/yolo/share/yolo/local_setup.dsv
[15.851s] -- Installing: /home/donjoe/Documents/MagangBanyubramanta_DanielAdhitthana/install/yolo/share/yolo/package.dsv
[15.851s] -- Up-to-date: /home/donjoe/Documents/MagangBanyubramanta_DanielAdhitthana/install/yolo/share/ament_index/resource_index/packages/yolo
[15.851s] -- Up-to-date: /home/donjoe/Documents/MagangBanyubramanta_DanielAdhitthana/install/yolo/share/yolo/cmake/yoloConfig.cmake
[15.852s] -- Up-to-date: /home/donjoe/Documents/MagangBanyubramanta_DanielAdhitthana/install/yolo/share/yolo/cmake/yoloConfig-version.cmake
[15.852s] -- Up-to-date: /home/donjoe/Documents/MagangBanyubramanta_DanielAdhitthana/install/yolo/share/yolo/package.xml
[15.872s] Invoked command in '/home/donjoe/Documents/MagangBanyubramanta_DanielAdhitthana/build/yolo' returned '0': CMAKE_PREFIX_PATH=/home/donjoe/Documents/MagangBanyubramanta_DanielAdhitthana/install/interfaces:/home/donjoe/Documents/MagangBanyubramanta_DanielAdhitthana/install/yolo:/home/donjoe/Documents/MagangBanyubramanta_DanielAdhitthana/install/camera:/home/donjoe/Documents/MagangBanyubramanta_DanielAdhitthana/install/controller:/opt/ros/humble LD_LIBRARY_PATH=/home/donjoe/Documents/MagangBanyubramanta_DanielAdhitthana/install/interfaces/lib:/home/donjoe/Documents/MagangBanyubramanta_DanielAdhitthana/install/camera/lib:/home/donjoe/Documents/MagangBanyubramanta_DanielAdhitthana/install/controller/lib:/opt/ros/humble/opt/rviz_ogre_vendor/lib:/opt/ros/humble/lib/x86_64-linux-gnu:/opt/ros/humble/lib /usr/bin/cmake --install /home/donjoe/Documents/MagangBanyubramanta_DanielAdhitthana/build/yolo
