[0.481s] Invoking command in '/home/donjoe/Documents/MagangBanyubramanta_DanielAdhitthana/build/camera': CMAKE_PREFIX_PATH=${CMAKE_PREFIX_PATH}:/opt/ros/humble /usr/bin/cmake --build /home/donjoe/Documents/MagangBanyubramanta_DanielAdhitthana/build/camera -- -j4 -l4
[0.597s] -- Found ament_cmake: 1.3.7 (/opt/ros/humble/share/ament_cmake/cmake)
[1.538s] -- Found rclcpp: 16.0.8 (/opt/ros/humble/share/rclcpp/cmake)
[1.693s] -- Found rosidl_generator_c: 3.1.5 (/opt/ros/humble/share/rosidl_generator_c/cmake)
[1.705s] -- Found rosidl_adapter: 3.1.5 (/opt/ros/humble/share/rosidl_adapter/cmake)
[1.734s] -- Found rosidl_generator_cpp: 3.1.5 (/opt/ros/humble/share/rosidl_generator_cpp/cmake)
[1.832s] -- Using all available rosidl_typesupport_c: rosidl_typesupport_fastrtps_c;rosidl_typesupport_introspection_c
[1.904s] -- Using all available rosidl_typesupport_cpp: rosidl_typesupport_fastrtps_cpp;rosidl_typesupport_introspection_cpp
[2.107s] -- Found rmw_implementation_cmake: 6.1.1 (/opt/ros/humble/share/rmw_implementation_cmake/cmake)
[2.110s] -- Found rmw_fastrtps_cpp: 6.2.6 (/opt/ros/humble/share/rmw_fastrtps_cpp/cmake)
[2.680s] -- Using RMW implementation 'rmw_fastrtps_cpp' as default
[3.274s] -- Found interfaces: 0.0.0 (/home/donjoe/Documents/MagangBanyubramanta_DanielAdhitthana/install/interfaces/share/interfaces/cmake)
[3.318s] -- Found ament_lint_auto: 0.12.10 (/opt/ros/humble/share/ament_lint_auto/cmake)
[3.521s] -- Added test 'cppcheck' to perform static code analysis on C / C++ code
[3.522s] -- Configured cppcheck include dirs: 
[3.522s] -- Configured cppcheck exclude dirs and/or files: 
[3.524s] -- Added test 'lint_cmake' to check CMake code style
[3.527s] -- Added test 'uncrustify' to check C / C++ code style
[3.529s] -- Configured uncrustify additional arguments: 
[3.529s] -- Added test 'xmllint' to check XML markup files
[3.532s] -- Configuring done
[3.567s] -- Generating done
[3.578s] -- Build files have been written to: /home/donjoe/Documents/MagangBanyubramanta_DanielAdhitthana/build/camera
[3.644s] [35m[1mConsolidate compiler generated dependencies of target node[0m
[3.704s] [ 50%] [32mBuilding CXX object CMakeFiles/node.dir/src/node.cpp.o[0m
[18.308s] [100%] [32m[1mLinking CXX executable node[0m
[19.365s] [100%] Built target node
[19.403s] Invoked command in '/home/donjoe/Documents/MagangBanyubramanta_DanielAdhitthana/build/camera' returned '0': CMAKE_PREFIX_PATH=${CMAKE_PREFIX_PATH}:/opt/ros/humble /usr/bin/cmake --build /home/donjoe/Documents/MagangBanyubramanta_DanielAdhitthana/build/camera -- -j4 -l4
[19.481s] Invoking command in '/home/donjoe/Documents/MagangBanyubramanta_DanielAdhitthana/build/camera': CMAKE_PREFIX_PATH=${CMAKE_PREFIX_PATH}:/opt/ros/humble /usr/bin/cmake --install /home/donjoe/Documents/MagangBanyubramanta_DanielAdhitthana/build/camera
[19.500s] -- Install configuration: ""
[19.501s] -- Installing: /home/donjoe/Documents/MagangBanyubramanta_DanielAdhitthana/install/camera/lib/camera/node
[19.507s] -- Set runtime path of "/home/donjoe/Documents/MagangBanyubramanta_DanielAdhitthana/install/camera/lib/camera/node" to ""
[19.508s] -- Installing: /home/donjoe/Documents/MagangBanyubramanta_DanielAdhitthana/install/camera/share/ament_index/resource_index/package_run_dependencies/camera
[19.514s] -- Installing: /home/donjoe/Documents/MagangBanyubramanta_DanielAdhitthana/install/camera/share/ament_index/resource_index/parent_prefix_path/camera
[19.514s] -- Up-to-date: /home/donjoe/Documents/MagangBanyubramanta_DanielAdhitthana/install/camera/share/camera/environment/ament_prefix_path.sh
[19.515s] -- Installing: /home/donjoe/Documents/MagangBanyubramanta_DanielAdhitthana/install/camera/share/camera/environment/ament_prefix_path.dsv
[19.515s] -- Up-to-date: /home/donjoe/Documents/MagangBanyubramanta_DanielAdhitthana/install/camera/share/camera/environment/path.sh
[19.515s] -- Installing: /home/donjoe/Documents/MagangBanyubramanta_DanielAdhitthana/install/camera/share/camera/environment/path.dsv
[19.515s] -- Up-to-date: /home/donjoe/Documents/MagangBanyubramanta_DanielAdhitthana/install/camera/share/camera/local_setup.bash
[19.515s] -- Installing: /home/donjoe/Documents/MagangBanyubramanta_DanielAdhitthana/install/camera/share/camera/local_setup.sh
[19.519s] -- Up-to-date: /home/donjoe/Documents/MagangBanyubramanta_DanielAdhitthana/install/camera/share/camera/local_setup.zsh
[19.526s] -- Installing: /home/donjoe/Documents/MagangBanyubramanta_DanielAdhitthana/install/camera/share/camera/local_setup.dsv
[19.526s] -- Installing: /home/donjoe/Documents/MagangBanyubramanta_DanielAdhitthana/install/camera/share/camera/package.dsv
[19.527s] -- Up-to-date: /home/donjoe/Documents/MagangBanyubramanta_DanielAdhitthana/install/camera/share/ament_index/resource_index/packages/camera
[19.527s] -- Installing: /home/donjoe/Documents/MagangBanyubramanta_DanielAdhitthana/install/camera/share/camera/cmake/cameraConfig.cmake
[19.527s] -- Up-to-date: /home/donjoe/Documents/MagangBanyubramanta_DanielAdhitthana/install/camera/share/camera/cmake/cameraConfig-version.cmake
[19.527s] -- Installing: /home/donjoe/Documents/MagangBanyubramanta_DanielAdhitthana/install/camera/share/camera/package.xml
[19.528s] Invoked command in '/home/donjoe/Documents/MagangBanyubramanta_DanielAdhitthana/build/camera' returned '0': CMAKE_PREFIX_PATH=${CMAKE_PREFIX_PATH}:/opt/ros/humble /usr/bin/cmake --install /home/donjoe/Documents/MagangBanyubramanta_DanielAdhitthana/build/camera
