[1.821s] DEBUG:colcon:Command line arguments: ['/usr/bin/colcon', 'build', '--packages-select', 'camera']
[1.822s] DEBUG:colcon:Parsed command line arguments: Namespace(log_base=None, log_level=None, verb_name='build', build_base='build', install_base='install', merge_install=False, symlink_install=False, test_result_base=None, continue_on_error=False, executor='parallel', parallel_workers=4, event_handlers=None, ignore_user_meta=False, metas=['./colcon.meta'], base_paths=['.'], packages_ignore=None, packages_ignore_regex=None, paths=None, packages_up_to=None, packages_up_to_regex=None, packages_above=None, packages_above_and_dependencies=None, packages_above_depth=None, packages_select_by_dep=None, packages_skip_by_dep=None, packages_skip_up_to=None, packages_select_build_failed=False, packages_skip_build_finished=False, packages_select_test_failures=False, packages_skip_test_passed=False, packages_select=['camera'], packages_skip=None, packages_select_regex=None, packages_skip_regex=None, packages_start=None, packages_end=None, allow_overriding=[], cmake_args=None, cmake_target=None, cmake_target_skip_unavailable=False, cmake_clean_cache=False, cmake_clean_first=False, cmake_force_configure=False, ament_cmake_args=None, catkin_cmake_args=None, catkin_skip_building_tests=False, verb_parser=<colcon_defaults.argument_parser.defaults.DefaultArgumentsDecorator object at 0x7f32c7a97940>, verb_extension=<colcon_core.verb.build.BuildVerb object at 0x7f32c7a96e60>, main=<bound method BuildVerb.main of <colcon_core.verb.build.BuildVerb object at 0x7f32c7a96e60>>)
[1.958s] Level 1:colcon.colcon_core.package_discovery:discover_packages(colcon_meta) check parameters
[1.958s] Level 1:colcon.colcon_core.package_discovery:discover_packages(recursive) check parameters
[1.959s] Level 1:colcon.colcon_core.package_discovery:discover_packages(ignore) check parameters
[1.959s] Level 1:colcon.colcon_core.package_discovery:discover_packages(path) check parameters
[1.959s] Level 1:colcon.colcon_core.package_discovery:discover_packages(colcon_meta) discover
[1.959s] Level 1:colcon.colcon_core.package_discovery:discover_packages(recursive) discover
[1.959s] INFO:colcon.colcon_core.package_discovery:Crawling recursively for packages in '/home/donjoe/Documents/MagangBanyubramanta_DanielAdhitthana'
[1.959s] Level 1:colcon.colcon_core.package_identification:_identify(.) by extensions ['ignore', 'ignore_ament_install']
[1.960s] Level 1:colcon.colcon_core.package_identification:_identify(.) by extension 'ignore'
[1.960s] Level 1:colcon.colcon_core.package_identification:_identify(.) by extension 'ignore_ament_install'
[1.960s] Level 1:colcon.colcon_core.package_identification:_identify(.) by extensions ['colcon_pkg']
[1.960s] Level 1:colcon.colcon_core.package_identification:_identify(.) by extension 'colcon_pkg'
[1.960s] Level 1:colcon.colcon_core.package_identification:_identify(.) by extensions ['colcon_meta']
[1.960s] Level 1:colcon.colcon_core.package_identification:_identify(.) by extension 'colcon_meta'
[1.960s] Level 1:colcon.colcon_core.package_identification:_identify(.) by extensions ['ros']
[1.960s] Level 1:colcon.colcon_core.package_identification:_identify(.) by extension 'ros'
[1.991s] Level 1:colcon.colcon_core.package_identification:_identify(.) by extensions ['cmake', 'python']
[1.991s] Level 1:colcon.colcon_core.package_identification:_identify(.) by extension 'cmake'
[1.991s] Level 1:colcon.colcon_core.package_identification:_identify(.) by extension 'python'
[1.991s] Level 1:colcon.colcon_core.package_identification:_identify(.) by extensions ['python_setup_py']
[1.991s] Level 1:colcon.colcon_core.package_identification:_identify(.) by extension 'python_setup_py'
[1.992s] Level 1:colcon.colcon_core.package_identification:_identify(build) by extensions ['ignore', 'ignore_ament_install']
[1.992s] Level 1:colcon.colcon_core.package_identification:_identify(build) by extension 'ignore'
[1.992s] Level 1:colcon.colcon_core.package_identification:_identify(build) ignored
[1.992s] Level 1:colcon.colcon_core.package_identification:_identify(install) by extensions ['ignore', 'ignore_ament_install']
[1.992s] Level 1:colcon.colcon_core.package_identification:_identify(install) by extension 'ignore'
[1.992s] Level 1:colcon.colcon_core.package_identification:_identify(install) ignored
[1.993s] Level 1:colcon.colcon_core.package_identification:_identify(log) by extensions ['ignore', 'ignore_ament_install']
[1.993s] Level 1:colcon.colcon_core.package_identification:_identify(log) by extension 'ignore'
[1.993s] Level 1:colcon.colcon_core.package_identification:_identify(log) ignored
[1.993s] Level 1:colcon.colcon_core.package_identification:_identify(src) by extensions ['ignore', 'ignore_ament_install']
[1.993s] Level 1:colcon.colcon_core.package_identification:_identify(src) by extension 'ignore'
[1.993s] Level 1:colcon.colcon_core.package_identification:_identify(src) by extension 'ignore_ament_install'
[1.994s] Level 1:colcon.colcon_core.package_identification:_identify(src) by extensions ['colcon_pkg']
[1.994s] Level 1:colcon.colcon_core.package_identification:_identify(src) by extension 'colcon_pkg'
[1.994s] Level 1:colcon.colcon_core.package_identification:_identify(src) by extensions ['colcon_meta']
[1.994s] Level 1:colcon.colcon_core.package_identification:_identify(src) by extension 'colcon_meta'
[1.994s] Level 1:colcon.colcon_core.package_identification:_identify(src) by extensions ['ros']
[1.994s] Level 1:colcon.colcon_core.package_identification:_identify(src) by extension 'ros'
[1.994s] Level 1:colcon.colcon_core.package_identification:_identify(src) by extensions ['cmake', 'python']
[1.994s] Level 1:colcon.colcon_core.package_identification:_identify(src) by extension 'cmake'
[1.995s] Level 1:colcon.colcon_core.package_identification:_identify(src) by extension 'python'
[1.995s] Level 1:colcon.colcon_core.package_identification:_identify(src) by extensions ['python_setup_py']
[1.995s] Level 1:colcon.colcon_core.package_identification:_identify(src) by extension 'python_setup_py'
[1.995s] Level 1:colcon.colcon_core.package_identification:_identify(src/camera) by extensions ['ignore', 'ignore_ament_install']
[1.995s] Level 1:colcon.colcon_core.package_identification:_identify(src/camera) by extension 'ignore'
[1.995s] Level 1:colcon.colcon_core.package_identification:_identify(src/camera) by extension 'ignore_ament_install'
[1.996s] Level 1:colcon.colcon_core.package_identification:_identify(src/camera) by extensions ['colcon_pkg']
[1.996s] Level 1:colcon.colcon_core.package_identification:_identify(src/camera) by extension 'colcon_pkg'
[1.996s] Level 1:colcon.colcon_core.package_identification:_identify(src/camera) by extensions ['colcon_meta']
[1.996s] Level 1:colcon.colcon_core.package_identification:_identify(src/camera) by extension 'colcon_meta'
[1.996s] Level 1:colcon.colcon_core.package_identification:_identify(src/camera) by extensions ['ros']
[1.996s] Level 1:colcon.colcon_core.package_identification:_identify(src/camera) by extension 'ros'
[2.001s] DEBUG:colcon.colcon_core.package_identification:Package 'src/camera' with type 'ros.ament_cmake' and name 'camera'
[2.002s] Level 1:colcon.colcon_core.package_identification:_identify(src/controller) by extensions ['ignore', 'ignore_ament_install']
[2.002s] Level 1:colcon.colcon_core.package_identification:_identify(src/controller) by extension 'ignore'
[2.002s] Level 1:colcon.colcon_core.package_identification:_identify(src/controller) by extension 'ignore_ament_install'
[2.002s] Level 1:colcon.colcon_core.package_identification:_identify(src/controller) by extensions ['colcon_pkg']
[2.002s] Level 1:colcon.colcon_core.package_identification:_identify(src/controller) by extension 'colcon_pkg'
[2.003s] Level 1:colcon.colcon_core.package_identification:_identify(src/controller) by extensions ['colcon_meta']
[2.003s] Level 1:colcon.colcon_core.package_identification:_identify(src/controller) by extension 'colcon_meta'
[2.003s] Level 1:colcon.colcon_core.package_identification:_identify(src/controller) by extensions ['ros']
[2.003s] Level 1:colcon.colcon_core.package_identification:_identify(src/controller) by extension 'ros'
[2.004s] DEBUG:colcon.colcon_core.package_identification:Package 'src/controller' with type 'ros.ament_cmake' and name 'controller'
[2.004s] Level 1:colcon.colcon_core.package_identification:_identify(src/interfaces) by extensions ['ignore', 'ignore_ament_install']
[2.005s] Level 1:colcon.colcon_core.package_identification:_identify(src/interfaces) by extension 'ignore'
[2.005s] Level 1:colcon.colcon_core.package_identification:_identify(src/interfaces) by extension 'ignore_ament_install'
[2.005s] Level 1:colcon.colcon_core.package_identification:_identify(src/interfaces) by extensions ['colcon_pkg']
[2.005s] Level 1:colcon.colcon_core.package_identification:_identify(src/interfaces) by extension 'colcon_pkg'
[2.005s] Level 1:colcon.colcon_core.package_identification:_identify(src/interfaces) by extensions ['colcon_meta']
[2.005s] Level 1:colcon.colcon_core.package_identification:_identify(src/interfaces) by extension 'colcon_meta'
[2.005s] Level 1:colcon.colcon_core.package_identification:_identify(src/interfaces) by extensions ['ros']
[2.006s] Level 1:colcon.colcon_core.package_identification:_identify(src/interfaces) by extension 'ros'
[2.007s] DEBUG:colcon.colcon_core.package_identification:Package 'src/interfaces' with type 'ros.ament_cmake' and name 'interfaces'
[2.007s] Level 1:colcon.colcon_core.package_discovery:discover_packages(recursive) using defaults
[2.007s] Level 1:colcon.colcon_core.package_discovery:discover_packages(ignore) discover
[2.007s] Level 1:colcon.colcon_core.package_discovery:discover_packages(ignore) using defaults
[2.007s] Level 1:colcon.colcon_core.package_discovery:discover_packages(path) discover
[2.007s] Level 1:colcon.colcon_core.package_discovery:discover_packages(path) using defaults
[2.132s] INFO:colcon.colcon_core.package_selection:Skipping not selected package 'controller' in 'src/controller'
[2.132s] INFO:colcon.colcon_core.package_selection:Skipping not selected package 'interfaces' in 'src/interfaces'
[2.188s] Level 1:colcon.colcon_core.package_discovery:discover_packages(prefix_path) check parameters
[2.188s] Level 1:colcon.colcon_core.package_discovery:discover_packages(prefix_path) discover
[2.217s] WARNING:colcon.colcon_core.prefix_path.colcon:The path '/home/donjoe/Documents/MagangBanyubramanta_DanielAdhitthana/src/install' in the environment variable COLCON_PREFIX_PATH doesn't exist
[2.218s] WARNING:colcon.colcon_ros.prefix_path.ament:The path '/home/donjoe/Documents/MagangBanyubramanta_DanielAdhitthana/src/install/camera' in the environment variable AMENT_PREFIX_PATH doesn't exist
[2.218s] WARNING:colcon.colcon_ros.prefix_path.ament:The path '/home/donjoe/Documents/MagangBanyubramanta_DanielAdhitthana/src/install/interfaces' in the environment variable AMENT_PREFIX_PATH doesn't exist
[2.218s] WARNING:colcon.colcon_ros.prefix_path.catkin:The path '/home/donjoe/Documents/MagangBanyubramanta_DanielAdhitthana/src/install/camera' in the environment variable CMAKE_PREFIX_PATH doesn't exist
[2.218s] WARNING:colcon.colcon_ros.prefix_path.catkin:The path '/home/donjoe/Documents/MagangBanyubramanta_DanielAdhitthana/src/install/interfaces' in the environment variable CMAKE_PREFIX_PATH doesn't exist
[2.260s] DEBUG:colcon.colcon_installed_package_information.package_discovery:Found 3 installed packages in /home/donjoe/Documents/MagangBanyubramanta_DanielAdhitthana/install
[2.314s] DEBUG:colcon.colcon_installed_package_information.package_discovery:Found 302 installed packages in /opt/ros/humble
[2.319s] Level 1:colcon.colcon_core.package_discovery:discover_packages(prefix_path) using defaults
[2.602s] Level 5:colcon.colcon_core.verb:set package 'camera' build argument 'cmake_args' from command line to 'None'
[2.602s] Level 5:colcon.colcon_core.verb:set package 'camera' build argument 'cmake_target' from command line to 'None'
[2.602s] Level 5:colcon.colcon_core.verb:set package 'camera' build argument 'cmake_target_skip_unavailable' from command line to 'False'
[2.603s] Level 5:colcon.colcon_core.verb:set package 'camera' build argument 'cmake_clean_cache' from command line to 'False'
[2.603s] Level 5:colcon.colcon_core.verb:set package 'camera' build argument 'cmake_clean_first' from command line to 'False'
[2.603s] Level 5:colcon.colcon_core.verb:set package 'camera' build argument 'cmake_force_configure' from command line to 'False'
[2.603s] Level 5:colcon.colcon_core.verb:set package 'camera' build argument 'ament_cmake_args' from command line to 'None'
[2.603s] Level 5:colcon.colcon_core.verb:set package 'camera' build argument 'catkin_cmake_args' from command line to 'None'
[2.603s] Level 5:colcon.colcon_core.verb:set package 'camera' build argument 'catkin_skip_building_tests' from command line to 'False'
[2.603s] DEBUG:colcon.colcon_core.verb:Building package 'camera' with the following arguments: {'ament_cmake_args': None, 'build_base': '/home/donjoe/Documents/MagangBanyubramanta_DanielAdhitthana/build/camera', 'catkin_cmake_args': None, 'catkin_skip_building_tests': False, 'cmake_args': None, 'cmake_clean_cache': False, 'cmake_clean_first': False, 'cmake_force_configure': False, 'cmake_target': None, 'cmake_target_skip_unavailable': False, 'install_base': '/home/donjoe/Documents/MagangBanyubramanta_DanielAdhitthana/install/camera', 'merge_install': False, 'path': '/home/donjoe/Documents/MagangBanyubramanta_DanielAdhitthana/src/camera', 'symlink_install': False, 'test_result_base': None}
[2.645s] INFO:colcon.colcon_core.executor:Executing jobs using 'parallel' executor
[2.692s] DEBUG:colcon.colcon_parallel_executor.executor.parallel:run_until_complete
[2.693s] INFO:colcon.colcon_ros.task.ament_cmake.build:Building ROS package in '/home/donjoe/Documents/MagangBanyubramanta_DanielAdhitthana/src/camera' with build type 'ament_cmake'
[2.694s] INFO:colcon.colcon_cmake.task.cmake.build:Building CMake package in '/home/donjoe/Documents/MagangBanyubramanta_DanielAdhitthana/src/camera'
[2.746s] INFO:colcon.colcon_core.plugin_system:Skipping extension 'colcon_core.shell.bat': Not used on non-Windows systems
[2.746s] INFO:colcon.colcon_core.shell:Skip shell extension 'powershell' for command environment: Not usable outside of PowerShell
[2.747s] DEBUG:colcon.colcon_core.shell:Skip shell extension 'dsv' for command environment
[2.904s] DEBUG:colcon.colcon_core.event_handler.log_command:Invoking command in '/home/donjoe/Documents/MagangBanyubramanta_DanielAdhitthana/build/camera': CMAKE_PREFIX_PATH=${CMAKE_PREFIX_PATH}:/opt/ros/humble /usr/bin/cmake --build /home/donjoe/Documents/MagangBanyubramanta_DanielAdhitthana/build/camera -- -j4 -l4
[15.779s] DEBUG:colcon.colcon_core.event_handler.log_command:Invoked command in '/home/donjoe/Documents/MagangBanyubramanta_DanielAdhitthana/build/camera' returned '0': CMAKE_PREFIX_PATH=${CMAKE_PREFIX_PATH}:/opt/ros/humble /usr/bin/cmake --build /home/donjoe/Documents/MagangBanyubramanta_DanielAdhitthana/build/camera -- -j4 -l4
[15.861s] DEBUG:colcon.colcon_core.event_handler.log_command:Invoking command in '/home/donjoe/Documents/MagangBanyubramanta_DanielAdhitthana/build/camera': CMAKE_PREFIX_PATH=${CMAKE_PREFIX_PATH}:/opt/ros/humble /usr/bin/cmake --install /home/donjoe/Documents/MagangBanyubramanta_DanielAdhitthana/build/camera
[15.888s] Level 1:colcon.colcon_core.environment:create_environment_scripts_only(camera)
[15.891s] DEBUG:colcon.colcon_core.event_handler.log_command:Invoked command in '/home/donjoe/Documents/MagangBanyubramanta_DanielAdhitthana/build/camera' returned '0': CMAKE_PREFIX_PATH=${CMAKE_PREFIX_PATH}:/opt/ros/humble /usr/bin/cmake --install /home/donjoe/Documents/MagangBanyubramanta_DanielAdhitthana/build/camera
[15.969s] Level 1:colcon.colcon_core.environment:checking '/home/donjoe/Documents/MagangBanyubramanta_DanielAdhitthana/install/camera' for CMake module files
[15.970s] Level 1:colcon.colcon_core.environment:checking '/home/donjoe/Documents/MagangBanyubramanta_DanielAdhitthana/install/camera' for CMake config files
[15.974s] Level 1:colcon.colcon_core.shell:create_environment_hook('camera', 'cmake_prefix_path')
[16.015s] INFO:colcon.colcon_core.shell:Creating environment hook '/home/donjoe/Documents/MagangBanyubramanta_DanielAdhitthana/install/camera/share/camera/hook/cmake_prefix_path.ps1'
[16.017s] INFO:colcon.colcon_core.shell:Creating environment descriptor '/home/donjoe/Documents/MagangBanyubramanta_DanielAdhitthana/install/camera/share/camera/hook/cmake_prefix_path.dsv'
[16.018s] INFO:colcon.colcon_core.shell:Creating environment hook '/home/donjoe/Documents/MagangBanyubramanta_DanielAdhitthana/install/camera/share/camera/hook/cmake_prefix_path.sh'
[16.022s] Level 1:colcon.colcon_core.environment:checking '/home/donjoe/Documents/MagangBanyubramanta_DanielAdhitthana/install/camera/lib'
[16.022s] Level 1:colcon.colcon_core.shell:create_environment_hook('camera', 'ld_library_path_lib')
[16.072s] INFO:colcon.colcon_core.shell:Creating environment hook '/home/donjoe/Documents/MagangBanyubramanta_DanielAdhitthana/install/camera/share/camera/hook/ld_library_path_lib.ps1'
[16.074s] INFO:colcon.colcon_core.shell:Creating environment descriptor '/home/donjoe/Documents/MagangBanyubramanta_DanielAdhitthana/install/camera/share/camera/hook/ld_library_path_lib.dsv'
[16.075s] INFO:colcon.colcon_core.shell:Creating environment hook '/home/donjoe/Documents/MagangBanyubramanta_DanielAdhitthana/install/camera/share/camera/hook/ld_library_path_lib.sh'
[16.076s] Level 1:colcon.colcon_core.environment:checking '/home/donjoe/Documents/MagangBanyubramanta_DanielAdhitthana/install/camera/bin'
[16.077s] Level 1:colcon.colcon_core.environment:checking '/home/donjoe/Documents/MagangBanyubramanta_DanielAdhitthana/install/camera/lib/pkgconfig/camera.pc'
[16.077s] Level 1:colcon.colcon_core.environment:checking '/home/donjoe/Documents/MagangBanyubramanta_DanielAdhitthana/install/camera/lib/python3.10/site-packages'
[16.078s] Level 1:colcon.colcon_core.environment:checking '/home/donjoe/Documents/MagangBanyubramanta_DanielAdhitthana/install/camera/bin'
[16.117s] INFO:colcon.colcon_core.shell:Creating package script '/home/donjoe/Documents/MagangBanyubramanta_DanielAdhitthana/install/camera/share/camera/package.ps1'
[16.119s] INFO:colcon.colcon_core.shell:Creating package descriptor '/home/donjoe/Documents/MagangBanyubramanta_DanielAdhitthana/install/camera/share/camera/package.dsv'
[16.122s] INFO:colcon.colcon_core.shell:Creating package script '/home/donjoe/Documents/MagangBanyubramanta_DanielAdhitthana/install/camera/share/camera/package.sh'
[16.125s] INFO:colcon.colcon_core.shell:Creating package script '/home/donjoe/Documents/MagangBanyubramanta_DanielAdhitthana/install/camera/share/camera/package.bash'
[16.128s] INFO:colcon.colcon_core.shell:Creating package script '/home/donjoe/Documents/MagangBanyubramanta_DanielAdhitthana/install/camera/share/camera/package.zsh'
[16.130s] Level 1:colcon.colcon_core.environment:create_file_with_runtime_dependencies(/home/donjoe/Documents/MagangBanyubramanta_DanielAdhitthana/install/camera/share/colcon-core/packages/camera)
[16.231s] Level 1:colcon.colcon_core.environment:create_environment_scripts_only(camera)
[16.271s] Level 1:colcon.colcon_core.environment:checking '/home/donjoe/Documents/MagangBanyubramanta_DanielAdhitthana/install/camera' for CMake module files
[16.274s] Level 1:colcon.colcon_core.environment:checking '/home/donjoe/Documents/MagangBanyubramanta_DanielAdhitthana/install/camera' for CMake config files
[16.275s] Level 1:colcon.colcon_core.shell:create_environment_hook('camera', 'cmake_prefix_path')
[16.341s] INFO:colcon.colcon_core.shell:Creating environment hook '/home/donjoe/Documents/MagangBanyubramanta_DanielAdhitthana/install/camera/share/camera/hook/cmake_prefix_path.ps1'
[16.343s] INFO:colcon.colcon_core.shell:Creating environment descriptor '/home/donjoe/Documents/MagangBanyubramanta_DanielAdhitthana/install/camera/share/camera/hook/cmake_prefix_path.dsv'
[16.344s] INFO:colcon.colcon_core.shell:Creating environment hook '/home/donjoe/Documents/MagangBanyubramanta_DanielAdhitthana/install/camera/share/camera/hook/cmake_prefix_path.sh'
[16.345s] Level 1:colcon.colcon_core.environment:checking '/home/donjoe/Documents/MagangBanyubramanta_DanielAdhitthana/install/camera/lib'
[16.346s] Level 1:colcon.colcon_core.shell:create_environment_hook('camera', 'ld_library_path_lib')
[16.420s] INFO:colcon.colcon_core.shell:Creating environment hook '/home/donjoe/Documents/MagangBanyubramanta_DanielAdhitthana/install/camera/share/camera/hook/ld_library_path_lib.ps1'
[16.422s] INFO:colcon.colcon_core.shell:Creating environment descriptor '/home/donjoe/Documents/MagangBanyubramanta_DanielAdhitthana/install/camera/share/camera/hook/ld_library_path_lib.dsv'
[16.423s] INFO:colcon.colcon_core.shell:Creating environment hook '/home/donjoe/Documents/MagangBanyubramanta_DanielAdhitthana/install/camera/share/camera/hook/ld_library_path_lib.sh'
[16.425s] Level 1:colcon.colcon_core.environment:checking '/home/donjoe/Documents/MagangBanyubramanta_DanielAdhitthana/install/camera/bin'
[16.425s] Level 1:colcon.colcon_core.environment:checking '/home/donjoe/Documents/MagangBanyubramanta_DanielAdhitthana/install/camera/lib/pkgconfig/camera.pc'
[16.426s] Level 1:colcon.colcon_core.environment:checking '/home/donjoe/Documents/MagangBanyubramanta_DanielAdhitthana/install/camera/lib/python3.10/site-packages'
[16.426s] Level 1:colcon.colcon_core.environment:checking '/home/donjoe/Documents/MagangBanyubramanta_DanielAdhitthana/install/camera/bin'
[16.486s] INFO:colcon.colcon_core.shell:Creating package script '/home/donjoe/Documents/MagangBanyubramanta_DanielAdhitthana/install/camera/share/camera/package.ps1'
[16.487s] INFO:colcon.colcon_core.shell:Creating package descriptor '/home/donjoe/Documents/MagangBanyubramanta_DanielAdhitthana/install/camera/share/camera/package.dsv'
[16.489s] INFO:colcon.colcon_core.shell:Creating package script '/home/donjoe/Documents/MagangBanyubramanta_DanielAdhitthana/install/camera/share/camera/package.sh'
[16.490s] INFO:colcon.colcon_core.shell:Creating package script '/home/donjoe/Documents/MagangBanyubramanta_DanielAdhitthana/install/camera/share/camera/package.bash'
[16.492s] INFO:colcon.colcon_core.shell:Creating package script '/home/donjoe/Documents/MagangBanyubramanta_DanielAdhitthana/install/camera/share/camera/package.zsh'
[16.493s] Level 1:colcon.colcon_core.environment:create_file_with_runtime_dependencies(/home/donjoe/Documents/MagangBanyubramanta_DanielAdhitthana/install/camera/share/colcon-core/packages/camera)
[16.493s] DEBUG:colcon.colcon_parallel_executor.executor.parallel:closing loop
[16.494s] DEBUG:colcon.colcon_parallel_executor.executor.parallel:loop closed
[16.495s] DEBUG:colcon.colcon_parallel_executor.executor.parallel:run_until_complete finished with '0'
[16.495s] DEBUG:colcon.colcon_core.event_reactor:joining thread
[16.581s] INFO:colcon.colcon_core.plugin_system:Skipping extension 'colcon_notification.desktop_notification.terminal_notifier': Not used on non-Darwin systems
[16.581s] INFO:colcon.colcon_core.plugin_system:Skipping extension 'colcon_notification.desktop_notification.win32': Not used on non-Windows systems
[16.581s] INFO:colcon.colcon_notification.desktop_notification:Sending desktop notification using 'notify2'
[16.618s] DEBUG:colcon.colcon_core.event_reactor:joined thread
[16.689s] INFO:colcon.colcon_core.shell:Creating prefix script '/home/donjoe/Documents/MagangBanyubramanta_DanielAdhitthana/install/local_setup.ps1'
[16.693s] INFO:colcon.colcon_core.shell:Creating prefix util module '/home/donjoe/Documents/MagangBanyubramanta_DanielAdhitthana/install/_local_setup_util_ps1.py'
[16.700s] INFO:colcon.colcon_core.shell:Creating prefix chain script '/home/donjoe/Documents/MagangBanyubramanta_DanielAdhitthana/install/setup.ps1'
[16.757s] INFO:colcon.colcon_core.shell:Creating prefix script '/home/donjoe/Documents/MagangBanyubramanta_DanielAdhitthana/install/local_setup.sh'
[16.759s] INFO:colcon.colcon_core.shell:Creating prefix util module '/home/donjoe/Documents/MagangBanyubramanta_DanielAdhitthana/install/_local_setup_util_sh.py'
[16.761s] INFO:colcon.colcon_core.shell:Creating prefix chain script '/home/donjoe/Documents/MagangBanyubramanta_DanielAdhitthana/install/setup.sh'
[16.823s] INFO:colcon.colcon_core.shell:Creating prefix script '/home/donjoe/Documents/MagangBanyubramanta_DanielAdhitthana/install/local_setup.bash'
[16.825s] INFO:colcon.colcon_core.shell:Creating prefix chain script '/home/donjoe/Documents/MagangBanyubramanta_DanielAdhitthana/install/setup.bash'
[16.870s] INFO:colcon.colcon_core.shell:Creating prefix script '/home/donjoe/Documents/MagangBanyubramanta_DanielAdhitthana/install/local_setup.zsh'
[16.872s] INFO:colcon.colcon_core.shell:Creating prefix chain script '/home/donjoe/Documents/MagangBanyubramanta_DanielAdhitthana/install/setup.zsh'
