[1.761s] DEBUG:colcon:Command line arguments: ['/usr/bin/colcon', 'build']
[1.761s] DEBUG:colcon:Parsed command line arguments: Namespace(log_base=None, log_level=None, verb_name='build', build_base='build', install_base='install', merge_install=False, symlink_install=False, test_result_base=None, continue_on_error=False, executor='parallel', parallel_workers=4, event_handlers=None, ignore_user_meta=False, metas=['./colcon.meta'], base_paths=['.'], packages_ignore=None, packages_ignore_regex=None, paths=None, packages_up_to=None, packages_up_to_regex=None, packages_above=None, packages_above_and_dependencies=None, packages_above_depth=None, packages_select_by_dep=None, packages_skip_by_dep=None, packages_skip_up_to=None, packages_select_build_failed=False, packages_skip_build_finished=False, packages_select_test_failures=False, packages_skip_test_passed=False, packages_select=None, packages_skip=None, packages_select_regex=None, packages_skip_regex=None, packages_start=None, packages_end=None, allow_overriding=[], cmake_args=None, cmake_target=None, cmake_target_skip_unavailable=False, cmake_clean_cache=False, cmake_clean_first=False, cmake_force_configure=False, ament_cmake_args=None, catkin_cmake_args=None, catkin_skip_building_tests=False, verb_parser=<colcon_defaults.argument_parser.defaults.DefaultArgumentsDecorator object at 0x7efc3243ffd0>, verb_extension=<colcon_core.verb.build.BuildVerb object at 0x7efc3244f280>, main=<bound method BuildVerb.main of <colcon_core.verb.build.BuildVerb object at 0x7efc3244f280>>)
[1.864s] Level 1:colcon.colcon_core.package_discovery:discover_packages(colcon_meta) check parameters
[1.865s] Level 1:colcon.colcon_core.package_discovery:discover_packages(recursive) check parameters
[1.865s] Level 1:colcon.colcon_core.package_discovery:discover_packages(ignore) check parameters
[1.865s] Level 1:colcon.colcon_core.package_discovery:discover_packages(path) check parameters
[1.865s] Level 1:colcon.colcon_core.package_discovery:discover_packages(colcon_meta) discover
[1.865s] Level 1:colcon.colcon_core.package_discovery:discover_packages(recursive) discover
[1.865s] INFO:colcon.colcon_core.package_discovery:Crawling recursively for packages in '/home/donjoe/MagangBanyubramanta_DanielAdhitthana'
[1.865s] Level 1:colcon.colcon_core.package_identification:_identify(.) by extensions ['ignore', 'ignore_ament_install']
[1.866s] Level 1:colcon.colcon_core.package_identification:_identify(.) by extension 'ignore'
[1.866s] Level 1:colcon.colcon_core.package_identification:_identify(.) by extension 'ignore_ament_install'
[1.866s] Level 1:colcon.colcon_core.package_identification:_identify(.) by extensions ['colcon_pkg']
[1.866s] Level 1:colcon.colcon_core.package_identification:_identify(.) by extension 'colcon_pkg'
[1.866s] Level 1:colcon.colcon_core.package_identification:_identify(.) by extensions ['colcon_meta']
[1.866s] Level 1:colcon.colcon_core.package_identification:_identify(.) by extension 'colcon_meta'
[1.866s] Level 1:colcon.colcon_core.package_identification:_identify(.) by extensions ['ros']
[1.866s] Level 1:colcon.colcon_core.package_identification:_identify(.) by extension 'ros'
[1.892s] Level 1:colcon.colcon_core.package_identification:_identify(.) by extensions ['cmake', 'python']
[1.892s] Level 1:colcon.colcon_core.package_identification:_identify(.) by extension 'cmake'
[1.892s] Level 1:colcon.colcon_core.package_identification:_identify(.) by extension 'python'
[1.893s] Level 1:colcon.colcon_core.package_identification:_identify(.) by extensions ['python_setup_py']
[1.893s] Level 1:colcon.colcon_core.package_identification:_identify(.) by extension 'python_setup_py'
[1.893s] Level 1:colcon.colcon_core.package_identification:_identify(build) by extensions ['ignore', 'ignore_ament_install']
[1.893s] Level 1:colcon.colcon_core.package_identification:_identify(build) by extension 'ignore'
[1.893s] Level 1:colcon.colcon_core.package_identification:_identify(build) ignored
[1.893s] Level 1:colcon.colcon_core.package_identification:_identify(install) by extensions ['ignore', 'ignore_ament_install']
[1.894s] Level 1:colcon.colcon_core.package_identification:_identify(install) by extension 'ignore'
[1.894s] Level 1:colcon.colcon_core.package_identification:_identify(install) ignored
[1.894s] Level 1:colcon.colcon_core.package_identification:_identify(log) by extensions ['ignore', 'ignore_ament_install']
[1.894s] Level 1:colcon.colcon_core.package_identification:_identify(log) by extension 'ignore'
[1.894s] Level 1:colcon.colcon_core.package_identification:_identify(log) ignored
[1.894s] Level 1:colcon.colcon_core.package_identification:_identify(src) by extensions ['ignore', 'ignore_ament_install']
[1.894s] Level 1:colcon.colcon_core.package_identification:_identify(src) by extension 'ignore'
[1.895s] Level 1:colcon.colcon_core.package_identification:_identify(src) by extension 'ignore_ament_install'
[1.895s] Level 1:colcon.colcon_core.package_identification:_identify(src) by extensions ['colcon_pkg']
[1.895s] Level 1:colcon.colcon_core.package_identification:_identify(src) by extension 'colcon_pkg'
[1.895s] Level 1:colcon.colcon_core.package_identification:_identify(src) by extensions ['colcon_meta']
[1.895s] Level 1:colcon.colcon_core.package_identification:_identify(src) by extension 'colcon_meta'
[1.895s] Level 1:colcon.colcon_core.package_identification:_identify(src) by extensions ['ros']
[1.895s] Level 1:colcon.colcon_core.package_identification:_identify(src) by extension 'ros'
[1.895s] Level 1:colcon.colcon_core.package_identification:_identify(src) by extensions ['cmake', 'python']
[1.896s] Level 1:colcon.colcon_core.package_identification:_identify(src) by extension 'cmake'
[1.896s] Level 1:colcon.colcon_core.package_identification:_identify(src) by extension 'python'
[1.896s] Level 1:colcon.colcon_core.package_identification:_identify(src) by extensions ['python_setup_py']
[1.896s] Level 1:colcon.colcon_core.package_identification:_identify(src) by extension 'python_setup_py'
[1.896s] Level 1:colcon.colcon_core.package_identification:_identify(src/controller) by extensions ['ignore', 'ignore_ament_install']
[1.896s] Level 1:colcon.colcon_core.package_identification:_identify(src/controller) by extension 'ignore'
[1.897s] Level 1:colcon.colcon_core.package_identification:_identify(src/controller) by extension 'ignore_ament_install'
[1.897s] Level 1:colcon.colcon_core.package_identification:_identify(src/controller) by extensions ['colcon_pkg']
[1.897s] Level 1:colcon.colcon_core.package_identification:_identify(src/controller) by extension 'colcon_pkg'
[1.897s] Level 1:colcon.colcon_core.package_identification:_identify(src/controller) by extensions ['colcon_meta']
[1.897s] Level 1:colcon.colcon_core.package_identification:_identify(src/controller) by extension 'colcon_meta'
[1.897s] Level 1:colcon.colcon_core.package_identification:_identify(src/controller) by extensions ['ros']
[1.897s] Level 1:colcon.colcon_core.package_identification:_identify(src/controller) by extension 'ros'
[1.904s] DEBUG:colcon.colcon_core.package_identification:Package 'src/controller' with type 'ros.ament_cmake' and name 'controller'
[1.904s] Level 1:colcon.colcon_core.package_discovery:discover_packages(recursive) using defaults
[1.904s] Level 1:colcon.colcon_core.package_discovery:discover_packages(ignore) discover
[1.905s] Level 1:colcon.colcon_core.package_discovery:discover_packages(ignore) using defaults
[1.905s] Level 1:colcon.colcon_core.package_discovery:discover_packages(path) discover
[1.905s] Level 1:colcon.colcon_core.package_discovery:discover_packages(path) using defaults
[2.036s] Level 1:colcon.colcon_core.package_discovery:discover_packages(prefix_path) check parameters
[2.036s] Level 1:colcon.colcon_core.package_discovery:discover_packages(prefix_path) discover
[2.077s] DEBUG:colcon.colcon_installed_package_information.package_discovery:Found 275 installed packages in /opt/ros/humble
[2.079s] Level 1:colcon.colcon_core.package_discovery:discover_packages(prefix_path) using defaults
[2.262s] Level 5:colcon.colcon_core.verb:set package 'controller' build argument 'cmake_args' from command line to 'None'
[2.262s] Level 5:colcon.colcon_core.verb:set package 'controller' build argument 'cmake_target' from command line to 'None'
[2.263s] Level 5:colcon.colcon_core.verb:set package 'controller' build argument 'cmake_target_skip_unavailable' from command line to 'False'
[2.263s] Level 5:colcon.colcon_core.verb:set package 'controller' build argument 'cmake_clean_cache' from command line to 'False'
[2.263s] Level 5:colcon.colcon_core.verb:set package 'controller' build argument 'cmake_clean_first' from command line to 'False'
[2.263s] Level 5:colcon.colcon_core.verb:set package 'controller' build argument 'cmake_force_configure' from command line to 'False'
[2.263s] Level 5:colcon.colcon_core.verb:set package 'controller' build argument 'ament_cmake_args' from command line to 'None'
[2.263s] Level 5:colcon.colcon_core.verb:set package 'controller' build argument 'catkin_cmake_args' from command line to 'None'
[2.263s] Level 5:colcon.colcon_core.verb:set package 'controller' build argument 'catkin_skip_building_tests' from command line to 'False'
[2.263s] DEBUG:colcon.colcon_core.verb:Building package 'controller' with the following arguments: {'ament_cmake_args': None, 'build_base': '/home/donjoe/MagangBanyubramanta_DanielAdhitthana/build/controller', 'catkin_cmake_args': None, 'catkin_skip_building_tests': False, 'cmake_args': None, 'cmake_clean_cache': False, 'cmake_clean_first': False, 'cmake_force_configure': False, 'cmake_target': None, 'cmake_target_skip_unavailable': False, 'install_base': '/home/donjoe/MagangBanyubramanta_DanielAdhitthana/install/controller', 'merge_install': False, 'path': '/home/donjoe/MagangBanyubramanta_DanielAdhitthana/src/controller', 'symlink_install': False, 'test_result_base': None}
[2.278s] INFO:colcon.colcon_core.executor:Executing jobs using 'parallel' executor
[2.295s] DEBUG:colcon.colcon_parallel_executor.executor.parallel:run_until_complete
[2.298s] INFO:colcon.colcon_ros.task.ament_cmake.build:Building ROS package in '/home/donjoe/MagangBanyubramanta_DanielAdhitthana/src/controller' with build type 'ament_cmake'
[2.299s] INFO:colcon.colcon_cmake.task.cmake.build:Building CMake package in '/home/donjoe/MagangBanyubramanta_DanielAdhitthana/src/controller'
[2.329s] INFO:colcon.colcon_core.plugin_system:Skipping extension 'colcon_core.shell.bat': Not used on non-Windows systems
[2.330s] INFO:colcon.colcon_core.shell:Skip shell extension 'powershell' for command environment: Not usable outside of PowerShell
[2.330s] DEBUG:colcon.colcon_core.shell:Skip shell extension 'dsv' for command environment
[2.405s] DEBUG:colcon.colcon_core.event_handler.log_command:Invoking command in '/home/donjoe/MagangBanyubramanta_DanielAdhitthana/build/controller': CMAKE_PREFIX_PATH=/opt/ros/humble /usr/bin/cmake --build /home/donjoe/MagangBanyubramanta_DanielAdhitthana/build/controller -- -j4 -l4
[18.706s] DEBUG:colcon.colcon_core.event_handler.log_command:Invoked command in '/home/donjoe/MagangBanyubramanta_DanielAdhitthana/build/controller' returned '0': CMAKE_PREFIX_PATH=/opt/ros/humble /usr/bin/cmake --build /home/donjoe/MagangBanyubramanta_DanielAdhitthana/build/controller -- -j4 -l4
[18.778s] DEBUG:colcon.colcon_core.event_handler.log_command:Invoking command in '/home/donjoe/MagangBanyubramanta_DanielAdhitthana/build/controller': CMAKE_PREFIX_PATH=/opt/ros/humble /usr/bin/cmake --install /home/donjoe/MagangBanyubramanta_DanielAdhitthana/build/controller
[19.014s] Level 1:colcon.colcon_core.environment:create_environment_scripts_only(controller)
[19.029s] DEBUG:colcon.colcon_core.event_handler.log_command:Invoked command in '/home/donjoe/MagangBanyubramanta_DanielAdhitthana/build/controller' returned '0': CMAKE_PREFIX_PATH=/opt/ros/humble /usr/bin/cmake --install /home/donjoe/MagangBanyubramanta_DanielAdhitthana/build/controller
[19.125s] Level 1:colcon.colcon_core.environment:checking '/home/donjoe/MagangBanyubramanta_DanielAdhitthana/install/controller' for CMake module files
[19.128s] Level 1:colcon.colcon_core.environment:checking '/home/donjoe/MagangBanyubramanta_DanielAdhitthana/install/controller' for CMake config files
[19.132s] Level 1:colcon.colcon_core.shell:create_environment_hook('controller', 'cmake_prefix_path')
[19.182s] INFO:colcon.colcon_core.shell:Creating environment hook '/home/donjoe/MagangBanyubramanta_DanielAdhitthana/install/controller/share/controller/hook/cmake_prefix_path.ps1'
[19.197s] INFO:colcon.colcon_core.shell:Creating environment descriptor '/home/donjoe/MagangBanyubramanta_DanielAdhitthana/install/controller/share/controller/hook/cmake_prefix_path.dsv'
[19.213s] INFO:colcon.colcon_core.shell:Creating environment hook '/home/donjoe/MagangBanyubramanta_DanielAdhitthana/install/controller/share/controller/hook/cmake_prefix_path.sh'
[19.216s] Level 1:colcon.colcon_core.environment:checking '/home/donjoe/MagangBanyubramanta_DanielAdhitthana/install/controller/lib'
[19.217s] Level 1:colcon.colcon_core.shell:create_environment_hook('controller', 'ld_library_path_lib')
[19.265s] INFO:colcon.colcon_core.shell:Creating environment hook '/home/donjoe/MagangBanyubramanta_DanielAdhitthana/install/controller/share/controller/hook/ld_library_path_lib.ps1'
[19.279s] INFO:colcon.colcon_core.shell:Creating environment descriptor '/home/donjoe/MagangBanyubramanta_DanielAdhitthana/install/controller/share/controller/hook/ld_library_path_lib.dsv'
[19.281s] INFO:colcon.colcon_core.shell:Creating environment hook '/home/donjoe/MagangBanyubramanta_DanielAdhitthana/install/controller/share/controller/hook/ld_library_path_lib.sh'
[19.282s] Level 1:colcon.colcon_core.environment:checking '/home/donjoe/MagangBanyubramanta_DanielAdhitthana/install/controller/bin'
[19.283s] Level 1:colcon.colcon_core.environment:checking '/home/donjoe/MagangBanyubramanta_DanielAdhitthana/install/controller/lib/pkgconfig/controller.pc'
[19.283s] Level 1:colcon.colcon_core.environment:checking '/home/donjoe/MagangBanyubramanta_DanielAdhitthana/install/controller/lib/python3.10/site-packages'
[19.284s] Level 1:colcon.colcon_core.environment:checking '/home/donjoe/MagangBanyubramanta_DanielAdhitthana/install/controller/bin'
[19.344s] INFO:colcon.colcon_core.shell:Creating package script '/home/donjoe/MagangBanyubramanta_DanielAdhitthana/install/controller/share/controller/package.ps1'
[19.347s] INFO:colcon.colcon_core.shell:Creating package descriptor '/home/donjoe/MagangBanyubramanta_DanielAdhitthana/install/controller/share/controller/package.dsv'
[19.359s] INFO:colcon.colcon_core.shell:Creating package script '/home/donjoe/MagangBanyubramanta_DanielAdhitthana/install/controller/share/controller/package.sh'
[19.362s] INFO:colcon.colcon_core.shell:Creating package script '/home/donjoe/MagangBanyubramanta_DanielAdhitthana/install/controller/share/controller/package.bash'
[19.365s] INFO:colcon.colcon_core.shell:Creating package script '/home/donjoe/MagangBanyubramanta_DanielAdhitthana/install/controller/share/controller/package.zsh'
[19.376s] Level 1:colcon.colcon_core.environment:create_file_with_runtime_dependencies(/home/donjoe/MagangBanyubramanta_DanielAdhitthana/install/controller/share/colcon-core/packages/controller)
[19.681s] Level 1:colcon.colcon_core.environment:create_environment_scripts_only(controller)
[19.733s] Level 1:colcon.colcon_core.environment:checking '/home/donjoe/MagangBanyubramanta_DanielAdhitthana/install/controller' for CMake module files
[19.734s] Level 1:colcon.colcon_core.environment:checking '/home/donjoe/MagangBanyubramanta_DanielAdhitthana/install/controller' for CMake config files
[19.745s] Level 1:colcon.colcon_core.shell:create_environment_hook('controller', 'cmake_prefix_path')
[19.797s] INFO:colcon.colcon_core.shell:Creating environment hook '/home/donjoe/MagangBanyubramanta_DanielAdhitthana/install/controller/share/controller/hook/cmake_prefix_path.ps1'
[19.798s] INFO:colcon.colcon_core.shell:Creating environment descriptor '/home/donjoe/MagangBanyubramanta_DanielAdhitthana/install/controller/share/controller/hook/cmake_prefix_path.dsv'
[19.798s] INFO:colcon.colcon_core.shell:Creating environment hook '/home/donjoe/MagangBanyubramanta_DanielAdhitthana/install/controller/share/controller/hook/cmake_prefix_path.sh'
[19.810s] Level 1:colcon.colcon_core.environment:checking '/home/donjoe/MagangBanyubramanta_DanielAdhitthana/install/controller/lib'
[19.810s] Level 1:colcon.colcon_core.shell:create_environment_hook('controller', 'ld_library_path_lib')
[19.862s] INFO:colcon.colcon_core.shell:Creating environment hook '/home/donjoe/MagangBanyubramanta_DanielAdhitthana/install/controller/share/controller/hook/ld_library_path_lib.ps1'
[19.872s] INFO:colcon.colcon_core.shell:Creating environment descriptor '/home/donjoe/MagangBanyubramanta_DanielAdhitthana/install/controller/share/controller/hook/ld_library_path_lib.dsv'
[19.873s] INFO:colcon.colcon_core.shell:Creating environment hook '/home/donjoe/MagangBanyubramanta_DanielAdhitthana/install/controller/share/controller/hook/ld_library_path_lib.sh'
[19.874s] Level 1:colcon.colcon_core.environment:checking '/home/donjoe/MagangBanyubramanta_DanielAdhitthana/install/controller/bin'
[19.874s] Level 1:colcon.colcon_core.environment:checking '/home/donjoe/MagangBanyubramanta_DanielAdhitthana/install/controller/lib/pkgconfig/controller.pc'
[19.874s] Level 1:colcon.colcon_core.environment:checking '/home/donjoe/MagangBanyubramanta_DanielAdhitthana/install/controller/lib/python3.10/site-packages'
[19.874s] Level 1:colcon.colcon_core.environment:checking '/home/donjoe/MagangBanyubramanta_DanielAdhitthana/install/controller/bin'
[19.914s] INFO:colcon.colcon_core.shell:Creating package script '/home/donjoe/MagangBanyubramanta_DanielAdhitthana/install/controller/share/controller/package.ps1'
[19.915s] INFO:colcon.colcon_core.shell:Creating package descriptor '/home/donjoe/MagangBanyubramanta_DanielAdhitthana/install/controller/share/controller/package.dsv'
[19.926s] INFO:colcon.colcon_core.shell:Creating package script '/home/donjoe/MagangBanyubramanta_DanielAdhitthana/install/controller/share/controller/package.sh'
[19.926s] INFO:colcon.colcon_core.shell:Creating package script '/home/donjoe/MagangBanyubramanta_DanielAdhitthana/install/controller/share/controller/package.bash'
[19.927s] INFO:colcon.colcon_core.shell:Creating package script '/home/donjoe/MagangBanyubramanta_DanielAdhitthana/install/controller/share/controller/package.zsh'
[19.928s] Level 1:colcon.colcon_core.environment:create_file_with_runtime_dependencies(/home/donjoe/MagangBanyubramanta_DanielAdhitthana/install/controller/share/colcon-core/packages/controller)
[19.930s] DEBUG:colcon.colcon_parallel_executor.executor.parallel:closing loop
[19.930s] DEBUG:colcon.colcon_parallel_executor.executor.parallel:loop closed
[19.930s] DEBUG:colcon.colcon_parallel_executor.executor.parallel:run_until_complete finished with '0'
[19.930s] DEBUG:colcon.colcon_core.event_reactor:joining thread
[20.181s] INFO:colcon.colcon_core.plugin_system:Skipping extension 'colcon_notification.desktop_notification.notify_send': Could not find 'notify-send'
[20.181s] INFO:colcon.colcon_core.plugin_system:Skipping extension 'colcon_notification.desktop_notification.terminal_notifier': Not used on non-Darwin systems
[20.181s] INFO:colcon.colcon_core.plugin_system:Skipping extension 'colcon_notification.desktop_notification.win32': Not used on non-Windows systems
[20.181s] INFO:colcon.colcon_notification.desktop_notification:Sending desktop notification using 'notify2'
[20.182s] DEBUG:colcon.colcon_notification.desktop_notification.notify2:Failed to initialize notify2: org.freedesktop.DBus.Error.FileNotFound: Failed to connect to socket /run/user/1000/bus: No such file or directory
[20.183s] DEBUG:colcon.colcon_core.event_reactor:joined thread
[20.208s] INFO:colcon.colcon_core.shell:Creating prefix script '/home/donjoe/MagangBanyubramanta_DanielAdhitthana/install/local_setup.ps1'
[20.210s] INFO:colcon.colcon_core.shell:Creating prefix util module '/home/donjoe/MagangBanyubramanta_DanielAdhitthana/install/_local_setup_util_ps1.py'
[20.213s] INFO:colcon.colcon_core.shell:Creating prefix chain script '/home/donjoe/MagangBanyubramanta_DanielAdhitthana/install/setup.ps1'
[20.243s] INFO:colcon.colcon_core.shell:Creating prefix script '/home/donjoe/MagangBanyubramanta_DanielAdhitthana/install/local_setup.sh'
[20.245s] INFO:colcon.colcon_core.shell:Creating prefix util module '/home/donjoe/MagangBanyubramanta_DanielAdhitthana/install/_local_setup_util_sh.py'
[20.246s] INFO:colcon.colcon_core.shell:Creating prefix chain script '/home/donjoe/MagangBanyubramanta_DanielAdhitthana/install/setup.sh'
[20.282s] INFO:colcon.colcon_core.shell:Creating prefix script '/home/donjoe/MagangBanyubramanta_DanielAdhitthana/install/local_setup.bash'
[20.283s] INFO:colcon.colcon_core.shell:Creating prefix chain script '/home/donjoe/MagangBanyubramanta_DanielAdhitthana/install/setup.bash'
[20.308s] INFO:colcon.colcon_core.shell:Creating prefix script '/home/donjoe/MagangBanyubramanta_DanielAdhitthana/install/local_setup.zsh'
[20.311s] INFO:colcon.colcon_core.shell:Creating prefix chain script '/home/donjoe/MagangBanyubramanta_DanielAdhitthana/install/setup.zsh'
