-- Found ament_cmake: 1.3.6 (/opt/ros/humble/share/ament_cmake/cmake)
-- Found rosidl_default_generators: 1.2.0 (/opt/ros/humble/share/rosidl_default_generators/cmake)
-- Using all available rosidl_typesupport_c: rosidl_typesupport_fastrtps_c;rosidl_typesupport_introspection_c
-- Found rosidl_adapter: 3.1.5 (/opt/ros/humble/share/rosidl_adapter/cmake)
-- Using all available rosidl_typesupport_cpp: rosidl_typesupport_fastrtps_cpp;rosidl_typesupport_introspection_cpp
-- Found rclcpp: 16.0.7 (/opt/ros/humble/share/rclcpp/cmake)
-- Found rmw_implementation_cmake: 6.1.1 (/opt/ros/humble/share/rmw_implementation_cmake/cmake)
-- Found rmw_fastrtps_cpp: 6.2.5 (/opt/ros/humble/share/rmw_fastrtps_cpp/cmake)
-- Using RMW implementation 'rmw_fastrtps_cpp' as default
-- Found sensor_msgs: 4.2.3 (/opt/ros/humble/share/sensor_msgs/cmake)
-- Found ament_cmake_ros: 0.10.0 (/opt/ros/humble/share/ament_cmake_ros/cmake)
-- Using all available rosidl_typesupport_c: rosidl_typesupport_fastrtps_c;rosidl_typesupport_introspection_c
-- Using all available rosidl_typesupport_cpp: rosidl_typesupport_fastrtps_cpp;rosidl_typesupport_introspection_cpp
-- Found python_cmake_module: 0.10.0 (/opt/ros/humble/share/python_cmake_module/cmake)
-- Using PYTHON_EXECUTABLE: /usr/bin/python3
-- Using PYTHON_INCLUDE_DIRS: /usr/include/python3.10
-- Using PYTHON_LIBRARIES: /usr/lib/x86_64-linux-gnu/libpython3.10.so
-- Found ament_lint_auto: 0.12.9 (/opt/ros/humble/share/ament_lint_auto/cmake)
-- Added test 'cppcheck' to perform static code analysis on C / C++ code
-- Configured cppcheck include dirs: 
-- Configured cppcheck exclude dirs and/or files: 
-- Added test 'lint_cmake' to check CMake code style
-- Added test 'uncrustify' to check C / C++ code style
-- Configured uncrustify additional arguments: 
-- Added test 'xmllint' to check XML markup files
-- Configuring done
-- Generating done
-- Build files have been written to: /home/donjoe/MagangBanyubramanta_DanielAdhitthana/build/controller
[  3%] [34m[1mGenerating C code for ROS interfaces[0m
[  6%] [34m[1mGenerating C++ code for ROS interfaces[0m
[  6%] Built target ament_cmake_python_copy_controller
running egg_info
writing controller.egg-info/PKG-INFO
writing dependency_links to controller.egg-info/dependency_links.txt
writing top-level names to controller.egg-info/top_level.txt
reading manifest file 'controller.egg-info/SOURCES.txt'
writing manifest file 'controller.egg-info/SOURCES.txt'
[  6%] Built target ament_cmake_python_build_controller_egg
[  6%] Built target controller__cpp
[35m[1mConsolidate compiler generated dependencies of target controller__rosidl_generator_c[0m
[  9%] [34m[1mGenerating C++ type support dispatch for ROS interfaces[0m
[ 12%] [34m[1mGenerating C++ type support for eProsima Fast-RTPS[0m
[ 15%] [32mBuilding C object CMakeFiles/controller__rosidl_generator_c.dir/rosidl_generator_c/controller/msg/detail/motion__functions.c.o[0m
[ 18%] [34m[1mGenerating C++ introspection for ROS interfaces[0m
[ 21%] [32m[1mLinking C shared library libcontroller__rosidl_generator_c.so[0m
[35m[1mConsolidate compiler generated dependencies of target controller__rosidl_typesupport_fastrtps_cpp[0m
[35m[1mConsolidate compiler generated dependencies of target controller__rosidl_typesupport_cpp[0m
[ 24%] [32mBuilding CXX object CMakeFiles/controller__rosidl_typesupport_cpp.dir/rosidl_typesupport_cpp/controller/msg/motion__type_support.cpp.o[0m
[ 24%] Built target controller__rosidl_generator_c
[ 27%] [32mBuilding CXX object CMakeFiles/controller__rosidl_typesupport_fastrtps_cpp.dir/rosidl_typesupport_fastrtps_cpp/controller/msg/detail/dds_fastrtps/motion__type_support.cpp.o[0m
[ 30%] [34m[1mGenerating C type support for eProsima Fast-RTPS[0m
[35m[1mConsolidate compiler generated dependencies of target controller__rosidl_typesupport_introspection_cpp[0m
[ 33%] [32mBuilding CXX object CMakeFiles/controller__rosidl_typesupport_introspection_cpp.dir/rosidl_typesupport_introspection_cpp/controller/msg/detail/motion__type_support.cpp.o[0m
[35m[1mConsolidate compiler generated dependencies of target controller__rosidl_typesupport_fastrtps_c[0m
[ 36%] [32mBuilding CXX object CMakeFiles/controller__rosidl_typesupport_fastrtps_c.dir/rosidl_typesupport_fastrtps_c/controller/msg/detail/motion__type_support_c.cpp.o[0m
[ 39%] [32m[1mLinking CXX shared library libcontroller__rosidl_typesupport_cpp.so[0m
[ 42%] [32m[1mLinking CXX shared library libcontroller__rosidl_typesupport_introspection_cpp.so[0m
[ 45%] [32m[1mLinking CXX shared library libcontroller__rosidl_typesupport_fastrtps_cpp.so[0m
[ 45%] Built target controller__rosidl_typesupport_cpp
[ 48%] [34m[1mGenerating C introspection for ROS interfaces[0m
[ 48%] Built target controller__rosidl_typesupport_introspection_cpp
[ 51%] [34m[1mGenerating C type support dispatch for ROS interfaces[0m
[ 51%] Built target controller__rosidl_typesupport_fastrtps_cpp
[35m[1mConsolidate compiler generated dependencies of target ctrl[0m
[ 54%] [32mBuilding CXX object CMakeFiles/ctrl.dir/src/controller.cpp.o[0m
[ 57%] [32m[1mLinking CXX shared library libcontroller__rosidl_typesupport_fastrtps_c.so[0m
[35m[1mConsolidate compiler generated dependencies of target controller__rosidl_typesupport_introspection_c[0m
[ 60%] [32mBuilding C object CMakeFiles/controller__rosidl_typesupport_introspection_c.dir/rosidl_typesupport_introspection_c/controller/msg/detail/motion__type_support.c.o[0m
[35m[1mConsolidate compiler generated dependencies of target controller__rosidl_typesupport_c[0m
[ 60%] Built target controller__rosidl_typesupport_fastrtps_c
[ 63%] [32m[1mLinking C shared library libcontroller__rosidl_typesupport_introspection_c.so[0m
[ 66%] [32mBuilding CXX object CMakeFiles/controller__rosidl_typesupport_c.dir/rosidl_typesupport_c/controller/msg/motion__type_support.cpp.o[0m
[ 69%] [32m[1mLinking CXX shared library libcontroller__rosidl_typesupport_c.so[0m
[ 69%] Built target controller__rosidl_typesupport_introspection_c
[ 69%] Built target controller__rosidl_typesupport_c
[ 69%] Built target controller
[ 72%] [34m[1mGenerating Python code for ROS interfaces[0m
[ 72%] Built target controller__py
[35m[1mConsolidate compiler generated dependencies of target controller__rosidl_generator_py[0m
[ 75%] [32mBuilding C object CMakeFiles/controller__rosidl_generator_py.dir/rosidl_generator_py/controller/msg/_motion_s.c.o[0m
[ 78%] [32m[1mLinking C shared library rosidl_generator_py/controller/libcontroller__rosidl_generator_py.so[0m
[ 78%] Built target controller__rosidl_generator_py
[35m[1mConsolidate compiler generated dependencies of target controller__rosidl_typesupport_fastrtps_c__pyext[0m
[35m[1mConsolidate compiler generated dependencies of target controller__rosidl_typesupport_introspection_c__pyext[0m
[35m[1mConsolidate compiler generated dependencies of target controller__rosidl_typesupport_c__pyext[0m
[ 81%] [32mBuilding C object CMakeFiles/controller__rosidl_typesupport_introspection_c__pyext.dir/rosidl_generator_py/controller/_controller_s.ep.rosidl_typesupport_introspection_c.c.o[0m
[ 84%] [32mBuilding C object CMakeFiles/controller__rosidl_typesupport_fastrtps_c__pyext.dir/rosidl_generator_py/controller/_controller_s.ep.rosidl_typesupport_fastrtps_c.c.o[0m
[ 87%] [32mBuilding C object CMakeFiles/controller__rosidl_typesupport_c__pyext.dir/rosidl_generator_py/controller/_controller_s.ep.rosidl_typesupport_c.c.o[0m
[ 90%] [32m[1mLinking C shared library rosidl_generator_py/controller/controller_s__rosidl_typesupport_fastrtps_c.cpython-310-x86_64-linux-gnu.so[0m
[ 93%] [32m[1mLinking C shared library rosidl_generator_py/controller/controller_s__rosidl_typesupport_introspection_c.cpython-310-x86_64-linux-gnu.so[0m
[ 96%] [32m[1mLinking C shared library rosidl_generator_py/controller/controller_s__rosidl_typesupport_c.cpython-310-x86_64-linux-gnu.so[0m
[ 96%] Built target controller__rosidl_typesupport_fastrtps_c__pyext
[ 96%] Built target controller__rosidl_typesupport_c__pyext
[ 96%] Built target controller__rosidl_typesupport_introspection_c__pyext
[01m[K/home/donjoe/MagangBanyubramanta_DanielAdhitthana/src/controller/src/controller.cpp:[m[K In member function ‘[01m[Kvoid Controller::topic_callback(const Joy&) const[m[K’:
[01m[K/home/donjoe/MagangBanyubramanta_DanielAdhitthana/src/controller/src/controller.cpp:59:47:[m[K [01;31m[Kerror: [m[Kcannot convert ‘[01m[Krclcpp::Parameter[m[K’ to ‘[01m[Kint[m[K’ in initialization
   59 |         int linear_scale = [01;31m[Kthis->get_parameter("linear_scale")[m[K;
      |                            [01;31m[K~~~~~~~~~~~~~~~~~~~^~~~~~~~~~~~~~~~[m[K
      |                                               [01;31m[K|[m[K
      |                                               [01;31m[Krclcpp::Parameter[m[K
[01m[K/home/donjoe/MagangBanyubramanta_DanielAdhitthana/src/controller/src/controller.cpp:60:48:[m[K [01;31m[Kerror: [m[Kcannot convert ‘[01m[Krclcpp::Parameter[m[K’ to ‘[01m[Kint[m[K’ in initialization
   60 |         int angular_scale = [01;31m[Kthis->get_parameter("angular_scale")[m[K;
      |                             [01;31m[K~~~~~~~~~~~~~~~~~~~^~~~~~~~~~~~~~~~~[m[K
      |                                                [01;31m[K|[m[K
      |                                                [01;31m[Krclcpp::Parameter[m[K
[01m[K/home/donjoe/MagangBanyubramanta_DanielAdhitthana/src/controller/src/controller.cpp:73:29:[m[K [01;31m[Kerror: [m[Kpassing ‘[01m[Kconst Controller[m[K’ as ‘[01m[Kthis[m[K’ argument discards qualifiers [[01;31m[K]8;;https://gcc.gnu.org/onlinedocs/gcc/Warning-Options.html#index-fpermissive-fpermissive]8;;[m[K]
   73 |         [01;31m[Kthis->set_parameters({rclcpp::Parameter("linear_scale", linear_scale),[m[K
      |         [01;31m[K~~~~~~~~~~~~~~~~~~~~^~~~~~~~~~~~~~~~~~~~~~~~~~~~~~~~~~~~~~~~~~~~~~~~~~[m[K
   74 | [01;31m[K                              rclcpp::Parameter("angular_scale", angular_scale)})[m[K
      |                               [01;31m[K~~~~~~~~~~~~~~~~~~~~~~~~~~~~~~~~~~~~~~~~~~~~~~~~~~~[m[K
In file included from [01m[K/opt/ros/humble/include/rclcpp/rclcpp/executors/single_threaded_executor.hpp:28[m[K,
                 from [01m[K/opt/ros/humble/include/rclcpp/rclcpp/executors.hpp:22[m[K,
                 from [01m[K/opt/ros/humble/include/rclcpp/rclcpp/rclcpp.hpp:155[m[K,
                 from [01m[K/home/donjoe/MagangBanyubramanta_DanielAdhitthana/src/controller/src/controller.cpp:6[m[K:
[01m[K/opt/ros/humble/include/rclcpp/rclcpp/node.hpp:593:3:[m[K [01;36m[Knote: [m[K  in call to ‘[01m[Kstd::vector<rcl_interfaces::msg::SetParametersResult_<std::allocator<void> > > rclcpp::Node::set_parameters(const std::vector<rclcpp::Parameter>&)[m[K’
  593 |   [01;36m[Kset_parameters[m[K(const std::vector<rclcpp::Parameter> & parameters);
      |   [01;36m[K^~~~~~~~~~~~~~[m[K
In file included from [01m[K/opt/ros/humble/include/rclcpp/rclcpp/client.hpp:40[m[K,
                 from [01m[K/opt/ros/humble/include/rclcpp/rclcpp/callback_group.hpp:24[m[K,
                 from [01m[K/opt/ros/humble/include/rclcpp/rclcpp/any_executable.hpp:20[m[K,
                 from [01m[K/opt/ros/humble/include/rclcpp/rclcpp/memory_strategy.hpp:25[m[K,
                 from [01m[K/opt/ros/humble/include/rclcpp/rclcpp/memory_strategies.hpp:18[m[K,
                 from [01m[K/opt/ros/humble/include/rclcpp/rclcpp/executor_options.hpp:20[m[K,
                 from [01m[K/opt/ros/humble/include/rclcpp/rclcpp/executor.hpp:37[m[K,
                 from [01m[K/opt/ros/humble/include/rclcpp/rclcpp/executors/multi_threaded_executor.hpp:25[m[K,
                 from [01m[K/opt/ros/humble/include/rclcpp/rclcpp/executors.hpp:21[m[K,
                 from [01m[K/opt/ros/humble/include/rclcpp/rclcpp/rclcpp.hpp:155[m[K,
                 from [01m[K/home/donjoe/MagangBanyubramanta_DanielAdhitthana/src/controller/src/controller.cpp:6[m[K:
[01m[K/home/donjoe/MagangBanyubramanta_DanielAdhitthana/src/controller/src/controller.cpp:76:13:[m[K [01;31m[Kerror: [m[Kexpected ‘[01m[K;[m[K’ before ‘[01m[Kdo[m[K’
   76 |             [01;31m[KRCLCPP_INFO[m[K(this->get_logger(), "Published motion commands");
      |             [01;31m[K^~~~~~~~~~~[m[K
gmake[2]: *** [CMakeFiles/ctrl.dir/build.make:76: CMakeFiles/ctrl.dir/src/controller.cpp.o] Error 1
gmake[1]: *** [CMakeFiles/Makefile2:593: CMakeFiles/ctrl.dir/all] Error 2
gmake: *** [Makefile:146: all] Error 2
