[0.056s] Invoking command in '/home/donjoe/MagangBanyubramanta_DanielAdhitthana/build/controller': CMAKE_PREFIX_PATH=/opt/ros/humble /usr/bin/cmake --build /home/donjoe/MagangBanyubramanta_DanielAdhitthana/build/controller -- -j4 -l4
[0.080s] -- Found ament_cmake: 1.3.6 (/opt/ros/humble/share/ament_cmake/cmake)
[0.215s] -- Found rosidl_default_generators: 1.2.0 (/opt/ros/humble/share/rosidl_default_generators/cmake)
[0.216s] -- Using all available rosidl_typesupport_c: rosidl_typesupport_fastrtps_c;rosidl_typesupport_introspection_c
[0.221s] -- Found rosidl_adapter: 3.1.5 (/opt/ros/humble/share/rosidl_adapter/cmake)
[0.430s] -- Using all available rosidl_typesupport_cpp: rosidl_typesupport_fastrtps_cpp;rosidl_typesupport_introspection_cpp
[0.454s] -- Found rclcpp: 16.0.7 (/opt/ros/humble/share/rclcpp/cmake)
[0.508s] -- Found rmw_implementation_cmake: 6.1.1 (/opt/ros/humble/share/rmw_implementation_cmake/cmake)
[0.509s] -- Found rmw_fastrtps_cpp: 6.2.5 (/opt/ros/humble/share/rmw_fastrtps_cpp/cmake)
[6.379s] -- Using RMW implementation 'rmw_fastrtps_cpp' as default
[6.573s] -- Found sensor_msgs: 4.2.3 (/opt/ros/humble/share/sensor_msgs/cmake)
[6.980s] -- Found ament_cmake_ros: 0.10.0 (/opt/ros/humble/share/ament_cmake_ros/cmake)
[7.141s] -- Using all available rosidl_typesupport_c: rosidl_typesupport_fastrtps_c;rosidl_typesupport_introspection_c
[7.353s] -- Using all available rosidl_typesupport_cpp: rosidl_typesupport_fastrtps_cpp;rosidl_typesupport_introspection_cpp
[7.375s] -- Found python_cmake_module: 0.10.0 (/opt/ros/humble/share/python_cmake_module/cmake)
[7.396s] -- Using PYTHON_EXECUTABLE: /usr/bin/python3
[7.396s] -- Using PYTHON_INCLUDE_DIRS: /usr/include/python3.10
[7.396s] -- Using PYTHON_LIBRARIES: /usr/lib/x86_64-linux-gnu/libpython3.10.so
[7.411s] -- Found ament_lint_auto: 0.12.9 (/opt/ros/humble/share/ament_lint_auto/cmake)
[7.438s] -- Added test 'cppcheck' to perform static code analysis on C / C++ code
[7.439s] -- Configured cppcheck include dirs: 
[7.439s] -- Configured cppcheck exclude dirs and/or files: 
[7.440s] -- Added test 'lint_cmake' to check CMake code style
[7.441s] -- Added test 'uncrustify' to check C / C++ code style
[7.441s] -- Configured uncrustify additional arguments: 
[7.442s] -- Added test 'xmllint' to check XML markup files
[7.452s] -- Configuring done
[7.564s] -- Generating done
[7.575s] -- Build files have been written to: /home/donjoe/MagangBanyubramanta_DanielAdhitthana/build/controller
[7.612s] [  3%] [34m[1mGenerating C code for ROS interfaces[0m
[7.630s] [  6%] [34m[1mGenerating C++ code for ROS interfaces[0m
[7.653s] [  6%] Built target ament_cmake_python_copy_controller
[8.182s] running egg_info
[8.182s] writing controller.egg-info/PKG-INFO
[8.182s] writing dependency_links to controller.egg-info/dependency_links.txt
[8.182s] writing top-level names to controller.egg-info/top_level.txt
[8.190s] reading manifest file 'controller.egg-info/SOURCES.txt'
[8.192s] writing manifest file 'controller.egg-info/SOURCES.txt'
[8.259s] [  6%] Built target ament_cmake_python_build_controller_egg
[8.331s] [  6%] Built target controller__cpp
[8.334s] [35m[1mConsolidate compiler generated dependencies of target controller__rosidl_generator_c[0m
[8.345s] [  9%] [34m[1mGenerating C++ type support dispatch for ROS interfaces[0m
[8.350s] [ 12%] [34m[1mGenerating C++ type support for eProsima Fast-RTPS[0m
[8.357s] [ 15%] [32mBuilding C object CMakeFiles/controller__rosidl_generator_c.dir/rosidl_generator_c/controller/msg/detail/motion__functions.c.o[0m
[8.369s] [ 18%] [34m[1mGenerating C++ introspection for ROS interfaces[0m
[8.993s] [ 21%] [32m[1mLinking C shared library libcontroller__rosidl_generator_c.so[0m
[9.319s] [35m[1mConsolidate compiler generated dependencies of target controller__rosidl_typesupport_fastrtps_cpp[0m
[9.327s] [35m[1mConsolidate compiler generated dependencies of target controller__rosidl_typesupport_cpp[0m
[9.348s] [ 24%] [32mBuilding CXX object CMakeFiles/controller__rosidl_typesupport_cpp.dir/rosidl_typesupport_cpp/controller/msg/motion__type_support.cpp.o[0m
[9.357s] [ 24%] Built target controller__rosidl_generator_c
[9.376s] [ 27%] [32mBuilding CXX object CMakeFiles/controller__rosidl_typesupport_fastrtps_cpp.dir/rosidl_typesupport_fastrtps_cpp/controller/msg/detail/dds_fastrtps/motion__type_support.cpp.o[0m
[9.408s] [ 30%] [34m[1mGenerating C type support for eProsima Fast-RTPS[0m
[9.454s] [35m[1mConsolidate compiler generated dependencies of target controller__rosidl_typesupport_introspection_cpp[0m
[9.517s] [ 33%] [32mBuilding CXX object CMakeFiles/controller__rosidl_typesupport_introspection_cpp.dir/rosidl_typesupport_introspection_cpp/controller/msg/detail/motion__type_support.cpp.o[0m
[10.362s] [35m[1mConsolidate compiler generated dependencies of target controller__rosidl_typesupport_fastrtps_c[0m
[10.423s] [ 36%] [32mBuilding CXX object CMakeFiles/controller__rosidl_typesupport_fastrtps_c.dir/rosidl_typesupport_fastrtps_c/controller/msg/detail/motion__type_support_c.cpp.o[0m
[10.528s] [ 39%] [32m[1mLinking CXX shared library libcontroller__rosidl_typesupport_cpp.so[0m
[10.750s] [ 42%] [32m[1mLinking CXX shared library libcontroller__rosidl_typesupport_introspection_cpp.so[0m
[10.814s] [ 45%] [32m[1mLinking CXX shared library libcontroller__rosidl_typesupport_fastrtps_cpp.so[0m
[10.912s] [ 45%] Built target controller__rosidl_typesupport_cpp
[10.931s] [ 48%] [34m[1mGenerating C introspection for ROS interfaces[0m
[11.037s] [ 48%] Built target controller__rosidl_typesupport_introspection_cpp
[11.051s] [ 51%] [34m[1mGenerating C type support dispatch for ROS interfaces[0m
[11.170s] [ 51%] Built target controller__rosidl_typesupport_fastrtps_cpp
[11.224s] [35m[1mConsolidate compiler generated dependencies of target ctrl[0m
[11.293s] [ 54%] [32mBuilding CXX object CMakeFiles/ctrl.dir/src/controller.cpp.o[0m
[11.410s] [ 57%] [32m[1mLinking CXX shared library libcontroller__rosidl_typesupport_fastrtps_c.so[0m
[11.765s] [35m[1mConsolidate compiler generated dependencies of target controller__rosidl_typesupport_introspection_c[0m
[11.815s] [ 60%] [32mBuilding C object CMakeFiles/controller__rosidl_typesupport_introspection_c.dir/rosidl_typesupport_introspection_c/controller/msg/detail/motion__type_support.c.o[0m
[11.851s] [35m[1mConsolidate compiler generated dependencies of target controller__rosidl_typesupport_c[0m
[11.891s] [ 60%] Built target controller__rosidl_typesupport_fastrtps_c
[11.897s] [ 63%] [32m[1mLinking C shared library libcontroller__rosidl_typesupport_introspection_c.so[0m
[11.902s] [ 66%] [32mBuilding CXX object CMakeFiles/controller__rosidl_typesupport_c.dir/rosidl_typesupport_c/controller/msg/motion__type_support.cpp.o[0m
[11.956s] [ 69%] [32m[1mLinking CXX shared library libcontroller__rosidl_typesupport_c.so[0m
[12.101s] [ 69%] Built target controller__rosidl_typesupport_introspection_c
[12.162s] [ 69%] Built target controller__rosidl_typesupport_c
[12.193s] [ 69%] Built target controller
[12.221s] [ 72%] [34m[1mGenerating Python code for ROS interfaces[0m
[12.837s] [ 72%] Built target controller__py
[12.848s] [35m[1mConsolidate compiler generated dependencies of target controller__rosidl_generator_py[0m
[12.868s] [ 75%] [32mBuilding C object CMakeFiles/controller__rosidl_generator_py.dir/rosidl_generator_py/controller/msg/_motion_s.c.o[0m
[13.186s] [ 78%] [32m[1mLinking C shared library rosidl_generator_py/controller/libcontroller__rosidl_generator_py.so[0m
[13.339s] [ 78%] Built target controller__rosidl_generator_py
[13.350s] [35m[1mConsolidate compiler generated dependencies of target controller__rosidl_typesupport_fastrtps_c__pyext[0m
[13.357s] [35m[1mConsolidate compiler generated dependencies of target controller__rosidl_typesupport_introspection_c__pyext[0m
[13.364s] [35m[1mConsolidate compiler generated dependencies of target controller__rosidl_typesupport_c__pyext[0m
[13.375s] [ 81%] [32mBuilding C object CMakeFiles/controller__rosidl_typesupport_introspection_c__pyext.dir/rosidl_generator_py/controller/_controller_s.ep.rosidl_typesupport_introspection_c.c.o[0m
[13.385s] [ 84%] [32mBuilding C object CMakeFiles/controller__rosidl_typesupport_fastrtps_c__pyext.dir/rosidl_generator_py/controller/_controller_s.ep.rosidl_typesupport_fastrtps_c.c.o[0m
[13.395s] [ 87%] [32mBuilding C object CMakeFiles/controller__rosidl_typesupport_c__pyext.dir/rosidl_generator_py/controller/_controller_s.ep.rosidl_typesupport_c.c.o[0m
[13.600s] [ 90%] [32m[1mLinking C shared library rosidl_generator_py/controller/controller_s__rosidl_typesupport_fastrtps_c.cpython-310-x86_64-linux-gnu.so[0m
[13.609s] [ 93%] [32m[1mLinking C shared library rosidl_generator_py/controller/controller_s__rosidl_typesupport_introspection_c.cpython-310-x86_64-linux-gnu.so[0m
[13.661s] [ 96%] [32m[1mLinking C shared library rosidl_generator_py/controller/controller_s__rosidl_typesupport_c.cpython-310-x86_64-linux-gnu.so[0m
[13.883s] [ 96%] Built target controller__rosidl_typesupport_fastrtps_c__pyext
[13.935s] [ 96%] Built target controller__rosidl_typesupport_c__pyext
[13.939s] [ 96%] Built target controller__rosidl_typesupport_introspection_c__pyext
[15.891s] [01m[K/home/donjoe/MagangBanyubramanta_DanielAdhitthana/src/controller/src/controller.cpp:[m[K In member function ‘[01m[Kvoid Controller::topic_callback(const Joy&) const[m[K’:
[15.891s] [01m[K/home/donjoe/MagangBanyubramanta_DanielAdhitthana/src/controller/src/controller.cpp:59:47:[m[K [01;31m[Kerror: [m[Kcannot convert ‘[01m[Krclcpp::Parameter[m[K’ to ‘[01m[Kint[m[K’ in initialization
[15.891s]    59 |         int linear_scale = [01;31m[Kthis->get_parameter("linear_scale")[m[K;
[15.891s]       |                            [01;31m[K~~~~~~~~~~~~~~~~~~~^~~~~~~~~~~~~~~~[m[K
[15.891s]       |                                               [01;31m[K|[m[K
[15.891s]       |                                               [01;31m[Krclcpp::Parameter[m[K
[15.892s] [01m[K/home/donjoe/MagangBanyubramanta_DanielAdhitthana/src/controller/src/controller.cpp:60:48:[m[K [01;31m[Kerror: [m[Kcannot convert ‘[01m[Krclcpp::Parameter[m[K’ to ‘[01m[Kint[m[K’ in initialization
[15.892s]    60 |         int angular_scale = [01;31m[Kthis->get_parameter("angular_scale")[m[K;
[15.892s]       |                             [01;31m[K~~~~~~~~~~~~~~~~~~~^~~~~~~~~~~~~~~~~[m[K
[15.892s]       |                                                [01;31m[K|[m[K
[15.892s]       |                                                [01;31m[Krclcpp::Parameter[m[K
[15.895s] [01m[K/home/donjoe/MagangBanyubramanta_DanielAdhitthana/src/controller/src/controller.cpp:73:29:[m[K [01;31m[Kerror: [m[Kpassing ‘[01m[Kconst Controller[m[K’ as ‘[01m[Kthis[m[K’ argument discards qualifiers [[01;31m[K]8;;https://gcc.gnu.org/onlinedocs/gcc/Warning-Options.html#index-fpermissive-fpermissive]8;;[m[K]
[15.895s]    73 |         [01;31m[Kthis->set_parameters({rclcpp::Parameter("linear_scale", linear_scale),[m[K
[15.895s]       |         [01;31m[K~~~~~~~~~~~~~~~~~~~~^~~~~~~~~~~~~~~~~~~~~~~~~~~~~~~~~~~~~~~~~~~~~~~~~~[m[K
[15.895s]    74 | [01;31m[K                              rclcpp::Parameter("angular_scale", angular_scale)})[m[K
[15.895s]       |                               [01;31m[K~~~~~~~~~~~~~~~~~~~~~~~~~~~~~~~~~~~~~~~~~~~~~~~~~~~[m[K
[15.895s] In file included from [01m[K/opt/ros/humble/include/rclcpp/rclcpp/executors/single_threaded_executor.hpp:28[m[K,
[15.895s]                  from [01m[K/opt/ros/humble/include/rclcpp/rclcpp/executors.hpp:22[m[K,
[15.895s]                  from [01m[K/opt/ros/humble/include/rclcpp/rclcpp/rclcpp.hpp:155[m[K,
[15.895s]                  from [01m[K/home/donjoe/MagangBanyubramanta_DanielAdhitthana/src/controller/src/controller.cpp:6[m[K:
[15.895s] [01m[K/opt/ros/humble/include/rclcpp/rclcpp/node.hpp:593:3:[m[K [01;36m[Knote: [m[K  in call to ‘[01m[Kstd::vector<rcl_interfaces::msg::SetParametersResult_<std::allocator<void> > > rclcpp::Node::set_parameters(const std::vector<rclcpp::Parameter>&)[m[K’
[15.895s]   593 |   [01;36m[Kset_parameters[m[K(const std::vector<rclcpp::Parameter> & parameters);
[15.896s]       |   [01;36m[K^~~~~~~~~~~~~~[m[K
[15.896s] In file included from [01m[K/opt/ros/humble/include/rclcpp/rclcpp/client.hpp:40[m[K,
[15.896s]                  from [01m[K/opt/ros/humble/include/rclcpp/rclcpp/callback_group.hpp:24[m[K,
[15.896s]                  from [01m[K/opt/ros/humble/include/rclcpp/rclcpp/any_executable.hpp:20[m[K,
[15.896s]                  from [01m[K/opt/ros/humble/include/rclcpp/rclcpp/memory_strategy.hpp:25[m[K,
[15.896s]                  from [01m[K/opt/ros/humble/include/rclcpp/rclcpp/memory_strategies.hpp:18[m[K,
[15.896s]                  from [01m[K/opt/ros/humble/include/rclcpp/rclcpp/executor_options.hpp:20[m[K,
[15.896s]                  from [01m[K/opt/ros/humble/include/rclcpp/rclcpp/executor.hpp:37[m[K,
[15.896s]                  from [01m[K/opt/ros/humble/include/rclcpp/rclcpp/executors/multi_threaded_executor.hpp:25[m[K,
[15.896s]                  from [01m[K/opt/ros/humble/include/rclcpp/rclcpp/executors.hpp:21[m[K,
[15.896s]                  from [01m[K/opt/ros/humble/include/rclcpp/rclcpp/rclcpp.hpp:155[m[K,
[15.897s]                  from [01m[K/home/donjoe/MagangBanyubramanta_DanielAdhitthana/src/controller/src/controller.cpp:6[m[K:
[15.897s] [01m[K/home/donjoe/MagangBanyubramanta_DanielAdhitthana/src/controller/src/controller.cpp:76:13:[m[K [01;31m[Kerror: [m[Kexpected ‘[01m[K;[m[K’ before ‘[01m[Kdo[m[K’
[15.897s]    76 |             [01;31m[KRCLCPP_INFO[m[K(this->get_logger(), "Published motion commands");
[15.897s]       |             [01;31m[K^~~~~~~~~~~[m[K
[20.179s] gmake[2]: *** [CMakeFiles/ctrl.dir/build.make:76: CMakeFiles/ctrl.dir/src/controller.cpp.o] Error 1
[20.180s] gmake[1]: *** [CMakeFiles/Makefile2:593: CMakeFiles/ctrl.dir/all] Error 2
[20.180s] gmake: *** [Makefile:146: all] Error 2
[20.188s] Invoked command in '/home/donjoe/MagangBanyubramanta_DanielAdhitthana/build/controller' returned '2': CMAKE_PREFIX_PATH=/opt/ros/humble /usr/bin/cmake --build /home/donjoe/MagangBanyubramanta_DanielAdhitthana/build/controller -- -j4 -l4
