-- Found ament_cmake: 1.3.7 (/opt/ros/humble/share/ament_cmake/cmake)
-- Found Python3: /usr/bin/python3.10 (found version "3.10.12") found components: Interpreter 
-- Found rclcpp: 16.0.8 (/opt/ros/humble/share/rclcpp/cmake)
-- Found rosidl_generator_c: 3.1.5 (/opt/ros/humble/share/rosidl_generator_c/cmake)
-- Found rosidl_adapter: 3.1.5 (/opt/ros/humble/share/rosidl_adapter/cmake)
-- Found rosidl_generator_cpp: 3.1.5 (/opt/ros/humble/share/rosidl_generator_cpp/cmake)
-- Using all available rosidl_typesupport_c: rosidl_typesupport_fastrtps_c;rosidl_typesupport_introspection_c
-- Using all available rosidl_typesupport_cpp: rosidl_typesupport_fastrtps_cpp;rosidl_typesupport_introspection_cpp
-- Found rmw_implementation_cmake: 6.1.1 (/opt/ros/humble/share/rmw_implementation_cmake/cmake)
-- Found rmw_fastrtps_cpp: 6.2.6 (/opt/ros/humble/share/rmw_fastrtps_cpp/cmake)
-- Found OpenSSL: /usr/lib/x86_64-linux-gnu/libcrypto.so (found version "3.0.2")  
-- Found FastRTPS: /opt/ros/humble/include  
-- Using RMW implementation 'rmw_fastrtps_cpp' as default
-- Looking for pthread.h
-- Looking for pthread.h - found
-- Performing Test CMAKE_HAVE_LIBC_PTHREAD
-- Performing Test CMAKE_HAVE_LIBC_PTHREAD - Success
-- Found Threads: TRUE  
-- Found OpenCV: /usr/local (found version "4.9.0") 
-- Found rosidl_default_generators: 1.2.0 (/opt/ros/humble/share/rosidl_default_generators/cmake)
-- Found ament_cmake_ros: 0.10.0 (/opt/ros/humble/share/ament_cmake_ros/cmake)
-- Using all available rosidl_typesupport_c: rosidl_typesupport_fastrtps_c;rosidl_typesupport_introspection_c
-- Using all available rosidl_typesupport_cpp: rosidl_typesupport_fastrtps_cpp;rosidl_typesupport_introspection_cpp
-- Found PythonInterp: /usr/bin/python3 (found suitable version "3.10.12", minimum required is "3.6") 
-- Found python_cmake_module: 0.10.0 (/opt/ros/humble/share/python_cmake_module/cmake)
-- Found PythonLibs: /usr/lib/x86_64-linux-gnu/libpython3.10.so (found suitable version "3.10.12", minimum required is "3.5") 
-- Using PYTHON_EXECUTABLE: /usr/bin/python3
-- Using PYTHON_INCLUDE_DIRS: /usr/include/python3.10
-- Using PYTHON_LIBRARIES: /usr/lib/x86_64-linux-gnu/libpython3.10.so
-- Found PythonExtra: .so  
-- Found ament_lint_auto: 0.12.10 (/opt/ros/humble/share/ament_lint_auto/cmake)
-- Added test 'cppcheck' to perform static code analysis on C / C++ code
-- Configured cppcheck include dirs: 
-- Configured cppcheck exclude dirs and/or files: 
-- Added test 'lint_cmake' to check CMake code style
-- Added test 'uncrustify' to check C / C++ code style
-- Configured uncrustify additional arguments: 
-- Added test 'xmllint' to check XML markup files
-- Configuring done
-- Generating done
-- Build files have been written to: /home/donjoe/MagangBanyubramanta_DanielAdhitthana/build/camera
[  3%] [34m[1mGenerating C code for ROS interfaces[0m
[  6%] [34m[1mGenerating C++ code for ROS interfaces[0m
[  6%] Built target ament_cmake_python_copy_camera
running egg_info
creating camera.egg-info
writing camera.egg-info/PKG-INFO
writing dependency_links to camera.egg-info/dependency_links.txt
writing top-level names to camera.egg-info/top_level.txt
writing manifest file 'camera.egg-info/SOURCES.txt'
reading manifest file 'camera.egg-info/SOURCES.txt'
writing manifest file 'camera.egg-info/SOURCES.txt'
[  9%] [32mBuilding C object CMakeFiles/camera__rosidl_generator_c.dir/rosidl_generator_c/camera/msg/detail/object__functions.c.o[0m
[  9%] Built target camera__cpp
[  9%] Built target ament_cmake_python_build_camera_egg
[ 12%] [34m[1mGenerating C++ type support dispatch for ROS interfaces[0m
[ 15%] [34m[1mGenerating C++ type support for eProsima Fast-RTPS[0m
[ 18%] [34m[1mGenerating C++ introspection for ROS interfaces[0m
[ 21%] [32m[1mLinking C shared library libcamera__rosidl_generator_c.so[0m
[ 21%] Built target camera__rosidl_generator_c
[ 24%] [34m[1mGenerating C type support for eProsima Fast-RTPS[0m
[ 27%] [32mBuilding CXX object CMakeFiles/camera__rosidl_typesupport_cpp.dir/rosidl_typesupport_cpp/camera/msg/object__type_support.cpp.o[0m
[ 30%] [32mBuilding CXX object CMakeFiles/camera__rosidl_typesupport_fastrtps_cpp.dir/rosidl_typesupport_fastrtps_cpp/camera/msg/detail/dds_fastrtps/object__type_support.cpp.o[0m
[ 33%] [32mBuilding CXX object CMakeFiles/camera__rosidl_typesupport_introspection_cpp.dir/rosidl_typesupport_introspection_cpp/camera/msg/detail/object__type_support.cpp.o[0m
[ 36%] [32mBuilding CXX object CMakeFiles/camera__rosidl_typesupport_fastrtps_c.dir/rosidl_typesupport_fastrtps_c/camera/msg/detail/object__type_support_c.cpp.o[0m
[ 39%] [32m[1mLinking CXX shared library libcamera__rosidl_typesupport_cpp.so[0m
[ 42%] [32m[1mLinking CXX shared library libcamera__rosidl_typesupport_introspection_cpp.so[0m
[ 42%] Built target camera__rosidl_typesupport_cpp
[ 45%] [32m[1mLinking CXX shared library libcamera__rosidl_typesupport_fastrtps_cpp.so[0m
[ 48%] [34m[1mGenerating C introspection for ROS interfaces[0m
[ 51%] [32m[1mLinking CXX shared library libcamera__rosidl_typesupport_fastrtps_c.so[0m
[ 51%] Built target camera__rosidl_typesupport_introspection_cpp
[ 54%] [34m[1mGenerating C type support dispatch for ROS interfaces[0m
[ 54%] Built target camera__rosidl_typesupport_fastrtps_cpp
[ 57%] [32mBuilding CXX object CMakeFiles/node.dir/src/node.cpp.o[0m
[ 57%] Built target camera__rosidl_typesupport_fastrtps_c
[ 60%] [32mBuilding C object CMakeFiles/camera__rosidl_typesupport_introspection_c.dir/rosidl_typesupport_introspection_c/camera/msg/detail/object__type_support.c.o[0m
[ 63%] [32m[1mLinking C shared library libcamera__rosidl_typesupport_introspection_c.so[0m
[ 66%] [32mBuilding CXX object CMakeFiles/camera__rosidl_typesupport_c.dir/rosidl_typesupport_c/camera/msg/object__type_support.cpp.o[0m
[ 66%] Built target camera__rosidl_typesupport_introspection_c
[ 69%] [32m[1mLinking CXX shared library libcamera__rosidl_typesupport_c.so[0m
[ 69%] Built target camera__rosidl_typesupport_c
[ 69%] Built target camera
[ 72%] [34m[1mGenerating Python code for ROS interfaces[0m
[ 72%] Built target camera__py
