-- The C compiler identification is GNU 11.4.0
-- The CXX compiler identification is GNU 11.4.0
-- Detecting C compiler ABI info
-- Detecting C compiler ABI info - done
-- Check for working C compiler: /usr/bin/cc - skipped
-- Detecting C compile features
-- Detecting C compile features - done
-- Detecting CXX compiler ABI info
-- Detecting CXX compiler ABI info - done
-- Check for working CXX compiler: /usr/bin/c++ - skipped
-- Detecting CXX compile features
-- Detecting CXX compile features - done
-- Found ament_cmake: 1.3.3 (/usr/local/MATLAB/R2023b/sys/ros2/glnxa64/ros2/share/ament_cmake/cmake)
-- Found Python3: /home/donjoe/.matlab/R2023b/ros2/glnxa64/venv/bin/python3.10 (found version "3.10.12") found components: Interpreter 
-- Found ament_cmake_ros: 0.10.0 (/usr/local/MATLAB/R2023b/sys/ros2/glnxa64/ros2/share/ament_cmake_ros/cmake)
-- Found rosidl_typesupport_c: 2.0.0 (/usr/local/MATLAB/R2023b/sys/ros2/glnxa64/ros2/share/rosidl_typesupport_c/cmake)
-- Using all available rosidl_typesupport_c: rosidl_typesupport_fastrtps_c;rosidl_typesupport_introspection_c
-- Found rosidl_adapter: 3.1.4 (/usr/local/MATLAB/R2023b/sys/ros2/glnxa64/ros2/share/rosidl_adapter/cmake)
-- Found rosidl_typesupport_cpp: 2.0.0 (/usr/local/MATLAB/R2023b/sys/ros2/glnxa64/ros2/share/rosidl_typesupport_cpp/cmake)
-- Using all available rosidl_typesupport_cpp: rosidl_typesupport_fastrtps_cpp;rosidl_typesupport_introspection_cpp
-- Found rosidl_default_generators: 1.2.0 (/usr/local/MATLAB/R2023b/sys/ros2/glnxa64/ros2/share/rosidl_default_generators/cmake)
-- Found class_loader: 2.2.0 (/usr/local/MATLAB/R2023b/sys/ros2/glnxa64/ros2/share/class_loader/cmake)
-- Found rclcpp: 16.0.3 (/usr/local/MATLAB/R2023b/sys/ros2/glnxa64/ros2/share/rclcpp/cmake)
-- Found rmw_implementation_cmake: 6.1.1 (/usr/local/MATLAB/R2023b/sys/ros2/glnxa64/ros2/share/rmw_implementation_cmake/cmake)
-- Found rmw_fastrtps_cpp: 6.2.2 (/usr/local/MATLAB/R2023b/sys/ros2/glnxa64/ros2/share/rmw_fastrtps_cpp/cmake)
-- Found FastRTPS: /usr/local/MATLAB/R2023b/sys/ros2/glnxa64/ros2/include  
-- Using RMW implementation 'rmw_fastrtps_cpp' as default
-- Performing Test CMAKE_HAVE_LIBC_PTHREAD
-- Performing Test CMAKE_HAVE_LIBC_PTHREAD - Success
-- Found Threads: TRUE  
-- Using all available rosidl_typesupport_c: rosidl_typesupport_fastrtps_c;rosidl_typesupport_introspection_c
-- Using all available rosidl_typesupport_cpp: rosidl_typesupport_fastrtps_cpp;rosidl_typesupport_introspection_cpp
-- Configuring done
-- Generating done
-- Build files have been written to: /home/donjoe/Documents/MagangBanyubramanta_DanielAdhitthana/matlab/custom/matlab_msg_gen/glnxa64/build/interfaces
[1/32] Generating C++ code for ROS interfaces
[2/32] Generating C code for ROS interfaces
[3/32] Building C object CMakeFiles/interfaces__rosidl_generator_c.dir/rosidl_generator_c/interfaces/msg/detail/motion__functions.c.o
[4/32] Building C object CMakeFiles/interfaces__rosidl_generator_c.dir/rosidl_generator_c/interfaces/msg/detail/object__functions.c.o
[5/32] Linking C shared library libinterfaces__rosidl_generator_c.so
[6/32] Generating C++ type support dispatch for ROS interfaces
[7/32] Generating C++ introspection for ROS interfaces
[8/32] Generating C++ type support for eProsima Fast-RTPS
[9/32] Generating C type support for eProsima Fast-RTPS
[10/32] Building CXX object CMakeFiles/interfaces__rosidl_typesupport_cpp.dir/rosidl_typesupport_cpp/interfaces/msg/motion__type_support.cpp.o
[11/32] Building CXX object CMakeFiles/interfaces__rosidl_typesupport_introspection_cpp.dir/rosidl_typesupport_introspection_cpp/interfaces/msg/detail/motion__type_support.cpp.o
[12/32] Building CXX object CMakeFiles/interfaces__rosidl_typesupport_fastrtps_cpp.dir/rosidl_typesupport_fastrtps_cpp/interfaces/msg/detail/dds_fastrtps/motion__type_support.cpp.o
[13/32] Building CXX object CMakeFiles/interfaces__rosidl_typesupport_fastrtps_c.dir/rosidl_typesupport_fastrtps_c/interfaces/msg/detail/motion__type_support_c.cpp.o
[14/32] Building CXX object CMakeFiles/interfaces__rosidl_typesupport_fastrtps_c.dir/rosidl_typesupport_fastrtps_c/interfaces/msg/detail/object__type_support_c.cpp.o
[15/32] Linking CXX shared library libinterfaces__rosidl_typesupport_fastrtps_c.so
[16/32] Building CXX object CMakeFiles/interfaces__rosidl_typesupport_introspection_cpp.dir/rosidl_typesupport_introspection_cpp/interfaces/msg/detail/object__type_support.cpp.o
[17/32] Building CXX object CMakeFiles/interfaces__rosidl_typesupport_fastrtps_cpp.dir/rosidl_typesupport_fastrtps_cpp/interfaces/msg/detail/dds_fastrtps/object__type_support.cpp.o
[18/32] Linking CXX shared library libinterfaces__rosidl_typesupport_introspection_cpp.so
[19/32] Linking CXX shared library libinterfaces__rosidl_typesupport_fastrtps_cpp.so
[20/32] Building CXX object CMakeFiles/interfaces__rosidl_typesupport_cpp.dir/rosidl_typesupport_cpp/interfaces/msg/object__type_support.cpp.o
[21/32] Linking CXX shared library libinterfaces__rosidl_typesupport_cpp.so
[22/32] Generating C introspection for ROS interfaces
[23/32] Generating C type support dispatch for ROS interfaces
[24/32] Building C object CMakeFiles/interfaces__rosidl_typesupport_introspection_c.dir/rosidl_typesupport_introspection_c/interfaces/msg/detail/motion__type_support.c.o
[25/32] Building CXX object CMakeFiles/interfaces__rosidl_typesupport_c.dir/rosidl_typesupport_c/interfaces/msg/motion__type_support.cpp.o
[26/32] Building C object CMakeFiles/interfaces__rosidl_typesupport_introspection_c.dir/rosidl_typesupport_introspection_c/interfaces/msg/detail/object__type_support.c.o
[27/32] Building CXX object CMakeFiles/interfaces__rosidl_typesupport_c.dir/rosidl_typesupport_c/interfaces/msg/object__type_support.cpp.o
[28/32] Linking C shared library libinterfaces__rosidl_typesupport_introspection_c.so
[29/32] Linking CXX shared library libinterfaces__rosidl_typesupport_c.so
[30/32] Building CXX object CMakeFiles/interfaces_matlab.dir/src/interfaces_Motion_message.cpp.o
[31/32] Building CXX object CMakeFiles/interfaces_matlab.dir/src/interfaces_Object_message.cpp.o
[32/32] Linking CXX shared library libinterfaces_matlab.so
-- Install configuration: "Release"
-- Installing: /home/donjoe/Documents/MagangBanyubramanta_DanielAdhitthana/matlab/custom/matlab_msg_gen/glnxa64/install/share/ament_index/resource_index/rosidl_interfaces/interfaces
-- Installing: /home/donjoe/Documents/MagangBanyubramanta_DanielAdhitthana/matlab/custom/matlab_msg_gen/glnxa64/install/include/interfaces/interfaces
-- Installing: /home/donjoe/Documents/MagangBanyubramanta_DanielAdhitthana/matlab/custom/matlab_msg_gen/glnxa64/install/include/interfaces/interfaces/msg
-- Installing: /home/donjoe/Documents/MagangBanyubramanta_DanielAdhitthana/matlab/custom/matlab_msg_gen/glnxa64/install/include/interfaces/interfaces/msg/motion.h
-- Installing: /home/donjoe/Documents/MagangBanyubramanta_DanielAdhitthana/matlab/custom/matlab_msg_gen/glnxa64/install/include/interfaces/interfaces/msg/detail
-- Installing: /home/donjoe/Documents/MagangBanyubramanta_DanielAdhitthana/matlab/custom/matlab_msg_gen/glnxa64/install/include/interfaces/interfaces/msg/detail/object__struct.h
-- Installing: /home/donjoe/Documents/MagangBanyubramanta_DanielAdhitthana/matlab/custom/matlab_msg_gen/glnxa64/install/include/interfaces/interfaces/msg/detail/motion__type_support.h
-- Installing: /home/donjoe/Documents/MagangBanyubramanta_DanielAdhitthana/matlab/custom/matlab_msg_gen/glnxa64/install/include/interfaces/interfaces/msg/detail/motion__functions.c
-- Installing: /home/donjoe/Documents/MagangBanyubramanta_DanielAdhitthana/matlab/custom/matlab_msg_gen/glnxa64/install/include/interfaces/interfaces/msg/detail/object__functions.h
-- Installing: /home/donjoe/Documents/MagangBanyubramanta_DanielAdhitthana/matlab/custom/matlab_msg_gen/glnxa64/install/include/interfaces/interfaces/msg/detail/motion__struct.h
-- Installing: /home/donjoe/Documents/MagangBanyubramanta_DanielAdhitthana/matlab/custom/matlab_msg_gen/glnxa64/install/include/interfaces/interfaces/msg/detail/object__type_support.h
-- Installing: /home/donjoe/Documents/MagangBanyubramanta_DanielAdhitthana/matlab/custom/matlab_msg_gen/glnxa64/install/include/interfaces/interfaces/msg/detail/object__functions.c
-- Installing: /home/donjoe/Documents/MagangBanyubramanta_DanielAdhitthana/matlab/custom/matlab_msg_gen/glnxa64/install/include/interfaces/interfaces/msg/detail/motion__functions.h
-- Installing: /home/donjoe/Documents/MagangBanyubramanta_DanielAdhitthana/matlab/custom/matlab_msg_gen/glnxa64/install/include/interfaces/interfaces/msg/object.h
-- Installing: /home/donjoe/Documents/MagangBanyubramanta_DanielAdhitthana/matlab/custom/matlab_msg_gen/glnxa64/install/include/interfaces/interfaces/msg/rosidl_generator_c__visibility_control.h
-- Installing: /home/donjoe/Documents/MagangBanyubramanta_DanielAdhitthana/matlab/custom/matlab_msg_gen/glnxa64/install/share/interfaces/environment/library_path.sh
-- Installing: /home/donjoe/Documents/MagangBanyubramanta_DanielAdhitthana/matlab/custom/matlab_msg_gen/glnxa64/install/share/interfaces/environment/library_path.dsv
-- Installing: /home/donjoe/Documents/MagangBanyubramanta_DanielAdhitthana/matlab/custom/matlab_msg_gen/glnxa64/install/lib/libinterfaces__rosidl_generator_c.so
-- Up-to-date: /home/donjoe/Documents/MagangBanyubramanta_DanielAdhitthana/matlab/custom/matlab_msg_gen/glnxa64/install/include/interfaces/interfaces
-- Up-to-date: /home/donjoe/Documents/MagangBanyubramanta_DanielAdhitthana/matlab/custom/matlab_msg_gen/glnxa64/install/include/interfaces/interfaces/msg
-- Up-to-date: /home/donjoe/Documents/MagangBanyubramanta_DanielAdhitthana/matlab/custom/matlab_msg_gen/glnxa64/install/include/interfaces/interfaces/msg/detail
-- Installing: /home/donjoe/Documents/MagangBanyubramanta_DanielAdhitthana/matlab/custom/matlab_msg_gen/glnxa64/install/include/interfaces/interfaces/msg/detail/object__rosidl_typesupport_fastrtps_c.h
-- Installing: /home/donjoe/Documents/MagangBanyubramanta_DanielAdhitthana/matlab/custom/matlab_msg_gen/glnxa64/install/include/interfaces/interfaces/msg/detail/motion__rosidl_typesupport_fastrtps_c.h
-- Installing: /home/donjoe/Documents/MagangBanyubramanta_DanielAdhitthana/matlab/custom/matlab_msg_gen/glnxa64/install/include/interfaces/interfaces/msg/rosidl_typesupport_fastrtps_c__visibility_control.h
-- Installing: /home/donjoe/Documents/MagangBanyubramanta_DanielAdhitthana/matlab/custom/matlab_msg_gen/glnxa64/install/lib/libinterfaces__rosidl_typesupport_fastrtps_c.so
-- Up-to-date: /home/donjoe/Documents/MagangBanyubramanta_DanielAdhitthana/matlab/custom/matlab_msg_gen/glnxa64/install/include/interfaces/interfaces
-- Up-to-date: /home/donjoe/Documents/MagangBanyubramanta_DanielAdhitthana/matlab/custom/matlab_msg_gen/glnxa64/install/include/interfaces/interfaces/msg
-- Up-to-date: /home/donjoe/Documents/MagangBanyubramanta_DanielAdhitthana/matlab/custom/matlab_msg_gen/glnxa64/install/include/interfaces/interfaces/msg/detail
-- Installing: /home/donjoe/Documents/MagangBanyubramanta_DanielAdhitthana/matlab/custom/matlab_msg_gen/glnxa64/install/include/interfaces/interfaces/msg/detail/motion__rosidl_typesupport_introspection_c.h
-- Installing: /home/donjoe/Documents/MagangBanyubramanta_DanielAdhitthana/matlab/custom/matlab_msg_gen/glnxa64/install/include/interfaces/interfaces/msg/detail/object__type_support.c
-- Installing: /home/donjoe/Documents/MagangBanyubramanta_DanielAdhitthana/matlab/custom/matlab_msg_gen/glnxa64/install/include/interfaces/interfaces/msg/detail/object__rosidl_typesupport_introspection_c.h
-- Installing: /home/donjoe/Documents/MagangBanyubramanta_DanielAdhitthana/matlab/custom/matlab_msg_gen/glnxa64/install/include/interfaces/interfaces/msg/detail/motion__type_support.c
-- Installing: /home/donjoe/Documents/MagangBanyubramanta_DanielAdhitthana/matlab/custom/matlab_msg_gen/glnxa64/install/include/interfaces/interfaces/msg/rosidl_typesupport_introspection_c__visibility_control.h
-- Installing: /home/donjoe/Documents/MagangBanyubramanta_DanielAdhitthana/matlab/custom/matlab_msg_gen/glnxa64/install/lib/libinterfaces__rosidl_typesupport_introspection_c.so
-- Installing: /home/donjoe/Documents/MagangBanyubramanta_DanielAdhitthana/matlab/custom/matlab_msg_gen/glnxa64/install/lib/libinterfaces__rosidl_typesupport_c.so
-- Up-to-date: /home/donjoe/Documents/MagangBanyubramanta_DanielAdhitthana/matlab/custom/matlab_msg_gen/glnxa64/install/include/interfaces/interfaces
-- Up-to-date: /home/donjoe/Documents/MagangBanyubramanta_DanielAdhitthana/matlab/custom/matlab_msg_gen/glnxa64/install/include/interfaces/interfaces/msg
-- Installing: /home/donjoe/Documents/MagangBanyubramanta_DanielAdhitthana/matlab/custom/matlab_msg_gen/glnxa64/install/include/interfaces/interfaces/msg/object.hpp
-- Up-to-date: /home/donjoe/Documents/MagangBanyubramanta_DanielAdhitthana/matlab/custom/matlab_msg_gen/glnxa64/install/include/interfaces/interfaces/msg/detail
-- Installing: /home/donjoe/Documents/MagangBanyubramanta_DanielAdhitthana/matlab/custom/matlab_msg_gen/glnxa64/install/include/interfaces/interfaces/msg/detail/object__struct.hpp
-- Installing: /home/donjoe/Documents/MagangBanyubramanta_DanielAdhitthana/matlab/custom/matlab_msg_gen/glnxa64/install/include/interfaces/interfaces/msg/detail/motion__struct.hpp
-- Installing: /home/donjoe/Documents/MagangBanyubramanta_DanielAdhitthana/matlab/custom/matlab_msg_gen/glnxa64/install/include/interfaces/interfaces/msg/detail/motion__traits.hpp
-- Installing: /home/donjoe/Documents/MagangBanyubramanta_DanielAdhitthana/matlab/custom/matlab_msg_gen/glnxa64/install/include/interfaces/interfaces/msg/detail/object__builder.hpp
-- Installing: /home/donjoe/Documents/MagangBanyubramanta_DanielAdhitthana/matlab/custom/matlab_msg_gen/glnxa64/install/include/interfaces/interfaces/msg/detail/object__traits.hpp
-- Installing: /home/donjoe/Documents/MagangBanyubramanta_DanielAdhitthana/matlab/custom/matlab_msg_gen/glnxa64/install/include/interfaces/interfaces/msg/detail/motion__builder.hpp
-- Installing: /home/donjoe/Documents/MagangBanyubramanta_DanielAdhitthana/matlab/custom/matlab_msg_gen/glnxa64/install/include/interfaces/interfaces/msg/motion.hpp
-- Up-to-date: /home/donjoe/Documents/MagangBanyubramanta_DanielAdhitthana/matlab/custom/matlab_msg_gen/glnxa64/install/include/interfaces/interfaces
-- Up-to-date: /home/donjoe/Documents/MagangBanyubramanta_DanielAdhitthana/matlab/custom/matlab_msg_gen/glnxa64/install/include/interfaces/interfaces/msg
-- Up-to-date: /home/donjoe/Documents/MagangBanyubramanta_DanielAdhitthana/matlab/custom/matlab_msg_gen/glnxa64/install/include/interfaces/interfaces/msg/detail
-- Installing: /home/donjoe/Documents/MagangBanyubramanta_DanielAdhitthana/matlab/custom/matlab_msg_gen/glnxa64/install/include/interfaces/interfaces/msg/detail/object__rosidl_typesupport_fastrtps_cpp.hpp
-- Installing: /home/donjoe/Documents/MagangBanyubramanta_DanielAdhitthana/matlab/custom/matlab_msg_gen/glnxa64/install/include/interfaces/interfaces/msg/detail/dds_fastrtps
-- Installing: /home/donjoe/Documents/MagangBanyubramanta_DanielAdhitthana/matlab/custom/matlab_msg_gen/glnxa64/install/include/interfaces/interfaces/msg/detail/motion__rosidl_typesupport_fastrtps_cpp.hpp
-- Installing: /home/donjoe/Documents/MagangBanyubramanta_DanielAdhitthana/matlab/custom/matlab_msg_gen/glnxa64/install/include/interfaces/interfaces/msg/rosidl_typesupport_fastrtps_cpp__visibility_control.h
-- Installing: /home/donjoe/Documents/MagangBanyubramanta_DanielAdhitthana/matlab/custom/matlab_msg_gen/glnxa64/install/lib/libinterfaces__rosidl_typesupport_fastrtps_cpp.so
-- Up-to-date: /home/donjoe/Documents/MagangBanyubramanta_DanielAdhitthana/matlab/custom/matlab_msg_gen/glnxa64/install/include/interfaces/interfaces
-- Up-to-date: /home/donjoe/Documents/MagangBanyubramanta_DanielAdhitthana/matlab/custom/matlab_msg_gen/glnxa64/install/include/interfaces/interfaces/msg
-- Up-to-date: /home/donjoe/Documents/MagangBanyubramanta_DanielAdhitthana/matlab/custom/matlab_msg_gen/glnxa64/install/include/interfaces/interfaces/msg/detail
-- Installing: /home/donjoe/Documents/MagangBanyubramanta_DanielAdhitthana/matlab/custom/matlab_msg_gen/glnxa64/install/include/interfaces/interfaces/msg/detail/motion__type_support.cpp
-- Installing: /home/donjoe/Documents/MagangBanyubramanta_DanielAdhitthana/matlab/custom/matlab_msg_gen/glnxa64/install/include/interfaces/interfaces/msg/detail/object__rosidl_typesupport_introspection_cpp.hpp
-- Installing: /home/donjoe/Documents/MagangBanyubramanta_DanielAdhitthana/matlab/custom/matlab_msg_gen/glnxa64/install/include/interfaces/interfaces/msg/detail/motion__rosidl_typesupport_introspection_cpp.hpp
-- Installing: /home/donjoe/Documents/MagangBanyubramanta_DanielAdhitthana/matlab/custom/matlab_msg_gen/glnxa64/install/include/interfaces/interfaces/msg/detail/object__type_support.cpp
-- Installing: /home/donjoe/Documents/MagangBanyubramanta_DanielAdhitthana/matlab/custom/matlab_msg_gen/glnxa64/install/lib/libinterfaces__rosidl_typesupport_introspection_cpp.so
-- Installing: /home/donjoe/Documents/MagangBanyubramanta_DanielAdhitthana/matlab/custom/matlab_msg_gen/glnxa64/install/lib/libinterfaces__rosidl_typesupport_cpp.so
-- Installing: /home/donjoe/Documents/MagangBanyubramanta_DanielAdhitthana/matlab/custom/matlab_msg_gen/glnxa64/install/share/interfaces/msg/Motion.idl
-- Installing: /home/donjoe/Documents/MagangBanyubramanta_DanielAdhitthana/matlab/custom/matlab_msg_gen/glnxa64/install/share/interfaces/msg/Object.idl
-- Installing: /home/donjoe/Documents/MagangBanyubramanta_DanielAdhitthana/matlab/custom/matlab_msg_gen/glnxa64/install/share/interfaces/msg/Motion.msg
-- Installing: /home/donjoe/Documents/MagangBanyubramanta_DanielAdhitthana/matlab/custom/matlab_msg_gen/glnxa64/install/share/interfaces/msg/Object.msg
-- Up-to-date: /home/donjoe/Documents/MagangBanyubramanta_DanielAdhitthana/matlab/custom/matlab_msg_gen/glnxa64/install/include
-- Up-to-date: /home/donjoe/Documents/MagangBanyubramanta_DanielAdhitthana/matlab/custom/matlab_msg_gen/glnxa64/install/include/interfaces
-- Installing: /home/donjoe/Documents/MagangBanyubramanta_DanielAdhitthana/matlab/custom/matlab_msg_gen/glnxa64/install/include/interfaces/visibility_control.h
-- Installing: /home/donjoe/Documents/MagangBanyubramanta_DanielAdhitthana/matlab/custom/matlab_msg_gen/glnxa64/install/lib/libinterfaces_matlab.so
-- Installing: /home/donjoe/Documents/MagangBanyubramanta_DanielAdhitthana/matlab/custom/matlab_msg_gen/glnxa64/install/m/
-- Installing: /home/donjoe/Documents/MagangBanyubramanta_DanielAdhitthana/matlab/custom/matlab_msg_gen/glnxa64/install/m//+ros
-- Installing: /home/donjoe/Documents/MagangBanyubramanta_DanielAdhitthana/matlab/custom/matlab_msg_gen/glnxa64/install/m//+ros/+internal
-- Installing: /home/donjoe/Documents/MagangBanyubramanta_DanielAdhitthana/matlab/custom/matlab_msg_gen/glnxa64/install/m//+ros/+internal/+ros2
-- Installing: /home/donjoe/Documents/MagangBanyubramanta_DanielAdhitthana/matlab/custom/matlab_msg_gen/glnxa64/install/m//+ros/+internal/+ros2/+custommessages
-- Installing: /home/donjoe/Documents/MagangBanyubramanta_DanielAdhitthana/matlab/custom/matlab_msg_gen/glnxa64/install/m//+ros/+internal/+ros2/+custommessages/+interfaces
-- Installing: /home/donjoe/Documents/MagangBanyubramanta_DanielAdhitthana/matlab/custom/matlab_msg_gen/glnxa64/install/m//+ros/+internal/+ros2/+custommessages/+interfaces/interfaces_msg_Object_1To2_Converter.m
-- Installing: /home/donjoe/Documents/MagangBanyubramanta_DanielAdhitthana/matlab/custom/matlab_msg_gen/glnxa64/install/m//+ros/+internal/+ros2/+custommessages/+interfaces/interfaces_msg_Object_2To1_Converter.m
-- Installing: /home/donjoe/Documents/MagangBanyubramanta_DanielAdhitthana/matlab/custom/matlab_msg_gen/glnxa64/install/m//+ros/+internal/+ros2/+custommessages/+interfaces/interfaces_msg_Motion_2To1_Converter.m
-- Installing: /home/donjoe/Documents/MagangBanyubramanta_DanielAdhitthana/matlab/custom/matlab_msg_gen/glnxa64/install/m//+ros/+internal/+ros2/+custommessages/+interfaces/interfaces_msg_Motion_1To2_Converter.m
-- Installing: /home/donjoe/Documents/MagangBanyubramanta_DanielAdhitthana/matlab/custom/matlab_msg_gen/glnxa64/install/m//+ros/+internal/+ros2/+custommessages/+interfaces/motion.m
-- Installing: /home/donjoe/Documents/MagangBanyubramanta_DanielAdhitthana/matlab/custom/matlab_msg_gen/glnxa64/install/m//+ros/+internal/+ros2/+custommessages/+interfaces/object.m
-- Installing: /home/donjoe/Documents/MagangBanyubramanta_DanielAdhitthana/matlab/custom/matlab_msg_gen/glnxa64/install/share/ament_index/resource_index/package_run_dependencies/interfaces
-- Installing: /home/donjoe/Documents/MagangBanyubramanta_DanielAdhitthana/matlab/custom/matlab_msg_gen/glnxa64/install/share/ament_index/resource_index/parent_prefix_path/interfaces
-- Installing: /home/donjoe/Documents/MagangBanyubramanta_DanielAdhitthana/matlab/custom/matlab_msg_gen/glnxa64/install/share/interfaces/environment/ament_prefix_path.sh
-- Installing: /home/donjoe/Documents/MagangBanyubramanta_DanielAdhitthana/matlab/custom/matlab_msg_gen/glnxa64/install/share/interfaces/environment/ament_prefix_path.dsv
-- Installing: /home/donjoe/Documents/MagangBanyubramanta_DanielAdhitthana/matlab/custom/matlab_msg_gen/glnxa64/install/share/interfaces/environment/path.sh
-- Installing: /home/donjoe/Documents/MagangBanyubramanta_DanielAdhitthana/matlab/custom/matlab_msg_gen/glnxa64/install/share/interfaces/environment/path.dsv
-- Installing: /home/donjoe/Documents/MagangBanyubramanta_DanielAdhitthana/matlab/custom/matlab_msg_gen/glnxa64/install/share/interfaces/local_setup.bash
-- Installing: /home/donjoe/Documents/MagangBanyubramanta_DanielAdhitthana/matlab/custom/matlab_msg_gen/glnxa64/install/share/interfaces/local_setup.sh
-- Installing: /home/donjoe/Documents/MagangBanyubramanta_DanielAdhitthana/matlab/custom/matlab_msg_gen/glnxa64/install/share/interfaces/local_setup.zsh
-- Installing: /home/donjoe/Documents/MagangBanyubramanta_DanielAdhitthana/matlab/custom/matlab_msg_gen/glnxa64/install/share/interfaces/local_setup.dsv
-- Installing: /home/donjoe/Documents/MagangBanyubramanta_DanielAdhitthana/matlab/custom/matlab_msg_gen/glnxa64/install/share/interfaces/package.dsv
-- Installing: /home/donjoe/Documents/MagangBanyubramanta_DanielAdhitthana/matlab/custom/matlab_msg_gen/glnxa64/install/share/ament_index/resource_index/packages/interfaces
-- Installing: /home/donjoe/Documents/MagangBanyubramanta_DanielAdhitthana/matlab/custom/matlab_msg_gen/glnxa64/install/share/interfaces/cmake/export_interfaces__rosidl_generator_cExport.cmake
-- Installing: /home/donjoe/Documents/MagangBanyubramanta_DanielAdhitthana/matlab/custom/matlab_msg_gen/glnxa64/install/share/interfaces/cmake/export_interfaces__rosidl_generator_cExport-release.cmake
-- Installing: /home/donjoe/Documents/MagangBanyubramanta_DanielAdhitthana/matlab/custom/matlab_msg_gen/glnxa64/install/share/interfaces/cmake/export_interfaces__rosidl_typesupport_fastrtps_cExport.cmake
-- Installing: /home/donjoe/Documents/MagangBanyubramanta_DanielAdhitthana/matlab/custom/matlab_msg_gen/glnxa64/install/share/interfaces/cmake/export_interfaces__rosidl_typesupport_fastrtps_cExport-release.cmake
-- Installing: /home/donjoe/Documents/MagangBanyubramanta_DanielAdhitthana/matlab/custom/matlab_msg_gen/glnxa64/install/share/interfaces/cmake/interfaces__rosidl_typesupport_introspection_cExport.cmake
-- Installing: /home/donjoe/Documents/MagangBanyubramanta_DanielAdhitthana/matlab/custom/matlab_msg_gen/glnxa64/install/share/interfaces/cmake/interfaces__rosidl_typesupport_introspection_cExport-release.cmake
-- Installing: /home/donjoe/Documents/MagangBanyubramanta_DanielAdhitthana/matlab/custom/matlab_msg_gen/glnxa64/install/share/interfaces/cmake/interfaces__rosidl_typesupport_cExport.cmake
-- Installing: /home/donjoe/Documents/MagangBanyubramanta_DanielAdhitthana/matlab/custom/matlab_msg_gen/glnxa64/install/share/interfaces/cmake/interfaces__rosidl_typesupport_cExport-release.cmake
-- Installing: /home/donjoe/Documents/MagangBanyubramanta_DanielAdhitthana/matlab/custom/matlab_msg_gen/glnxa64/install/share/interfaces/cmake/export_interfaces__rosidl_generator_cppExport.cmake
-- Installing: /home/donjoe/Documents/MagangBanyubramanta_DanielAdhitthana/matlab/custom/matlab_msg_gen/glnxa64/install/share/interfaces/cmake/export_interfaces__rosidl_typesupport_fastrtps_cppExport.cmake
-- Installing: /home/donjoe/Documents/MagangBanyubramanta_DanielAdhitthana/matlab/custom/matlab_msg_gen/glnxa64/install/share/interfaces/cmake/export_interfaces__rosidl_typesupport_fastrtps_cppExport-release.cmake
-- Installing: /home/donjoe/Documents/MagangBanyubramanta_DanielAdhitthana/matlab/custom/matlab_msg_gen/glnxa64/install/share/interfaces/cmake/interfaces__rosidl_typesupport_introspection_cppExport.cmake
-- Installing: /home/donjoe/Documents/MagangBanyubramanta_DanielAdhitthana/matlab/custom/matlab_msg_gen/glnxa64/install/share/interfaces/cmake/interfaces__rosidl_typesupport_introspection_cppExport-release.cmake
-- Installing: /home/donjoe/Documents/MagangBanyubramanta_DanielAdhitthana/matlab/custom/matlab_msg_gen/glnxa64/install/share/interfaces/cmake/interfaces__rosidl_typesupport_cppExport.cmake
-- Installing: /home/donjoe/Documents/MagangBanyubramanta_DanielAdhitthana/matlab/custom/matlab_msg_gen/glnxa64/install/share/interfaces/cmake/interfaces__rosidl_typesupport_cppExport-release.cmake
-- Installing: /home/donjoe/Documents/MagangBanyubramanta_DanielAdhitthana/matlab/custom/matlab_msg_gen/glnxa64/install/share/interfaces/cmake/rosidl_cmake-extras.cmake
-- Installing: /home/donjoe/Documents/MagangBanyubramanta_DanielAdhitthana/matlab/custom/matlab_msg_gen/glnxa64/install/share/interfaces/cmake/ament_cmake_export_include_directories-extras.cmake
-- Installing: /home/donjoe/Documents/MagangBanyubramanta_DanielAdhitthana/matlab/custom/matlab_msg_gen/glnxa64/install/share/interfaces/cmake/ament_cmake_export_libraries-extras.cmake
-- Installing: /home/donjoe/Documents/MagangBanyubramanta_DanielAdhitthana/matlab/custom/matlab_msg_gen/glnxa64/install/share/interfaces/cmake/ament_cmake_export_targets-extras.cmake
-- Installing: /home/donjoe/Documents/MagangBanyubramanta_DanielAdhitthana/matlab/custom/matlab_msg_gen/glnxa64/install/share/interfaces/cmake/rosidl_cmake_export_typesupport_targets-extras.cmake
-- Installing: /home/donjoe/Documents/MagangBanyubramanta_DanielAdhitthana/matlab/custom/matlab_msg_gen/glnxa64/install/share/interfaces/cmake/ament_cmake_export_dependencies-extras.cmake
-- Installing: /home/donjoe/Documents/MagangBanyubramanta_DanielAdhitthana/matlab/custom/matlab_msg_gen/glnxa64/install/share/interfaces/cmake/rosidl_cmake_export_typesupport_libraries-extras.cmake
-- Installing: /home/donjoe/Documents/MagangBanyubramanta_DanielAdhitthana/matlab/custom/matlab_msg_gen/glnxa64/install/share/interfaces/cmake/interfacesConfig.cmake
-- Installing: /home/donjoe/Documents/MagangBanyubramanta_DanielAdhitthana/matlab/custom/matlab_msg_gen/glnxa64/install/share/interfaces/cmake/interfacesConfig-version.cmake
-- Installing: /home/donjoe/Documents/MagangBanyubramanta_DanielAdhitthana/matlab/custom/matlab_msg_gen/glnxa64/install/share/interfaces/package.xml
