[0.083s] Invoking command in '/home/donjoe/MagangBanyubramanta_DanielAdhitthana/build/controller': CMAKE_PREFIX_PATH=${CMAKE_PREFIX_PATH}:/opt/ros/humble /usr/bin/cmake /home/donjoe/MagangBanyubramanta_DanielAdhitthana/src/controller -DCMAKE_INSTALL_PREFIX=/home/donjoe/MagangBanyubramanta_DanielAdhitthana/install/controller
[0.836s] -- The C compiler identification is GNU 11.4.0
[1.792s] -- The CXX compiler identification is GNU 11.4.0
[2.459s] -- Detecting C compiler ABI info
[2.704s] -- Detecting C compiler ABI info - done
[2.709s] -- Check for working C compiler: /usr/bin/cc - skipped
[2.712s] -- Detecting C compile features
[2.712s] -- Detecting C compile features - done
[2.716s] -- Detecting CXX compiler ABI info
[2.894s] -- Detecting CXX compiler ABI info - done
[2.899s] -- Check for working CXX compiler: /usr/bin/c++ - skipped
[2.900s] -- Detecting CXX compile features
[2.900s] -- Detecting CXX compile features - done
[2.945s] -- Found ament_cmake: 1.3.6 (/opt/ros/humble/share/ament_cmake/cmake)
[3.121s] -- Found Python3: /usr/bin/python3.10 (found version "3.10.12") found components: Interpreter 
[3.261s] -- Found rclcpp: 16.0.7 (/opt/ros/humble/share/rclcpp/cmake)
[3.606s] -- Found rosidl_generator_c: 3.1.5 (/opt/ros/humble/share/rosidl_generator_c/cmake)
[3.615s] -- Found rosidl_adapter: 3.1.5 (/opt/ros/humble/share/rosidl_adapter/cmake)
[3.626s] -- Found rosidl_generator_cpp: 3.1.5 (/opt/ros/humble/share/rosidl_generator_cpp/cmake)
[3.649s] -- Using all available rosidl_typesupport_c: rosidl_typesupport_fastrtps_c;rosidl_typesupport_introspection_c
[3.677s] -- Using all available rosidl_typesupport_cpp: rosidl_typesupport_fastrtps_cpp;rosidl_typesupport_introspection_cpp
[3.777s] -- Found rmw_implementation_cmake: 6.1.1 (/opt/ros/humble/share/rmw_implementation_cmake/cmake)
[3.783s] -- Found rmw_fastrtps_cpp: 6.2.5 (/opt/ros/humble/share/rmw_fastrtps_cpp/cmake)
[5.998s] -- Found OpenSSL: /usr/lib/x86_64-linux-gnu/libcrypto.so (found version "3.0.2")  
[7.596s] -- Found FastRTPS: /opt/ros/humble/include  
[10.427s] -- Using RMW implementation 'rmw_fastrtps_cpp' as default
[10.446s] -- Looking for pthread.h
[10.599s] -- Looking for pthread.h - found
[10.599s] -- Performing Test CMAKE_HAVE_LIBC_PTHREAD
[10.724s] -- Performing Test CMAKE_HAVE_LIBC_PTHREAD - Success
[10.725s] -- Found Threads: TRUE  
[10.903s] -- Found sensor_msgs: 4.2.3 (/opt/ros/humble/share/sensor_msgs/cmake)
[11.039s] -- Configuring incomplete, errors occurred!
[11.039s] See also "/home/donjoe/MagangBanyubramanta_DanielAdhitthana/build/controller/CMakeFiles/CMakeOutput.log".
[11.039s] [31mCMake Error at CMakeLists.txt:17 (ament_target_packages):
[11.039s]   Unknown CMake command "ament_target_packages".
[11.039s] 
[11.039s] [0m
[11.051s] Invoked command in '/home/donjoe/MagangBanyubramanta_DanielAdhitthana/build/controller' returned '1': CMAKE_PREFIX_PATH=${CMAKE_PREFIX_PATH}:/opt/ros/humble /usr/bin/cmake /home/donjoe/MagangBanyubramanta_DanielAdhitthana/src/controller -DCMAKE_INSTALL_PREFIX=/home/donjoe/MagangBanyubramanta_DanielAdhitthana/install/controller
