[1.660s] DEBUG:colcon:Command line arguments: ['/usr/bin/colcon', 'build']
[1.660s] DEBUG:colcon:Parsed command line arguments: Namespace(log_base=None, log_level=None, verb_name='build', build_base='build', install_base='install', merge_install=False, symlink_install=False, test_result_base=None, continue_on_error=False, executor='parallel', parallel_workers=4, event_handlers=None, ignore_user_meta=False, metas=['./colcon.meta'], base_paths=['.'], packages_ignore=None, packages_ignore_regex=None, paths=None, packages_up_to=None, packages_up_to_regex=None, packages_above=None, packages_above_and_dependencies=None, packages_above_depth=None, packages_select_by_dep=None, packages_skip_by_dep=None, packages_skip_up_to=None, packages_select_build_failed=False, packages_skip_build_finished=False, packages_select_test_failures=False, packages_skip_test_passed=False, packages_select=None, packages_skip=None, packages_select_regex=None, packages_skip_regex=None, packages_start=None, packages_end=None, allow_overriding=[], cmake_args=None, cmake_target=None, cmake_target_skip_unavailable=False, cmake_clean_cache=False, cmake_clean_first=False, cmake_force_configure=False, ament_cmake_args=None, catkin_cmake_args=None, catkin_skip_building_tests=False, verb_parser=<colcon_defaults.argument_parser.defaults.DefaultArgumentsDecorator object at 0x7f145b26df60>, verb_extension=<colcon_core.verb.build.BuildVerb object at 0x7f145b26e110>, main=<bound method BuildVerb.main of <colcon_core.verb.build.BuildVerb object at 0x7f145b26e110>>)
[1.774s] Level 1:colcon.colcon_core.package_discovery:discover_packages(colcon_meta) check parameters
[1.775s] Level 1:colcon.colcon_core.package_discovery:discover_packages(recursive) check parameters
[1.775s] Level 1:colcon.colcon_core.package_discovery:discover_packages(ignore) check parameters
[1.775s] Level 1:colcon.colcon_core.package_discovery:discover_packages(path) check parameters
[1.775s] Level 1:colcon.colcon_core.package_discovery:discover_packages(colcon_meta) discover
[1.775s] Level 1:colcon.colcon_core.package_discovery:discover_packages(recursive) discover
[1.775s] INFO:colcon.colcon_core.package_discovery:Crawling recursively for packages in '/home/donjoe/Documents/MagangBanyubramanta_DanielAdhitthana'
[1.775s] Level 1:colcon.colcon_core.package_identification:_identify(.) by extensions ['ignore', 'ignore_ament_install']
[1.775s] Level 1:colcon.colcon_core.package_identification:_identify(.) by extension 'ignore'
[1.776s] Level 1:colcon.colcon_core.package_identification:_identify(.) by extension 'ignore_ament_install'
[1.776s] Level 1:colcon.colcon_core.package_identification:_identify(.) by extensions ['colcon_pkg']
[1.776s] Level 1:colcon.colcon_core.package_identification:_identify(.) by extension 'colcon_pkg'
[1.776s] Level 1:colcon.colcon_core.package_identification:_identify(.) by extensions ['colcon_meta']
[1.776s] Level 1:colcon.colcon_core.package_identification:_identify(.) by extension 'colcon_meta'
[1.776s] Level 1:colcon.colcon_core.package_identification:_identify(.) by extensions ['ros']
[1.776s] Level 1:colcon.colcon_core.package_identification:_identify(.) by extension 'ros'
[1.805s] Level 1:colcon.colcon_core.package_identification:_identify(.) by extensions ['cmake', 'python']
[1.805s] Level 1:colcon.colcon_core.package_identification:_identify(.) by extension 'cmake'
[1.805s] Level 1:colcon.colcon_core.package_identification:_identify(.) by extension 'python'
[1.805s] Level 1:colcon.colcon_core.package_identification:_identify(.) by extensions ['python_setup_py']
[1.805s] Level 1:colcon.colcon_core.package_identification:_identify(.) by extension 'python_setup_py'
[1.806s] Level 1:colcon.colcon_core.package_identification:_identify(build) by extensions ['ignore', 'ignore_ament_install']
[1.806s] Level 1:colcon.colcon_core.package_identification:_identify(build) by extension 'ignore'
[1.806s] Level 1:colcon.colcon_core.package_identification:_identify(build) ignored
[1.806s] Level 1:colcon.colcon_core.package_identification:_identify(install) by extensions ['ignore', 'ignore_ament_install']
[1.806s] Level 1:colcon.colcon_core.package_identification:_identify(install) by extension 'ignore'
[1.806s] Level 1:colcon.colcon_core.package_identification:_identify(install) ignored
[1.807s] Level 1:colcon.colcon_core.package_identification:_identify(log) by extensions ['ignore', 'ignore_ament_install']
[1.807s] Level 1:colcon.colcon_core.package_identification:_identify(log) by extension 'ignore'
[1.807s] Level 1:colcon.colcon_core.package_identification:_identify(log) ignored
[1.807s] Level 1:colcon.colcon_core.package_identification:_identify(src) by extensions ['ignore', 'ignore_ament_install']
[1.807s] Level 1:colcon.colcon_core.package_identification:_identify(src) by extension 'ignore'
[1.807s] Level 1:colcon.colcon_core.package_identification:_identify(src) by extension 'ignore_ament_install'
[1.807s] Level 1:colcon.colcon_core.package_identification:_identify(src) by extensions ['colcon_pkg']
[1.808s] Level 1:colcon.colcon_core.package_identification:_identify(src) by extension 'colcon_pkg'
[1.808s] Level 1:colcon.colcon_core.package_identification:_identify(src) by extensions ['colcon_meta']
[1.808s] Level 1:colcon.colcon_core.package_identification:_identify(src) by extension 'colcon_meta'
[1.808s] Level 1:colcon.colcon_core.package_identification:_identify(src) by extensions ['ros']
[1.808s] Level 1:colcon.colcon_core.package_identification:_identify(src) by extension 'ros'
[1.808s] Level 1:colcon.colcon_core.package_identification:_identify(src) by extensions ['cmake', 'python']
[1.808s] Level 1:colcon.colcon_core.package_identification:_identify(src) by extension 'cmake'
[1.808s] Level 1:colcon.colcon_core.package_identification:_identify(src) by extension 'python'
[1.808s] Level 1:colcon.colcon_core.package_identification:_identify(src) by extensions ['python_setup_py']
[1.808s] Level 1:colcon.colcon_core.package_identification:_identify(src) by extension 'python_setup_py'
[1.809s] Level 1:colcon.colcon_core.package_identification:_identify(src/camera) by extensions ['ignore', 'ignore_ament_install']
[1.809s] Level 1:colcon.colcon_core.package_identification:_identify(src/camera) by extension 'ignore'
[1.809s] Level 1:colcon.colcon_core.package_identification:_identify(src/camera) by extension 'ignore_ament_install'
[1.809s] Level 1:colcon.colcon_core.package_identification:_identify(src/camera) by extensions ['colcon_pkg']
[1.809s] Level 1:colcon.colcon_core.package_identification:_identify(src/camera) by extension 'colcon_pkg'
[1.809s] Level 1:colcon.colcon_core.package_identification:_identify(src/camera) by extensions ['colcon_meta']
[1.809s] Level 1:colcon.colcon_core.package_identification:_identify(src/camera) by extension 'colcon_meta'
[1.809s] Level 1:colcon.colcon_core.package_identification:_identify(src/camera) by extensions ['ros']
[1.809s] Level 1:colcon.colcon_core.package_identification:_identify(src/camera) by extension 'ros'
[1.818s] DEBUG:colcon.colcon_core.package_identification:Package 'src/camera' with type 'ros.ament_cmake' and name 'camera'
[1.818s] Level 1:colcon.colcon_core.package_identification:_identify(src/controller) by extensions ['ignore', 'ignore_ament_install']
[1.818s] Level 1:colcon.colcon_core.package_identification:_identify(src/controller) by extension 'ignore'
[1.819s] Level 1:colcon.colcon_core.package_identification:_identify(src/controller) by extension 'ignore_ament_install'
[1.819s] Level 1:colcon.colcon_core.package_identification:_identify(src/controller) by extensions ['colcon_pkg']
[1.819s] Level 1:colcon.colcon_core.package_identification:_identify(src/controller) by extension 'colcon_pkg'
[1.819s] Level 1:colcon.colcon_core.package_identification:_identify(src/controller) by extensions ['colcon_meta']
[1.819s] Level 1:colcon.colcon_core.package_identification:_identify(src/controller) by extension 'colcon_meta'
[1.819s] Level 1:colcon.colcon_core.package_identification:_identify(src/controller) by extensions ['ros']
[1.819s] Level 1:colcon.colcon_core.package_identification:_identify(src/controller) by extension 'ros'
[1.821s] DEBUG:colcon.colcon_core.package_identification:Package 'src/controller' with type 'ros.ament_cmake' and name 'controller'
[1.821s] Level 1:colcon.colcon_core.package_discovery:discover_packages(recursive) using defaults
[1.821s] Level 1:colcon.colcon_core.package_discovery:discover_packages(ignore) discover
[1.821s] Level 1:colcon.colcon_core.package_discovery:discover_packages(ignore) using defaults
[1.821s] Level 1:colcon.colcon_core.package_discovery:discover_packages(path) discover
[1.821s] Level 1:colcon.colcon_core.package_discovery:discover_packages(path) using defaults
[1.992s] Level 1:colcon.colcon_core.package_discovery:discover_packages(prefix_path) check parameters
[1.992s] Level 1:colcon.colcon_core.package_discovery:discover_packages(prefix_path) discover
[2.015s] WARNING:colcon.colcon_ros.prefix_path.ament:The path '/home/donjoe/Documents/MagangBanyubramanta_DanielAdhitthana/install/controller' in the environment variable AMENT_PREFIX_PATH doesn't exist
[2.015s] WARNING:colcon.colcon_ros.prefix_path.ament:The path '/home/donjoe/Documents/MagangBanyubramanta_DanielAdhitthana/install/camera' in the environment variable AMENT_PREFIX_PATH doesn't exist
[2.015s] WARNING:colcon.colcon_ros.prefix_path.catkin:The path '/home/donjoe/Documents/MagangBanyubramanta_DanielAdhitthana/install/controller' in the environment variable CMAKE_PREFIX_PATH doesn't exist
[2.015s] WARNING:colcon.colcon_ros.prefix_path.catkin:The path '/home/donjoe/Documents/MagangBanyubramanta_DanielAdhitthana/install/camera' in the environment variable CMAKE_PREFIX_PATH doesn't exist
[2.039s] DEBUG:colcon.colcon_installed_package_information.package_discovery:Found 0 installed packages in /home/donjoe/Documents/MagangBanyubramanta_DanielAdhitthana/install
[2.064s] DEBUG:colcon.colcon_installed_package_information.package_discovery:Found 302 installed packages in /opt/ros/humble
[2.066s] Level 1:colcon.colcon_core.package_discovery:discover_packages(prefix_path) using defaults
[2.213s] Level 5:colcon.colcon_core.verb:set package 'camera' build argument 'cmake_args' from command line to 'None'
[2.213s] Level 5:colcon.colcon_core.verb:set package 'camera' build argument 'cmake_target' from command line to 'None'
[2.213s] Level 5:colcon.colcon_core.verb:set package 'camera' build argument 'cmake_target_skip_unavailable' from command line to 'False'
[2.213s] Level 5:colcon.colcon_core.verb:set package 'camera' build argument 'cmake_clean_cache' from command line to 'False'
[2.213s] Level 5:colcon.colcon_core.verb:set package 'camera' build argument 'cmake_clean_first' from command line to 'False'
[2.213s] Level 5:colcon.colcon_core.verb:set package 'camera' build argument 'cmake_force_configure' from command line to 'False'
[2.213s] Level 5:colcon.colcon_core.verb:set package 'camera' build argument 'ament_cmake_args' from command line to 'None'
[2.214s] Level 5:colcon.colcon_core.verb:set package 'camera' build argument 'catkin_cmake_args' from command line to 'None'
[2.214s] Level 5:colcon.colcon_core.verb:set package 'camera' build argument 'catkin_skip_building_tests' from command line to 'False'
[2.214s] DEBUG:colcon.colcon_core.verb:Building package 'camera' with the following arguments: {'ament_cmake_args': None, 'build_base': '/home/donjoe/Documents/MagangBanyubramanta_DanielAdhitthana/build/camera', 'catkin_cmake_args': None, 'catkin_skip_building_tests': False, 'cmake_args': None, 'cmake_clean_cache': False, 'cmake_clean_first': False, 'cmake_force_configure': False, 'cmake_target': None, 'cmake_target_skip_unavailable': False, 'install_base': '/home/donjoe/Documents/MagangBanyubramanta_DanielAdhitthana/install/camera', 'merge_install': False, 'path': '/home/donjoe/Documents/MagangBanyubramanta_DanielAdhitthana/src/camera', 'symlink_install': False, 'test_result_base': None}
[2.235s] Level 5:colcon.colcon_core.verb:set package 'controller' build argument 'cmake_args' from command line to 'None'
[2.235s] Level 5:colcon.colcon_core.verb:set package 'controller' build argument 'cmake_target' from command line to 'None'
[2.235s] Level 5:colcon.colcon_core.verb:set package 'controller' build argument 'cmake_target_skip_unavailable' from command line to 'False'
[2.235s] Level 5:colcon.colcon_core.verb:set package 'controller' build argument 'cmake_clean_cache' from command line to 'False'
[2.235s] Level 5:colcon.colcon_core.verb:set package 'controller' build argument 'cmake_clean_first' from command line to 'False'
[2.235s] Level 5:colcon.colcon_core.verb:set package 'controller' build argument 'cmake_force_configure' from command line to 'False'
[2.235s] Level 5:colcon.colcon_core.verb:set package 'controller' build argument 'ament_cmake_args' from command line to 'None'
[2.235s] Level 5:colcon.colcon_core.verb:set package 'controller' build argument 'catkin_cmake_args' from command line to 'None'
[2.235s] Level 5:colcon.colcon_core.verb:set package 'controller' build argument 'catkin_skip_building_tests' from command line to 'False'
[2.235s] DEBUG:colcon.colcon_core.verb:Building package 'controller' with the following arguments: {'ament_cmake_args': None, 'build_base': '/home/donjoe/Documents/MagangBanyubramanta_DanielAdhitthana/build/controller', 'catkin_cmake_args': None, 'catkin_skip_building_tests': False, 'cmake_args': None, 'cmake_clean_cache': False, 'cmake_clean_first': False, 'cmake_force_configure': False, 'cmake_target': None, 'cmake_target_skip_unavailable': False, 'install_base': '/home/donjoe/Documents/MagangBanyubramanta_DanielAdhitthana/install/controller', 'merge_install': False, 'path': '/home/donjoe/Documents/MagangBanyubramanta_DanielAdhitthana/src/controller', 'symlink_install': False, 'test_result_base': None}
[2.256s] INFO:colcon.colcon_core.executor:Executing jobs using 'parallel' executor
[2.279s] DEBUG:colcon.colcon_parallel_executor.executor.parallel:run_until_complete
[2.279s] INFO:colcon.colcon_ros.task.ament_cmake.build:Building ROS package in '/home/donjoe/Documents/MagangBanyubramanta_DanielAdhitthana/src/camera' with build type 'ament_cmake'
[2.280s] INFO:colcon.colcon_cmake.task.cmake.build:Building CMake package in '/home/donjoe/Documents/MagangBanyubramanta_DanielAdhitthana/src/camera'
[2.311s] INFO:colcon.colcon_core.plugin_system:Skipping extension 'colcon_core.shell.bat': Not used on non-Windows systems
[2.311s] INFO:colcon.colcon_core.shell:Skip shell extension 'powershell' for command environment: Not usable outside of PowerShell
[2.311s] DEBUG:colcon.colcon_core.shell:Skip shell extension 'dsv' for command environment
[2.436s] INFO:colcon.colcon_ros.task.ament_cmake.build:Building ROS package in '/home/donjoe/Documents/MagangBanyubramanta_DanielAdhitthana/src/controller' with build type 'ament_cmake'
[2.437s] INFO:colcon.colcon_cmake.task.cmake.build:Building CMake package in '/home/donjoe/Documents/MagangBanyubramanta_DanielAdhitthana/src/controller'
[2.474s] INFO:colcon.colcon_core.shell:Skip shell extension 'powershell' for command environment: Not usable outside of PowerShell
[2.474s] DEBUG:colcon.colcon_core.shell:Skip shell extension 'dsv' for command environment
[2.552s] DEBUG:colcon.colcon_core.event_handler.log_command:Invoking command in '/home/donjoe/Documents/MagangBanyubramanta_DanielAdhitthana/build/camera': CMAKE_PREFIX_PATH=${CMAKE_PREFIX_PATH}:/opt/ros/humble /usr/bin/cmake /home/donjoe/Documents/MagangBanyubramanta_DanielAdhitthana/src/camera -DCMAKE_INSTALL_PREFIX=/home/donjoe/Documents/MagangBanyubramanta_DanielAdhitthana/install/camera
[2.560s] DEBUG:colcon.colcon_core.event_handler.log_command:Invoking command in '/home/donjoe/Documents/MagangBanyubramanta_DanielAdhitthana/build/controller': CMAKE_PREFIX_PATH=${CMAKE_PREFIX_PATH}:/opt/ros/humble /usr/bin/cmake /home/donjoe/Documents/MagangBanyubramanta_DanielAdhitthana/src/controller -DCMAKE_INSTALL_PREFIX=/home/donjoe/Documents/MagangBanyubramanta_DanielAdhitthana/install/controller
[6.941s] DEBUG:colcon.colcon_core.event_handler.log_command:Invoked command in '/home/donjoe/Documents/MagangBanyubramanta_DanielAdhitthana/build/camera' returned '0': CMAKE_PREFIX_PATH=${CMAKE_PREFIX_PATH}:/opt/ros/humble /usr/bin/cmake /home/donjoe/Documents/MagangBanyubramanta_DanielAdhitthana/src/camera -DCMAKE_INSTALL_PREFIX=/home/donjoe/Documents/MagangBanyubramanta_DanielAdhitthana/install/camera
[6.945s] DEBUG:colcon.colcon_core.event_handler.log_command:Invoking command in '/home/donjoe/Documents/MagangBanyubramanta_DanielAdhitthana/build/camera': CMAKE_PREFIX_PATH=${CMAKE_PREFIX_PATH}:/opt/ros/humble /usr/bin/cmake --build /home/donjoe/Documents/MagangBanyubramanta_DanielAdhitthana/build/camera -- -j4 -l4
[7.842s] DEBUG:colcon.colcon_core.event_handler.log_command:Invoked command in '/home/donjoe/Documents/MagangBanyubramanta_DanielAdhitthana/build/controller' returned '0': CMAKE_PREFIX_PATH=${CMAKE_PREFIX_PATH}:/opt/ros/humble /usr/bin/cmake /home/donjoe/Documents/MagangBanyubramanta_DanielAdhitthana/src/controller -DCMAKE_INSTALL_PREFIX=/home/donjoe/Documents/MagangBanyubramanta_DanielAdhitthana/install/controller
[7.843s] DEBUG:colcon.colcon_core.event_handler.log_command:Invoking command in '/home/donjoe/Documents/MagangBanyubramanta_DanielAdhitthana/build/controller': CMAKE_PREFIX_PATH=${CMAKE_PREFIX_PATH}:/opt/ros/humble /usr/bin/cmake --build /home/donjoe/Documents/MagangBanyubramanta_DanielAdhitthana/build/controller -- -j4 -l4
[32.378s] DEBUG:colcon.colcon_core.event_handler.log_command:Invoked command in '/home/donjoe/Documents/MagangBanyubramanta_DanielAdhitthana/build/camera' returned '0': CMAKE_PREFIX_PATH=${CMAKE_PREFIX_PATH}:/opt/ros/humble /usr/bin/cmake --build /home/donjoe/Documents/MagangBanyubramanta_DanielAdhitthana/build/camera -- -j4 -l4
[32.512s] DEBUG:colcon.colcon_core.event_handler.log_command:Invoking command in '/home/donjoe/Documents/MagangBanyubramanta_DanielAdhitthana/build/camera': CMAKE_PREFIX_PATH=${CMAKE_PREFIX_PATH}:/opt/ros/humble /usr/bin/cmake --install /home/donjoe/Documents/MagangBanyubramanta_DanielAdhitthana/build/camera
[32.650s] Level 1:colcon.colcon_core.environment:create_environment_scripts_only(camera)
[32.656s] DEBUG:colcon.colcon_core.event_handler.log_command:Invoked command in '/home/donjoe/Documents/MagangBanyubramanta_DanielAdhitthana/build/camera' returned '0': CMAKE_PREFIX_PATH=${CMAKE_PREFIX_PATH}:/opt/ros/humble /usr/bin/cmake --install /home/donjoe/Documents/MagangBanyubramanta_DanielAdhitthana/build/camera
[32.714s] Level 1:colcon.colcon_core.environment:checking '/home/donjoe/Documents/MagangBanyubramanta_DanielAdhitthana/install/camera' for CMake module files
[32.716s] Level 1:colcon.colcon_core.environment:checking '/home/donjoe/Documents/MagangBanyubramanta_DanielAdhitthana/install/camera' for CMake config files
[32.717s] Level 1:colcon.colcon_core.shell:create_environment_hook('camera', 'cmake_prefix_path')
[32.755s] INFO:colcon.colcon_core.shell:Creating environment hook '/home/donjoe/Documents/MagangBanyubramanta_DanielAdhitthana/install/camera/share/camera/hook/cmake_prefix_path.ps1'
[32.757s] INFO:colcon.colcon_core.shell:Creating environment descriptor '/home/donjoe/Documents/MagangBanyubramanta_DanielAdhitthana/install/camera/share/camera/hook/cmake_prefix_path.dsv'
[32.758s] INFO:colcon.colcon_core.shell:Creating environment hook '/home/donjoe/Documents/MagangBanyubramanta_DanielAdhitthana/install/camera/share/camera/hook/cmake_prefix_path.sh'
[32.760s] Level 1:colcon.colcon_core.environment:checking '/home/donjoe/Documents/MagangBanyubramanta_DanielAdhitthana/install/camera/lib'
[32.760s] Level 1:colcon.colcon_core.shell:create_environment_hook('camera', 'ld_library_path_lib')
[32.808s] INFO:colcon.colcon_core.shell:Creating environment hook '/home/donjoe/Documents/MagangBanyubramanta_DanielAdhitthana/install/camera/share/camera/hook/ld_library_path_lib.ps1'
[32.810s] INFO:colcon.colcon_core.shell:Creating environment descriptor '/home/donjoe/Documents/MagangBanyubramanta_DanielAdhitthana/install/camera/share/camera/hook/ld_library_path_lib.dsv'
[32.810s] INFO:colcon.colcon_core.shell:Creating environment hook '/home/donjoe/Documents/MagangBanyubramanta_DanielAdhitthana/install/camera/share/camera/hook/ld_library_path_lib.sh'
[32.811s] Level 1:colcon.colcon_core.environment:checking '/home/donjoe/Documents/MagangBanyubramanta_DanielAdhitthana/install/camera/bin'
[32.811s] Level 1:colcon.colcon_core.environment:checking '/home/donjoe/Documents/MagangBanyubramanta_DanielAdhitthana/install/camera/lib/pkgconfig/camera.pc'
[32.812s] Level 1:colcon.colcon_core.environment:checking '/home/donjoe/Documents/MagangBanyubramanta_DanielAdhitthana/install/camera/lib/python3.10/site-packages'
[32.813s] Level 1:colcon.colcon_core.environment:checking '/home/donjoe/Documents/MagangBanyubramanta_DanielAdhitthana/install/camera/bin'
[32.854s] INFO:colcon.colcon_core.shell:Creating package script '/home/donjoe/Documents/MagangBanyubramanta_DanielAdhitthana/install/camera/share/camera/package.ps1'
[32.858s] INFO:colcon.colcon_core.shell:Creating package descriptor '/home/donjoe/Documents/MagangBanyubramanta_DanielAdhitthana/install/camera/share/camera/package.dsv'
[32.860s] INFO:colcon.colcon_core.shell:Creating package script '/home/donjoe/Documents/MagangBanyubramanta_DanielAdhitthana/install/camera/share/camera/package.sh'
[32.863s] INFO:colcon.colcon_core.shell:Creating package script '/home/donjoe/Documents/MagangBanyubramanta_DanielAdhitthana/install/camera/share/camera/package.bash'
[32.866s] INFO:colcon.colcon_core.shell:Creating package script '/home/donjoe/Documents/MagangBanyubramanta_DanielAdhitthana/install/camera/share/camera/package.zsh'
[32.871s] Level 1:colcon.colcon_core.environment:create_file_with_runtime_dependencies(/home/donjoe/Documents/MagangBanyubramanta_DanielAdhitthana/install/camera/share/colcon-core/packages/camera)
[33.127s] Level 1:colcon.colcon_core.environment:create_environment_scripts_only(camera)
[33.200s] Level 1:colcon.colcon_core.environment:checking '/home/donjoe/Documents/MagangBanyubramanta_DanielAdhitthana/install/camera' for CMake module files
[33.202s] Level 1:colcon.colcon_core.environment:checking '/home/donjoe/Documents/MagangBanyubramanta_DanielAdhitthana/install/camera' for CMake config files
[33.204s] Level 1:colcon.colcon_core.shell:create_environment_hook('camera', 'cmake_prefix_path')
[33.248s] INFO:colcon.colcon_core.shell:Creating environment hook '/home/donjoe/Documents/MagangBanyubramanta_DanielAdhitthana/install/camera/share/camera/hook/cmake_prefix_path.ps1'
[33.249s] INFO:colcon.colcon_core.shell:Creating environment descriptor '/home/donjoe/Documents/MagangBanyubramanta_DanielAdhitthana/install/camera/share/camera/hook/cmake_prefix_path.dsv'
[33.250s] INFO:colcon.colcon_core.shell:Creating environment hook '/home/donjoe/Documents/MagangBanyubramanta_DanielAdhitthana/install/camera/share/camera/hook/cmake_prefix_path.sh'
[33.252s] Level 1:colcon.colcon_core.environment:checking '/home/donjoe/Documents/MagangBanyubramanta_DanielAdhitthana/install/camera/lib'
[33.252s] Level 1:colcon.colcon_core.shell:create_environment_hook('camera', 'ld_library_path_lib')
[33.289s] INFO:colcon.colcon_core.shell:Creating environment hook '/home/donjoe/Documents/MagangBanyubramanta_DanielAdhitthana/install/camera/share/camera/hook/ld_library_path_lib.ps1'
[33.290s] INFO:colcon.colcon_core.shell:Creating environment descriptor '/home/donjoe/Documents/MagangBanyubramanta_DanielAdhitthana/install/camera/share/camera/hook/ld_library_path_lib.dsv'
[33.291s] INFO:colcon.colcon_core.shell:Creating environment hook '/home/donjoe/Documents/MagangBanyubramanta_DanielAdhitthana/install/camera/share/camera/hook/ld_library_path_lib.sh'
[33.291s] Level 1:colcon.colcon_core.environment:checking '/home/donjoe/Documents/MagangBanyubramanta_DanielAdhitthana/install/camera/bin'
[33.292s] Level 1:colcon.colcon_core.environment:checking '/home/donjoe/Documents/MagangBanyubramanta_DanielAdhitthana/install/camera/lib/pkgconfig/camera.pc'
[33.292s] Level 1:colcon.colcon_core.environment:checking '/home/donjoe/Documents/MagangBanyubramanta_DanielAdhitthana/install/camera/lib/python3.10/site-packages'
[33.292s] Level 1:colcon.colcon_core.environment:checking '/home/donjoe/Documents/MagangBanyubramanta_DanielAdhitthana/install/camera/bin'
[33.339s] INFO:colcon.colcon_core.shell:Creating package script '/home/donjoe/Documents/MagangBanyubramanta_DanielAdhitthana/install/camera/share/camera/package.ps1'
[33.340s] INFO:colcon.colcon_core.shell:Creating package descriptor '/home/donjoe/Documents/MagangBanyubramanta_DanielAdhitthana/install/camera/share/camera/package.dsv'
[33.342s] INFO:colcon.colcon_core.shell:Creating package script '/home/donjoe/Documents/MagangBanyubramanta_DanielAdhitthana/install/camera/share/camera/package.sh'
[33.343s] INFO:colcon.colcon_core.shell:Creating package script '/home/donjoe/Documents/MagangBanyubramanta_DanielAdhitthana/install/camera/share/camera/package.bash'
[33.344s] INFO:colcon.colcon_core.shell:Creating package script '/home/donjoe/Documents/MagangBanyubramanta_DanielAdhitthana/install/camera/share/camera/package.zsh'
[33.345s] Level 1:colcon.colcon_core.environment:create_file_with_runtime_dependencies(/home/donjoe/Documents/MagangBanyubramanta_DanielAdhitthana/install/camera/share/colcon-core/packages/camera)
[37.642s] DEBUG:colcon.colcon_core.event_handler.log_command:Invoked command in '/home/donjoe/Documents/MagangBanyubramanta_DanielAdhitthana/build/controller' returned '0': CMAKE_PREFIX_PATH=${CMAKE_PREFIX_PATH}:/opt/ros/humble /usr/bin/cmake --build /home/donjoe/Documents/MagangBanyubramanta_DanielAdhitthana/build/controller -- -j4 -l4
[37.745s] DEBUG:colcon.colcon_core.event_handler.log_command:Invoking command in '/home/donjoe/Documents/MagangBanyubramanta_DanielAdhitthana/build/controller': CMAKE_PREFIX_PATH=${CMAKE_PREFIX_PATH}:/opt/ros/humble /usr/bin/cmake --install /home/donjoe/Documents/MagangBanyubramanta_DanielAdhitthana/build/controller
[37.906s] Level 1:colcon.colcon_core.environment:create_environment_scripts_only(controller)
[37.908s] DEBUG:colcon.colcon_core.event_handler.log_command:Invoked command in '/home/donjoe/Documents/MagangBanyubramanta_DanielAdhitthana/build/controller' returned '0': CMAKE_PREFIX_PATH=${CMAKE_PREFIX_PATH}:/opt/ros/humble /usr/bin/cmake --install /home/donjoe/Documents/MagangBanyubramanta_DanielAdhitthana/build/controller
[37.948s] Level 1:colcon.colcon_core.environment:checking '/home/donjoe/Documents/MagangBanyubramanta_DanielAdhitthana/install/controller' for CMake module files
[37.949s] Level 1:colcon.colcon_core.environment:checking '/home/donjoe/Documents/MagangBanyubramanta_DanielAdhitthana/install/controller' for CMake config files
[37.949s] Level 1:colcon.colcon_core.shell:create_environment_hook('controller', 'cmake_prefix_path')
[37.990s] INFO:colcon.colcon_core.shell:Creating environment hook '/home/donjoe/Documents/MagangBanyubramanta_DanielAdhitthana/install/controller/share/controller/hook/cmake_prefix_path.ps1'
[37.991s] INFO:colcon.colcon_core.shell:Creating environment descriptor '/home/donjoe/Documents/MagangBanyubramanta_DanielAdhitthana/install/controller/share/controller/hook/cmake_prefix_path.dsv'
[37.992s] INFO:colcon.colcon_core.shell:Creating environment hook '/home/donjoe/Documents/MagangBanyubramanta_DanielAdhitthana/install/controller/share/controller/hook/cmake_prefix_path.sh'
[37.993s] Level 1:colcon.colcon_core.environment:checking '/home/donjoe/Documents/MagangBanyubramanta_DanielAdhitthana/install/controller/lib'
[37.993s] Level 1:colcon.colcon_core.shell:create_environment_hook('controller', 'ld_library_path_lib')
[38.031s] INFO:colcon.colcon_core.shell:Creating environment hook '/home/donjoe/Documents/MagangBanyubramanta_DanielAdhitthana/install/controller/share/controller/hook/ld_library_path_lib.ps1'
[38.033s] INFO:colcon.colcon_core.shell:Creating environment descriptor '/home/donjoe/Documents/MagangBanyubramanta_DanielAdhitthana/install/controller/share/controller/hook/ld_library_path_lib.dsv'
[38.034s] INFO:colcon.colcon_core.shell:Creating environment hook '/home/donjoe/Documents/MagangBanyubramanta_DanielAdhitthana/install/controller/share/controller/hook/ld_library_path_lib.sh'
[38.035s] Level 1:colcon.colcon_core.environment:checking '/home/donjoe/Documents/MagangBanyubramanta_DanielAdhitthana/install/controller/bin'
[38.035s] Level 1:colcon.colcon_core.environment:checking '/home/donjoe/Documents/MagangBanyubramanta_DanielAdhitthana/install/controller/lib/pkgconfig/controller.pc'
[38.035s] Level 1:colcon.colcon_core.environment:checking '/home/donjoe/Documents/MagangBanyubramanta_DanielAdhitthana/install/controller/lib/python3.10/site-packages'
[38.036s] Level 1:colcon.colcon_core.environment:checking '/home/donjoe/Documents/MagangBanyubramanta_DanielAdhitthana/install/controller/bin'
[38.072s] INFO:colcon.colcon_core.shell:Creating package script '/home/donjoe/Documents/MagangBanyubramanta_DanielAdhitthana/install/controller/share/controller/package.ps1'
[38.073s] INFO:colcon.colcon_core.shell:Creating package descriptor '/home/donjoe/Documents/MagangBanyubramanta_DanielAdhitthana/install/controller/share/controller/package.dsv'
[38.076s] INFO:colcon.colcon_core.shell:Creating package script '/home/donjoe/Documents/MagangBanyubramanta_DanielAdhitthana/install/controller/share/controller/package.sh'
[38.078s] INFO:colcon.colcon_core.shell:Creating package script '/home/donjoe/Documents/MagangBanyubramanta_DanielAdhitthana/install/controller/share/controller/package.bash'
[38.078s] INFO:colcon.colcon_core.shell:Creating package script '/home/donjoe/Documents/MagangBanyubramanta_DanielAdhitthana/install/controller/share/controller/package.zsh'
[38.079s] Level 1:colcon.colcon_core.environment:create_file_with_runtime_dependencies(/home/donjoe/Documents/MagangBanyubramanta_DanielAdhitthana/install/controller/share/colcon-core/packages/controller)
[38.289s] Level 1:colcon.colcon_core.environment:create_environment_scripts_only(controller)
[38.334s] Level 1:colcon.colcon_core.environment:checking '/home/donjoe/Documents/MagangBanyubramanta_DanielAdhitthana/install/controller' for CMake module files
[38.336s] Level 1:colcon.colcon_core.environment:checking '/home/donjoe/Documents/MagangBanyubramanta_DanielAdhitthana/install/controller' for CMake config files
[38.337s] Level 1:colcon.colcon_core.shell:create_environment_hook('controller', 'cmake_prefix_path')
[38.378s] INFO:colcon.colcon_core.shell:Creating environment hook '/home/donjoe/Documents/MagangBanyubramanta_DanielAdhitthana/install/controller/share/controller/hook/cmake_prefix_path.ps1'
[38.379s] INFO:colcon.colcon_core.shell:Creating environment descriptor '/home/donjoe/Documents/MagangBanyubramanta_DanielAdhitthana/install/controller/share/controller/hook/cmake_prefix_path.dsv'
[38.379s] INFO:colcon.colcon_core.shell:Creating environment hook '/home/donjoe/Documents/MagangBanyubramanta_DanielAdhitthana/install/controller/share/controller/hook/cmake_prefix_path.sh'
[38.380s] Level 1:colcon.colcon_core.environment:checking '/home/donjoe/Documents/MagangBanyubramanta_DanielAdhitthana/install/controller/lib'
[38.380s] Level 1:colcon.colcon_core.shell:create_environment_hook('controller', 'ld_library_path_lib')
[38.420s] INFO:colcon.colcon_core.shell:Creating environment hook '/home/donjoe/Documents/MagangBanyubramanta_DanielAdhitthana/install/controller/share/controller/hook/ld_library_path_lib.ps1'
[38.421s] INFO:colcon.colcon_core.shell:Creating environment descriptor '/home/donjoe/Documents/MagangBanyubramanta_DanielAdhitthana/install/controller/share/controller/hook/ld_library_path_lib.dsv'
[38.422s] INFO:colcon.colcon_core.shell:Creating environment hook '/home/donjoe/Documents/MagangBanyubramanta_DanielAdhitthana/install/controller/share/controller/hook/ld_library_path_lib.sh'
[38.423s] Level 1:colcon.colcon_core.environment:checking '/home/donjoe/Documents/MagangBanyubramanta_DanielAdhitthana/install/controller/bin'
[38.423s] Level 1:colcon.colcon_core.environment:checking '/home/donjoe/Documents/MagangBanyubramanta_DanielAdhitthana/install/controller/lib/pkgconfig/controller.pc'
[38.424s] Level 1:colcon.colcon_core.environment:checking '/home/donjoe/Documents/MagangBanyubramanta_DanielAdhitthana/install/controller/lib/python3.10/site-packages'
[38.424s] Level 1:colcon.colcon_core.environment:checking '/home/donjoe/Documents/MagangBanyubramanta_DanielAdhitthana/install/controller/bin'
[38.465s] INFO:colcon.colcon_core.shell:Creating package script '/home/donjoe/Documents/MagangBanyubramanta_DanielAdhitthana/install/controller/share/controller/package.ps1'
[38.467s] INFO:colcon.colcon_core.shell:Creating package descriptor '/home/donjoe/Documents/MagangBanyubramanta_DanielAdhitthana/install/controller/share/controller/package.dsv'
[38.468s] INFO:colcon.colcon_core.shell:Creating package script '/home/donjoe/Documents/MagangBanyubramanta_DanielAdhitthana/install/controller/share/controller/package.sh'
[38.469s] INFO:colcon.colcon_core.shell:Creating package script '/home/donjoe/Documents/MagangBanyubramanta_DanielAdhitthana/install/controller/share/controller/package.bash'
[38.470s] INFO:colcon.colcon_core.shell:Creating package script '/home/donjoe/Documents/MagangBanyubramanta_DanielAdhitthana/install/controller/share/controller/package.zsh'
[38.471s] Level 1:colcon.colcon_core.environment:create_file_with_runtime_dependencies(/home/donjoe/Documents/MagangBanyubramanta_DanielAdhitthana/install/controller/share/colcon-core/packages/controller)
[38.472s] DEBUG:colcon.colcon_parallel_executor.executor.parallel:closing loop
[38.473s] DEBUG:colcon.colcon_parallel_executor.executor.parallel:loop closed
[38.473s] DEBUG:colcon.colcon_parallel_executor.executor.parallel:run_until_complete finished with '0'
[38.474s] DEBUG:colcon.colcon_core.event_reactor:joining thread
[38.527s] INFO:colcon.colcon_core.plugin_system:Skipping extension 'colcon_notification.desktop_notification.terminal_notifier': Not used on non-Darwin systems
[38.528s] INFO:colcon.colcon_core.plugin_system:Skipping extension 'colcon_notification.desktop_notification.win32': Not used on non-Windows systems
[38.528s] INFO:colcon.colcon_notification.desktop_notification:Sending desktop notification using 'notify2'
[38.592s] DEBUG:colcon.colcon_core.event_reactor:joined thread
[38.635s] INFO:colcon.colcon_core.shell:Creating prefix script '/home/donjoe/Documents/MagangBanyubramanta_DanielAdhitthana/install/local_setup.ps1'
[38.644s] INFO:colcon.colcon_core.shell:Creating prefix util module '/home/donjoe/Documents/MagangBanyubramanta_DanielAdhitthana/install/_local_setup_util_ps1.py'
[38.648s] INFO:colcon.colcon_core.shell:Creating prefix chain script '/home/donjoe/Documents/MagangBanyubramanta_DanielAdhitthana/install/setup.ps1'
[38.688s] INFO:colcon.colcon_core.shell:Creating prefix script '/home/donjoe/Documents/MagangBanyubramanta_DanielAdhitthana/install/local_setup.sh'
[38.691s] INFO:colcon.colcon_core.shell:Creating prefix util module '/home/donjoe/Documents/MagangBanyubramanta_DanielAdhitthana/install/_local_setup_util_sh.py'
[38.692s] INFO:colcon.colcon_core.shell:Creating prefix chain script '/home/donjoe/Documents/MagangBanyubramanta_DanielAdhitthana/install/setup.sh'
[38.731s] INFO:colcon.colcon_core.shell:Creating prefix script '/home/donjoe/Documents/MagangBanyubramanta_DanielAdhitthana/install/local_setup.bash'
[38.733s] INFO:colcon.colcon_core.shell:Creating prefix chain script '/home/donjoe/Documents/MagangBanyubramanta_DanielAdhitthana/install/setup.bash'
[38.769s] INFO:colcon.colcon_core.shell:Creating prefix script '/home/donjoe/Documents/MagangBanyubramanta_DanielAdhitthana/install/local_setup.zsh'
[38.770s] INFO:colcon.colcon_core.shell:Creating prefix chain script '/home/donjoe/Documents/MagangBanyubramanta_DanielAdhitthana/install/setup.zsh'
